2025-08-10 06:44:21,858 - Rank 3 - Starting training on rank 3
2025-08-10 06:58:59,750 - Rank 3 - Starting training
2025-08-10 06:59:20,090 - Rank 3 - No checkpoint found at checkpoints/macformer_checkpoint.pth, starting from scratch
2025-08-10 07:01:53,033 - Rank 3 - Train Loss: 1.6557, Train Accuracy: 0.4867
2025-08-10 07:02:04,626 - Rank 3 - Validation Loss: 1.3457, Validation Accuracy: 0.5497
2025-08-10 07:04:16,040 - Rank 3 - Starting training
2025-08-10 07:04:37,656 - Rank 3 - No checkpoint found at checkpoints/macformer_checkpoint.pth, starting from scratch
2025-08-10 07:06:58,015 - Rank 3 - Train Loss: 1.6557, Train Accuracy: 0.4867
2025-08-10 07:07:07,239 - Rank 3 - Validation Loss: 1.3459, Validation Accuracy: 0.5497
2025-08-10 07:09:22,886 - Rank 3 - Train Loss: 1.2929, Train Accuracy: 0.5593
2025-08-10 07:09:34,742 - Rank 3 - Validation Loss: 1.2218, Validation Accuracy: 0.5762
2025-08-10 07:12:04,855 - Rank 3 - Train Loss: 1.1885, Train Accuracy: 0.5854
2025-08-10 07:12:16,161 - Rank 3 - Validation Loss: 1.1532, Validation Accuracy: 0.5950
2025-08-10 07:14:45,592 - Rank 3 - Train Loss: 1.1219, Train Accuracy: 0.6032
2025-08-10 07:14:56,975 - Rank 3 - Validation Loss: 1.0968, Validation Accuracy: 0.6098
2025-08-10 07:17:26,314 - Rank 3 - Train Loss: 1.0757, Train Accuracy: 0.6154
2025-08-10 07:17:38,752 - Rank 3 - Validation Loss: 1.0357, Validation Accuracy: 0.6272
2025-08-10 07:20:10,866 - Rank 3 - Train Loss: 1.0314, Train Accuracy: 0.6279
2025-08-10 07:20:23,576 - Rank 3 - Validation Loss: 1.0006, Validation Accuracy: 0.6376
2025-08-10 07:23:00,471 - Rank 3 - Train Loss: 0.9983, Train Accuracy: 0.6376
2025-08-10 07:23:14,882 - Rank 3 - Validation Loss: 0.9566, Validation Accuracy: 0.6509
2025-08-10 07:26:16,572 - Rank 3 - Train Loss: 0.9670, Train Accuracy: 0.6465
2025-08-10 07:26:30,782 - Rank 3 - Validation Loss: 0.9257, Validation Accuracy: 0.6618
2025-08-10 07:29:30,747 - Rank 3 - Train Loss: 0.9377, Train Accuracy: 0.6554
2025-08-10 07:29:45,300 - Rank 3 - Validation Loss: 0.8923, Validation Accuracy: 0.6725
2025-08-10 07:32:29,071 - Rank 3 - Train Loss: 0.9164, Train Accuracy: 0.6622
2025-08-10 07:32:38,523 - Rank 3 - Validation Loss: 0.8960, Validation Accuracy: 0.6712
2025-08-10 07:34:47,494 - Rank 3 - Train Loss: 0.8952, Train Accuracy: 0.6690
2025-08-10 07:34:57,526 - Rank 3 - Validation Loss: 0.8612, Validation Accuracy: 0.6829
2025-08-10 07:37:04,039 - Rank 3 - Train Loss: 0.8744, Train Accuracy: 0.6757
2025-08-10 07:37:14,399 - Rank 3 - Validation Loss: 0.8273, Validation Accuracy: 0.6923
2025-08-10 07:39:20,769 - Rank 3 - Train Loss: 0.8568, Train Accuracy: 0.6810
2025-08-10 07:39:31,025 - Rank 3 - Validation Loss: 0.8431, Validation Accuracy: 0.6904
2025-08-10 07:41:37,015 - Rank 3 - Train Loss: 0.8400, Train Accuracy: 0.6864
2025-08-10 07:41:47,057 - Rank 3 - Validation Loss: 0.7931, Validation Accuracy: 0.7041
2025-08-10 07:43:52,432 - Rank 3 - Train Loss: 0.8232, Train Accuracy: 0.6920
2025-08-10 07:44:02,079 - Rank 3 - Validation Loss: 0.7692, Validation Accuracy: 0.7121
2025-08-10 07:46:15,994 - Rank 3 - Train Loss: 0.8088, Train Accuracy: 0.6971
2025-08-10 07:46:30,666 - Rank 3 - Validation Loss: 0.7677, Validation Accuracy: 0.7139
2025-08-10 07:49:41,672 - Rank 3 - Train Loss: 0.7969, Train Accuracy: 0.7012
2025-08-10 07:49:59,147 - Rank 3 - Validation Loss: 0.7486, Validation Accuracy: 0.7198
2025-08-10 07:53:30,819 - Rank 3 - Train Loss: 0.7811, Train Accuracy: 0.7063
2025-08-10 07:53:47,576 - Rank 3 - Validation Loss: 0.7272, Validation Accuracy: 0.7261
2025-08-10 07:56:56,605 - Rank 3 - Train Loss: 0.7715, Train Accuracy: 0.7095
2025-08-10 07:57:09,757 - Rank 3 - Validation Loss: 0.7170, Validation Accuracy: 0.7297
2025-08-10 07:59:17,734 - Rank 3 - Train Loss: 0.7602, Train Accuracy: 0.7128
2025-08-10 07:59:25,952 - Rank 3 - Validation Loss: 0.6981, Validation Accuracy: 0.7357
2025-08-10 08:01:23,775 - Rank 3 - Train Loss: 0.7484, Train Accuracy: 0.7173
2025-08-10 08:01:31,436 - Rank 3 - Validation Loss: 0.7004, Validation Accuracy: 0.7345
2025-08-10 08:03:31,364 - Rank 3 - Train Loss: 0.7380, Train Accuracy: 0.7201
2025-08-10 08:03:39,393 - Rank 3 - Validation Loss: 0.6854, Validation Accuracy: 0.7395
2025-08-10 08:05:38,114 - Rank 3 - Train Loss: 0.7287, Train Accuracy: 0.7235
2025-08-10 08:05:45,891 - Rank 3 - Validation Loss: 0.6750, Validation Accuracy: 0.7434
2025-08-10 08:07:45,493 - Rank 3 - Train Loss: 0.7196, Train Accuracy: 0.7269
2025-08-10 08:07:53,731 - Rank 3 - Validation Loss: 0.6720, Validation Accuracy: 0.7453
2025-08-10 08:09:53,369 - Rank 3 - Train Loss: 0.7098, Train Accuracy: 0.7298
2025-08-10 08:10:01,049 - Rank 3 - Validation Loss: 0.6717, Validation Accuracy: 0.7457
2025-08-10 08:12:00,384 - Rank 3 - Train Loss: 0.7018, Train Accuracy: 0.7319
2025-08-10 08:12:08,741 - Rank 3 - Validation Loss: 0.6392, Validation Accuracy: 0.7561
2025-08-10 08:14:02,769 - Rank 3 - Train Loss: 0.6920, Train Accuracy: 0.7357
2025-08-10 08:14:10,869 - Rank 3 - Validation Loss: 0.6351, Validation Accuracy: 0.7572
2025-08-10 08:16:09,798 - Rank 3 - Train Loss: 0.6830, Train Accuracy: 0.7387
2025-08-10 08:16:18,384 - Rank 3 - Validation Loss: 0.6306, Validation Accuracy: 0.7590
2025-08-10 08:18:15,469 - Rank 3 - Train Loss: 0.6765, Train Accuracy: 0.7409
2025-08-10 08:18:24,163 - Rank 3 - Validation Loss: 0.6227, Validation Accuracy: 0.7616
2025-08-10 08:20:23,300 - Rank 3 - Train Loss: 0.6695, Train Accuracy: 0.7429
2025-08-10 08:20:31,123 - Rank 3 - Validation Loss: 0.6113, Validation Accuracy: 0.7655
2025-08-10 08:22:30,469 - Rank 3 - Train Loss: 0.6625, Train Accuracy: 0.7456
2025-08-10 08:22:38,667 - Rank 3 - Validation Loss: 0.6076, Validation Accuracy: 0.7666
2025-08-10 08:24:42,076 - Rank 3 - Train Loss: 0.6563, Train Accuracy: 0.7477
2025-08-10 08:24:51,771 - Rank 3 - Validation Loss: 0.5975, Validation Accuracy: 0.7701
2025-08-10 08:26:58,279 - Rank 3 - Train Loss: 0.6475, Train Accuracy: 0.7504
2025-08-10 08:27:07,554 - Rank 3 - Validation Loss: 0.5955, Validation Accuracy: 0.7704
2025-08-10 08:29:10,471 - Rank 3 - Train Loss: 0.6431, Train Accuracy: 0.7523
2025-08-10 08:29:20,449 - Rank 3 - Validation Loss: 0.5848, Validation Accuracy: 0.7745
2025-08-10 08:31:23,818 - Rank 3 - Train Loss: 0.6372, Train Accuracy: 0.7542
2025-08-10 08:31:33,626 - Rank 3 - Validation Loss: 0.5877, Validation Accuracy: 0.7723
2025-08-10 08:33:40,664 - Rank 3 - Train Loss: 0.6307, Train Accuracy: 0.7558
2025-08-10 08:33:50,072 - Rank 3 - Validation Loss: 0.5615, Validation Accuracy: 0.7825
2025-08-10 08:35:56,414 - Rank 3 - Train Loss: 0.6229, Train Accuracy: 0.7584
2025-08-10 08:36:06,383 - Rank 3 - Validation Loss: 0.5622, Validation Accuracy: 0.7815
2025-08-10 08:38:12,973 - Rank 3 - Train Loss: 0.6185, Train Accuracy: 0.7605
2025-08-10 08:38:22,902 - Rank 3 - Validation Loss: 0.5676, Validation Accuracy: 0.7791
2025-08-10 08:40:28,425 - Rank 3 - Train Loss: 0.6139, Train Accuracy: 0.7619
2025-08-10 08:40:38,452 - Rank 3 - Validation Loss: 0.5524, Validation Accuracy: 0.7847
2025-08-10 08:42:46,379 - Rank 3 - Train Loss: 0.6075, Train Accuracy: 0.7639
2025-08-10 08:42:54,288 - Rank 3 - Validation Loss: 0.5462, Validation Accuracy: 0.7864
2025-08-10 08:44:49,459 - Rank 3 - Train Loss: 0.6040, Train Accuracy: 0.7649
2025-08-10 08:44:57,819 - Rank 3 - Validation Loss: 0.5475, Validation Accuracy: 0.7866
2025-08-10 08:46:56,887 - Rank 3 - Train Loss: 0.5972, Train Accuracy: 0.7673
2025-08-10 08:47:05,237 - Rank 3 - Validation Loss: 0.5396, Validation Accuracy: 0.7890
2025-08-10 08:49:05,228 - Rank 3 - Train Loss: 0.5940, Train Accuracy: 0.7684
2025-08-10 08:49:15,122 - Rank 3 - Validation Loss: 0.5344, Validation Accuracy: 0.7908
2025-08-10 08:51:20,024 - Rank 3 - Train Loss: 0.5863, Train Accuracy: 0.7709
2025-08-10 08:51:29,337 - Rank 3 - Validation Loss: 0.5298, Validation Accuracy: 0.7923
2025-08-10 08:53:43,376 - Rank 3 - Train Loss: 0.5841, Train Accuracy: 0.7717
2025-08-10 08:53:54,090 - Rank 3 - Validation Loss: 0.5296, Validation Accuracy: 0.7923
2025-08-10 08:55:59,316 - Rank 3 - Train Loss: 0.5790, Train Accuracy: 0.7730
2025-08-10 08:56:09,459 - Rank 3 - Validation Loss: 0.5288, Validation Accuracy: 0.7919
2025-08-10 08:58:40,950 - Rank 3 - Train Loss: 0.5751, Train Accuracy: 0.7747
2025-08-10 08:58:53,865 - Rank 3 - Validation Loss: 0.5130, Validation Accuracy: 0.7984
2025-08-10 09:00:58,797 - Rank 3 - Train Loss: 0.5709, Train Accuracy: 0.7764
2025-08-10 09:01:08,551 - Rank 3 - Validation Loss: 0.5093, Validation Accuracy: 0.7991
2025-08-10 09:03:15,076 - Rank 3 - Train Loss: 0.5677, Train Accuracy: 0.7769
2025-08-10 09:03:24,588 - Rank 3 - Validation Loss: 0.5035, Validation Accuracy: 0.8011
2025-08-10 09:05:28,241 - Rank 3 - Train Loss: 0.5662, Train Accuracy: 0.7778
2025-08-10 09:05:37,393 - Rank 3 - Validation Loss: 0.5007, Validation Accuracy: 0.8023
2025-08-10 09:07:43,346 - Rank 3 - Train Loss: 0.5602, Train Accuracy: 0.7797
2025-08-10 09:07:53,403 - Rank 3 - Validation Loss: 0.4997, Validation Accuracy: 0.8024
2025-08-10 09:09:56,971 - Rank 3 - Train Loss: 0.5558, Train Accuracy: 0.7814
2025-08-10 09:10:06,870 - Rank 3 - Validation Loss: 0.4943, Validation Accuracy: 0.8045
2025-08-10 09:12:11,771 - Rank 3 - Train Loss: 0.5512, Train Accuracy: 0.7833
2025-08-10 09:12:22,402 - Rank 3 - Validation Loss: 0.4968, Validation Accuracy: 0.8031
2025-08-10 09:14:23,058 - Rank 3 - Train Loss: 0.5488, Train Accuracy: 0.7836
2025-08-10 09:14:32,680 - Rank 3 - Validation Loss: 0.4935, Validation Accuracy: 0.8042
2025-08-10 09:16:36,988 - Rank 3 - Train Loss: 0.5446, Train Accuracy: 0.7854
2025-08-10 09:16:47,024 - Rank 3 - Validation Loss: 0.4930, Validation Accuracy: 0.8043
2025-08-10 09:18:52,880 - Rank 3 - Train Loss: 0.5395, Train Accuracy: 0.7869
2025-08-10 09:19:03,152 - Rank 3 - Validation Loss: 0.4780, Validation Accuracy: 0.8099
2025-08-10 09:21:09,093 - Rank 3 - Train Loss: 0.5374, Train Accuracy: 0.7877
2025-08-10 09:21:18,643 - Rank 3 - Validation Loss: 0.4836, Validation Accuracy: 0.8078
2025-08-10 09:23:53,618 - Rank 3 - Train Loss: 0.5336, Train Accuracy: 0.7887
2025-08-10 09:24:07,135 - Rank 3 - Validation Loss: 0.4783, Validation Accuracy: 0.8094
2025-08-10 09:26:40,645 - Rank 3 - Train Loss: 0.5334, Train Accuracy: 0.7889
2025-08-10 09:26:53,730 - Rank 3 - Validation Loss: 0.4745, Validation Accuracy: 0.8107
2025-08-10 09:29:28,173 - Rank 3 - Train Loss: 0.5296, Train Accuracy: 0.7903
2025-08-10 09:29:41,228 - Rank 3 - Validation Loss: 0.4934, Validation Accuracy: 0.8033
2025-08-10 09:32:01,674 - Rank 3 - Train Loss: 0.5273, Train Accuracy: 0.7914
2025-08-10 09:32:10,112 - Rank 3 - Validation Loss: 0.4666, Validation Accuracy: 0.8134
2025-08-10 09:34:08,768 - Rank 3 - Train Loss: 0.5231, Train Accuracy: 0.7925
2025-08-10 09:34:16,514 - Rank 3 - Validation Loss: 0.4767, Validation Accuracy: 0.8092
2025-08-10 09:36:15,392 - Rank 3 - Train Loss: 0.5193, Train Accuracy: 0.7937
2025-08-10 09:36:23,414 - Rank 3 - Validation Loss: 0.4568, Validation Accuracy: 0.8172
2025-08-10 09:38:23,807 - Rank 3 - Train Loss: 0.5171, Train Accuracy: 0.7943
2025-08-10 09:38:31,901 - Rank 3 - Validation Loss: 0.4636, Validation Accuracy: 0.8144
2025-08-10 09:40:32,453 - Rank 3 - Train Loss: 0.5151, Train Accuracy: 0.7954
2025-08-10 09:40:40,452 - Rank 3 - Validation Loss: 0.4542, Validation Accuracy: 0.8179
2025-08-10 09:42:32,243 - Rank 3 - Train Loss: 0.5106, Train Accuracy: 0.7969
2025-08-10 09:42:40,243 - Rank 3 - Validation Loss: 0.4486, Validation Accuracy: 0.8199
2025-08-10 09:44:38,831 - Rank 3 - Train Loss: 0.5068, Train Accuracy: 0.7982
2025-08-10 09:44:47,496 - Rank 3 - Validation Loss: 0.4476, Validation Accuracy: 0.8204
2025-08-10 09:46:46,366 - Rank 3 - Train Loss: 0.5045, Train Accuracy: 0.7988
2025-08-10 09:46:54,910 - Rank 3 - Validation Loss: 0.4484, Validation Accuracy: 0.8197
2025-08-10 09:48:54,748 - Rank 3 - Train Loss: 0.5019, Train Accuracy: 0.8000
2025-08-10 09:49:02,721 - Rank 3 - Validation Loss: 0.4451, Validation Accuracy: 0.8210
2025-08-10 09:51:01,610 - Rank 3 - Train Loss: 0.5017, Train Accuracy: 0.7998
2025-08-10 09:51:07,994 - Rank 3 - Validation Loss: 0.4449, Validation Accuracy: 0.8204
2025-08-10 09:53:07,558 - Rank 3 - Train Loss: 0.4981, Train Accuracy: 0.8011
2025-08-10 09:53:16,214 - Rank 3 - Validation Loss: 0.4408, Validation Accuracy: 0.8223
2025-08-10 09:55:15,954 - Rank 3 - Train Loss: 0.4951, Train Accuracy: 0.8022
2025-08-10 09:55:24,094 - Rank 3 - Validation Loss: 0.4370, Validation Accuracy: 0.8238
2025-08-10 09:57:18,199 - Rank 3 - Train Loss: 0.4919, Train Accuracy: 0.8033
2025-08-10 09:57:26,346 - Rank 3 - Validation Loss: 0.4346, Validation Accuracy: 0.8244
2025-08-10 09:59:26,427 - Rank 3 - Train Loss: 0.4899, Train Accuracy: 0.8041
2025-08-10 09:59:34,613 - Rank 3 - Validation Loss: 0.4340, Validation Accuracy: 0.8246
2025-08-10 10:01:32,964 - Rank 3 - Train Loss: 0.4902, Train Accuracy: 0.8037
2025-08-10 10:01:41,693 - Rank 3 - Validation Loss: 0.4290, Validation Accuracy: 0.8265
2025-08-10 10:03:40,770 - Rank 3 - Train Loss: 0.4833, Train Accuracy: 0.8063
2025-08-10 10:03:48,146 - Rank 3 - Validation Loss: 0.4352, Validation Accuracy: 0.8240
2025-08-10 10:05:48,889 - Rank 3 - Train Loss: 0.4819, Train Accuracy: 0.8067
2025-08-10 10:05:57,701 - Rank 3 - Validation Loss: 0.4237, Validation Accuracy: 0.8283
2025-08-10 10:07:57,171 - Rank 3 - Train Loss: 0.4811, Train Accuracy: 0.8073
2025-08-10 10:08:05,372 - Rank 3 - Validation Loss: 0.4247, Validation Accuracy: 0.8271
2025-08-10 10:10:02,975 - Rank 3 - Train Loss: 0.4794, Train Accuracy: 0.8076
2025-08-10 10:10:11,874 - Rank 3 - Validation Loss: 0.4219, Validation Accuracy: 0.8291
2025-08-10 10:12:05,169 - Rank 3 - Train Loss: 0.4765, Train Accuracy: 0.8087
2025-08-10 10:12:13,428 - Rank 3 - Validation Loss: 0.4274, Validation Accuracy: 0.8264
2025-08-10 10:14:16,084 - Rank 3 - Train Loss: 0.4745, Train Accuracy: 0.8090
2025-08-10 10:14:24,187 - Rank 3 - Validation Loss: 0.4182, Validation Accuracy: 0.8299
2025-08-10 10:16:23,204 - Rank 3 - Train Loss: 0.4733, Train Accuracy: 0.8097
2025-08-10 10:16:31,188 - Rank 3 - Validation Loss: 0.4166, Validation Accuracy: 0.8305
2025-08-10 10:18:30,595 - Rank 3 - Train Loss: 0.4684, Train Accuracy: 0.8116
2025-08-10 10:18:38,682 - Rank 3 - Validation Loss: 0.4111, Validation Accuracy: 0.8325
2025-08-10 10:20:38,137 - Rank 3 - Train Loss: 0.4679, Train Accuracy: 0.8116
2025-08-10 10:20:46,878 - Rank 3 - Validation Loss: 0.4109, Validation Accuracy: 0.8324
2025-08-10 10:22:46,548 - Rank 3 - Train Loss: 0.4650, Train Accuracy: 0.8129
2025-08-10 10:22:54,611 - Rank 3 - Validation Loss: 0.4098, Validation Accuracy: 0.8330
2025-08-10 10:24:49,750 - Rank 3 - Train Loss: 0.4640, Train Accuracy: 0.8129
2025-08-10 10:24:59,160 - Rank 3 - Validation Loss: 0.4073, Validation Accuracy: 0.8337
2025-08-10 10:26:57,103 - Rank 3 - Train Loss: 0.4614, Train Accuracy: 0.8137
2025-08-10 10:27:05,975 - Rank 3 - Validation Loss: 0.4079, Validation Accuracy: 0.8333
2025-08-10 10:29:05,354 - Rank 3 - Train Loss: 0.4578, Train Accuracy: 0.8152
2025-08-10 10:29:13,128 - Rank 3 - Validation Loss: 0.4044, Validation Accuracy: 0.8348
2025-08-10 10:31:13,907 - Rank 3 - Train Loss: 0.4570, Train Accuracy: 0.8154
2025-08-10 10:31:21,960 - Rank 3 - Validation Loss: 0.4033, Validation Accuracy: 0.8349
2025-08-10 10:33:21,536 - Rank 3 - Train Loss: 0.4569, Train Accuracy: 0.8156
2025-08-10 10:33:29,353 - Rank 3 - Validation Loss: 0.4026, Validation Accuracy: 0.8349
2025-08-10 10:35:28,568 - Rank 3 - Train Loss: 0.4554, Train Accuracy: 0.8160
2025-08-10 10:35:36,805 - Rank 3 - Validation Loss: 0.3996, Validation Accuracy: 0.8362
2025-08-10 10:37:36,508 - Rank 3 - Train Loss: 0.4526, Train Accuracy: 0.8171
2025-08-10 10:37:44,635 - Rank 3 - Validation Loss: 0.3960, Validation Accuracy: 0.8378
2025-08-10 10:39:44,288 - Rank 3 - Train Loss: 0.4502, Train Accuracy: 0.8175
2025-08-10 10:39:54,843 - Rank 3 - Validation Loss: 0.3941, Validation Accuracy: 0.8380
2025-08-10 10:42:26,093 - Rank 3 - Train Loss: 0.4465, Train Accuracy: 0.8186
2025-08-10 10:42:38,747 - Rank 3 - Validation Loss: 0.3969, Validation Accuracy: 0.8369
2025-08-10 10:45:14,425 - Rank 3 - Train Loss: 0.4469, Train Accuracy: 0.8189
2025-08-10 10:45:27,754 - Rank 3 - Validation Loss: 0.3930, Validation Accuracy: 0.8382
2025-08-10 10:48:05,800 - Rank 3 - Train Loss: 0.4444, Train Accuracy: 0.8200
2025-08-10 10:48:19,131 - Rank 3 - Validation Loss: 0.3897, Validation Accuracy: 0.8393
2025-08-10 10:50:25,573 - Rank 3 - Train Loss: 0.4434, Train Accuracy: 0.8201
2025-08-10 10:50:33,665 - Rank 3 - Validation Loss: 0.3882, Validation Accuracy: 0.8401
2025-08-10 10:52:32,239 - Rank 3 - Train Loss: 0.4412, Train Accuracy: 0.8209
2025-08-10 10:52:40,768 - Rank 3 - Validation Loss: 0.3907, Validation Accuracy: 0.8391
2025-08-10 10:54:33,225 - Rank 3 - Train Loss: 0.4400, Train Accuracy: 0.8213
2025-08-10 10:54:42,010 - Rank 3 - Validation Loss: 0.3897, Validation Accuracy: 0.8397
2025-08-10 10:56:39,709 - Rank 3 - Train Loss: 0.4382, Train Accuracy: 0.8218
2025-08-10 10:56:48,325 - Rank 3 - Validation Loss: 0.3870, Validation Accuracy: 0.8405
2025-08-10 10:58:47,809 - Rank 3 - Train Loss: 0.4388, Train Accuracy: 0.8218
2025-08-10 10:58:56,342 - Rank 3 - Validation Loss: 0.3858, Validation Accuracy: 0.8412
2025-08-10 11:00:55,947 - Rank 3 - Train Loss: 0.4349, Train Accuracy: 0.8231
2025-08-10 11:01:03,897 - Rank 3 - Validation Loss: 0.3829, Validation Accuracy: 0.8420
2025-08-10 11:03:03,705 - Rank 3 - Train Loss: 0.4325, Train Accuracy: 0.8238
2025-08-10 11:03:12,019 - Rank 3 - Validation Loss: 0.3907, Validation Accuracy: 0.8386
2025-08-10 11:05:10,814 - Rank 3 - Train Loss: 0.4331, Train Accuracy: 0.8235
2025-08-10 11:05:19,694 - Rank 3 - Validation Loss: 0.3802, Validation Accuracy: 0.8429
2025-08-10 11:07:17,188 - Rank 3 - Train Loss: 0.4292, Train Accuracy: 0.8250
2025-08-10 11:07:25,114 - Rank 3 - Validation Loss: 0.3777, Validation Accuracy: 0.8438
2025-08-10 11:09:16,412 - Rank 3 - Train Loss: 0.4293, Train Accuracy: 0.8252
2025-08-10 11:09:24,610 - Rank 3 - Validation Loss: 0.3817, Validation Accuracy: 0.8420
2025-08-10 11:11:23,658 - Rank 3 - Train Loss: 0.4263, Train Accuracy: 0.8260
2025-08-10 11:11:31,910 - Rank 3 - Validation Loss: 0.3740, Validation Accuracy: 0.8451
2025-08-10 11:13:30,970 - Rank 3 - Train Loss: 0.4247, Train Accuracy: 0.8266
2025-08-10 11:13:39,812 - Rank 3 - Validation Loss: 0.3736, Validation Accuracy: 0.8457
2025-08-10 11:15:38,296 - Rank 3 - Train Loss: 0.4248, Train Accuracy: 0.8267
2025-08-10 11:15:46,512 - Rank 3 - Validation Loss: 0.3738, Validation Accuracy: 0.8453
2025-08-10 11:17:46,058 - Rank 3 - Train Loss: 0.4209, Train Accuracy: 0.8279
2025-08-10 11:17:55,127 - Rank 3 - Validation Loss: 0.3734, Validation Accuracy: 0.8453
2025-08-10 11:19:52,934 - Rank 3 - Train Loss: 0.4199, Train Accuracy: 0.8281
2025-08-10 11:20:01,147 - Rank 3 - Validation Loss: 0.3704, Validation Accuracy: 0.8464
2025-08-10 11:22:01,430 - Rank 3 - Train Loss: 0.4218, Train Accuracy: 0.8276
2025-08-10 11:22:10,285 - Rank 3 - Validation Loss: 0.3684, Validation Accuracy: 0.8474
2025-08-10 11:23:59,942 - Rank 3 - Train Loss: 0.4195, Train Accuracy: 0.8282
2025-08-10 11:24:08,720 - Rank 3 - Validation Loss: 0.3716, Validation Accuracy: 0.8460
2025-08-10 11:26:07,494 - Rank 3 - Train Loss: 0.4155, Train Accuracy: 0.8301
2025-08-10 11:26:14,719 - Rank 3 - Validation Loss: 0.3652, Validation Accuracy: 0.8482
2025-08-10 11:28:20,818 - Rank 3 - Train Loss: 0.4155, Train Accuracy: 0.8295
2025-08-10 11:28:33,795 - Rank 3 - Validation Loss: 0.3650, Validation Accuracy: 0.8485
2025-08-10 11:31:19,143 - Rank 3 - Train Loss: 0.4133, Train Accuracy: 0.8307
2025-08-10 11:31:31,226 - Rank 3 - Validation Loss: 0.3654, Validation Accuracy: 0.8478
2025-08-10 11:34:09,314 - Rank 3 - Train Loss: 0.4129, Train Accuracy: 0.8307
2025-08-10 11:34:21,784 - Rank 3 - Validation Loss: 0.3663, Validation Accuracy: 0.8478
2025-08-10 11:37:02,026 - Rank 3 - Train Loss: 0.4101, Train Accuracy: 0.8317
2025-08-10 11:37:14,678 - Rank 3 - Validation Loss: 0.3632, Validation Accuracy: 0.8493
2025-08-10 11:39:22,952 - Rank 3 - Train Loss: 0.4109, Train Accuracy: 0.8315
2025-08-10 11:39:31,022 - Rank 3 - Validation Loss: 0.3608, Validation Accuracy: 0.8499
2025-08-10 11:41:30,259 - Rank 3 - Train Loss: 0.4104, Train Accuracy: 0.8316
2025-08-10 11:41:38,420 - Rank 3 - Validation Loss: 0.3628, Validation Accuracy: 0.8492
2025-08-10 11:43:38,518 - Rank 3 - Train Loss: 0.4069, Train Accuracy: 0.8330
2025-08-10 11:43:46,248 - Rank 3 - Validation Loss: 0.3606, Validation Accuracy: 0.8498
2025-08-10 11:45:45,410 - Rank 3 - Train Loss: 0.4061, Train Accuracy: 0.8333
2025-08-10 11:45:53,839 - Rank 3 - Validation Loss: 0.3624, Validation Accuracy: 0.8491
2025-08-10 11:47:51,843 - Rank 3 - Train Loss: 0.4053, Train Accuracy: 0.8335
2025-08-10 11:48:00,131 - Rank 3 - Validation Loss: 0.3577, Validation Accuracy: 0.8507
2025-08-10 11:50:02,572 - Rank 3 - Train Loss: 0.4026, Train Accuracy: 0.8344
2025-08-10 11:50:10,511 - Rank 3 - Validation Loss: 0.3564, Validation Accuracy: 0.8517
2025-08-10 11:52:15,857 - Rank 3 - Train Loss: 0.4040, Train Accuracy: 0.8338
2025-08-10 11:52:23,067 - Rank 3 - Validation Loss: 0.3586, Validation Accuracy: 0.8507
2025-08-10 11:54:17,722 - Rank 3 - Train Loss: 0.4022, Train Accuracy: 0.8345
2025-08-10 11:54:25,245 - Rank 3 - Validation Loss: 0.3549, Validation Accuracy: 0.8520
2025-08-10 11:56:25,720 - Rank 3 - Train Loss: 0.3984, Train Accuracy: 0.8356
2025-08-10 11:56:33,875 - Rank 3 - Validation Loss: 0.3551, Validation Accuracy: 0.8520
2025-08-10 11:58:33,455 - Rank 3 - Train Loss: 0.3987, Train Accuracy: 0.8355
2025-08-10 11:58:41,561 - Rank 3 - Validation Loss: 0.3531, Validation Accuracy: 0.8528
2025-08-10 12:00:40,642 - Rank 3 - Train Loss: 0.3985, Train Accuracy: 0.8358
2025-08-10 12:00:48,498 - Rank 3 - Validation Loss: 0.3504, Validation Accuracy: 0.8534
2025-08-10 12:02:47,794 - Rank 3 - Train Loss: 0.3961, Train Accuracy: 0.8366
2025-08-10 12:02:56,076 - Rank 3 - Validation Loss: 0.3502, Validation Accuracy: 0.8535
2025-08-10 12:04:54,850 - Rank 3 - Train Loss: 0.3942, Train Accuracy: 0.8371
2025-08-10 12:05:02,723 - Rank 3 - Validation Loss: 0.3498, Validation Accuracy: 0.8536
2025-08-10 12:07:00,156 - Rank 3 - Train Loss: 0.3941, Train Accuracy: 0.8373
2025-08-10 12:07:08,600 - Rank 3 - Validation Loss: 0.3469, Validation Accuracy: 0.8545
2025-08-10 12:09:01,063 - Rank 3 - Train Loss: 0.3935, Train Accuracy: 0.8377
2025-08-10 12:09:09,512 - Rank 3 - Validation Loss: 0.3467, Validation Accuracy: 0.8548
2025-08-10 12:11:06,102 - Rank 3 - Train Loss: 0.3905, Train Accuracy: 0.8387
2025-08-10 12:11:14,274 - Rank 3 - Validation Loss: 0.3463, Validation Accuracy: 0.8550
2025-08-10 12:13:13,329 - Rank 3 - Train Loss: 0.3905, Train Accuracy: 0.8384
2025-08-10 12:13:21,398 - Rank 3 - Validation Loss: 0.3453, Validation Accuracy: 0.8555
2025-08-10 12:15:19,957 - Rank 3 - Train Loss: 0.3888, Train Accuracy: 0.8392
2025-08-10 12:15:28,395 - Rank 3 - Validation Loss: 0.3473, Validation Accuracy: 0.8547
2025-08-10 12:17:26,281 - Rank 3 - Train Loss: 0.3863, Train Accuracy: 0.8401
2025-08-10 12:17:34,874 - Rank 3 - Validation Loss: 0.3428, Validation Accuracy: 0.8561
2025-08-10 12:19:32,285 - Rank 3 - Train Loss: 0.3877, Train Accuracy: 0.8397
2025-08-10 12:19:40,355 - Rank 3 - Validation Loss: 0.3446, Validation Accuracy: 0.8554
2025-08-10 12:21:36,146 - Rank 3 - Train Loss: 0.3861, Train Accuracy: 0.8400
2025-08-10 12:21:44,752 - Rank 3 - Validation Loss: 0.3436, Validation Accuracy: 0.8558
2025-08-10 12:23:41,795 - Rank 3 - Train Loss: 0.3848, Train Accuracy: 0.8408
2025-08-10 12:23:50,209 - Rank 3 - Validation Loss: 0.3423, Validation Accuracy: 0.8567
2025-08-10 12:25:48,169 - Rank 3 - Train Loss: 0.3841, Train Accuracy: 0.8408
2025-08-10 12:25:56,392 - Rank 3 - Validation Loss: 0.3416, Validation Accuracy: 0.8566
2025-08-10 12:27:55,176 - Rank 3 - Train Loss: 0.3828, Train Accuracy: 0.8413
2025-08-10 12:28:03,811 - Rank 3 - Validation Loss: 0.3428, Validation Accuracy: 0.8561
2025-08-10 12:30:01,873 - Rank 3 - Train Loss: 0.3825, Train Accuracy: 0.8417
2025-08-10 12:30:09,391 - Rank 3 - Validation Loss: 0.3398, Validation Accuracy: 0.8571
2025-08-10 12:32:08,555 - Rank 3 - Train Loss: 0.3804, Train Accuracy: 0.8421
2025-08-10 12:32:17,216 - Rank 3 - Validation Loss: 0.3395, Validation Accuracy: 0.8575
2025-08-10 12:34:15,823 - Rank 3 - Train Loss: 0.3801, Train Accuracy: 0.8425
2025-08-10 12:34:23,778 - Rank 3 - Validation Loss: 0.3356, Validation Accuracy: 0.8588
2025-08-10 12:36:16,468 - Rank 3 - Train Loss: 0.3781, Train Accuracy: 0.8429
2025-08-10 12:36:25,146 - Rank 3 - Validation Loss: 0.3362, Validation Accuracy: 0.8585
2025-08-10 12:38:23,004 - Rank 3 - Train Loss: 0.3777, Train Accuracy: 0.8428
2025-08-10 12:38:31,497 - Rank 3 - Validation Loss: 0.3349, Validation Accuracy: 0.8587
2025-08-10 12:40:29,587 - Rank 3 - Train Loss: 0.3730, Train Accuracy: 0.8446
2025-08-10 12:40:38,069 - Rank 3 - Validation Loss: 0.3406, Validation Accuracy: 0.8571
2025-08-10 12:42:37,089 - Rank 3 - Train Loss: 0.3759, Train Accuracy: 0.8438
2025-08-10 12:42:45,555 - Rank 3 - Validation Loss: 0.3331, Validation Accuracy: 0.8598
2025-08-10 12:44:44,515 - Rank 3 - Train Loss: 0.3742, Train Accuracy: 0.8444
2025-08-10 12:44:52,394 - Rank 3 - Validation Loss: 0.3324, Validation Accuracy: 0.8601
2025-08-10 12:46:51,321 - Rank 3 - Train Loss: 0.3734, Train Accuracy: 0.8447
2025-08-10 12:46:59,603 - Rank 3 - Validation Loss: 0.3321, Validation Accuracy: 0.8597
2025-08-10 12:48:58,518 - Rank 3 - Train Loss: 0.3724, Train Accuracy: 0.8452
2025-08-10 12:49:06,509 - Rank 3 - Validation Loss: 0.3323, Validation Accuracy: 0.8601
2025-08-10 12:51:00,491 - Rank 3 - Train Loss: 0.3720, Train Accuracy: 0.8449
2025-08-10 12:51:08,910 - Rank 3 - Validation Loss: 0.3322, Validation Accuracy: 0.8597
2025-08-10 12:53:13,005 - Rank 3 - Train Loss: 0.3696, Train Accuracy: 0.8459
2025-08-10 12:53:24,167 - Rank 3 - Validation Loss: 0.3305, Validation Accuracy: 0.8604
2025-08-10 12:55:37,288 - Rank 3 - Train Loss: 0.3686, Train Accuracy: 0.8464
2025-08-10 12:55:48,205 - Rank 3 - Validation Loss: 0.3288, Validation Accuracy: 0.8610
2025-08-10 12:58:02,150 - Rank 3 - Train Loss: 0.3689, Train Accuracy: 0.8463
2025-08-10 12:58:13,239 - Rank 3 - Validation Loss: 0.3285, Validation Accuracy: 0.8612
2025-08-10 13:00:26,733 - Rank 3 - Train Loss: 0.3665, Train Accuracy: 0.8468
2025-08-10 13:00:37,946 - Rank 3 - Validation Loss: 0.3286, Validation Accuracy: 0.8611
2025-08-10 13:02:49,792 - Rank 3 - Train Loss: 0.3677, Train Accuracy: 0.8467
2025-08-10 13:02:56,857 - Rank 3 - Validation Loss: 0.3264, Validation Accuracy: 0.8618
2025-08-10 13:04:47,704 - Rank 3 - Train Loss: 0.3658, Train Accuracy: 0.8473
2025-08-10 13:04:54,648 - Rank 3 - Validation Loss: 0.3263, Validation Accuracy: 0.8620
2025-08-10 13:06:52,626 - Rank 3 - Train Loss: 0.3638, Train Accuracy: 0.8482
2025-08-10 13:06:59,165 - Rank 3 - Validation Loss: 0.3258, Validation Accuracy: 0.8620
2025-08-10 13:08:58,433 - Rank 3 - Train Loss: 0.3648, Train Accuracy: 0.8475
2025-08-10 13:09:05,488 - Rank 3 - Validation Loss: 0.3244, Validation Accuracy: 0.8624
2025-08-10 13:11:03,017 - Rank 3 - Train Loss: 0.3622, Train Accuracy: 0.8487
2025-08-10 13:11:10,025 - Rank 3 - Validation Loss: 0.3237, Validation Accuracy: 0.8626
2025-08-10 13:13:08,006 - Rank 3 - Train Loss: 0.3626, Train Accuracy: 0.8483
2025-08-10 13:13:14,810 - Rank 3 - Validation Loss: 0.3227, Validation Accuracy: 0.8632
2025-08-10 13:15:12,975 - Rank 3 - Train Loss: 0.3608, Train Accuracy: 0.8491
2025-08-10 13:15:20,079 - Rank 3 - Validation Loss: 0.3242, Validation Accuracy: 0.8624
2025-08-10 13:17:17,873 - Rank 3 - Train Loss: 0.3593, Train Accuracy: 0.8493
2025-08-10 13:17:24,848 - Rank 3 - Validation Loss: 0.3231, Validation Accuracy: 0.8629
2025-08-10 13:19:16,499 - Rank 3 - Train Loss: 0.3611, Train Accuracy: 0.8489
2025-08-10 13:19:22,998 - Rank 3 - Validation Loss: 0.3253, Validation Accuracy: 0.8620
2025-08-10 13:21:22,150 - Rank 3 - Train Loss: 0.3600, Train Accuracy: 0.8496
2025-08-10 13:21:29,183 - Rank 3 - Validation Loss: 0.3206, Validation Accuracy: 0.8640
2025-08-10 13:23:26,594 - Rank 3 - Train Loss: 0.3588, Train Accuracy: 0.8495
2025-08-10 13:23:33,562 - Rank 3 - Validation Loss: 0.3210, Validation Accuracy: 0.8635
2025-08-10 13:25:33,410 - Rank 3 - Train Loss: 0.3574, Train Accuracy: 0.8504
2025-08-10 13:25:40,353 - Rank 3 - Validation Loss: 0.3186, Validation Accuracy: 0.8643
2025-08-10 13:27:39,863 - Rank 3 - Train Loss: 0.3549, Train Accuracy: 0.8511
2025-08-10 13:27:46,953 - Rank 3 - Validation Loss: 0.3173, Validation Accuracy: 0.8649
2025-08-10 13:29:44,435 - Rank 3 - Train Loss: 0.3552, Train Accuracy: 0.8512
2025-08-10 13:29:51,301 - Rank 3 - Validation Loss: 0.3180, Validation Accuracy: 0.8648
2025-08-10 13:31:43,464 - Rank 3 - Train Loss: 0.3534, Train Accuracy: 0.8518
2025-08-10 13:31:50,347 - Rank 3 - Validation Loss: 0.3169, Validation Accuracy: 0.8650
2025-08-10 13:33:50,991 - Rank 3 - Train Loss: 0.3555, Train Accuracy: 0.8508
2025-08-10 13:34:02,547 - Rank 3 - Validation Loss: 0.3167, Validation Accuracy: 0.8652
2025-08-10 13:36:15,599 - Rank 3 - Train Loss: 0.3529, Train Accuracy: 0.8521
2025-08-10 13:36:23,126 - Rank 3 - Validation Loss: 0.3146, Validation Accuracy: 0.8662
2025-08-10 13:38:32,593 - Rank 3 - Train Loss: 0.3527, Train Accuracy: 0.8518
2025-08-10 13:38:43,709 - Rank 3 - Validation Loss: 0.3148, Validation Accuracy: 0.8658
2025-08-10 13:40:55,991 - Rank 3 - Train Loss: 0.3530, Train Accuracy: 0.8518
2025-08-10 13:41:06,698 - Rank 3 - Validation Loss: 0.3158, Validation Accuracy: 0.8653
2025-08-10 13:43:19,916 - Rank 3 - Train Loss: 0.3508, Train Accuracy: 0.8525
2025-08-10 13:43:30,933 - Rank 3 - Validation Loss: 0.3135, Validation Accuracy: 0.8663
2025-08-10 13:45:43,957 - Rank 3 - Train Loss: 0.3496, Train Accuracy: 0.8528
2025-08-10 13:45:54,764 - Rank 3 - Validation Loss: 0.3133, Validation Accuracy: 0.8663
2025-08-10 13:47:59,689 - Rank 3 - Train Loss: 0.3497, Train Accuracy: 0.8528
2025-08-10 13:48:06,707 - Rank 3 - Validation Loss: 0.3122, Validation Accuracy: 0.8669
2025-08-10 13:50:04,436 - Rank 3 - Train Loss: 0.3479, Train Accuracy: 0.8536
2025-08-10 13:50:11,149 - Rank 3 - Validation Loss: 0.3131, Validation Accuracy: 0.8664
2025-08-10 13:52:08,526 - Rank 3 - Train Loss: 0.3470, Train Accuracy: 0.8538
2025-08-10 13:52:15,442 - Rank 3 - Validation Loss: 0.3107, Validation Accuracy: 0.8673
2025-08-10 13:54:13,574 - Rank 3 - Train Loss: 0.3473, Train Accuracy: 0.8535
2025-08-10 13:54:20,127 - Rank 3 - Validation Loss: 0.3135, Validation Accuracy: 0.8663
2025-08-10 13:56:18,770 - Rank 3 - Train Loss: 0.3464, Train Accuracy: 0.8539
2025-08-10 13:56:26,863 - Rank 3 - Validation Loss: 0.3113, Validation Accuracy: 0.8671
2025-08-10 13:58:39,445 - Rank 3 - Train Loss: 0.3459, Train Accuracy: 0.8542
2025-08-10 13:58:50,188 - Rank 3 - Validation Loss: 0.3106, Validation Accuracy: 0.8671
2025-08-10 14:01:03,778 - Rank 3 - Train Loss: 0.3441, Train Accuracy: 0.8550
2025-08-10 14:01:14,861 - Rank 3 - Validation Loss: 0.3104, Validation Accuracy: 0.8676
2025-08-10 14:03:28,000 - Rank 3 - Train Loss: 0.3437, Train Accuracy: 0.8551
2025-08-10 14:03:38,930 - Rank 3 - Validation Loss: 0.3094, Validation Accuracy: 0.8676
2025-08-10 14:05:53,092 - Rank 3 - Train Loss: 0.3434, Train Accuracy: 0.8552
2025-08-10 14:06:03,835 - Rank 3 - Validation Loss: 0.3062, Validation Accuracy: 0.8688
2025-08-10 14:08:05,745 - Rank 3 - Train Loss: 0.3429, Train Accuracy: 0.8554
2025-08-10 14:08:12,966 - Rank 3 - Validation Loss: 0.3079, Validation Accuracy: 0.8686
2025-08-10 14:10:11,053 - Rank 3 - Train Loss: 0.3439, Train Accuracy: 0.8548
2025-08-10 14:10:17,557 - Rank 3 - Validation Loss: 0.3090, Validation Accuracy: 0.8676
2025-08-10 14:12:16,429 - Rank 3 - Train Loss: 0.3403, Train Accuracy: 0.8561
2025-08-10 14:12:23,359 - Rank 3 - Validation Loss: 0.3073, Validation Accuracy: 0.8687
2025-08-10 14:14:14,289 - Rank 3 - Train Loss: 0.3414, Train Accuracy: 0.8561
2025-08-10 14:14:21,226 - Rank 3 - Validation Loss: 0.3075, Validation Accuracy: 0.8683
2025-08-10 14:16:32,236 - Rank 3 - Train Loss: 0.3402, Train Accuracy: 0.8563
2025-08-10 14:16:43,305 - Rank 3 - Validation Loss: 0.3048, Validation Accuracy: 0.8694
2025-08-10 14:18:56,499 - Rank 3 - Train Loss: 0.3385, Train Accuracy: 0.8569
2025-08-10 14:19:07,329 - Rank 3 - Validation Loss: 0.3058, Validation Accuracy: 0.8691
2025-08-10 14:21:20,914 - Rank 3 - Train Loss: 0.3378, Train Accuracy: 0.8569
2025-08-10 14:21:31,665 - Rank 3 - Validation Loss: 0.3060, Validation Accuracy: 0.8688
2025-08-10 14:23:44,321 - Rank 3 - Train Loss: 0.3378, Train Accuracy: 0.8575
2025-08-10 14:23:55,216 - Rank 3 - Validation Loss: 0.3037, Validation Accuracy: 0.8699
2025-08-10 14:25:52,683 - Rank 3 - Train Loss: 0.3377, Train Accuracy: 0.8572
2025-08-10 14:26:00,653 - Rank 3 - Validation Loss: 0.3039, Validation Accuracy: 0.8696
2025-08-10 14:27:56,641 - Rank 3 - Train Loss: 0.3371, Train Accuracy: 0.8572
2025-08-10 14:28:04,907 - Rank 3 - Validation Loss: 0.3023, Validation Accuracy: 0.8702
2025-08-10 14:30:00,582 - Rank 3 - Train Loss: 0.3372, Train Accuracy: 0.8570
2025-08-10 14:30:08,435 - Rank 3 - Validation Loss: 0.3024, Validation Accuracy: 0.8701
2025-08-10 14:32:08,471 - Rank 3 - Train Loss: 0.3349, Train Accuracy: 0.8579
2025-08-10 14:32:16,387 - Rank 3 - Validation Loss: 0.3013, Validation Accuracy: 0.8705
2025-08-10 14:34:15,003 - Rank 3 - Train Loss: 0.3350, Train Accuracy: 0.8579
2025-08-10 14:34:23,231 - Rank 3 - Validation Loss: 0.3011, Validation Accuracy: 0.8703
2025-08-10 14:36:22,704 - Rank 3 - Train Loss: 0.3346, Train Accuracy: 0.8577
2025-08-10 14:36:31,142 - Rank 3 - Validation Loss: 0.3023, Validation Accuracy: 0.8699
2025-08-10 14:38:30,152 - Rank 3 - Train Loss: 0.3324, Train Accuracy: 0.8588
2025-08-10 14:38:38,613 - Rank 3 - Validation Loss: 0.3011, Validation Accuracy: 0.8703
2025-08-10 14:40:37,759 - Rank 3 - Train Loss: 0.3321, Train Accuracy: 0.8590
2025-08-10 14:40:46,282 - Rank 3 - Validation Loss: 0.3025, Validation Accuracy: 0.8700
2025-08-10 14:42:38,394 - Rank 3 - Train Loss: 0.3313, Train Accuracy: 0.8595
2025-08-10 14:42:46,195 - Rank 3 - Validation Loss: 0.2997, Validation Accuracy: 0.8711
2025-08-10 14:44:45,214 - Rank 3 - Train Loss: 0.3310, Train Accuracy: 0.8597
2025-08-10 14:44:53,020 - Rank 3 - Validation Loss: 0.3025, Validation Accuracy: 0.8698
2025-08-10 14:46:51,993 - Rank 3 - Train Loss: 0.3294, Train Accuracy: 0.8599
2025-08-10 14:47:00,028 - Rank 3 - Validation Loss: 0.2983, Validation Accuracy: 0.8715
2025-08-10 14:48:58,431 - Rank 3 - Train Loss: 0.3304, Train Accuracy: 0.8597
2025-08-10 14:49:06,556 - Rank 3 - Validation Loss: 0.2986, Validation Accuracy: 0.8714
2025-08-10 14:51:06,299 - Rank 3 - Train Loss: 0.3310, Train Accuracy: 0.8594
2025-08-10 14:51:14,631 - Rank 3 - Validation Loss: 0.2977, Validation Accuracy: 0.8718
2025-08-10 14:53:13,684 - Rank 3 - Train Loss: 0.3286, Train Accuracy: 0.8603
2025-08-10 14:53:21,995 - Rank 3 - Validation Loss: 0.2969, Validation Accuracy: 0.8721
2025-08-10 14:55:21,232 - Rank 3 - Train Loss: 0.3270, Train Accuracy: 0.8607
2025-08-10 14:55:29,258 - Rank 3 - Validation Loss: 0.2969, Validation Accuracy: 0.8719
2025-08-10 14:57:22,563 - Rank 3 - Train Loss: 0.3280, Train Accuracy: 0.8604
2025-08-10 14:57:30,681 - Rank 3 - Validation Loss: 0.2966, Validation Accuracy: 0.8718
2025-08-10 14:59:27,830 - Rank 3 - Train Loss: 0.3258, Train Accuracy: 0.8614
2025-08-10 14:59:36,051 - Rank 3 - Validation Loss: 0.2966, Validation Accuracy: 0.8719
2025-08-10 15:01:35,518 - Rank 3 - Train Loss: 0.3254, Train Accuracy: 0.8615
2025-08-10 15:01:43,411 - Rank 3 - Validation Loss: 0.2972, Validation Accuracy: 0.8718
2025-08-10 15:03:42,466 - Rank 3 - Train Loss: 0.3249, Train Accuracy: 0.8615
2025-08-10 15:03:50,383 - Rank 3 - Validation Loss: 0.2951, Validation Accuracy: 0.8725
2025-08-10 15:05:51,232 - Rank 3 - Train Loss: 0.3260, Train Accuracy: 0.8612
2025-08-10 15:05:59,970 - Rank 3 - Validation Loss: 0.2934, Validation Accuracy: 0.8730
2025-08-10 15:07:59,659 - Rank 3 - Train Loss: 0.3232, Train Accuracy: 0.8619
2025-08-10 15:08:07,696 - Rank 3 - Validation Loss: 0.2941, Validation Accuracy: 0.8728
2025-08-10 15:10:05,745 - Rank 3 - Train Loss: 0.3241, Train Accuracy: 0.8616
2025-08-10 15:10:14,208 - Rank 3 - Validation Loss: 0.2945, Validation Accuracy: 0.8726
2025-08-10 15:12:10,600 - Rank 3 - Train Loss: 0.3226, Train Accuracy: 0.8625
2025-08-10 15:12:19,122 - Rank 3 - Validation Loss: 0.2940, Validation Accuracy: 0.8729
2025-08-10 15:14:18,211 - Rank 3 - Train Loss: 0.3214, Train Accuracy: 0.8627
2025-08-10 15:14:26,202 - Rank 3 - Validation Loss: 0.2920, Validation Accuracy: 0.8735
2025-08-10 15:16:23,909 - Rank 3 - Train Loss: 0.3214, Train Accuracy: 0.8629
2025-08-10 15:16:31,183 - Rank 3 - Validation Loss: 0.2940, Validation Accuracy: 0.8728
2025-08-10 15:18:30,667 - Rank 3 - Train Loss: 0.3212, Train Accuracy: 0.8628
2025-08-10 15:18:38,832 - Rank 3 - Validation Loss: 0.2929, Validation Accuracy: 0.8733
2025-08-10 15:20:42,974 - Rank 3 - Train Loss: 0.3198, Train Accuracy: 0.8634
2025-08-10 15:20:53,043 - Rank 3 - Validation Loss: 0.2917, Validation Accuracy: 0.8738
2025-08-10 15:22:58,845 - Rank 3 - Train Loss: 0.3193, Train Accuracy: 0.8637
2025-08-10 15:23:08,835 - Rank 3 - Validation Loss: 0.2911, Validation Accuracy: 0.8741
2025-08-10 15:25:10,685 - Rank 3 - Train Loss: 0.3195, Train Accuracy: 0.8638
2025-08-10 15:25:20,485 - Rank 3 - Validation Loss: 0.2900, Validation Accuracy: 0.8742
2025-08-10 15:27:25,715 - Rank 3 - Train Loss: 0.3192, Train Accuracy: 0.8634
2025-08-10 15:27:35,219 - Rank 3 - Validation Loss: 0.2912, Validation Accuracy: 0.8738
2025-08-10 15:29:41,580 - Rank 3 - Train Loss: 0.3184, Train Accuracy: 0.8640
2025-08-10 15:29:51,346 - Rank 3 - Validation Loss: 0.2897, Validation Accuracy: 0.8747
2025-08-10 15:31:58,068 - Rank 3 - Train Loss: 0.3171, Train Accuracy: 0.8641
2025-08-10 15:32:07,480 - Rank 3 - Validation Loss: 0.2923, Validation Accuracy: 0.8734
2025-08-10 15:34:13,167 - Rank 3 - Train Loss: 0.3181, Train Accuracy: 0.8639
2025-08-10 15:34:22,654 - Rank 3 - Validation Loss: 0.2891, Validation Accuracy: 0.8749
2025-08-10 15:36:25,976 - Rank 3 - Train Loss: 0.3173, Train Accuracy: 0.8642
2025-08-10 15:36:36,087 - Rank 3 - Validation Loss: 0.2897, Validation Accuracy: 0.8747
2025-08-10 15:38:36,300 - Rank 3 - Train Loss: 0.3160, Train Accuracy: 0.8648
2025-08-10 15:38:46,201 - Rank 3 - Validation Loss: 0.2893, Validation Accuracy: 0.8743
2025-08-10 15:40:46,296 - Rank 3 - Train Loss: 0.3146, Train Accuracy: 0.8652
2025-08-10 15:40:58,420 - Rank 3 - Validation Loss: 0.2886, Validation Accuracy: 0.8751
2025-08-10 15:43:32,129 - Rank 3 - Train Loss: 0.3156, Train Accuracy: 0.8649
2025-08-10 15:43:44,396 - Rank 3 - Validation Loss: 0.2877, Validation Accuracy: 0.8752
2025-08-10 15:46:18,170 - Rank 3 - Train Loss: 0.3146, Train Accuracy: 0.8652
2025-08-10 15:46:31,112 - Rank 3 - Validation Loss: 0.2869, Validation Accuracy: 0.8752
2025-08-10 15:49:04,468 - Rank 3 - Train Loss: 0.3128, Train Accuracy: 0.8661
2025-08-10 15:49:16,850 - Rank 3 - Validation Loss: 0.2869, Validation Accuracy: 0.8759
2025-08-10 15:51:32,638 - Rank 3 - Train Loss: 0.3141, Train Accuracy: 0.8654
2025-08-10 15:51:41,223 - Rank 3 - Validation Loss: 0.2848, Validation Accuracy: 0.8762
2025-08-10 15:53:31,520 - Rank 3 - Train Loss: 0.3120, Train Accuracy: 0.8659
2025-08-10 15:53:40,797 - Rank 3 - Validation Loss: 0.2864, Validation Accuracy: 0.8756
2025-08-10 15:55:30,904 - Rank 3 - Train Loss: 0.3129, Train Accuracy: 0.8658
2025-08-10 15:55:40,583 - Rank 3 - Validation Loss: 0.2851, Validation Accuracy: 0.8760
2025-08-10 15:57:35,076 - Rank 3 - Train Loss: 0.3113, Train Accuracy: 0.8666
2025-08-10 15:57:44,266 - Rank 3 - Validation Loss: 0.2860, Validation Accuracy: 0.8753
2025-08-10 15:59:37,917 - Rank 3 - Train Loss: 0.3095, Train Accuracy: 0.8669
2025-08-10 15:59:46,216 - Rank 3 - Validation Loss: 0.2840, Validation Accuracy: 0.8761
2025-08-10 16:01:41,145 - Rank 3 - Train Loss: 0.3114, Train Accuracy: 0.8662
2025-08-10 16:01:50,351 - Rank 3 - Validation Loss: 0.2862, Validation Accuracy: 0.8758
2025-08-10 16:03:42,335 - Rank 3 - Train Loss: 0.3110, Train Accuracy: 0.8667
2025-08-10 16:03:51,049 - Rank 3 - Validation Loss: 0.2828, Validation Accuracy: 0.8769
2025-08-10 16:05:45,340 - Rank 3 - Train Loss: 0.3095, Train Accuracy: 0.8671
2025-08-10 16:05:54,505 - Rank 3 - Validation Loss: 0.2824, Validation Accuracy: 0.8769
2025-08-10 16:07:46,846 - Rank 3 - Train Loss: 0.3099, Train Accuracy: 0.8670
2025-08-10 16:07:55,760 - Rank 3 - Validation Loss: 0.2846, Validation Accuracy: 0.8762
2025-08-10 16:09:42,640 - Rank 3 - Train Loss: 0.3091, Train Accuracy: 0.8671
2025-08-10 16:09:51,171 - Rank 3 - Validation Loss: 0.2820, Validation Accuracy: 0.8774
2025-08-10 16:11:44,843 - Rank 3 - Train Loss: 0.3079, Train Accuracy: 0.8677
2025-08-10 16:11:53,666 - Rank 3 - Validation Loss: 0.2839, Validation Accuracy: 0.8766
2025-08-10 16:13:47,850 - Rank 3 - Train Loss: 0.3076, Train Accuracy: 0.8676
2025-08-10 16:13:57,391 - Rank 3 - Validation Loss: 0.2819, Validation Accuracy: 0.8769
2025-08-10 16:15:49,690 - Rank 3 - Train Loss: 0.3070, Train Accuracy: 0.8678
2025-08-10 16:15:58,166 - Rank 3 - Validation Loss: 0.2816, Validation Accuracy: 0.8770
2025-08-10 16:17:52,908 - Rank 3 - Train Loss: 0.3070, Train Accuracy: 0.8679
2025-08-10 16:18:01,230 - Rank 3 - Validation Loss: 0.2813, Validation Accuracy: 0.8772
2025-08-10 16:19:57,213 - Rank 3 - Train Loss: 0.3072, Train Accuracy: 0.8678
2025-08-10 16:20:05,828 - Rank 3 - Validation Loss: 0.2809, Validation Accuracy: 0.8775
2025-08-10 16:21:58,436 - Rank 3 - Train Loss: 0.3048, Train Accuracy: 0.8689
2025-08-10 16:22:06,998 - Rank 3 - Validation Loss: 0.2810, Validation Accuracy: 0.8769
2025-08-10 16:23:53,406 - Rank 3 - Train Loss: 0.3067, Train Accuracy: 0.8679
2025-08-10 16:24:02,339 - Rank 3 - Validation Loss: 0.2805, Validation Accuracy: 0.8775
2025-08-10 16:25:56,259 - Rank 3 - Train Loss: 0.3057, Train Accuracy: 0.8682
2025-08-10 16:26:05,402 - Rank 3 - Validation Loss: 0.2805, Validation Accuracy: 0.8776
2025-08-10 16:27:59,739 - Rank 3 - Train Loss: 0.3039, Train Accuracy: 0.8690
2025-08-10 16:28:08,237 - Rank 3 - Validation Loss: 0.2790, Validation Accuracy: 0.8781
2025-08-10 16:30:03,160 - Rank 3 - Train Loss: 0.3042, Train Accuracy: 0.8687
2025-08-10 16:30:11,983 - Rank 3 - Validation Loss: 0.2806, Validation Accuracy: 0.8774
2025-08-10 16:32:06,683 - Rank 3 - Train Loss: 0.3030, Train Accuracy: 0.8692
2025-08-10 16:32:15,417 - Rank 3 - Validation Loss: 0.2791, Validation Accuracy: 0.8780
2025-08-10 16:34:09,647 - Rank 3 - Train Loss: 0.3026, Train Accuracy: 0.8693
2025-08-10 16:34:18,164 - Rank 3 - Validation Loss: 0.2776, Validation Accuracy: 0.8785
2025-08-10 16:36:11,907 - Rank 3 - Train Loss: 0.3033, Train Accuracy: 0.8693
2025-08-10 16:36:21,131 - Rank 3 - Validation Loss: 0.2786, Validation Accuracy: 0.8780
2025-08-10 16:38:09,011 - Rank 3 - Train Loss: 0.3022, Train Accuracy: 0.8696
2025-08-10 16:38:17,535 - Rank 3 - Validation Loss: 0.2791, Validation Accuracy: 0.8780
2025-08-10 16:40:12,490 - Rank 3 - Train Loss: 0.3008, Train Accuracy: 0.8699
2025-08-10 16:40:21,667 - Rank 3 - Validation Loss: 0.2776, Validation Accuracy: 0.8788
2025-08-10 16:42:16,600 - Rank 3 - Train Loss: 0.3018, Train Accuracy: 0.8696
2025-08-10 16:42:25,225 - Rank 3 - Validation Loss: 0.2783, Validation Accuracy: 0.8785
2025-08-10 16:44:20,581 - Rank 3 - Train Loss: 0.3007, Train Accuracy: 0.8698
2025-08-10 16:44:29,790 - Rank 3 - Validation Loss: 0.2776, Validation Accuracy: 0.8785
2025-08-10 16:46:24,291 - Rank 3 - Train Loss: 0.3017, Train Accuracy: 0.8696
2025-08-10 16:46:32,982 - Rank 3 - Validation Loss: 0.2777, Validation Accuracy: 0.8784
2025-08-10 16:48:27,892 - Rank 3 - Train Loss: 0.3003, Train Accuracy: 0.8703
2025-08-10 16:48:36,453 - Rank 3 - Validation Loss: 0.2779, Validation Accuracy: 0.8783
2025-08-10 16:50:32,182 - Rank 3 - Train Loss: 0.2999, Train Accuracy: 0.8706
2025-08-10 16:50:40,051 - Rank 3 - Validation Loss: 0.2766, Validation Accuracy: 0.8790
2025-08-10 16:52:29,023 - Rank 3 - Train Loss: 0.2983, Train Accuracy: 0.8709
2025-08-10 16:52:37,671 - Rank 3 - Validation Loss: 0.2763, Validation Accuracy: 0.8790
2025-08-10 16:54:32,364 - Rank 3 - Train Loss: 0.2997, Train Accuracy: 0.8704
2025-08-10 16:54:40,967 - Rank 3 - Validation Loss: 0.2760, Validation Accuracy: 0.8790
2025-08-10 16:56:36,147 - Rank 3 - Train Loss: 0.2980, Train Accuracy: 0.8710
2025-08-10 16:56:44,980 - Rank 3 - Validation Loss: 0.2756, Validation Accuracy: 0.8788
2025-08-10 16:58:39,594 - Rank 3 - Train Loss: 0.2971, Train Accuracy: 0.8715
2025-08-10 16:58:47,926 - Rank 3 - Validation Loss: 0.2742, Validation Accuracy: 0.8798
2025-08-10 17:00:42,701 - Rank 3 - Train Loss: 0.2968, Train Accuracy: 0.8713
2025-08-10 17:00:51,378 - Rank 3 - Validation Loss: 0.2742, Validation Accuracy: 0.8797
2025-08-10 17:02:47,103 - Rank 3 - Train Loss: 0.2960, Train Accuracy: 0.8718
2025-08-10 17:02:55,897 - Rank 3 - Validation Loss: 0.2743, Validation Accuracy: 0.8797
2025-08-10 17:04:49,170 - Rank 3 - Train Loss: 0.2956, Train Accuracy: 0.8718
2025-08-10 17:04:57,609 - Rank 3 - Validation Loss: 0.2737, Validation Accuracy: 0.8800
2025-08-10 17:06:45,959 - Rank 3 - Train Loss: 0.2956, Train Accuracy: 0.8718
2025-08-10 17:06:55,018 - Rank 3 - Validation Loss: 0.2737, Validation Accuracy: 0.8800
2025-08-10 17:08:49,473 - Rank 3 - Train Loss: 0.2961, Train Accuracy: 0.8717
2025-08-10 17:08:58,336 - Rank 3 - Validation Loss: 0.2727, Validation Accuracy: 0.8801
2025-08-10 17:10:51,806 - Rank 3 - Train Loss: 0.2951, Train Accuracy: 0.8722
2025-08-10 17:11:00,635 - Rank 3 - Validation Loss: 0.2717, Validation Accuracy: 0.8805
2025-08-10 17:12:56,071 - Rank 3 - Train Loss: 0.2940, Train Accuracy: 0.8723
2025-08-10 17:13:04,977 - Rank 3 - Validation Loss: 0.2730, Validation Accuracy: 0.8803
2025-08-10 17:14:59,857 - Rank 3 - Train Loss: 0.2942, Train Accuracy: 0.8726
2025-08-10 17:15:08,186 - Rank 3 - Validation Loss: 0.2739, Validation Accuracy: 0.8797
2025-08-10 17:17:02,853 - Rank 3 - Train Loss: 0.2931, Train Accuracy: 0.8726
2025-08-10 17:17:11,311 - Rank 3 - Validation Loss: 0.2719, Validation Accuracy: 0.8808
2025-08-10 17:19:05,598 - Rank 3 - Train Loss: 0.2931, Train Accuracy: 0.8728
2025-08-10 17:19:13,958 - Rank 3 - Validation Loss: 0.2716, Validation Accuracy: 0.8809
2025-08-10 17:21:02,964 - Rank 3 - Train Loss: 0.2923, Train Accuracy: 0.8730
2025-08-10 17:21:11,245 - Rank 3 - Validation Loss: 0.2710, Validation Accuracy: 0.8810
2025-08-10 17:23:04,944 - Rank 3 - Train Loss: 0.2918, Train Accuracy: 0.8733
2025-08-10 17:23:14,079 - Rank 3 - Validation Loss: 0.2726, Validation Accuracy: 0.8802
2025-08-10 17:25:10,212 - Rank 3 - Train Loss: 0.2919, Train Accuracy: 0.8733
2025-08-10 17:25:18,096 - Rank 3 - Validation Loss: 0.2698, Validation Accuracy: 0.8814
2025-08-10 17:27:16,389 - Rank 3 - Train Loss: 0.2921, Train Accuracy: 0.8728
2025-08-10 17:27:24,932 - Rank 3 - Validation Loss: 0.2695, Validation Accuracy: 0.8814
2025-08-10 17:29:23,380 - Rank 3 - Train Loss: 0.2897, Train Accuracy: 0.8740
2025-08-10 17:29:31,567 - Rank 3 - Validation Loss: 0.2710, Validation Accuracy: 0.8806
2025-08-10 17:31:30,190 - Rank 3 - Train Loss: 0.2927, Train Accuracy: 0.8729
2025-08-10 17:31:38,933 - Rank 3 - Validation Loss: 0.2720, Validation Accuracy: 0.8805
2025-08-10 17:33:37,938 - Rank 3 - Train Loss: 0.2899, Train Accuracy: 0.8741
2025-08-10 17:33:46,419 - Rank 3 - Validation Loss: 0.2704, Validation Accuracy: 0.8810
2025-08-10 17:35:40,247 - Rank 3 - Train Loss: 0.2900, Train Accuracy: 0.8740
2025-08-10 17:35:49,064 - Rank 3 - Validation Loss: 0.2716, Validation Accuracy: 0.8803
2025-08-10 17:37:46,367 - Rank 3 - Train Loss: 0.2903, Train Accuracy: 0.8737
2025-08-10 17:37:54,437 - Rank 3 - Validation Loss: 0.2694, Validation Accuracy: 0.8811
2025-08-10 17:39:53,881 - Rank 3 - Train Loss: 0.2897, Train Accuracy: 0.8743
2025-08-10 17:40:02,077 - Rank 3 - Validation Loss: 0.2689, Validation Accuracy: 0.8817
2025-08-10 17:42:03,251 - Rank 3 - Train Loss: 0.2896, Train Accuracy: 0.8741
2025-08-10 17:42:11,679 - Rank 3 - Validation Loss: 0.2689, Validation Accuracy: 0.8817
2025-08-10 17:44:11,113 - Rank 3 - Train Loss: 0.2879, Train Accuracy: 0.8747
2025-08-10 17:44:19,497 - Rank 3 - Validation Loss: 0.2694, Validation Accuracy: 0.8815
2025-08-10 17:46:19,977 - Rank 3 - Train Loss: 0.2876, Train Accuracy: 0.8747
2025-08-10 17:46:28,802 - Rank 3 - Validation Loss: 0.2702, Validation Accuracy: 0.8813
2025-08-10 17:48:28,757 - Rank 3 - Train Loss: 0.2882, Train Accuracy: 0.8747
2025-08-10 17:48:37,453 - Rank 3 - Validation Loss: 0.2683, Validation Accuracy: 0.8818
2025-08-10 17:50:30,076 - Rank 3 - Train Loss: 0.2878, Train Accuracy: 0.8745
2025-08-10 17:50:38,746 - Rank 3 - Validation Loss: 0.2684, Validation Accuracy: 0.8816
2025-08-10 17:52:39,342 - Rank 3 - Train Loss: 0.2856, Train Accuracy: 0.8754
2025-08-10 17:52:48,079 - Rank 3 - Validation Loss: 0.2683, Validation Accuracy: 0.8820
2025-08-10 17:54:47,533 - Rank 3 - Train Loss: 0.2871, Train Accuracy: 0.8749
2025-08-10 17:54:55,593 - Rank 3 - Validation Loss: 0.2675, Validation Accuracy: 0.8823
2025-08-10 17:56:54,191 - Rank 3 - Train Loss: 0.2860, Train Accuracy: 0.8755
2025-08-10 17:57:02,236 - Rank 3 - Validation Loss: 0.2677, Validation Accuracy: 0.8818
2025-08-10 17:59:00,718 - Rank 3 - Train Loss: 0.2853, Train Accuracy: 0.8754
2025-08-10 17:59:08,792 - Rank 3 - Validation Loss: 0.2689, Validation Accuracy: 0.8819
2025-08-10 18:01:08,892 - Rank 3 - Train Loss: 0.2859, Train Accuracy: 0.8752
2025-08-10 18:01:17,193 - Rank 3 - Validation Loss: 0.2678, Validation Accuracy: 0.8819
2025-08-10 18:03:15,709 - Rank 3 - Train Loss: 0.2848, Train Accuracy: 0.8759
2025-08-10 18:03:23,980 - Rank 3 - Validation Loss: 0.2676, Validation Accuracy: 0.8819
2025-08-10 18:05:16,927 - Rank 3 - Train Loss: 0.2847, Train Accuracy: 0.8760
2025-08-10 18:05:25,446 - Rank 3 - Validation Loss: 0.2656, Validation Accuracy: 0.8829
2025-08-10 18:07:24,954 - Rank 3 - Train Loss: 0.2834, Train Accuracy: 0.8758
2025-08-10 18:07:33,290 - Rank 3 - Validation Loss: 0.2669, Validation Accuracy: 0.8822
2025-08-10 18:09:32,931 - Rank 3 - Train Loss: 0.2846, Train Accuracy: 0.8758
2025-08-10 18:09:40,999 - Rank 3 - Validation Loss: 0.2668, Validation Accuracy: 0.8822
2025-08-10 18:11:41,327 - Rank 3 - Train Loss: 0.2828, Train Accuracy: 0.8764
2025-08-10 18:11:49,821 - Rank 3 - Validation Loss: 0.2656, Validation Accuracy: 0.8826
2025-08-10 18:13:49,086 - Rank 3 - Train Loss: 0.2825, Train Accuracy: 0.8761
2025-08-10 18:13:57,534 - Rank 3 - Validation Loss: 0.2648, Validation Accuracy: 0.8831
2025-08-10 18:15:56,599 - Rank 3 - Train Loss: 0.2829, Train Accuracy: 0.8763
2025-08-10 18:16:04,961 - Rank 3 - Validation Loss: 0.2649, Validation Accuracy: 0.8832
2025-08-10 18:18:03,817 - Rank 3 - Train Loss: 0.2804, Train Accuracy: 0.8775
2025-08-10 18:18:11,493 - Rank 3 - Validation Loss: 0.2645, Validation Accuracy: 0.8831
2025-08-10 18:20:11,017 - Rank 3 - Train Loss: 0.2826, Train Accuracy: 0.8764
2025-08-10 18:20:18,476 - Rank 3 - Validation Loss: 0.2673, Validation Accuracy: 0.8820
2025-08-10 18:22:24,273 - Rank 3 - Train Loss: 0.2811, Train Accuracy: 0.8770
2025-08-10 18:22:32,141 - Rank 3 - Validation Loss: 0.2649, Validation Accuracy: 0.8832
2025-08-10 18:24:39,031 - Rank 3 - Train Loss: 0.2804, Train Accuracy: 0.8771
2025-08-10 18:24:46,336 - Rank 3 - Validation Loss: 0.2645, Validation Accuracy: 0.8830
2025-08-10 18:26:51,434 - Rank 3 - Train Loss: 0.2802, Train Accuracy: 0.8776
2025-08-10 18:26:58,934 - Rank 3 - Validation Loss: 0.2649, Validation Accuracy: 0.8830
2025-08-10 18:29:00,775 - Rank 3 - Train Loss: 0.2804, Train Accuracy: 0.8773
2025-08-10 18:29:08,155 - Rank 3 - Validation Loss: 0.2634, Validation Accuracy: 0.8833
2025-08-10 18:31:09,828 - Rank 3 - Train Loss: 0.2816, Train Accuracy: 0.8769
2025-08-10 18:31:17,479 - Rank 3 - Validation Loss: 0.2639, Validation Accuracy: 0.8835
2025-08-10 18:33:14,892 - Rank 3 - Train Loss: 0.2794, Train Accuracy: 0.8772
2025-08-10 18:33:22,411 - Rank 3 - Validation Loss: 0.2641, Validation Accuracy: 0.8828
2025-08-10 18:35:24,617 - Rank 3 - Train Loss: 0.2780, Train Accuracy: 0.8782
2025-08-10 18:35:32,579 - Rank 3 - Validation Loss: 0.2626, Validation Accuracy: 0.8841
2025-08-10 18:37:34,359 - Rank 3 - Train Loss: 0.2801, Train Accuracy: 0.8773
2025-08-10 18:37:41,866 - Rank 3 - Validation Loss: 0.2642, Validation Accuracy: 0.8835
2025-08-10 18:39:45,882 - Rank 3 - Train Loss: 0.2792, Train Accuracy: 0.8774
2025-08-10 18:39:53,746 - Rank 3 - Validation Loss: 0.2624, Validation Accuracy: 0.8840
2025-08-10 18:41:58,793 - Rank 3 - Train Loss: 0.2785, Train Accuracy: 0.8779
2025-08-10 18:42:06,298 - Rank 3 - Validation Loss: 0.2638, Validation Accuracy: 0.8831
2025-08-10 18:44:11,423 - Rank 3 - Train Loss: 0.2780, Train Accuracy: 0.8782
2025-08-10 18:44:18,695 - Rank 3 - Validation Loss: 0.2608, Validation Accuracy: 0.8847
2025-08-10 18:46:21,923 - Rank 3 - Train Loss: 0.2784, Train Accuracy: 0.8777
2025-08-10 18:46:29,369 - Rank 3 - Validation Loss: 0.2625, Validation Accuracy: 0.8840
2025-08-10 18:48:32,550 - Rank 3 - Train Loss: 0.2777, Train Accuracy: 0.8783
2025-08-10 18:48:39,805 - Rank 3 - Validation Loss: 0.2598, Validation Accuracy: 0.8848
2025-08-10 18:50:44,546 - Rank 3 - Train Loss: 0.2781, Train Accuracy: 0.8782
2025-08-10 18:50:52,198 - Rank 3 - Validation Loss: 0.2616, Validation Accuracy: 0.8840
2025-08-10 18:52:56,280 - Rank 3 - Train Loss: 0.2768, Train Accuracy: 0.8784
2025-08-10 18:53:03,647 - Rank 3 - Validation Loss: 0.2619, Validation Accuracy: 0.8842
2025-08-10 18:55:08,484 - Rank 3 - Train Loss: 0.2762, Train Accuracy: 0.8788
2025-08-10 18:55:16,046 - Rank 3 - Validation Loss: 0.2601, Validation Accuracy: 0.8848
2025-08-10 18:57:20,540 - Rank 3 - Train Loss: 0.2756, Train Accuracy: 0.8791
2025-08-10 18:57:27,667 - Rank 3 - Validation Loss: 0.2608, Validation Accuracy: 0.8843
2025-08-10 18:59:32,359 - Rank 3 - Train Loss: 0.2765, Train Accuracy: 0.8783
2025-08-10 18:59:40,259 - Rank 3 - Validation Loss: 0.2607, Validation Accuracy: 0.8843
2025-08-10 19:01:40,246 - Rank 3 - Train Loss: 0.2745, Train Accuracy: 0.8795
2025-08-10 19:01:48,061 - Rank 3 - Validation Loss: 0.2601, Validation Accuracy: 0.8848
2025-08-10 19:03:52,479 - Rank 3 - Train Loss: 0.2755, Train Accuracy: 0.8790
2025-08-10 19:04:00,132 - Rank 3 - Validation Loss: 0.2642, Validation Accuracy: 0.8836
2025-08-10 19:06:04,846 - Rank 3 - Train Loss: 0.2754, Train Accuracy: 0.8788
2025-08-10 19:06:12,326 - Rank 3 - Validation Loss: 0.2594, Validation Accuracy: 0.8851
2025-08-10 19:08:16,964 - Rank 3 - Train Loss: 0.2738, Train Accuracy: 0.8795
2025-08-10 19:08:25,242 - Rank 3 - Validation Loss: 0.2596, Validation Accuracy: 0.8847
2025-08-10 19:10:28,347 - Rank 3 - Train Loss: 0.2743, Train Accuracy: 0.8793
2025-08-10 19:10:36,288 - Rank 3 - Validation Loss: 0.2594, Validation Accuracy: 0.8850
2025-08-10 19:12:37,945 - Rank 3 - Train Loss: 0.2731, Train Accuracy: 0.8796
2025-08-10 19:12:45,262 - Rank 3 - Validation Loss: 0.2599, Validation Accuracy: 0.8849
2025-08-10 19:14:42,166 - Rank 3 - Train Loss: 0.2731, Train Accuracy: 0.8799
2025-08-10 19:14:49,529 - Rank 3 - Validation Loss: 0.2626, Validation Accuracy: 0.8840
2025-08-10 19:16:52,870 - Rank 3 - Train Loss: 0.2732, Train Accuracy: 0.8799
2025-08-10 19:17:00,534 - Rank 3 - Validation Loss: 0.2592, Validation Accuracy: 0.8850
2025-08-10 19:19:00,214 - Rank 3 - Train Loss: 0.2737, Train Accuracy: 0.8797
2025-08-10 19:19:08,151 - Rank 3 - Validation Loss: 0.2600, Validation Accuracy: 0.8847
2025-08-10 19:21:07,159 - Rank 3 - Train Loss: 0.2708, Train Accuracy: 0.8803
2025-08-10 19:21:15,325 - Rank 3 - Validation Loss: 0.2589, Validation Accuracy: 0.8852
2025-08-10 19:23:14,284 - Rank 3 - Train Loss: 0.2727, Train Accuracy: 0.8800
2025-08-10 19:23:22,404 - Rank 3 - Validation Loss: 0.2591, Validation Accuracy: 0.8848
2025-08-10 19:25:20,451 - Rank 3 - Train Loss: 0.2709, Train Accuracy: 0.8808
2025-08-10 19:25:28,787 - Rank 3 - Validation Loss: 0.2576, Validation Accuracy: 0.8856
2025-08-10 19:27:22,464 - Rank 3 - Train Loss: 0.2708, Train Accuracy: 0.8804
2025-08-10 19:27:30,593 - Rank 3 - Validation Loss: 0.2582, Validation Accuracy: 0.8855
2025-08-10 19:29:27,886 - Rank 3 - Train Loss: 0.2705, Train Accuracy: 0.8806
2025-08-10 19:29:35,680 - Rank 3 - Validation Loss: 0.2589, Validation Accuracy: 0.8852
2025-08-10 19:31:36,516 - Rank 3 - Train Loss: 0.2701, Train Accuracy: 0.8808
2025-08-10 19:31:44,047 - Rank 3 - Validation Loss: 0.2564, Validation Accuracy: 0.8858
2025-08-10 19:33:43,647 - Rank 3 - Train Loss: 0.2688, Train Accuracy: 0.8814
2025-08-10 19:33:51,403 - Rank 3 - Validation Loss: 0.2575, Validation Accuracy: 0.8856
2025-08-10 19:35:51,724 - Rank 3 - Train Loss: 0.2687, Train Accuracy: 0.8814
2025-08-10 19:35:59,661 - Rank 3 - Validation Loss: 0.2561, Validation Accuracy: 0.8863
2025-08-10 19:37:58,773 - Rank 3 - Train Loss: 0.2692, Train Accuracy: 0.8813
2025-08-10 19:38:07,066 - Rank 3 - Validation Loss: 0.2558, Validation Accuracy: 0.8860
2025-08-10 19:40:05,895 - Rank 3 - Train Loss: 0.2690, Train Accuracy: 0.8814
2025-08-10 19:40:13,871 - Rank 3 - Validation Loss: 0.2574, Validation Accuracy: 0.8860
2025-08-10 19:42:02,304 - Rank 3 - Train Loss: 0.2706, Train Accuracy: 0.8806
2025-08-10 19:42:11,131 - Rank 3 - Validation Loss: 0.2565, Validation Accuracy: 0.8858
2025-08-10 19:44:05,111 - Rank 3 - Train Loss: 0.2683, Train Accuracy: 0.8816
2025-08-10 19:44:13,576 - Rank 3 - Validation Loss: 0.2568, Validation Accuracy: 0.8857
2025-08-10 19:46:07,518 - Rank 3 - Train Loss: 0.2691, Train Accuracy: 0.8811
2025-08-10 19:46:15,581 - Rank 3 - Validation Loss: 0.2553, Validation Accuracy: 0.8863
2025-08-10 19:48:11,566 - Rank 3 - Train Loss: 0.2680, Train Accuracy: 0.8815
2025-08-10 19:48:20,445 - Rank 3 - Validation Loss: 0.2559, Validation Accuracy: 0.8859
2025-08-10 19:50:15,311 - Rank 3 - Train Loss: 0.2690, Train Accuracy: 0.8811
2025-08-10 19:50:23,880 - Rank 3 - Validation Loss: 0.2559, Validation Accuracy: 0.8862
2025-08-10 19:52:17,473 - Rank 3 - Train Loss: 0.2684, Train Accuracy: 0.8816
2025-08-10 19:52:26,034 - Rank 3 - Validation Loss: 0.2552, Validation Accuracy: 0.8862
2025-08-10 19:54:20,584 - Rank 3 - Train Loss: 0.2686, Train Accuracy: 0.8815
2025-08-10 19:54:29,446 - Rank 3 - Validation Loss: 0.2564, Validation Accuracy: 0.8859
2025-08-10 19:56:18,713 - Rank 3 - Train Loss: 0.2662, Train Accuracy: 0.8823
2025-08-10 19:56:27,439 - Rank 3 - Validation Loss: 0.2540, Validation Accuracy: 0.8870
2025-08-10 19:58:21,269 - Rank 3 - Train Loss: 0.2673, Train Accuracy: 0.8821
2025-08-10 19:58:29,352 - Rank 3 - Validation Loss: 0.2558, Validation Accuracy: 0.8862
2025-08-10 20:00:25,278 - Rank 3 - Train Loss: 0.2662, Train Accuracy: 0.8824
2025-08-10 20:00:33,909 - Rank 3 - Validation Loss: 0.2535, Validation Accuracy: 0.8869
2025-08-10 20:02:29,560 - Rank 3 - Train Loss: 0.2664, Train Accuracy: 0.8819
2025-08-10 20:02:37,930 - Rank 3 - Validation Loss: 0.2548, Validation Accuracy: 0.8864
2025-08-10 20:04:33,232 - Rank 3 - Train Loss: 0.2657, Train Accuracy: 0.8826
2025-08-10 20:04:41,416 - Rank 3 - Validation Loss: 0.2567, Validation Accuracy: 0.8859
2025-08-10 20:06:35,833 - Rank 3 - Train Loss: 0.2662, Train Accuracy: 0.8824
2025-08-10 20:06:44,613 - Rank 3 - Validation Loss: 0.2533, Validation Accuracy: 0.8868
2025-08-10 20:08:39,204 - Rank 3 - Train Loss: 0.2650, Train Accuracy: 0.8829
2025-08-10 20:08:47,593 - Rank 3 - Validation Loss: 0.2540, Validation Accuracy: 0.8868
2025-08-10 20:10:39,303 - Rank 3 - Train Loss: 0.2646, Train Accuracy: 0.8827
2025-08-10 20:10:47,901 - Rank 3 - Validation Loss: 0.2534, Validation Accuracy: 0.8875
2025-08-10 20:12:41,259 - Rank 3 - Train Loss: 0.2648, Train Accuracy: 0.8829
2025-08-10 20:12:49,222 - Rank 3 - Validation Loss: 0.2530, Validation Accuracy: 0.8873
2025-08-10 20:14:44,953 - Rank 3 - Train Loss: 0.2632, Train Accuracy: 0.8834
2025-08-10 20:14:52,884 - Rank 3 - Validation Loss: 0.2543, Validation Accuracy: 0.8867
2025-08-10 20:16:56,613 - Rank 3 - Train Loss: 0.2645, Train Accuracy: 0.8828
2025-08-10 20:17:05,135 - Rank 3 - Validation Loss: 0.2534, Validation Accuracy: 0.8874
2025-08-10 20:19:06,492 - Rank 3 - Train Loss: 0.2650, Train Accuracy: 0.8826
2025-08-10 20:19:14,485 - Rank 3 - Validation Loss: 0.2534, Validation Accuracy: 0.8872
2025-08-10 20:21:14,820 - Rank 3 - Train Loss: 0.2642, Train Accuracy: 0.8830
2025-08-10 20:21:23,025 - Rank 3 - Validation Loss: 0.2539, Validation Accuracy: 0.8869
2025-08-10 20:23:23,985 - Rank 3 - Train Loss: 0.2624, Train Accuracy: 0.8835
2025-08-10 20:23:32,495 - Rank 3 - Validation Loss: 0.2542, Validation Accuracy: 0.8869
2025-08-10 20:25:25,202 - Rank 3 - Train Loss: 0.2623, Train Accuracy: 0.8834
2025-08-10 20:25:33,347 - Rank 3 - Validation Loss: 0.2519, Validation Accuracy: 0.8875
2025-08-10 20:27:33,204 - Rank 3 - Train Loss: 0.2634, Train Accuracy: 0.8830
2025-08-10 20:27:41,360 - Rank 3 - Validation Loss: 0.2520, Validation Accuracy: 0.8872
2025-08-10 20:29:42,717 - Rank 3 - Train Loss: 0.2626, Train Accuracy: 0.8839
2025-08-10 20:29:50,553 - Rank 3 - Validation Loss: 0.2529, Validation Accuracy: 0.8875
2025-08-10 20:31:50,867 - Rank 3 - Train Loss: 0.2616, Train Accuracy: 0.8839
2025-08-10 20:31:59,113 - Rank 3 - Validation Loss: 0.2525, Validation Accuracy: 0.8875
2025-08-10 20:33:58,212 - Rank 3 - Train Loss: 0.2623, Train Accuracy: 0.8838
2025-08-10 20:34:06,841 - Rank 3 - Validation Loss: 0.2519, Validation Accuracy: 0.8877
2025-08-10 20:36:06,223 - Rank 3 - Train Loss: 0.2613, Train Accuracy: 0.8842
2025-08-10 20:36:14,648 - Rank 3 - Validation Loss: 0.2524, Validation Accuracy: 0.8874
2025-08-10 20:38:15,051 - Rank 3 - Train Loss: 0.2613, Train Accuracy: 0.8839
2025-08-10 20:38:22,951 - Rank 3 - Validation Loss: 0.2516, Validation Accuracy: 0.8879
2025-08-10 20:40:17,374 - Rank 3 - Train Loss: 0.2606, Train Accuracy: 0.8843
2025-08-10 20:40:25,944 - Rank 3 - Validation Loss: 0.2505, Validation Accuracy: 0.8881
2025-08-10 20:42:24,828 - Rank 3 - Train Loss: 0.2619, Train Accuracy: 0.8837
2025-08-10 20:42:33,475 - Rank 3 - Validation Loss: 0.2518, Validation Accuracy: 0.8875
2025-08-10 20:44:32,936 - Rank 3 - Train Loss: 0.2588, Train Accuracy: 0.8850
2025-08-10 20:44:41,081 - Rank 3 - Validation Loss: 0.2527, Validation Accuracy: 0.8872
2025-08-10 20:46:41,421 - Rank 3 - Train Loss: 0.2599, Train Accuracy: 0.8845
2025-08-10 20:46:49,549 - Rank 3 - Validation Loss: 0.2519, Validation Accuracy: 0.8877
2025-08-10 20:48:50,232 - Rank 3 - Train Loss: 0.2601, Train Accuracy: 0.8845
2025-08-10 20:48:57,512 - Rank 3 - Validation Loss: 0.2522, Validation Accuracy: 0.8873
2025-08-10 20:50:58,419 - Rank 3 - Train Loss: 0.2602, Train Accuracy: 0.8845
2025-08-10 20:51:06,715 - Rank 3 - Validation Loss: 0.2498, Validation Accuracy: 0.8884
2025-08-10 20:53:07,487 - Rank 3 - Train Loss: 0.2586, Train Accuracy: 0.8851
2025-08-10 20:53:15,778 - Rank 3 - Validation Loss: 0.2508, Validation Accuracy: 0.8882
2025-08-10 20:55:09,500 - Rank 3 - Train Loss: 0.2592, Train Accuracy: 0.8848
2025-08-10 20:55:17,531 - Rank 3 - Validation Loss: 0.2509, Validation Accuracy: 0.8879
2025-08-10 20:57:17,220 - Rank 3 - Train Loss: 0.2588, Train Accuracy: 0.8848
2025-08-10 20:57:25,884 - Rank 3 - Validation Loss: 0.2511, Validation Accuracy: 0.8880
2025-08-10 20:59:26,211 - Rank 3 - Train Loss: 0.2583, Train Accuracy: 0.8853
2025-08-10 20:59:34,588 - Rank 3 - Validation Loss: 0.2509, Validation Accuracy: 0.8880
2025-08-10 21:01:33,502 - Rank 3 - Train Loss: 0.2587, Train Accuracy: 0.8848
2025-08-10 21:01:41,989 - Rank 3 - Validation Loss: 0.2498, Validation Accuracy: 0.8883
2025-08-10 21:03:42,763 - Rank 3 - Train Loss: 0.2594, Train Accuracy: 0.8847
2025-08-10 21:03:51,024 - Rank 3 - Validation Loss: 0.2480, Validation Accuracy: 0.8889
2025-08-10 21:05:50,601 - Rank 3 - Train Loss: 0.2573, Train Accuracy: 0.8856
2025-08-10 21:05:58,867 - Rank 3 - Validation Loss: 0.2506, Validation Accuracy: 0.8882
2025-08-10 21:07:58,836 - Rank 3 - Train Loss: 0.2582, Train Accuracy: 0.8852
2025-08-10 21:08:07,353 - Rank 3 - Validation Loss: 0.2491, Validation Accuracy: 0.8887
2025-08-10 21:09:59,899 - Rank 3 - Train Loss: 0.2571, Train Accuracy: 0.8854
2025-08-10 21:10:08,009 - Rank 3 - Validation Loss: 0.2487, Validation Accuracy: 0.8888
2025-08-10 21:12:07,852 - Rank 3 - Train Loss: 0.2572, Train Accuracy: 0.8855
2025-08-10 21:12:16,411 - Rank 3 - Validation Loss: 0.2490, Validation Accuracy: 0.8886
2025-08-10 21:14:15,736 - Rank 3 - Train Loss: 0.2573, Train Accuracy: 0.8856
2025-08-10 21:14:23,928 - Rank 3 - Validation Loss: 0.2475, Validation Accuracy: 0.8891
2025-08-10 21:16:23,090 - Rank 3 - Train Loss: 0.2565, Train Accuracy: 0.8857
2025-08-10 21:16:31,236 - Rank 3 - Validation Loss: 0.2501, Validation Accuracy: 0.8881
2025-08-10 21:18:31,626 - Rank 3 - Train Loss: 0.2579, Train Accuracy: 0.8851
2025-08-10 21:18:40,494 - Rank 3 - Validation Loss: 0.2478, Validation Accuracy: 0.8890
2025-08-10 21:20:39,503 - Rank 3 - Train Loss: 0.2561, Train Accuracy: 0.8860
2025-08-10 21:20:48,429 - Rank 3 - Validation Loss: 0.2483, Validation Accuracy: 0.8886
2025-08-10 21:22:44,906 - Rank 3 - Train Loss: 0.2569, Train Accuracy: 0.8856
2025-08-10 21:22:53,111 - Rank 3 - Validation Loss: 0.2488, Validation Accuracy: 0.8886
2025-08-10 21:24:50,165 - Rank 3 - Train Loss: 0.2556, Train Accuracy: 0.8860
2025-08-10 21:24:58,116 - Rank 3 - Validation Loss: 0.2487, Validation Accuracy: 0.8887
2025-08-10 21:26:58,770 - Rank 3 - Train Loss: 0.2545, Train Accuracy: 0.8864
2025-08-10 21:27:07,014 - Rank 3 - Validation Loss: 0.2487, Validation Accuracy: 0.8887
2025-08-10 21:29:06,989 - Rank 3 - Train Loss: 0.2557, Train Accuracy: 0.8861
2025-08-10 21:29:15,540 - Rank 3 - Validation Loss: 0.2500, Validation Accuracy: 0.8883
2025-08-10 21:31:15,415 - Rank 3 - Train Loss: 0.2553, Train Accuracy: 0.8860
2025-08-10 21:31:23,457 - Rank 3 - Validation Loss: 0.2489, Validation Accuracy: 0.8889
2025-08-10 21:33:24,581 - Rank 3 - Train Loss: 0.2551, Train Accuracy: 0.8862
2025-08-10 21:33:32,329 - Rank 3 - Validation Loss: 0.2473, Validation Accuracy: 0.8894
2025-08-10 21:35:30,805 - Rank 3 - Train Loss: 0.2546, Train Accuracy: 0.8866
2025-08-10 21:35:39,069 - Rank 3 - Validation Loss: 0.2488, Validation Accuracy: 0.8890
2025-08-10 21:37:33,637 - Rank 3 - Train Loss: 0.2558, Train Accuracy: 0.8860
2025-08-10 21:37:41,985 - Rank 3 - Validation Loss: 0.2476, Validation Accuracy: 0.8896
2025-08-10 21:39:39,890 - Rank 3 - Train Loss: 0.2526, Train Accuracy: 0.8870
2025-08-10 21:39:48,299 - Rank 3 - Validation Loss: 0.2481, Validation Accuracy: 0.8888
2025-08-10 21:41:48,227 - Rank 3 - Train Loss: 0.2534, Train Accuracy: 0.8867
2025-08-10 21:41:56,746 - Rank 3 - Validation Loss: 0.2471, Validation Accuracy: 0.8896
2025-08-10 21:43:56,267 - Rank 3 - Train Loss: 0.2545, Train Accuracy: 0.8865
2025-08-10 21:44:04,165 - Rank 3 - Validation Loss: 0.2473, Validation Accuracy: 0.8893
2025-08-10 21:46:05,431 - Rank 3 - Train Loss: 0.2543, Train Accuracy: 0.8865
2025-08-10 21:46:13,271 - Rank 3 - Validation Loss: 0.2463, Validation Accuracy: 0.8897
2025-08-10 21:48:13,826 - Rank 3 - Train Loss: 0.2540, Train Accuracy: 0.8865
2025-08-10 21:48:21,705 - Rank 3 - Validation Loss: 0.2470, Validation Accuracy: 0.8897
2025-08-10 21:50:21,664 - Rank 3 - Train Loss: 0.2536, Train Accuracy: 0.8868
2025-08-10 21:50:30,080 - Rank 3 - Validation Loss: 0.2462, Validation Accuracy: 0.8892
2025-08-10 21:52:22,904 - Rank 3 - Train Loss: 0.2532, Train Accuracy: 0.8870
2025-08-10 21:52:30,982 - Rank 3 - Validation Loss: 0.2474, Validation Accuracy: 0.8894
2025-08-10 21:54:31,644 - Rank 3 - Train Loss: 0.2521, Train Accuracy: 0.8873
2025-08-10 21:54:40,125 - Rank 3 - Validation Loss: 0.2478, Validation Accuracy: 0.8891
2025-08-10 21:56:40,194 - Rank 3 - Train Loss: 0.2514, Train Accuracy: 0.8875
2025-08-10 21:56:48,541 - Rank 3 - Validation Loss: 0.2468, Validation Accuracy: 0.8895
2025-08-10 21:58:47,957 - Rank 3 - Train Loss: 0.2521, Train Accuracy: 0.8872
2025-08-10 21:58:56,141 - Rank 3 - Validation Loss: 0.2460, Validation Accuracy: 0.8896
2025-08-10 22:00:54,951 - Rank 3 - Train Loss: 0.2533, Train Accuracy: 0.8868
2025-08-10 22:01:02,724 - Rank 3 - Validation Loss: 0.2469, Validation Accuracy: 0.8893
2025-08-10 22:03:03,944 - Rank 3 - Train Loss: 0.2508, Train Accuracy: 0.8879
2025-08-10 22:03:12,067 - Rank 3 - Validation Loss: 0.2453, Validation Accuracy: 0.8897
2025-08-10 22:05:11,180 - Rank 3 - Train Loss: 0.2512, Train Accuracy: 0.8874
2025-08-10 22:05:19,724 - Rank 3 - Validation Loss: 0.2451, Validation Accuracy: 0.8899
2025-08-10 22:07:12,462 - Rank 3 - Train Loss: 0.2510, Train Accuracy: 0.8878
2025-08-10 22:07:20,592 - Rank 3 - Validation Loss: 0.2464, Validation Accuracy: 0.8898
2025-08-10 22:09:20,206 - Rank 3 - Train Loss: 0.2501, Train Accuracy: 0.8881
2025-08-10 22:09:28,369 - Rank 3 - Validation Loss: 0.2460, Validation Accuracy: 0.8898
2025-08-10 22:11:26,810 - Rank 3 - Train Loss: 0.2492, Train Accuracy: 0.8881
2025-08-10 22:11:35,315 - Rank 3 - Validation Loss: 0.2457, Validation Accuracy: 0.8898
2025-08-10 22:13:34,729 - Rank 3 - Train Loss: 0.2507, Train Accuracy: 0.8878
2025-08-10 22:13:42,743 - Rank 3 - Validation Loss: 0.2447, Validation Accuracy: 0.8901
2025-08-10 22:15:42,512 - Rank 3 - Train Loss: 0.2494, Train Accuracy: 0.8884
2025-08-10 22:15:51,310 - Rank 3 - Validation Loss: 0.2443, Validation Accuracy: 0.8903
2025-08-10 22:17:51,296 - Rank 3 - Train Loss: 0.2496, Train Accuracy: 0.8885
2025-08-10 22:18:00,206 - Rank 3 - Validation Loss: 0.2448, Validation Accuracy: 0.8905
2025-08-10 22:19:58,707 - Rank 3 - Train Loss: 0.2505, Train Accuracy: 0.8878
2025-08-10 22:20:07,679 - Rank 3 - Validation Loss: 0.2450, Validation Accuracy: 0.8901
2025-08-10 22:22:00,125 - Rank 3 - Train Loss: 0.2501, Train Accuracy: 0.8882
2025-08-10 22:22:08,840 - Rank 3 - Validation Loss: 0.2455, Validation Accuracy: 0.8896
2025-08-10 22:24:08,062 - Rank 3 - Train Loss: 0.2488, Train Accuracy: 0.8886
2025-08-10 22:24:15,990 - Rank 3 - Validation Loss: 0.2459, Validation Accuracy: 0.8899
2025-08-10 22:26:16,285 - Rank 3 - Train Loss: 0.2491, Train Accuracy: 0.8885
2025-08-10 22:26:24,300 - Rank 3 - Validation Loss: 0.2449, Validation Accuracy: 0.8900
2025-08-10 22:28:23,924 - Rank 3 - Train Loss: 0.2500, Train Accuracy: 0.8884
2025-08-10 22:28:32,274 - Rank 3 - Validation Loss: 0.2459, Validation Accuracy: 0.8896
2025-08-10 22:30:31,434 - Rank 3 - Train Loss: 0.2492, Train Accuracy: 0.8881
2025-08-10 22:30:40,110 - Rank 3 - Validation Loss: 0.2437, Validation Accuracy: 0.8905
2025-08-10 22:32:39,542 - Rank 3 - Train Loss: 0.2467, Train Accuracy: 0.8892
2025-08-10 22:32:47,547 - Rank 3 - Validation Loss: 0.2428, Validation Accuracy: 0.8910
2025-08-10 22:34:47,463 - Rank 3 - Train Loss: 0.2488, Train Accuracy: 0.8888
2025-08-10 22:34:55,793 - Rank 3 - Validation Loss: 0.2434, Validation Accuracy: 0.8906
2025-08-10 22:36:49,842 - Rank 3 - Train Loss: 0.2474, Train Accuracy: 0.8891
2025-08-10 22:36:58,183 - Rank 3 - Validation Loss: 0.2445, Validation Accuracy: 0.8904
2025-08-10 22:38:56,505 - Rank 3 - Train Loss: 0.2472, Train Accuracy: 0.8890
2025-08-10 22:39:05,086 - Rank 3 - Validation Loss: 0.2435, Validation Accuracy: 0.8906
2025-08-10 22:41:03,677 - Rank 3 - Train Loss: 0.2477, Train Accuracy: 0.8889
2025-08-10 22:41:11,996 - Rank 3 - Validation Loss: 0.2432, Validation Accuracy: 0.8907
2025-08-10 22:43:13,264 - Rank 3 - Train Loss: 0.2466, Train Accuracy: 0.8892
2025-08-10 22:43:21,222 - Rank 3 - Validation Loss: 0.2430, Validation Accuracy: 0.8910
2025-08-10 22:45:21,297 - Rank 3 - Train Loss: 0.2473, Train Accuracy: 0.8889
2025-08-10 22:45:29,293 - Rank 3 - Validation Loss: 0.2431, Validation Accuracy: 0.8907
2025-08-10 22:47:28,291 - Rank 3 - Train Loss: 0.2470, Train Accuracy: 0.8892
2025-08-10 22:47:36,512 - Rank 3 - Validation Loss: 0.2444, Validation Accuracy: 0.8903
2025-08-10 22:49:33,423 - Rank 3 - Train Loss: 0.2470, Train Accuracy: 0.8893
2025-08-10 22:49:41,502 - Rank 3 - Validation Loss: 0.2432, Validation Accuracy: 0.8910
2025-08-10 22:51:38,554 - Rank 3 - Train Loss: 0.2464, Train Accuracy: 0.8895
2025-08-10 22:51:46,839 - Rank 3 - Validation Loss: 0.2421, Validation Accuracy: 0.8909
2025-08-10 22:53:47,878 - Rank 3 - Train Loss: 0.2460, Train Accuracy: 0.8896
2025-08-10 22:53:55,900 - Rank 3 - Validation Loss: 0.2422, Validation Accuracy: 0.8910
2025-08-10 22:55:55,263 - Rank 3 - Train Loss: 0.2460, Train Accuracy: 0.8896
2025-08-10 22:56:03,543 - Rank 3 - Validation Loss: 0.2427, Validation Accuracy: 0.8909
2025-08-10 22:58:03,225 - Rank 3 - Train Loss: 0.2463, Train Accuracy: 0.8896
2025-08-10 22:58:11,053 - Rank 3 - Validation Loss: 0.2422, Validation Accuracy: 0.8908
2025-08-10 23:00:12,955 - Rank 3 - Train Loss: 0.2450, Train Accuracy: 0.8901
2025-08-10 23:00:21,051 - Rank 3 - Validation Loss: 0.2422, Validation Accuracy: 0.8911
2025-08-10 23:02:22,317 - Rank 3 - Train Loss: 0.2451, Train Accuracy: 0.8898
2025-08-10 23:02:31,000 - Rank 3 - Validation Loss: 0.2437, Validation Accuracy: 0.8906
2025-08-10 23:04:25,051 - Rank 3 - Train Loss: 0.2452, Train Accuracy: 0.8897
2025-08-10 23:04:33,804 - Rank 3 - Validation Loss: 0.2419, Validation Accuracy: 0.8912
2025-08-10 23:06:33,315 - Rank 3 - Train Loss: 0.2445, Train Accuracy: 0.8900
2025-08-10 23:06:41,600 - Rank 3 - Validation Loss: 0.2418, Validation Accuracy: 0.8913
2025-08-10 23:08:41,484 - Rank 3 - Train Loss: 0.2446, Train Accuracy: 0.8899
2025-08-10 23:08:50,349 - Rank 3 - Validation Loss: 0.2413, Validation Accuracy: 0.8913
2025-08-10 23:10:50,172 - Rank 3 - Train Loss: 0.2446, Train Accuracy: 0.8900
2025-08-10 23:10:58,332 - Rank 3 - Validation Loss: 0.2416, Validation Accuracy: 0.8912
2025-08-10 23:12:59,153 - Rank 3 - Train Loss: 0.2439, Train Accuracy: 0.8904
2025-08-10 23:13:06,953 - Rank 3 - Validation Loss: 0.2429, Validation Accuracy: 0.8910
2025-08-10 23:15:08,597 - Rank 3 - Train Loss: 0.2430, Train Accuracy: 0.8906
2025-08-10 23:15:16,846 - Rank 3 - Validation Loss: 0.2416, Validation Accuracy: 0.8914
2025-08-10 23:17:16,061 - Rank 3 - Train Loss: 0.2439, Train Accuracy: 0.8905
2025-08-10 23:17:24,625 - Rank 3 - Validation Loss: 0.2403, Validation Accuracy: 0.8917
2025-08-10 23:19:19,235 - Rank 3 - Train Loss: 0.2440, Train Accuracy: 0.8904
2025-08-10 23:19:27,960 - Rank 3 - Validation Loss: 0.2425, Validation Accuracy: 0.8913
2025-08-10 23:21:28,469 - Rank 3 - Train Loss: 0.2430, Train Accuracy: 0.8907
2025-08-10 23:21:36,343 - Rank 3 - Validation Loss: 0.2406, Validation Accuracy: 0.8915
2025-08-10 23:23:38,303 - Rank 3 - Train Loss: 0.2436, Train Accuracy: 0.8906
2025-08-10 23:23:46,934 - Rank 3 - Validation Loss: 0.2415, Validation Accuracy: 0.8913
2025-08-10 23:25:46,461 - Rank 3 - Train Loss: 0.2432, Train Accuracy: 0.8906
2025-08-10 23:25:54,996 - Rank 3 - Validation Loss: 0.2410, Validation Accuracy: 0.8915
2025-08-10 23:27:56,570 - Rank 3 - Train Loss: 0.2431, Train Accuracy: 0.8906
2025-08-10 23:28:05,047 - Rank 3 - Validation Loss: 0.2407, Validation Accuracy: 0.8916
2025-08-10 23:30:04,746 - Rank 3 - Train Loss: 0.2423, Train Accuracy: 0.8911
2025-08-10 23:30:13,321 - Rank 3 - Validation Loss: 0.2404, Validation Accuracy: 0.8918
2025-08-10 23:32:14,395 - Rank 3 - Train Loss: 0.2421, Train Accuracy: 0.8913
2025-08-10 23:32:22,436 - Rank 3 - Validation Loss: 0.2419, Validation Accuracy: 0.8910
2025-08-10 23:34:17,343 - Rank 3 - Train Loss: 0.2423, Train Accuracy: 0.8910
2025-08-10 23:34:26,235 - Rank 3 - Validation Loss: 0.2398, Validation Accuracy: 0.8920
2025-08-10 23:36:27,651 - Rank 3 - Train Loss: 0.2425, Train Accuracy: 0.8908
2025-08-10 23:36:36,009 - Rank 3 - Validation Loss: 0.2404, Validation Accuracy: 0.8920
2025-08-10 23:38:36,929 - Rank 3 - Train Loss: 0.2419, Train Accuracy: 0.8910
2025-08-10 23:38:45,311 - Rank 3 - Validation Loss: 0.2404, Validation Accuracy: 0.8916
2025-08-10 23:40:45,968 - Rank 3 - Train Loss: 0.2405, Train Accuracy: 0.8912
2025-08-10 23:40:54,373 - Rank 3 - Validation Loss: 0.2416, Validation Accuracy: 0.8911
2025-08-10 23:42:54,139 - Rank 3 - Train Loss: 0.2422, Train Accuracy: 0.8910
2025-08-10 23:43:02,400 - Rank 3 - Validation Loss: 0.2408, Validation Accuracy: 0.8914
2025-08-10 23:45:01,833 - Rank 3 - Train Loss: 0.2406, Train Accuracy: 0.8913
2025-08-10 23:45:09,939 - Rank 3 - Validation Loss: 0.2401, Validation Accuracy: 0.8916
2025-08-10 23:47:05,034 - Rank 3 - Train Loss: 0.2402, Train Accuracy: 0.8915
2025-08-10 23:47:13,298 - Rank 3 - Validation Loss: 0.2400, Validation Accuracy: 0.8920
2025-08-10 23:49:07,382 - Rank 3 - Train Loss: 0.2401, Train Accuracy: 0.8918
2025-08-10 23:49:15,848 - Rank 3 - Validation Loss: 0.2399, Validation Accuracy: 0.8921
2025-08-10 23:51:13,803 - Rank 3 - Train Loss: 0.2407, Train Accuracy: 0.8916
2025-08-10 23:51:21,836 - Rank 3 - Validation Loss: 0.2394, Validation Accuracy: 0.8921
2025-08-10 23:53:20,390 - Rank 3 - Train Loss: 0.2400, Train Accuracy: 0.8919
2025-08-10 23:53:28,974 - Rank 3 - Validation Loss: 0.2399, Validation Accuracy: 0.8917
2025-08-10 23:55:28,460 - Rank 3 - Train Loss: 0.2396, Train Accuracy: 0.8918
2025-08-10 23:55:37,249 - Rank 3 - Validation Loss: 0.2394, Validation Accuracy: 0.8923
2025-08-10 23:57:35,656 - Rank 3 - Train Loss: 0.2403, Train Accuracy: 0.8916
2025-08-10 23:57:43,020 - Rank 3 - Validation Loss: 0.2412, Validation Accuracy: 0.8913
2025-08-10 23:59:44,449 - Rank 3 - Train Loss: 0.2406, Train Accuracy: 0.8916
2025-08-10 23:59:52,676 - Rank 3 - Validation Loss: 0.2390, Validation Accuracy: 0.8926
2025-08-11 00:01:45,830 - Rank 3 - Train Loss: 0.2393, Train Accuracy: 0.8921
2025-08-11 00:01:54,980 - Rank 3 - Validation Loss: 0.2378, Validation Accuracy: 0.8926
2025-08-11 00:03:51,801 - Rank 3 - Train Loss: 0.2396, Train Accuracy: 0.8916
2025-08-11 00:04:00,624 - Rank 3 - Validation Loss: 0.2393, Validation Accuracy: 0.8922
2025-08-11 00:05:58,485 - Rank 3 - Train Loss: 0.2395, Train Accuracy: 0.8918
2025-08-11 00:06:06,682 - Rank 3 - Validation Loss: 0.2398, Validation Accuracy: 0.8920
2025-08-11 00:08:07,165 - Rank 3 - Train Loss: 0.2392, Train Accuracy: 0.8921
2025-08-11 00:08:15,205 - Rank 3 - Validation Loss: 0.2396, Validation Accuracy: 0.8919
2025-08-11 00:10:14,306 - Rank 3 - Train Loss: 0.2390, Train Accuracy: 0.8921
2025-08-11 00:10:22,803 - Rank 3 - Validation Loss: 0.2390, Validation Accuracy: 0.8925
2025-08-11 00:12:20,960 - Rank 3 - Train Loss: 0.2385, Train Accuracy: 0.8923
2025-08-11 00:12:29,424 - Rank 3 - Validation Loss: 0.2398, Validation Accuracy: 0.8922
2025-08-11 00:14:27,758 - Rank 3 - Train Loss: 0.2370, Train Accuracy: 0.8928
2025-08-11 00:14:36,358 - Rank 3 - Validation Loss: 0.2407, Validation Accuracy: 0.8918
2025-08-11 00:16:28,285 - Rank 3 - Train Loss: 0.2390, Train Accuracy: 0.8921
2025-08-11 00:16:36,665 - Rank 3 - Validation Loss: 0.2392, Validation Accuracy: 0.8923
2025-08-11 00:18:34,938 - Rank 3 - Train Loss: 0.2373, Train Accuracy: 0.8929
2025-08-11 00:18:42,993 - Rank 3 - Validation Loss: 0.2387, Validation Accuracy: 0.8922
2025-08-11 00:20:42,591 - Rank 3 - Train Loss: 0.2386, Train Accuracy: 0.8923
2025-08-11 00:20:50,222 - Rank 3 - Validation Loss: 0.2378, Validation Accuracy: 0.8923
2025-08-11 00:22:49,873 - Rank 3 - Train Loss: 0.2384, Train Accuracy: 0.8924
2025-08-11 00:22:58,018 - Rank 3 - Validation Loss: 0.2373, Validation Accuracy: 0.8928
2025-08-11 00:24:59,735 - Rank 3 - Train Loss: 0.2375, Train Accuracy: 0.8926
2025-08-11 00:25:07,478 - Rank 3 - Validation Loss: 0.2374, Validation Accuracy: 0.8928
2025-08-11 00:27:08,788 - Rank 3 - Train Loss: 0.2370, Train Accuracy: 0.8931
2025-08-11 00:27:16,885 - Rank 3 - Validation Loss: 0.2399, Validation Accuracy: 0.8920
2025-08-11 00:29:18,979 - Rank 3 - Train Loss: 0.2378, Train Accuracy: 0.8925
2025-08-11 00:29:27,516 - Rank 3 - Validation Loss: 0.2387, Validation Accuracy: 0.8925
2025-08-11 00:31:21,327 - Rank 3 - Train Loss: 0.2370, Train Accuracy: 0.8929
2025-08-11 00:31:29,830 - Rank 3 - Validation Loss: 0.2391, Validation Accuracy: 0.8920
2025-08-11 00:33:30,455 - Rank 3 - Train Loss: 0.2378, Train Accuracy: 0.8925
2025-08-11 00:33:39,164 - Rank 3 - Validation Loss: 0.2387, Validation Accuracy: 0.8924
2025-08-11 00:35:39,597 - Rank 3 - Train Loss: 0.2367, Train Accuracy: 0.8932
2025-08-11 00:35:47,604 - Rank 3 - Validation Loss: 0.2398, Validation Accuracy: 0.8919
2025-08-11 00:37:49,328 - Rank 3 - Train Loss: 0.2359, Train Accuracy: 0.8932
2025-08-11 00:37:57,941 - Rank 3 - Validation Loss: 0.2381, Validation Accuracy: 0.8929
2025-08-11 00:39:57,700 - Rank 3 - Train Loss: 0.2367, Train Accuracy: 0.8928
2025-08-11 00:40:06,095 - Rank 3 - Validation Loss: 0.2375, Validation Accuracy: 0.8929
2025-08-11 00:42:06,466 - Rank 3 - Train Loss: 0.2362, Train Accuracy: 0.8933
2025-08-11 00:42:14,342 - Rank 3 - Validation Loss: 0.2388, Validation Accuracy: 0.8924
2025-08-11 00:44:14,653 - Rank 3 - Train Loss: 0.2355, Train Accuracy: 0.8933
2025-08-11 00:44:22,823 - Rank 3 - Validation Loss: 0.2367, Validation Accuracy: 0.8933
2025-08-11 00:46:19,739 - Rank 3 - Train Loss: 0.2359, Train Accuracy: 0.8934
2025-08-11 00:46:27,607 - Rank 3 - Validation Loss: 0.2387, Validation Accuracy: 0.8925
2025-08-11 00:48:28,392 - Rank 3 - Train Loss: 0.2345, Train Accuracy: 0.8937
2025-08-11 00:48:36,263 - Rank 3 - Validation Loss: 0.2370, Validation Accuracy: 0.8932
2025-08-11 00:50:37,251 - Rank 3 - Train Loss: 0.2358, Train Accuracy: 0.8936
2025-08-11 00:50:45,198 - Rank 3 - Validation Loss: 0.2375, Validation Accuracy: 0.8927
2025-08-11 00:52:45,873 - Rank 3 - Train Loss: 0.2358, Train Accuracy: 0.8930
2025-08-11 00:52:53,954 - Rank 3 - Validation Loss: 0.2360, Validation Accuracy: 0.8935
2025-08-11 00:54:55,952 - Rank 3 - Train Loss: 0.2347, Train Accuracy: 0.8937
2025-08-11 00:55:04,183 - Rank 3 - Validation Loss: 0.2367, Validation Accuracy: 0.8933
2025-08-11 00:57:05,138 - Rank 3 - Train Loss: 0.2350, Train Accuracy: 0.8933
2025-08-11 00:57:13,289 - Rank 3 - Validation Loss: 0.2372, Validation Accuracy: 0.8929
2025-08-11 00:59:07,308 - Rank 3 - Train Loss: 0.2345, Train Accuracy: 0.8938
2025-08-11 00:59:15,477 - Rank 3 - Validation Loss: 0.2368, Validation Accuracy: 0.8933
2025-08-11 01:01:15,552 - Rank 3 - Train Loss: 0.2345, Train Accuracy: 0.8937
2025-08-11 01:01:24,436 - Rank 3 - Validation Loss: 0.2370, Validation Accuracy: 0.8929
2025-08-11 01:03:25,436 - Rank 3 - Train Loss: 0.2329, Train Accuracy: 0.8940
2025-08-11 01:03:33,992 - Rank 3 - Validation Loss: 0.2371, Validation Accuracy: 0.8929
2025-08-11 01:05:34,566 - Rank 3 - Train Loss: 0.2345, Train Accuracy: 0.8936
2025-08-11 01:05:42,851 - Rank 3 - Validation Loss: 0.2372, Validation Accuracy: 0.8933
2025-08-11 01:07:43,207 - Rank 3 - Train Loss: 0.2341, Train Accuracy: 0.8939
2025-08-11 01:07:51,875 - Rank 3 - Validation Loss: 0.2387, Validation Accuracy: 0.8925
2025-08-11 01:09:52,233 - Rank 3 - Train Loss: 0.2337, Train Accuracy: 0.8941
2025-08-11 01:10:00,409 - Rank 3 - Validation Loss: 0.2366, Validation Accuracy: 0.8929
2025-08-11 01:12:00,490 - Rank 3 - Train Loss: 0.2327, Train Accuracy: 0.8945
2025-08-11 01:12:08,781 - Rank 3 - Validation Loss: 0.2375, Validation Accuracy: 0.8928
2025-08-11 01:14:01,598 - Rank 3 - Train Loss: 0.2334, Train Accuracy: 0.8941
2025-08-11 01:14:09,656 - Rank 3 - Validation Loss: 0.2367, Validation Accuracy: 0.8932
2025-08-11 01:16:09,230 - Rank 3 - Train Loss: 0.2333, Train Accuracy: 0.8943
2025-08-11 01:16:17,024 - Rank 3 - Validation Loss: 0.2357, Validation Accuracy: 0.8935
2025-08-11 01:18:17,702 - Rank 3 - Train Loss: 0.2329, Train Accuracy: 0.8944
2025-08-11 01:18:25,891 - Rank 3 - Validation Loss: 0.2360, Validation Accuracy: 0.8935
2025-08-11 01:20:26,229 - Rank 3 - Train Loss: 0.2317, Train Accuracy: 0.8946
2025-08-11 01:20:34,939 - Rank 3 - Validation Loss: 0.2360, Validation Accuracy: 0.8933
2025-08-11 01:22:34,355 - Rank 3 - Train Loss: 0.2327, Train Accuracy: 0.8945
2025-08-11 01:22:42,801 - Rank 3 - Validation Loss: 0.2367, Validation Accuracy: 0.8931
2025-08-11 01:24:43,690 - Rank 3 - Train Loss: 0.2330, Train Accuracy: 0.8941
2025-08-11 01:24:51,972 - Rank 3 - Validation Loss: 0.2366, Validation Accuracy: 0.8929
2025-08-11 01:26:50,978 - Rank 3 - Train Loss: 0.2319, Train Accuracy: 0.8947
2025-08-11 01:26:59,072 - Rank 3 - Validation Loss: 0.2358, Validation Accuracy: 0.8935
2025-08-11 01:28:52,495 - Rank 3 - Train Loss: 0.2314, Train Accuracy: 0.8947
2025-08-11 01:29:00,553 - Rank 3 - Validation Loss: 0.2352, Validation Accuracy: 0.8935
2025-08-11 01:31:00,327 - Rank 3 - Train Loss: 0.2316, Train Accuracy: 0.8946
2025-08-11 01:31:08,701 - Rank 3 - Validation Loss: 0.2348, Validation Accuracy: 0.8937
2025-08-11 01:33:07,810 - Rank 3 - Train Loss: 0.2322, Train Accuracy: 0.8942
2025-08-11 01:33:16,277 - Rank 3 - Validation Loss: 0.2364, Validation Accuracy: 0.8935
2025-08-11 01:35:16,154 - Rank 3 - Train Loss: 0.2324, Train Accuracy: 0.8943
2025-08-11 01:35:24,129 - Rank 3 - Validation Loss: 0.2369, Validation Accuracy: 0.8932
2025-08-11 01:37:23,804 - Rank 3 - Train Loss: 0.2319, Train Accuracy: 0.8944
2025-08-11 01:37:32,067 - Rank 3 - Validation Loss: 0.2355, Validation Accuracy: 0.8936
2025-08-11 01:39:32,723 - Rank 3 - Train Loss: 0.2318, Train Accuracy: 0.8945
2025-08-11 01:39:41,239 - Rank 3 - Validation Loss: 0.2366, Validation Accuracy: 0.8933
2025-08-11 01:41:37,872 - Rank 3 - Train Loss: 0.2310, Train Accuracy: 0.8951
2025-08-11 01:41:46,297 - Rank 3 - Validation Loss: 0.2361, Validation Accuracy: 0.8932
2025-08-11 01:43:42,523 - Rank 3 - Train Loss: 0.2308, Train Accuracy: 0.8950
2025-08-11 01:43:50,901 - Rank 3 - Validation Loss: 0.2346, Validation Accuracy: 0.8939
2025-08-11 01:45:50,582 - Rank 3 - Train Loss: 0.2318, Train Accuracy: 0.8947
2025-08-11 01:45:58,571 - Rank 3 - Validation Loss: 0.2370, Validation Accuracy: 0.8929
2025-08-11 01:47:58,004 - Rank 3 - Train Loss: 0.2314, Train Accuracy: 0.8947
2025-08-11 01:48:06,010 - Rank 3 - Validation Loss: 0.2360, Validation Accuracy: 0.8931
2025-08-11 01:50:04,636 - Rank 3 - Train Loss: 0.2320, Train Accuracy: 0.8948
2025-08-11 01:50:12,459 - Rank 3 - Validation Loss: 0.2354, Validation Accuracy: 0.8937
2025-08-11 01:52:11,248 - Rank 3 - Train Loss: 0.2298, Train Accuracy: 0.8954
2025-08-11 01:52:19,673 - Rank 3 - Validation Loss: 0.2351, Validation Accuracy: 0.8935
2025-08-11 01:54:20,010 - Rank 3 - Train Loss: 0.2306, Train Accuracy: 0.8952
2025-08-11 01:54:27,885 - Rank 3 - Validation Loss: 0.2361, Validation Accuracy: 0.8933
2025-08-11 01:56:22,672 - Rank 3 - Train Loss: 0.2303, Train Accuracy: 0.8953
2025-08-11 01:56:31,196 - Rank 3 - Validation Loss: 0.2351, Validation Accuracy: 0.8937
2025-08-11 01:58:29,972 - Rank 3 - Train Loss: 0.2300, Train Accuracy: 0.8954
2025-08-11 01:58:37,878 - Rank 3 - Validation Loss: 0.2338, Validation Accuracy: 0.8940
2025-08-11 02:00:38,953 - Rank 3 - Train Loss: 0.2302, Train Accuracy: 0.8953
2025-08-11 02:00:47,079 - Rank 3 - Validation Loss: 0.2361, Validation Accuracy: 0.8934
2025-08-11 02:02:46,342 - Rank 3 - Train Loss: 0.2299, Train Accuracy: 0.8955
2025-08-11 02:02:54,390 - Rank 3 - Validation Loss: 0.2348, Validation Accuracy: 0.8940
2025-08-11 02:04:55,303 - Rank 3 - Train Loss: 0.2306, Train Accuracy: 0.8952
2025-08-11 02:05:03,736 - Rank 3 - Validation Loss: 0.2346, Validation Accuracy: 0.8941
2025-08-11 02:07:03,593 - Rank 3 - Train Loss: 0.2299, Train Accuracy: 0.8953
2025-08-11 02:07:12,189 - Rank 3 - Validation Loss: 0.2353, Validation Accuracy: 0.8938
2025-08-11 02:09:11,744 - Rank 3 - Train Loss: 0.2291, Train Accuracy: 0.8956
2025-08-11 02:09:19,468 - Rank 3 - Validation Loss: 0.2351, Validation Accuracy: 0.8938
2025-08-11 02:11:12,847 - Rank 3 - Train Loss: 0.2285, Train Accuracy: 0.8958
2025-08-11 02:11:20,662 - Rank 3 - Validation Loss: 0.2341, Validation Accuracy: 0.8943
2025-08-11 02:13:20,764 - Rank 3 - Train Loss: 0.2285, Train Accuracy: 0.8959
2025-08-11 02:13:29,021 - Rank 3 - Validation Loss: 0.2356, Validation Accuracy: 0.8938
2025-08-11 02:15:28,084 - Rank 3 - Train Loss: 0.2293, Train Accuracy: 0.8957
2025-08-11 02:15:36,353 - Rank 3 - Validation Loss: 0.2339, Validation Accuracy: 0.8941
2025-08-11 02:17:36,109 - Rank 3 - Train Loss: 0.2296, Train Accuracy: 0.8957
2025-08-11 02:17:43,922 - Rank 3 - Validation Loss: 0.2350, Validation Accuracy: 0.8939
2025-08-11 02:19:44,783 - Rank 3 - Train Loss: 0.2286, Train Accuracy: 0.8956
2025-08-11 02:19:52,973 - Rank 3 - Validation Loss: 0.2330, Validation Accuracy: 0.8947
2025-08-11 02:21:53,668 - Rank 3 - Train Loss: 0.2279, Train Accuracy: 0.8960
2025-08-11 02:22:01,880 - Rank 3 - Validation Loss: 0.2346, Validation Accuracy: 0.8940
2025-08-11 02:24:02,535 - Rank 3 - Train Loss: 0.2277, Train Accuracy: 0.8962
2025-08-11 02:24:10,881 - Rank 3 - Validation Loss: 0.2335, Validation Accuracy: 0.8943
2025-08-11 02:26:03,500 - Rank 3 - Train Loss: 0.2275, Train Accuracy: 0.8963
2025-08-11 02:26:11,729 - Rank 3 - Validation Loss: 0.2340, Validation Accuracy: 0.8942
2025-08-11 02:28:11,995 - Rank 3 - Train Loss: 0.2288, Train Accuracy: 0.8957
2025-08-11 02:28:20,203 - Rank 3 - Validation Loss: 0.2327, Validation Accuracy: 0.8947
2025-08-11 02:30:19,444 - Rank 3 - Train Loss: 0.2281, Train Accuracy: 0.8961
2025-08-11 02:30:27,836 - Rank 3 - Validation Loss: 0.2338, Validation Accuracy: 0.8941
2025-08-11 02:32:27,434 - Rank 3 - Train Loss: 0.2280, Train Accuracy: 0.8963
2025-08-11 02:32:35,465 - Rank 3 - Validation Loss: 0.2335, Validation Accuracy: 0.8942
2025-08-11 02:34:35,933 - Rank 3 - Train Loss: 0.2276, Train Accuracy: 0.8963
2025-08-11 02:34:44,367 - Rank 3 - Validation Loss: 0.2343, Validation Accuracy: 0.8941
2025-08-11 02:36:44,978 - Rank 3 - Train Loss: 0.2270, Train Accuracy: 0.8962
2025-08-11 02:36:52,633 - Rank 3 - Validation Loss: 0.2347, Validation Accuracy: 0.8941
2025-08-11 02:38:53,477 - Rank 3 - Train Loss: 0.2273, Train Accuracy: 0.8965
2025-08-11 02:39:01,641 - Rank 3 - Validation Loss: 0.2342, Validation Accuracy: 0.8941
2025-08-11 02:40:55,209 - Rank 3 - Train Loss: 0.2264, Train Accuracy: 0.8967
2025-08-11 02:41:03,410 - Rank 3 - Validation Loss: 0.2345, Validation Accuracy: 0.8941
2025-08-11 02:43:03,403 - Rank 3 - Train Loss: 0.2275, Train Accuracy: 0.8963
2025-08-11 02:43:11,327 - Rank 3 - Validation Loss: 0.2346, Validation Accuracy: 0.8943
2025-08-11 02:45:10,958 - Rank 3 - Train Loss: 0.2264, Train Accuracy: 0.8966
2025-08-11 02:45:19,075 - Rank 3 - Validation Loss: 0.2344, Validation Accuracy: 0.8939
2025-08-11 02:47:18,885 - Rank 3 - Train Loss: 0.2264, Train Accuracy: 0.8967
2025-08-11 02:47:27,436 - Rank 3 - Validation Loss: 0.2336, Validation Accuracy: 0.8943
2025-08-11 02:49:27,129 - Rank 3 - Train Loss: 0.2261, Train Accuracy: 0.8969
2025-08-11 02:49:35,638 - Rank 3 - Validation Loss: 0.2343, Validation Accuracy: 0.8944
2025-08-11 02:51:35,136 - Rank 3 - Train Loss: 0.2263, Train Accuracy: 0.8968
2025-08-11 02:51:43,236 - Rank 3 - Validation Loss: 0.2323, Validation Accuracy: 0.8948
2025-08-11 02:53:43,317 - Rank 3 - Train Loss: 0.2271, Train Accuracy: 0.8964
2025-08-11 02:53:51,068 - Rank 3 - Validation Loss: 0.2349, Validation Accuracy: 0.8941
2025-08-11 02:55:46,177 - Rank 3 - Train Loss: 0.2257, Train Accuracy: 0.8969
2025-08-11 02:55:54,286 - Rank 3 - Validation Loss: 0.2334, Validation Accuracy: 0.8942
2025-08-11 02:57:55,078 - Rank 3 - Train Loss: 0.2266, Train Accuracy: 0.8965
2025-08-11 02:58:03,217 - Rank 3 - Validation Loss: 0.2331, Validation Accuracy: 0.8949
2025-08-11 03:00:03,265 - Rank 3 - Train Loss: 0.2263, Train Accuracy: 0.8968
2025-08-11 03:00:10,882 - Rank 3 - Validation Loss: 0.2324, Validation Accuracy: 0.8946
2025-08-11 03:02:13,645 - Rank 3 - Train Loss: 0.2252, Train Accuracy: 0.8971
2025-08-11 03:02:21,898 - Rank 3 - Validation Loss: 0.2337, Validation Accuracy: 0.8942
2025-08-11 03:04:23,125 - Rank 3 - Train Loss: 0.2258, Train Accuracy: 0.8970
2025-08-11 03:04:31,428 - Rank 3 - Validation Loss: 0.2331, Validation Accuracy: 0.8946
2025-08-11 03:06:32,675 - Rank 3 - Train Loss: 0.2250, Train Accuracy: 0.8970
2025-08-11 03:06:40,846 - Rank 3 - Validation Loss: 0.2351, Validation Accuracy: 0.8940
2025-08-11 03:08:35,976 - Rank 3 - Train Loss: 0.2245, Train Accuracy: 0.8974
2025-08-11 03:08:44,417 - Rank 3 - Validation Loss: 0.2336, Validation Accuracy: 0.8943
2025-08-11 03:10:43,562 - Rank 3 - Train Loss: 0.2252, Train Accuracy: 0.8971
2025-08-11 03:10:51,707 - Rank 3 - Validation Loss: 0.2328, Validation Accuracy: 0.8948
2025-08-11 03:12:51,884 - Rank 3 - Train Loss: 0.2247, Train Accuracy: 0.8974
2025-08-11 03:13:00,422 - Rank 3 - Validation Loss: 0.2329, Validation Accuracy: 0.8949
2025-08-11 03:15:00,354 - Rank 3 - Train Loss: 0.2247, Train Accuracy: 0.8973
2025-08-11 03:15:08,925 - Rank 3 - Validation Loss: 0.2317, Validation Accuracy: 0.8950
2025-08-11 03:17:08,280 - Rank 3 - Train Loss: 0.2245, Train Accuracy: 0.8972
2025-08-11 03:17:16,563 - Rank 3 - Validation Loss: 0.2324, Validation Accuracy: 0.8948
2025-08-11 03:19:17,295 - Rank 3 - Train Loss: 0.2245, Train Accuracy: 0.8975
2025-08-11 03:19:25,323 - Rank 3 - Validation Loss: 0.2327, Validation Accuracy: 0.8947
2025-08-11 03:21:26,976 - Rank 3 - Train Loss: 0.2246, Train Accuracy: 0.8973
2025-08-11 03:21:35,011 - Rank 3 - Validation Loss: 0.2323, Validation Accuracy: 0.8945
2025-08-11 03:23:28,451 - Rank 3 - Train Loss: 0.2250, Train Accuracy: 0.8972
2025-08-11 03:23:37,314 - Rank 3 - Validation Loss: 0.2323, Validation Accuracy: 0.8951
2025-08-11 03:25:37,338 - Rank 3 - Train Loss: 0.2242, Train Accuracy: 0.8975
2025-08-11 03:25:45,534 - Rank 3 - Validation Loss: 0.2336, Validation Accuracy: 0.8944
2025-08-11 03:27:45,297 - Rank 3 - Train Loss: 0.2241, Train Accuracy: 0.8974
2025-08-11 03:27:53,721 - Rank 3 - Validation Loss: 0.2333, Validation Accuracy: 0.8943
2025-08-11 03:29:54,186 - Rank 3 - Train Loss: 0.2233, Train Accuracy: 0.8979
2025-08-11 03:30:02,418 - Rank 3 - Validation Loss: 0.2334, Validation Accuracy: 0.8946
2025-08-11 03:32:02,294 - Rank 3 - Train Loss: 0.2229, Train Accuracy: 0.8983
2025-08-11 03:32:10,311 - Rank 3 - Validation Loss: 0.2317, Validation Accuracy: 0.8949
2025-08-11 03:34:11,169 - Rank 3 - Train Loss: 0.2235, Train Accuracy: 0.8978
2025-08-11 03:34:19,745 - Rank 3 - Validation Loss: 0.2321, Validation Accuracy: 0.8948
2025-08-11 03:36:19,759 - Rank 3 - Train Loss: 0.2237, Train Accuracy: 0.8978
2025-08-11 03:36:27,742 - Rank 3 - Validation Loss: 0.2330, Validation Accuracy: 0.8947
2025-08-11 03:38:14,470 - Rank 3 - Train Loss: 0.2228, Train Accuracy: 0.8979
2025-08-11 03:38:22,517 - Rank 3 - Validation Loss: 0.2330, Validation Accuracy: 0.8949
2025-08-11 03:40:00,049 - Rank 3 - Train Loss: 0.2229, Train Accuracy: 0.8979
2025-08-11 03:40:08,599 - Rank 3 - Validation Loss: 0.2325, Validation Accuracy: 0.8951
2025-08-11 03:41:40,594 - Rank 3 - Train Loss: 0.2235, Train Accuracy: 0.8977
2025-08-11 03:41:48,876 - Rank 3 - Validation Loss: 0.2324, Validation Accuracy: 0.8947
2025-08-11 03:43:21,959 - Rank 3 - Train Loss: 0.2229, Train Accuracy: 0.8981
2025-08-11 03:43:29,948 - Rank 3 - Validation Loss: 0.2327, Validation Accuracy: 0.8949
2025-08-11 03:45:02,373 - Rank 3 - Train Loss: 0.2226, Train Accuracy: 0.8981
2025-08-11 03:45:10,813 - Rank 3 - Validation Loss: 0.2336, Validation Accuracy: 0.8945
2025-08-11 03:46:42,850 - Rank 3 - Train Loss: 0.2224, Train Accuracy: 0.8981
2025-08-11 03:46:51,481 - Rank 3 - Validation Loss: 0.2323, Validation Accuracy: 0.8948
2025-08-11 03:48:24,009 - Rank 3 - Train Loss: 0.2229, Train Accuracy: 0.8980
2025-08-11 03:48:31,837 - Rank 3 - Validation Loss: 0.2320, Validation Accuracy: 0.8953
2025-08-11 03:50:18,778 - Rank 3 - Train Loss: 0.2207, Train Accuracy: 0.8987
2025-08-11 03:50:26,826 - Rank 3 - Validation Loss: 0.2306, Validation Accuracy: 0.8956
2025-08-11 03:52:17,900 - Rank 3 - Train Loss: 0.2228, Train Accuracy: 0.8981
2025-08-11 03:52:26,193 - Rank 3 - Validation Loss: 0.2319, Validation Accuracy: 0.8951
2025-08-11 03:54:25,384 - Rank 3 - Train Loss: 0.2209, Train Accuracy: 0.8986
2025-08-11 03:54:33,712 - Rank 3 - Validation Loss: 0.2323, Validation Accuracy: 0.8950
2025-08-11 05:11:50,378 - Rank 3 - Starting training
2025-08-11 05:12:12,873 - Rank 3 - No checkpoint found at checkpoints_dummy/macformer_checkpoint.pth, starting from scratch
2025-08-11 05:13:47,405 - Rank 3 - Train Loss: 1.6557, Train Accuracy: 0.4867
2025-08-11 05:14:18,185 - Rank 3 - Starting training
2025-08-11 05:14:40,044 - Rank 3 - No checkpoint found at checkpoints_dummy/macformer_checkpoint.pth, starting from scratch
2025-08-11 05:26:56,517 - Rank 3 - Starting training
2025-08-11 05:27:10,761 - Rank 3 - No checkpoint found at checkpoints_dummy/macformer_checkpoint.pth, starting from scratch
