2025-08-10 06:44:21,639 - Rank 2 - Starting training on rank 2
2025-08-10 06:58:59,559 - Rank 2 - Starting training
2025-08-10 06:59:20,052 - Rank 2 - No checkpoint found at checkpoints/macformer_checkpoint.pth, starting from scratch
2025-08-10 07:01:53,030 - Rank 2 - Train Loss: 1.6544, Train Accuracy: 0.4866
2025-08-10 07:02:05,409 - Rank 2 - Validation Loss: 1.3376, Validation Accuracy: 0.5510
2025-08-10 07:04:16,186 - Rank 2 - Starting training
2025-08-10 07:04:37,686 - Rank 2 - No checkpoint found at checkpoints/macformer_checkpoint.pth, starting from scratch
2025-08-10 07:06:58,017 - Rank 2 - Train Loss: 1.6544, Train Accuracy: 0.4867
2025-08-10 07:07:08,214 - Rank 2 - Validation Loss: 1.3378, Validation Accuracy: 0.5510
2025-08-10 07:09:22,890 - Rank 2 - Train Loss: 1.2929, Train Accuracy: 0.5599
2025-08-10 07:09:34,164 - Rank 2 - Validation Loss: 1.2146, Validation Accuracy: 0.5769
2025-08-10 07:12:04,854 - Rank 2 - Train Loss: 1.1886, Train Accuracy: 0.5856
2025-08-10 07:12:15,414 - Rank 2 - Validation Loss: 1.1467, Validation Accuracy: 0.5953
2025-08-10 07:14:45,591 - Rank 2 - Train Loss: 1.1257, Train Accuracy: 0.6016
2025-08-10 07:14:55,688 - Rank 2 - Validation Loss: 1.0906, Validation Accuracy: 0.6104
2025-08-10 07:17:26,313 - Rank 2 - Train Loss: 1.0738, Train Accuracy: 0.6164
2025-08-10 07:17:37,348 - Rank 2 - Validation Loss: 1.0298, Validation Accuracy: 0.6280
2025-08-10 07:20:10,866 - Rank 2 - Train Loss: 1.0333, Train Accuracy: 0.6272
2025-08-10 07:20:22,928 - Rank 2 - Validation Loss: 0.9938, Validation Accuracy: 0.6389
2025-08-10 07:23:00,472 - Rank 2 - Train Loss: 0.9962, Train Accuracy: 0.6380
2025-08-10 07:23:14,606 - Rank 2 - Validation Loss: 0.9501, Validation Accuracy: 0.6517
2025-08-10 07:26:16,575 - Rank 2 - Train Loss: 0.9680, Train Accuracy: 0.6468
2025-08-10 07:26:31,274 - Rank 2 - Validation Loss: 0.9195, Validation Accuracy: 0.6622
2025-08-10 07:29:30,747 - Rank 2 - Train Loss: 0.9398, Train Accuracy: 0.6549
2025-08-10 07:29:45,203 - Rank 2 - Validation Loss: 0.8859, Validation Accuracy: 0.6729
2025-08-10 07:32:29,076 - Rank 2 - Train Loss: 0.9170, Train Accuracy: 0.6620
2025-08-10 07:32:38,976 - Rank 2 - Validation Loss: 0.8894, Validation Accuracy: 0.6712
2025-08-10 07:34:47,489 - Rank 2 - Train Loss: 0.8928, Train Accuracy: 0.6694
2025-08-10 07:34:58,031 - Rank 2 - Validation Loss: 0.8543, Validation Accuracy: 0.6831
2025-08-10 07:37:04,039 - Rank 2 - Train Loss: 0.8763, Train Accuracy: 0.6750
2025-08-10 07:37:14,594 - Rank 2 - Validation Loss: 0.8210, Validation Accuracy: 0.6927
2025-08-10 07:39:20,773 - Rank 2 - Train Loss: 0.8559, Train Accuracy: 0.6809
2025-08-10 07:39:30,492 - Rank 2 - Validation Loss: 0.8366, Validation Accuracy: 0.6907
2025-08-10 07:41:37,015 - Rank 2 - Train Loss: 0.8407, Train Accuracy: 0.6863
2025-08-10 07:41:47,004 - Rank 2 - Validation Loss: 0.7870, Validation Accuracy: 0.7051
2025-08-10 07:43:52,432 - Rank 2 - Train Loss: 0.8259, Train Accuracy: 0.6915
2025-08-10 07:44:02,408 - Rank 2 - Validation Loss: 0.7632, Validation Accuracy: 0.7130
2025-08-10 07:46:15,989 - Rank 2 - Train Loss: 0.8106, Train Accuracy: 0.6965
2025-08-10 07:46:31,218 - Rank 2 - Validation Loss: 0.7620, Validation Accuracy: 0.7153
2025-08-10 07:49:41,672 - Rank 2 - Train Loss: 0.7954, Train Accuracy: 0.7016
2025-08-10 07:49:58,905 - Rank 2 - Validation Loss: 0.7432, Validation Accuracy: 0.7204
2025-08-10 07:53:30,818 - Rank 2 - Train Loss: 0.7829, Train Accuracy: 0.7052
2025-08-10 07:53:47,873 - Rank 2 - Validation Loss: 0.7218, Validation Accuracy: 0.7272
2025-08-10 07:56:56,607 - Rank 2 - Train Loss: 0.7701, Train Accuracy: 0.7097
2025-08-10 07:57:09,340 - Rank 2 - Validation Loss: 0.7118, Validation Accuracy: 0.7306
2025-08-10 07:59:17,735 - Rank 2 - Train Loss: 0.7573, Train Accuracy: 0.7140
2025-08-10 07:59:27,252 - Rank 2 - Validation Loss: 0.6932, Validation Accuracy: 0.7368
2025-08-10 08:01:23,775 - Rank 2 - Train Loss: 0.7487, Train Accuracy: 0.7165
2025-08-10 08:01:32,318 - Rank 2 - Validation Loss: 0.6959, Validation Accuracy: 0.7358
2025-08-10 08:03:31,364 - Rank 2 - Train Loss: 0.7395, Train Accuracy: 0.7198
2025-08-10 08:03:40,006 - Rank 2 - Validation Loss: 0.6810, Validation Accuracy: 0.7405
2025-08-10 08:05:38,116 - Rank 2 - Train Loss: 0.7285, Train Accuracy: 0.7232
2025-08-10 08:05:46,921 - Rank 2 - Validation Loss: 0.6705, Validation Accuracy: 0.7446
2025-08-10 08:07:45,493 - Rank 2 - Train Loss: 0.7208, Train Accuracy: 0.7264
2025-08-10 08:07:54,255 - Rank 2 - Validation Loss: 0.6673, Validation Accuracy: 0.7463
2025-08-10 08:09:53,369 - Rank 2 - Train Loss: 0.7092, Train Accuracy: 0.7299
2025-08-10 08:10:02,292 - Rank 2 - Validation Loss: 0.6671, Validation Accuracy: 0.7473
2025-08-10 08:12:00,384 - Rank 2 - Train Loss: 0.6998, Train Accuracy: 0.7335
2025-08-10 08:12:09,685 - Rank 2 - Validation Loss: 0.6354, Validation Accuracy: 0.7574
2025-08-10 08:14:02,768 - Rank 2 - Train Loss: 0.6922, Train Accuracy: 0.7359
2025-08-10 08:14:11,979 - Rank 2 - Validation Loss: 0.6309, Validation Accuracy: 0.7584
2025-08-10 08:16:09,797 - Rank 2 - Train Loss: 0.6856, Train Accuracy: 0.7375
2025-08-10 08:16:18,185 - Rank 2 - Validation Loss: 0.6262, Validation Accuracy: 0.7601
2025-08-10 08:18:15,466 - Rank 2 - Train Loss: 0.6778, Train Accuracy: 0.7406
2025-08-10 08:18:24,257 - Rank 2 - Validation Loss: 0.6188, Validation Accuracy: 0.7623
2025-08-10 08:20:23,300 - Rank 2 - Train Loss: 0.6700, Train Accuracy: 0.7427
2025-08-10 08:20:31,960 - Rank 2 - Validation Loss: 0.6074, Validation Accuracy: 0.7662
2025-08-10 08:22:30,471 - Rank 2 - Train Loss: 0.6600, Train Accuracy: 0.7464
2025-08-10 08:22:39,227 - Rank 2 - Validation Loss: 0.6037, Validation Accuracy: 0.7676
2025-08-10 08:24:42,076 - Rank 2 - Train Loss: 0.6562, Train Accuracy: 0.7479
2025-08-10 08:24:52,179 - Rank 2 - Validation Loss: 0.5937, Validation Accuracy: 0.7710
2025-08-10 08:26:58,279 - Rank 2 - Train Loss: 0.6496, Train Accuracy: 0.7499
2025-08-10 08:27:08,428 - Rank 2 - Validation Loss: 0.5915, Validation Accuracy: 0.7715
2025-08-10 08:29:10,471 - Rank 2 - Train Loss: 0.6395, Train Accuracy: 0.7533
2025-08-10 08:29:20,379 - Rank 2 - Validation Loss: 0.5812, Validation Accuracy: 0.7754
2025-08-10 08:31:23,819 - Rank 2 - Train Loss: 0.6358, Train Accuracy: 0.7542
2025-08-10 08:31:34,112 - Rank 2 - Validation Loss: 0.5838, Validation Accuracy: 0.7737
2025-08-10 08:33:40,662 - Rank 2 - Train Loss: 0.6305, Train Accuracy: 0.7563
2025-08-10 08:33:50,861 - Rank 2 - Validation Loss: 0.5578, Validation Accuracy: 0.7835
2025-08-10 08:35:56,417 - Rank 2 - Train Loss: 0.6251, Train Accuracy: 0.7577
2025-08-10 08:36:07,377 - Rank 2 - Validation Loss: 0.5586, Validation Accuracy: 0.7828
2025-08-10 08:38:12,972 - Rank 2 - Train Loss: 0.6173, Train Accuracy: 0.7604
2025-08-10 08:38:23,163 - Rank 2 - Validation Loss: 0.5639, Validation Accuracy: 0.7798
2025-08-10 08:40:28,420 - Rank 2 - Train Loss: 0.6135, Train Accuracy: 0.7618
2025-08-10 08:40:38,515 - Rank 2 - Validation Loss: 0.5493, Validation Accuracy: 0.7861
2025-08-10 08:42:46,380 - Rank 2 - Train Loss: 0.6079, Train Accuracy: 0.7639
2025-08-10 08:42:55,335 - Rank 2 - Validation Loss: 0.5430, Validation Accuracy: 0.7878
2025-08-10 08:44:49,459 - Rank 2 - Train Loss: 0.6028, Train Accuracy: 0.7654
2025-08-10 08:44:58,060 - Rank 2 - Validation Loss: 0.5442, Validation Accuracy: 0.7876
2025-08-10 08:46:56,887 - Rank 2 - Train Loss: 0.5978, Train Accuracy: 0.7672
2025-08-10 08:47:05,746 - Rank 2 - Validation Loss: 0.5365, Validation Accuracy: 0.7900
2025-08-10 08:49:05,228 - Rank 2 - Train Loss: 0.5949, Train Accuracy: 0.7681
2025-08-10 08:49:15,051 - Rank 2 - Validation Loss: 0.5312, Validation Accuracy: 0.7919
2025-08-10 08:51:20,025 - Rank 2 - Train Loss: 0.5874, Train Accuracy: 0.7708
2025-08-10 08:51:30,022 - Rank 2 - Validation Loss: 0.5269, Validation Accuracy: 0.7930
2025-08-10 08:53:43,371 - Rank 2 - Train Loss: 0.5832, Train Accuracy: 0.7721
2025-08-10 08:53:54,273 - Rank 2 - Validation Loss: 0.5266, Validation Accuracy: 0.7934
2025-08-10 08:55:59,316 - Rank 2 - Train Loss: 0.5820, Train Accuracy: 0.7721
2025-08-10 08:56:09,271 - Rank 2 - Validation Loss: 0.5261, Validation Accuracy: 0.7929
2025-08-10 08:58:40,942 - Rank 2 - Train Loss: 0.5751, Train Accuracy: 0.7751
2025-08-10 08:58:54,419 - Rank 2 - Validation Loss: 0.5101, Validation Accuracy: 0.7994
2025-08-10 09:00:58,793 - Rank 2 - Train Loss: 0.5725, Train Accuracy: 0.7755
2025-08-10 09:01:08,871 - Rank 2 - Validation Loss: 0.5064, Validation Accuracy: 0.8001
2025-08-10 09:03:15,079 - Rank 2 - Train Loss: 0.5676, Train Accuracy: 0.7777
2025-08-10 09:03:24,729 - Rank 2 - Validation Loss: 0.5007, Validation Accuracy: 0.8021
2025-08-10 09:05:28,241 - Rank 2 - Train Loss: 0.5620, Train Accuracy: 0.7790
2025-08-10 09:05:38,409 - Rank 2 - Validation Loss: 0.4980, Validation Accuracy: 0.8030
2025-08-10 09:07:43,346 - Rank 2 - Train Loss: 0.5588, Train Accuracy: 0.7803
2025-08-10 09:07:54,465 - Rank 2 - Validation Loss: 0.4971, Validation Accuracy: 0.8030
2025-08-10 09:09:56,971 - Rank 2 - Train Loss: 0.5548, Train Accuracy: 0.7818
2025-08-10 09:10:07,355 - Rank 2 - Validation Loss: 0.4921, Validation Accuracy: 0.8049
2025-08-10 09:12:11,772 - Rank 2 - Train Loss: 0.5500, Train Accuracy: 0.7831
2025-08-10 09:12:22,020 - Rank 2 - Validation Loss: 0.4940, Validation Accuracy: 0.8040
2025-08-10 09:14:23,058 - Rank 2 - Train Loss: 0.5475, Train Accuracy: 0.7843
2025-08-10 09:14:33,339 - Rank 2 - Validation Loss: 0.4909, Validation Accuracy: 0.8046
2025-08-10 09:16:36,988 - Rank 2 - Train Loss: 0.5440, Train Accuracy: 0.7855
2025-08-10 09:16:47,095 - Rank 2 - Validation Loss: 0.4904, Validation Accuracy: 0.8050
2025-08-10 09:18:52,878 - Rank 2 - Train Loss: 0.5433, Train Accuracy: 0.7859
2025-08-10 09:19:04,017 - Rank 2 - Validation Loss: 0.4756, Validation Accuracy: 0.8104
2025-08-10 09:21:09,093 - Rank 2 - Train Loss: 0.5375, Train Accuracy: 0.7876
2025-08-10 09:21:19,097 - Rank 2 - Validation Loss: 0.4816, Validation Accuracy: 0.8080
2025-08-10 09:23:53,623 - Rank 2 - Train Loss: 0.5350, Train Accuracy: 0.7884
2025-08-10 09:24:06,823 - Rank 2 - Validation Loss: 0.4761, Validation Accuracy: 0.8099
2025-08-10 09:26:40,642 - Rank 2 - Train Loss: 0.5307, Train Accuracy: 0.7899
2025-08-10 09:26:53,751 - Rank 2 - Validation Loss: 0.4725, Validation Accuracy: 0.8111
2025-08-10 09:29:28,181 - Rank 2 - Train Loss: 0.5285, Train Accuracy: 0.7908
2025-08-10 09:29:41,197 - Rank 2 - Validation Loss: 0.4925, Validation Accuracy: 0.8030
2025-08-10 09:32:01,671 - Rank 2 - Train Loss: 0.5269, Train Accuracy: 0.7908
2025-08-10 09:32:09,943 - Rank 2 - Validation Loss: 0.4646, Validation Accuracy: 0.8140
2025-08-10 09:34:08,768 - Rank 2 - Train Loss: 0.5217, Train Accuracy: 0.7928
2025-08-10 09:34:16,793 - Rank 2 - Validation Loss: 0.4749, Validation Accuracy: 0.8098
2025-08-10 09:36:15,392 - Rank 2 - Train Loss: 0.5201, Train Accuracy: 0.7935
2025-08-10 09:36:24,055 - Rank 2 - Validation Loss: 0.4549, Validation Accuracy: 0.8176
2025-08-10 09:38:23,809 - Rank 2 - Train Loss: 0.5152, Train Accuracy: 0.7953
2025-08-10 09:38:32,211 - Rank 2 - Validation Loss: 0.4615, Validation Accuracy: 0.8148
2025-08-10 09:40:32,453 - Rank 2 - Train Loss: 0.5137, Train Accuracy: 0.7958
2025-08-10 09:40:41,313 - Rank 2 - Validation Loss: 0.4525, Validation Accuracy: 0.8181
2025-08-10 09:42:32,243 - Rank 2 - Train Loss: 0.5109, Train Accuracy: 0.7970
2025-08-10 09:42:40,783 - Rank 2 - Validation Loss: 0.4470, Validation Accuracy: 0.8199
2025-08-10 09:44:38,830 - Rank 2 - Train Loss: 0.5078, Train Accuracy: 0.7977
2025-08-10 09:44:47,602 - Rank 2 - Validation Loss: 0.4461, Validation Accuracy: 0.8202
2025-08-10 09:46:46,365 - Rank 2 - Train Loss: 0.5063, Train Accuracy: 0.7984
2025-08-10 09:46:55,321 - Rank 2 - Validation Loss: 0.4469, Validation Accuracy: 0.8198
2025-08-10 09:48:54,747 - Rank 2 - Train Loss: 0.5033, Train Accuracy: 0.7992
2025-08-10 09:49:03,427 - Rank 2 - Validation Loss: 0.4435, Validation Accuracy: 0.8217
2025-08-10 09:51:01,610 - Rank 2 - Train Loss: 0.5020, Train Accuracy: 0.8000
2025-08-10 09:51:09,133 - Rank 2 - Validation Loss: 0.4433, Validation Accuracy: 0.8212
2025-08-10 09:53:07,557 - Rank 2 - Train Loss: 0.4982, Train Accuracy: 0.8010
2025-08-10 09:53:15,953 - Rank 2 - Validation Loss: 0.4396, Validation Accuracy: 0.8225
2025-08-10 09:55:15,954 - Rank 2 - Train Loss: 0.4938, Train Accuracy: 0.8024
2025-08-10 09:55:24,005 - Rank 2 - Validation Loss: 0.4356, Validation Accuracy: 0.8242
2025-08-10 09:57:18,199 - Rank 2 - Train Loss: 0.4920, Train Accuracy: 0.8035
2025-08-10 09:57:26,938 - Rank 2 - Validation Loss: 0.4334, Validation Accuracy: 0.8245
2025-08-10 09:59:26,428 - Rank 2 - Train Loss: 0.4893, Train Accuracy: 0.8041
2025-08-10 09:59:35,203 - Rank 2 - Validation Loss: 0.4328, Validation Accuracy: 0.8251
2025-08-10 10:01:32,962 - Rank 2 - Train Loss: 0.4892, Train Accuracy: 0.8044
2025-08-10 10:01:42,246 - Rank 2 - Validation Loss: 0.4274, Validation Accuracy: 0.8268
2025-08-10 10:03:40,770 - Rank 2 - Train Loss: 0.4855, Train Accuracy: 0.8055
2025-08-10 10:03:48,783 - Rank 2 - Validation Loss: 0.4340, Validation Accuracy: 0.8242
2025-08-10 10:05:48,888 - Rank 2 - Train Loss: 0.4835, Train Accuracy: 0.8059
2025-08-10 10:05:57,555 - Rank 2 - Validation Loss: 0.4223, Validation Accuracy: 0.8286
2025-08-10 10:07:57,170 - Rank 2 - Train Loss: 0.4804, Train Accuracy: 0.8071
2025-08-10 10:08:05,347 - Rank 2 - Validation Loss: 0.4236, Validation Accuracy: 0.8276
2025-08-10 10:10:02,975 - Rank 2 - Train Loss: 0.4781, Train Accuracy: 0.8080
2025-08-10 10:10:12,086 - Rank 2 - Validation Loss: 0.4207, Validation Accuracy: 0.8290
2025-08-10 10:12:05,166 - Rank 2 - Train Loss: 0.4759, Train Accuracy: 0.8090
2025-08-10 10:12:13,512 - Rank 2 - Validation Loss: 0.4260, Validation Accuracy: 0.8270
2025-08-10 10:14:16,084 - Rank 2 - Train Loss: 0.4735, Train Accuracy: 0.8096
2025-08-10 10:14:24,991 - Rank 2 - Validation Loss: 0.4171, Validation Accuracy: 0.8301
2025-08-10 10:16:23,204 - Rank 2 - Train Loss: 0.4712, Train Accuracy: 0.8102
2025-08-10 10:16:31,546 - Rank 2 - Validation Loss: 0.4153, Validation Accuracy: 0.8307
2025-08-10 10:18:30,595 - Rank 2 - Train Loss: 0.4705, Train Accuracy: 0.8106
2025-08-10 10:18:39,066 - Rank 2 - Validation Loss: 0.4101, Validation Accuracy: 0.8329
2025-08-10 10:20:38,139 - Rank 2 - Train Loss: 0.4685, Train Accuracy: 0.8117
2025-08-10 10:20:46,987 - Rank 2 - Validation Loss: 0.4098, Validation Accuracy: 0.8328
2025-08-10 10:22:46,546 - Rank 2 - Train Loss: 0.4658, Train Accuracy: 0.8121
2025-08-10 10:22:54,848 - Rank 2 - Validation Loss: 0.4088, Validation Accuracy: 0.8331
2025-08-10 10:24:49,751 - Rank 2 - Train Loss: 0.4652, Train Accuracy: 0.8129
2025-08-10 10:24:58,839 - Rank 2 - Validation Loss: 0.4061, Validation Accuracy: 0.8341
2025-08-10 10:26:57,103 - Rank 2 - Train Loss: 0.4605, Train Accuracy: 0.8143
2025-08-10 10:27:05,756 - Rank 2 - Validation Loss: 0.4067, Validation Accuracy: 0.8335
2025-08-10 10:29:05,357 - Rank 2 - Train Loss: 0.4586, Train Accuracy: 0.8144
2025-08-10 10:29:13,730 - Rank 2 - Validation Loss: 0.4034, Validation Accuracy: 0.8349
2025-08-10 10:31:13,904 - Rank 2 - Train Loss: 0.4567, Train Accuracy: 0.8153
2025-08-10 10:31:21,930 - Rank 2 - Validation Loss: 0.4020, Validation Accuracy: 0.8356
2025-08-10 10:33:21,536 - Rank 2 - Train Loss: 0.4549, Train Accuracy: 0.8159
2025-08-10 10:33:29,937 - Rank 2 - Validation Loss: 0.4018, Validation Accuracy: 0.8356
2025-08-10 10:35:28,568 - Rank 2 - Train Loss: 0.4530, Train Accuracy: 0.8167
2025-08-10 10:35:36,333 - Rank 2 - Validation Loss: 0.3984, Validation Accuracy: 0.8368
2025-08-10 10:37:36,508 - Rank 2 - Train Loss: 0.4509, Train Accuracy: 0.8176
2025-08-10 10:37:44,560 - Rank 2 - Validation Loss: 0.3952, Validation Accuracy: 0.8378
2025-08-10 10:39:44,285 - Rank 2 - Train Loss: 0.4502, Train Accuracy: 0.8178
2025-08-10 10:39:55,439 - Rank 2 - Validation Loss: 0.3932, Validation Accuracy: 0.8384
2025-08-10 10:42:26,093 - Rank 2 - Train Loss: 0.4489, Train Accuracy: 0.8182
2025-08-10 10:42:39,662 - Rank 2 - Validation Loss: 0.3961, Validation Accuracy: 0.8374
2025-08-10 10:45:14,423 - Rank 2 - Train Loss: 0.4470, Train Accuracy: 0.8188
2025-08-10 10:45:27,488 - Rank 2 - Validation Loss: 0.3923, Validation Accuracy: 0.8389
2025-08-10 10:48:05,802 - Rank 2 - Train Loss: 0.4460, Train Accuracy: 0.8192
2025-08-10 10:48:19,070 - Rank 2 - Validation Loss: 0.3892, Validation Accuracy: 0.8396
2025-08-10 10:50:25,573 - Rank 2 - Train Loss: 0.4430, Train Accuracy: 0.8203
2025-08-10 10:50:34,260 - Rank 2 - Validation Loss: 0.3875, Validation Accuracy: 0.8406
2025-08-10 10:52:32,239 - Rank 2 - Train Loss: 0.4412, Train Accuracy: 0.8209
2025-08-10 10:52:41,214 - Rank 2 - Validation Loss: 0.3900, Validation Accuracy: 0.8394
2025-08-10 10:54:33,226 - Rank 2 - Train Loss: 0.4398, Train Accuracy: 0.8213
2025-08-10 10:54:41,592 - Rank 2 - Validation Loss: 0.3888, Validation Accuracy: 0.8397
2025-08-10 10:56:39,709 - Rank 2 - Train Loss: 0.4373, Train Accuracy: 0.8224
2025-08-10 10:56:48,088 - Rank 2 - Validation Loss: 0.3865, Validation Accuracy: 0.8404
2025-08-10 10:58:47,808 - Rank 2 - Train Loss: 0.4363, Train Accuracy: 0.8224
2025-08-10 10:58:56,675 - Rank 2 - Validation Loss: 0.3851, Validation Accuracy: 0.8414
2025-08-10 11:00:55,947 - Rank 2 - Train Loss: 0.4357, Train Accuracy: 0.8229
2025-08-10 11:01:04,600 - Rank 2 - Validation Loss: 0.3825, Validation Accuracy: 0.8419
2025-08-10 11:03:03,705 - Rank 2 - Train Loss: 0.4330, Train Accuracy: 0.8238
2025-08-10 11:03:12,408 - Rank 2 - Validation Loss: 0.3900, Validation Accuracy: 0.8391
2025-08-10 11:05:10,813 - Rank 2 - Train Loss: 0.4317, Train Accuracy: 0.8240
2025-08-10 11:05:19,341 - Rank 2 - Validation Loss: 0.3796, Validation Accuracy: 0.8431
2025-08-10 11:07:17,188 - Rank 2 - Train Loss: 0.4305, Train Accuracy: 0.8247
2025-08-10 11:07:25,554 - Rank 2 - Validation Loss: 0.3773, Validation Accuracy: 0.8441
2025-08-10 11:09:16,412 - Rank 2 - Train Loss: 0.4272, Train Accuracy: 0.8261
2025-08-10 11:09:25,016 - Rank 2 - Validation Loss: 0.3810, Validation Accuracy: 0.8423
2025-08-10 11:11:23,653 - Rank 2 - Train Loss: 0.4275, Train Accuracy: 0.8257
2025-08-10 11:11:32,076 - Rank 2 - Validation Loss: 0.3735, Validation Accuracy: 0.8451
2025-08-10 11:13:30,970 - Rank 2 - Train Loss: 0.4234, Train Accuracy: 0.8270
2025-08-10 11:13:39,634 - Rank 2 - Validation Loss: 0.3730, Validation Accuracy: 0.8455
2025-08-10 11:15:38,293 - Rank 2 - Train Loss: 0.4228, Train Accuracy: 0.8272
2025-08-10 11:15:46,398 - Rank 2 - Validation Loss: 0.3733, Validation Accuracy: 0.8453
2025-08-10 11:17:46,059 - Rank 2 - Train Loss: 0.4239, Train Accuracy: 0.8269
2025-08-10 11:17:54,516 - Rank 2 - Validation Loss: 0.3734, Validation Accuracy: 0.8450
2025-08-10 11:19:52,934 - Rank 2 - Train Loss: 0.4217, Train Accuracy: 0.8278
2025-08-10 11:20:01,212 - Rank 2 - Validation Loss: 0.3701, Validation Accuracy: 0.8466
2025-08-10 11:22:01,427 - Rank 2 - Train Loss: 0.4196, Train Accuracy: 0.8278
2025-08-10 11:22:10,606 - Rank 2 - Validation Loss: 0.3679, Validation Accuracy: 0.8470
2025-08-10 11:23:59,942 - Rank 2 - Train Loss: 0.4196, Train Accuracy: 0.8288
2025-08-10 11:24:08,328 - Rank 2 - Validation Loss: 0.3716, Validation Accuracy: 0.8455
2025-08-10 11:26:07,494 - Rank 2 - Train Loss: 0.4166, Train Accuracy: 0.8294
2025-08-10 11:26:15,410 - Rank 2 - Validation Loss: 0.3648, Validation Accuracy: 0.8482
2025-08-10 11:28:20,823 - Rank 2 - Train Loss: 0.4144, Train Accuracy: 0.8304
2025-08-10 11:28:33,623 - Rank 2 - Validation Loss: 0.3648, Validation Accuracy: 0.8488
2025-08-10 11:31:19,145 - Rank 2 - Train Loss: 0.4148, Train Accuracy: 0.8303
2025-08-10 11:31:31,459 - Rank 2 - Validation Loss: 0.3651, Validation Accuracy: 0.8480
2025-08-10 11:34:09,318 - Rank 2 - Train Loss: 0.4115, Train Accuracy: 0.8311
2025-08-10 11:34:22,138 - Rank 2 - Validation Loss: 0.3659, Validation Accuracy: 0.8478
2025-08-10 11:37:02,024 - Rank 2 - Train Loss: 0.4112, Train Accuracy: 0.8317
2025-08-10 11:37:15,063 - Rank 2 - Validation Loss: 0.3628, Validation Accuracy: 0.8490
2025-08-10 11:39:22,952 - Rank 2 - Train Loss: 0.4116, Train Accuracy: 0.8311
2025-08-10 11:39:32,012 - Rank 2 - Validation Loss: 0.3608, Validation Accuracy: 0.8496
2025-08-10 11:41:30,255 - Rank 2 - Train Loss: 0.4088, Train Accuracy: 0.8322
2025-08-10 11:41:39,369 - Rank 2 - Validation Loss: 0.3625, Validation Accuracy: 0.8490
2025-08-10 11:43:38,517 - Rank 2 - Train Loss: 0.4077, Train Accuracy: 0.8327
2025-08-10 11:43:46,531 - Rank 2 - Validation Loss: 0.3605, Validation Accuracy: 0.8492
2025-08-10 11:45:45,407 - Rank 2 - Train Loss: 0.4060, Train Accuracy: 0.8333
2025-08-10 11:45:54,154 - Rank 2 - Validation Loss: 0.3621, Validation Accuracy: 0.8487
2025-08-10 11:47:51,839 - Rank 2 - Train Loss: 0.4036, Train Accuracy: 0.8338
2025-08-10 11:48:00,371 - Rank 2 - Validation Loss: 0.3581, Validation Accuracy: 0.8505
2025-08-10 11:50:02,572 - Rank 2 - Train Loss: 0.4025, Train Accuracy: 0.8344
2025-08-10 11:50:11,618 - Rank 2 - Validation Loss: 0.3563, Validation Accuracy: 0.8510
2025-08-10 11:52:15,861 - Rank 2 - Train Loss: 0.4031, Train Accuracy: 0.8342
2025-08-10 11:52:25,145 - Rank 2 - Validation Loss: 0.3585, Validation Accuracy: 0.8506
2025-08-10 11:54:17,720 - Rank 2 - Train Loss: 0.4017, Train Accuracy: 0.8346
2025-08-10 11:54:26,308 - Rank 2 - Validation Loss: 0.3552, Validation Accuracy: 0.8511
2025-08-10 11:56:25,717 - Rank 2 - Train Loss: 0.4005, Train Accuracy: 0.8352
2025-08-10 11:56:34,289 - Rank 2 - Validation Loss: 0.3553, Validation Accuracy: 0.8511
2025-08-10 11:58:33,454 - Rank 2 - Train Loss: 0.3977, Train Accuracy: 0.8361
2025-08-10 11:58:42,425 - Rank 2 - Validation Loss: 0.3530, Validation Accuracy: 0.8519
2025-08-10 12:00:40,642 - Rank 2 - Train Loss: 0.3981, Train Accuracy: 0.8361
2025-08-10 12:00:49,355 - Rank 2 - Validation Loss: 0.3506, Validation Accuracy: 0.8528
2025-08-10 12:02:47,798 - Rank 2 - Train Loss: 0.3952, Train Accuracy: 0.8369
2025-08-10 12:02:55,987 - Rank 2 - Validation Loss: 0.3507, Validation Accuracy: 0.8526
2025-08-10 12:04:54,847 - Rank 2 - Train Loss: 0.3949, Train Accuracy: 0.8373
2025-08-10 12:05:03,454 - Rank 2 - Validation Loss: 0.3502, Validation Accuracy: 0.8528
2025-08-10 12:07:00,157 - Rank 2 - Train Loss: 0.3938, Train Accuracy: 0.8375
2025-08-10 12:07:08,809 - Rank 2 - Validation Loss: 0.3476, Validation Accuracy: 0.8538
2025-08-10 12:09:01,055 - Rank 2 - Train Loss: 0.3932, Train Accuracy: 0.8374
2025-08-10 12:09:09,704 - Rank 2 - Validation Loss: 0.3469, Validation Accuracy: 0.8541
2025-08-10 12:11:06,102 - Rank 2 - Train Loss: 0.3927, Train Accuracy: 0.8377
2025-08-10 12:11:14,780 - Rank 2 - Validation Loss: 0.3465, Validation Accuracy: 0.8543
2025-08-10 12:13:13,326 - Rank 2 - Train Loss: 0.3915, Train Accuracy: 0.8384
2025-08-10 12:13:21,703 - Rank 2 - Validation Loss: 0.3457, Validation Accuracy: 0.8545
2025-08-10 12:15:19,958 - Rank 2 - Train Loss: 0.3896, Train Accuracy: 0.8389
2025-08-10 12:15:28,360 - Rank 2 - Validation Loss: 0.3474, Validation Accuracy: 0.8540
2025-08-10 12:17:26,279 - Rank 2 - Train Loss: 0.3857, Train Accuracy: 0.8404
2025-08-10 12:17:34,993 - Rank 2 - Validation Loss: 0.3431, Validation Accuracy: 0.8556
2025-08-10 12:19:32,285 - Rank 2 - Train Loss: 0.3881, Train Accuracy: 0.8393
2025-08-10 12:19:40,465 - Rank 2 - Validation Loss: 0.3450, Validation Accuracy: 0.8546
2025-08-10 12:21:36,146 - Rank 2 - Train Loss: 0.3865, Train Accuracy: 0.8399
2025-08-10 12:21:44,969 - Rank 2 - Validation Loss: 0.3438, Validation Accuracy: 0.8551
2025-08-10 12:23:41,793 - Rank 2 - Train Loss: 0.3847, Train Accuracy: 0.8400
2025-08-10 12:23:50,570 - Rank 2 - Validation Loss: 0.3429, Validation Accuracy: 0.8554
2025-08-10 12:25:48,169 - Rank 2 - Train Loss: 0.3831, Train Accuracy: 0.8411
2025-08-10 12:25:56,478 - Rank 2 - Validation Loss: 0.3420, Validation Accuracy: 0.8555
2025-08-10 12:27:55,176 - Rank 2 - Train Loss: 0.3835, Train Accuracy: 0.8413
2025-08-10 12:28:03,829 - Rank 2 - Validation Loss: 0.3430, Validation Accuracy: 0.8553
2025-08-10 12:30:01,873 - Rank 2 - Train Loss: 0.3823, Train Accuracy: 0.8414
2025-08-10 12:30:09,940 - Rank 2 - Validation Loss: 0.3403, Validation Accuracy: 0.8561
2025-08-10 12:32:08,555 - Rank 2 - Train Loss: 0.3818, Train Accuracy: 0.8416
2025-08-10 12:32:16,658 - Rank 2 - Validation Loss: 0.3399, Validation Accuracy: 0.8560
2025-08-10 12:34:15,822 - Rank 2 - Train Loss: 0.3788, Train Accuracy: 0.8427
2025-08-10 12:34:24,087 - Rank 2 - Validation Loss: 0.3356, Validation Accuracy: 0.8578
2025-08-10 12:36:16,468 - Rank 2 - Train Loss: 0.3793, Train Accuracy: 0.8428
2025-08-10 12:36:24,885 - Rank 2 - Validation Loss: 0.3364, Validation Accuracy: 0.8574
2025-08-10 12:38:23,006 - Rank 2 - Train Loss: 0.3777, Train Accuracy: 0.8432
2025-08-10 12:38:31,370 - Rank 2 - Validation Loss: 0.3353, Validation Accuracy: 0.8579
2025-08-10 12:40:29,590 - Rank 2 - Train Loss: 0.3764, Train Accuracy: 0.8435
2025-08-10 12:40:38,000 - Rank 2 - Validation Loss: 0.3409, Validation Accuracy: 0.8559
2025-08-10 12:42:37,089 - Rank 2 - Train Loss: 0.3748, Train Accuracy: 0.8442
2025-08-10 12:42:45,514 - Rank 2 - Validation Loss: 0.3333, Validation Accuracy: 0.8585
2025-08-10 12:44:44,514 - Rank 2 - Train Loss: 0.3738, Train Accuracy: 0.8446
2025-08-10 12:44:53,051 - Rank 2 - Validation Loss: 0.3329, Validation Accuracy: 0.8588
2025-08-10 12:46:51,320 - Rank 2 - Train Loss: 0.3737, Train Accuracy: 0.8443
2025-08-10 12:46:59,347 - Rank 2 - Validation Loss: 0.3323, Validation Accuracy: 0.8588
2025-08-10 12:48:58,517 - Rank 2 - Train Loss: 0.3725, Train Accuracy: 0.8446
2025-08-10 12:49:07,426 - Rank 2 - Validation Loss: 0.3324, Validation Accuracy: 0.8587
2025-08-10 12:51:00,491 - Rank 2 - Train Loss: 0.3710, Train Accuracy: 0.8456
2025-08-10 12:51:09,242 - Rank 2 - Validation Loss: 0.3324, Validation Accuracy: 0.8586
2025-08-10 12:53:13,005 - Rank 2 - Train Loss: 0.3692, Train Accuracy: 0.8461
2025-08-10 12:53:24,070 - Rank 2 - Validation Loss: 0.3306, Validation Accuracy: 0.8594
2025-08-10 12:55:37,288 - Rank 2 - Train Loss: 0.3685, Train Accuracy: 0.8463
2025-08-10 12:55:48,744 - Rank 2 - Validation Loss: 0.3288, Validation Accuracy: 0.8600
2025-08-10 12:58:02,157 - Rank 2 - Train Loss: 0.3682, Train Accuracy: 0.8465
2025-08-10 12:58:13,331 - Rank 2 - Validation Loss: 0.3280, Validation Accuracy: 0.8603
2025-08-10 13:00:26,735 - Rank 2 - Train Loss: 0.3700, Train Accuracy: 0.8455
2025-08-10 13:00:38,335 - Rank 2 - Validation Loss: 0.3283, Validation Accuracy: 0.8604
2025-08-10 13:02:49,792 - Rank 2 - Train Loss: 0.3656, Train Accuracy: 0.8475
2025-08-10 13:02:56,670 - Rank 2 - Validation Loss: 0.3267, Validation Accuracy: 0.8607
2025-08-10 13:04:47,704 - Rank 2 - Train Loss: 0.3657, Train Accuracy: 0.8471
2025-08-10 13:04:55,302 - Rank 2 - Validation Loss: 0.3264, Validation Accuracy: 0.8607
2025-08-10 13:06:52,627 - Rank 2 - Train Loss: 0.3655, Train Accuracy: 0.8477
2025-08-10 13:06:59,517 - Rank 2 - Validation Loss: 0.3257, Validation Accuracy: 0.8609
2025-08-10 13:08:58,433 - Rank 2 - Train Loss: 0.3632, Train Accuracy: 0.8481
2025-08-10 13:09:05,763 - Rank 2 - Validation Loss: 0.3244, Validation Accuracy: 0.8612
2025-08-10 13:11:03,017 - Rank 2 - Train Loss: 0.3628, Train Accuracy: 0.8484
2025-08-10 13:11:10,228 - Rank 2 - Validation Loss: 0.3240, Validation Accuracy: 0.8618
2025-08-10 13:13:08,006 - Rank 2 - Train Loss: 0.3620, Train Accuracy: 0.8485
2025-08-10 13:13:15,810 - Rank 2 - Validation Loss: 0.3228, Validation Accuracy: 0.8624
2025-08-10 13:15:12,975 - Rank 2 - Train Loss: 0.3610, Train Accuracy: 0.8490
2025-08-10 13:15:19,950 - Rank 2 - Validation Loss: 0.3241, Validation Accuracy: 0.8618
2025-08-10 13:17:17,873 - Rank 2 - Train Loss: 0.3620, Train Accuracy: 0.8486
2025-08-10 13:17:25,531 - Rank 2 - Validation Loss: 0.3231, Validation Accuracy: 0.8619
2025-08-10 13:19:16,499 - Rank 2 - Train Loss: 0.3605, Train Accuracy: 0.8491
2025-08-10 13:19:23,985 - Rank 2 - Validation Loss: 0.3257, Validation Accuracy: 0.8608
2025-08-10 13:21:22,150 - Rank 2 - Train Loss: 0.3583, Train Accuracy: 0.8497
2025-08-10 13:21:29,356 - Rank 2 - Validation Loss: 0.3204, Validation Accuracy: 0.8628
2025-08-10 13:23:26,595 - Rank 2 - Train Loss: 0.3589, Train Accuracy: 0.8496
2025-08-10 13:23:34,038 - Rank 2 - Validation Loss: 0.3208, Validation Accuracy: 0.8627
2025-08-10 13:25:33,410 - Rank 2 - Train Loss: 0.3579, Train Accuracy: 0.8501
2025-08-10 13:25:41,162 - Rank 2 - Validation Loss: 0.3183, Validation Accuracy: 0.8636
2025-08-10 13:27:39,864 - Rank 2 - Train Loss: 0.3551, Train Accuracy: 0.8509
2025-08-10 13:27:48,039 - Rank 2 - Validation Loss: 0.3176, Validation Accuracy: 0.8637
2025-08-10 13:29:44,435 - Rank 2 - Train Loss: 0.3557, Train Accuracy: 0.8510
2025-08-10 13:29:51,735 - Rank 2 - Validation Loss: 0.3179, Validation Accuracy: 0.8636
2025-08-10 13:31:43,464 - Rank 2 - Train Loss: 0.3540, Train Accuracy: 0.8513
2025-08-10 13:31:51,007 - Rank 2 - Validation Loss: 0.3170, Validation Accuracy: 0.8642
2025-08-10 13:33:50,988 - Rank 2 - Train Loss: 0.3548, Train Accuracy: 0.8510
2025-08-10 13:34:01,884 - Rank 2 - Validation Loss: 0.3169, Validation Accuracy: 0.8642
2025-08-10 13:36:15,597 - Rank 2 - Train Loss: 0.3527, Train Accuracy: 0.8521
2025-08-10 13:36:23,565 - Rank 2 - Validation Loss: 0.3148, Validation Accuracy: 0.8647
2025-08-10 13:38:32,593 - Rank 2 - Train Loss: 0.3532, Train Accuracy: 0.8518
2025-08-10 13:38:43,491 - Rank 2 - Validation Loss: 0.3148, Validation Accuracy: 0.8649
2025-08-10 13:40:55,988 - Rank 2 - Train Loss: 0.3513, Train Accuracy: 0.8522
2025-08-10 13:41:07,270 - Rank 2 - Validation Loss: 0.3151, Validation Accuracy: 0.8646
2025-08-10 13:43:19,914 - Rank 2 - Train Loss: 0.3511, Train Accuracy: 0.8520
2025-08-10 13:43:31,077 - Rank 2 - Validation Loss: 0.3132, Validation Accuracy: 0.8656
2025-08-10 13:45:43,956 - Rank 2 - Train Loss: 0.3505, Train Accuracy: 0.8529
2025-08-10 13:45:54,935 - Rank 2 - Validation Loss: 0.3132, Validation Accuracy: 0.8653
2025-08-10 13:47:59,689 - Rank 2 - Train Loss: 0.3475, Train Accuracy: 0.8535
2025-08-10 13:48:07,191 - Rank 2 - Validation Loss: 0.3119, Validation Accuracy: 0.8660
2025-08-10 13:50:04,436 - Rank 2 - Train Loss: 0.3494, Train Accuracy: 0.8531
2025-08-10 13:50:11,431 - Rank 2 - Validation Loss: 0.3127, Validation Accuracy: 0.8650
2025-08-10 13:52:08,526 - Rank 2 - Train Loss: 0.3462, Train Accuracy: 0.8543
2025-08-10 13:52:15,598 - Rank 2 - Validation Loss: 0.3101, Validation Accuracy: 0.8666
2025-08-10 13:54:13,573 - Rank 2 - Train Loss: 0.3461, Train Accuracy: 0.8541
2025-08-10 13:54:20,817 - Rank 2 - Validation Loss: 0.3130, Validation Accuracy: 0.8654
2025-08-10 13:56:18,770 - Rank 2 - Train Loss: 0.3473, Train Accuracy: 0.8535
2025-08-10 13:56:27,316 - Rank 2 - Validation Loss: 0.3109, Validation Accuracy: 0.8659
2025-08-10 13:58:39,445 - Rank 2 - Train Loss: 0.3459, Train Accuracy: 0.8543
2025-08-10 13:58:51,097 - Rank 2 - Validation Loss: 0.3106, Validation Accuracy: 0.8664
2025-08-10 14:01:03,776 - Rank 2 - Train Loss: 0.3462, Train Accuracy: 0.8541
2025-08-10 14:01:14,594 - Rank 2 - Validation Loss: 0.3105, Validation Accuracy: 0.8662
2025-08-10 14:03:27,998 - Rank 2 - Train Loss: 0.3435, Train Accuracy: 0.8552
2025-08-10 14:03:39,524 - Rank 2 - Validation Loss: 0.3094, Validation Accuracy: 0.8664
2025-08-10 14:05:53,090 - Rank 2 - Train Loss: 0.3425, Train Accuracy: 0.8553
2025-08-10 14:06:04,524 - Rank 2 - Validation Loss: 0.3062, Validation Accuracy: 0.8677
2025-08-10 14:08:05,746 - Rank 2 - Train Loss: 0.3425, Train Accuracy: 0.8555
2025-08-10 14:08:13,138 - Rank 2 - Validation Loss: 0.3073, Validation Accuracy: 0.8676
2025-08-10 14:10:11,053 - Rank 2 - Train Loss: 0.3406, Train Accuracy: 0.8560
2025-08-10 14:10:18,332 - Rank 2 - Validation Loss: 0.3085, Validation Accuracy: 0.8669
2025-08-10 14:12:16,429 - Rank 2 - Train Loss: 0.3402, Train Accuracy: 0.8564
2025-08-10 14:12:23,561 - Rank 2 - Validation Loss: 0.3070, Validation Accuracy: 0.8675
2025-08-10 14:14:14,290 - Rank 2 - Train Loss: 0.3399, Train Accuracy: 0.8562
2025-08-10 14:14:21,423 - Rank 2 - Validation Loss: 0.3068, Validation Accuracy: 0.8675
2025-08-10 14:16:32,233 - Rank 2 - Train Loss: 0.3402, Train Accuracy: 0.8563
2025-08-10 14:16:43,445 - Rank 2 - Validation Loss: 0.3045, Validation Accuracy: 0.8683
2025-08-10 14:18:56,499 - Rank 2 - Train Loss: 0.3380, Train Accuracy: 0.8568
2025-08-10 14:19:08,364 - Rank 2 - Validation Loss: 0.3053, Validation Accuracy: 0.8682
2025-08-10 14:21:20,914 - Rank 2 - Train Loss: 0.3398, Train Accuracy: 0.8567
2025-08-10 14:21:31,969 - Rank 2 - Validation Loss: 0.3057, Validation Accuracy: 0.8682
2025-08-10 14:23:44,316 - Rank 2 - Train Loss: 0.3362, Train Accuracy: 0.8577
2025-08-10 14:23:55,419 - Rank 2 - Validation Loss: 0.3033, Validation Accuracy: 0.8689
2025-08-10 14:25:52,683 - Rank 2 - Train Loss: 0.3361, Train Accuracy: 0.8576
2025-08-10 14:26:01,208 - Rank 2 - Validation Loss: 0.3035, Validation Accuracy: 0.8689
2025-08-10 14:27:56,639 - Rank 2 - Train Loss: 0.3370, Train Accuracy: 0.8573
2025-08-10 14:28:05,251 - Rank 2 - Validation Loss: 0.3020, Validation Accuracy: 0.8692
2025-08-10 14:30:00,582 - Rank 2 - Train Loss: 0.3356, Train Accuracy: 0.8578
2025-08-10 14:30:09,219 - Rank 2 - Validation Loss: 0.3022, Validation Accuracy: 0.8691
2025-08-10 14:32:08,468 - Rank 2 - Train Loss: 0.3335, Train Accuracy: 0.8587
2025-08-10 14:32:16,579 - Rank 2 - Validation Loss: 0.3009, Validation Accuracy: 0.8697
2025-08-10 14:34:15,004 - Rank 2 - Train Loss: 0.3341, Train Accuracy: 0.8582
2025-08-10 14:34:23,654 - Rank 2 - Validation Loss: 0.3007, Validation Accuracy: 0.8695
2025-08-10 14:36:22,701 - Rank 2 - Train Loss: 0.3336, Train Accuracy: 0.8587
2025-08-10 14:36:30,822 - Rank 2 - Validation Loss: 0.3021, Validation Accuracy: 0.8692
2025-08-10 14:38:30,152 - Rank 2 - Train Loss: 0.3342, Train Accuracy: 0.8581
2025-08-10 14:38:38,420 - Rank 2 - Validation Loss: 0.3006, Validation Accuracy: 0.8696
2025-08-10 14:40:37,761 - Rank 2 - Train Loss: 0.3333, Train Accuracy: 0.8586
2025-08-10 14:40:45,892 - Rank 2 - Validation Loss: 0.3025, Validation Accuracy: 0.8688
2025-08-10 14:42:38,394 - Rank 2 - Train Loss: 0.3316, Train Accuracy: 0.8592
2025-08-10 14:42:46,860 - Rank 2 - Validation Loss: 0.2993, Validation Accuracy: 0.8701
2025-08-10 14:44:45,214 - Rank 2 - Train Loss: 0.3299, Train Accuracy: 0.8599
2025-08-10 14:44:53,940 - Rank 2 - Validation Loss: 0.3023, Validation Accuracy: 0.8687
2025-08-10 14:46:51,993 - Rank 2 - Train Loss: 0.3303, Train Accuracy: 0.8598
2025-08-10 14:47:00,455 - Rank 2 - Validation Loss: 0.2980, Validation Accuracy: 0.8705
2025-08-10 14:48:58,424 - Rank 2 - Train Loss: 0.3299, Train Accuracy: 0.8599
2025-08-10 14:49:07,090 - Rank 2 - Validation Loss: 0.2983, Validation Accuracy: 0.8706
2025-08-10 14:51:06,297 - Rank 2 - Train Loss: 0.3271, Train Accuracy: 0.8609
2025-08-10 14:51:15,190 - Rank 2 - Validation Loss: 0.2975, Validation Accuracy: 0.8705
2025-08-10 14:53:13,684 - Rank 2 - Train Loss: 0.3293, Train Accuracy: 0.8599
2025-08-10 14:53:22,488 - Rank 2 - Validation Loss: 0.2962, Validation Accuracy: 0.8714
2025-08-10 14:55:21,233 - Rank 2 - Train Loss: 0.3278, Train Accuracy: 0.8604
2025-08-10 14:55:29,465 - Rank 2 - Validation Loss: 0.2967, Validation Accuracy: 0.8707
2025-08-10 14:57:22,569 - Rank 2 - Train Loss: 0.3262, Train Accuracy: 0.8612
2025-08-10 14:57:31,124 - Rank 2 - Validation Loss: 0.2960, Validation Accuracy: 0.8713
2025-08-10 14:59:27,830 - Rank 2 - Train Loss: 0.3267, Train Accuracy: 0.8608
2025-08-10 14:59:36,129 - Rank 2 - Validation Loss: 0.2960, Validation Accuracy: 0.8714
2025-08-10 15:01:35,518 - Rank 2 - Train Loss: 0.3258, Train Accuracy: 0.8612
2025-08-10 15:01:43,845 - Rank 2 - Validation Loss: 0.2970, Validation Accuracy: 0.8707
2025-08-10 15:03:42,466 - Rank 2 - Train Loss: 0.3244, Train Accuracy: 0.8616
2025-08-10 15:03:51,592 - Rank 2 - Validation Loss: 0.2949, Validation Accuracy: 0.8716
2025-08-10 15:05:51,234 - Rank 2 - Train Loss: 0.3255, Train Accuracy: 0.8614
2025-08-10 15:06:00,072 - Rank 2 - Validation Loss: 0.2931, Validation Accuracy: 0.8721
2025-08-10 15:07:59,655 - Rank 2 - Train Loss: 0.3217, Train Accuracy: 0.8629
2025-08-10 15:08:08,180 - Rank 2 - Validation Loss: 0.2937, Validation Accuracy: 0.8720
2025-08-10 15:10:05,745 - Rank 2 - Train Loss: 0.3234, Train Accuracy: 0.8621
2025-08-10 15:10:14,630 - Rank 2 - Validation Loss: 0.2943, Validation Accuracy: 0.8718
2025-08-10 15:12:10,600 - Rank 2 - Train Loss: 0.3236, Train Accuracy: 0.8622
2025-08-10 15:12:19,349 - Rank 2 - Validation Loss: 0.2939, Validation Accuracy: 0.8720
2025-08-10 15:14:18,210 - Rank 2 - Train Loss: 0.3209, Train Accuracy: 0.8627
2025-08-10 15:14:26,455 - Rank 2 - Validation Loss: 0.2914, Validation Accuracy: 0.8728
2025-08-10 15:16:23,910 - Rank 2 - Train Loss: 0.3212, Train Accuracy: 0.8630
2025-08-10 15:16:31,234 - Rank 2 - Validation Loss: 0.2935, Validation Accuracy: 0.8724
2025-08-10 15:18:30,667 - Rank 2 - Train Loss: 0.3222, Train Accuracy: 0.8626
2025-08-10 15:18:38,813 - Rank 2 - Validation Loss: 0.2922, Validation Accuracy: 0.8725
2025-08-10 15:20:42,974 - Rank 2 - Train Loss: 0.3214, Train Accuracy: 0.8626
2025-08-10 15:20:52,760 - Rank 2 - Validation Loss: 0.2913, Validation Accuracy: 0.8727
2025-08-10 15:22:58,841 - Rank 2 - Train Loss: 0.3209, Train Accuracy: 0.8629
2025-08-10 15:23:08,740 - Rank 2 - Validation Loss: 0.2908, Validation Accuracy: 0.8732
2025-08-10 15:25:10,685 - Rank 2 - Train Loss: 0.3206, Train Accuracy: 0.8633
2025-08-10 15:25:20,915 - Rank 2 - Validation Loss: 0.2900, Validation Accuracy: 0.8733
2025-08-10 15:27:25,715 - Rank 2 - Train Loss: 0.3184, Train Accuracy: 0.8638
2025-08-10 15:27:35,517 - Rank 2 - Validation Loss: 0.2911, Validation Accuracy: 0.8734
2025-08-10 15:29:41,580 - Rank 2 - Train Loss: 0.3188, Train Accuracy: 0.8634
2025-08-10 15:29:51,908 - Rank 2 - Validation Loss: 0.2890, Validation Accuracy: 0.8736
2025-08-10 15:31:58,069 - Rank 2 - Train Loss: 0.3174, Train Accuracy: 0.8640
2025-08-10 15:32:07,975 - Rank 2 - Validation Loss: 0.2918, Validation Accuracy: 0.8727
2025-08-10 15:34:13,168 - Rank 2 - Train Loss: 0.3170, Train Accuracy: 0.8647
2025-08-10 15:34:23,485 - Rank 2 - Validation Loss: 0.2886, Validation Accuracy: 0.8739
2025-08-10 15:36:25,977 - Rank 2 - Train Loss: 0.3156, Train Accuracy: 0.8648
2025-08-10 15:36:35,856 - Rank 2 - Validation Loss: 0.2893, Validation Accuracy: 0.8737
2025-08-10 15:38:36,300 - Rank 2 - Train Loss: 0.3159, Train Accuracy: 0.8647
2025-08-10 15:38:46,187 - Rank 2 - Validation Loss: 0.2893, Validation Accuracy: 0.8737
2025-08-10 15:40:46,296 - Rank 2 - Train Loss: 0.3152, Train Accuracy: 0.8652
2025-08-10 15:40:58,478 - Rank 2 - Validation Loss: 0.2883, Validation Accuracy: 0.8741
2025-08-10 15:43:32,128 - Rank 2 - Train Loss: 0.3159, Train Accuracy: 0.8649
2025-08-10 15:43:44,271 - Rank 2 - Validation Loss: 0.2874, Validation Accuracy: 0.8744
2025-08-10 15:46:18,177 - Rank 2 - Train Loss: 0.3143, Train Accuracy: 0.8652
2025-08-10 15:46:31,184 - Rank 2 - Validation Loss: 0.2867, Validation Accuracy: 0.8747
2025-08-10 15:49:04,468 - Rank 2 - Train Loss: 0.3137, Train Accuracy: 0.8656
2025-08-10 15:49:16,672 - Rank 2 - Validation Loss: 0.2864, Validation Accuracy: 0.8750
2025-08-10 15:51:32,638 - Rank 2 - Train Loss: 0.3129, Train Accuracy: 0.8659
2025-08-10 15:51:41,058 - Rank 2 - Validation Loss: 0.2841, Validation Accuracy: 0.8754
2025-08-10 15:53:31,519 - Rank 2 - Train Loss: 0.3123, Train Accuracy: 0.8663
2025-08-10 15:53:40,114 - Rank 2 - Validation Loss: 0.2859, Validation Accuracy: 0.8749
2025-08-10 15:55:30,901 - Rank 2 - Train Loss: 0.3118, Train Accuracy: 0.8662
2025-08-10 15:55:40,144 - Rank 2 - Validation Loss: 0.2848, Validation Accuracy: 0.8752
2025-08-10 15:57:35,077 - Rank 2 - Train Loss: 0.3130, Train Accuracy: 0.8657
2025-08-10 15:57:44,010 - Rank 2 - Validation Loss: 0.2854, Validation Accuracy: 0.8747
2025-08-10 15:59:37,917 - Rank 2 - Train Loss: 0.3107, Train Accuracy: 0.8666
2025-08-10 15:59:46,519 - Rank 2 - Validation Loss: 0.2835, Validation Accuracy: 0.8756
2025-08-10 16:01:41,145 - Rank 2 - Train Loss: 0.3107, Train Accuracy: 0.8667
2025-08-10 16:01:49,862 - Rank 2 - Validation Loss: 0.2857, Validation Accuracy: 0.8746
2025-08-10 16:03:42,336 - Rank 2 - Train Loss: 0.3119, Train Accuracy: 0.8663
2025-08-10 16:03:51,462 - Rank 2 - Validation Loss: 0.2824, Validation Accuracy: 0.8763
2025-08-10 16:05:45,338 - Rank 2 - Train Loss: 0.3096, Train Accuracy: 0.8671
2025-08-10 16:05:54,004 - Rank 2 - Validation Loss: 0.2824, Validation Accuracy: 0.8762
2025-08-10 16:07:46,846 - Rank 2 - Train Loss: 0.3081, Train Accuracy: 0.8677
2025-08-10 16:07:56,157 - Rank 2 - Validation Loss: 0.2845, Validation Accuracy: 0.8756
2025-08-10 16:09:42,640 - Rank 2 - Train Loss: 0.3084, Train Accuracy: 0.8672
2025-08-10 16:09:51,005 - Rank 2 - Validation Loss: 0.2818, Validation Accuracy: 0.8762
2025-08-10 16:11:44,842 - Rank 2 - Train Loss: 0.3068, Train Accuracy: 0.8678
2025-08-10 16:11:53,477 - Rank 2 - Validation Loss: 0.2834, Validation Accuracy: 0.8757
2025-08-10 16:13:47,852 - Rank 2 - Train Loss: 0.3063, Train Accuracy: 0.8682
2025-08-10 16:13:57,188 - Rank 2 - Validation Loss: 0.2818, Validation Accuracy: 0.8759
2025-08-10 16:15:49,690 - Rank 2 - Train Loss: 0.3074, Train Accuracy: 0.8677
2025-08-10 16:15:58,741 - Rank 2 - Validation Loss: 0.2811, Validation Accuracy: 0.8768
2025-08-10 16:17:52,908 - Rank 2 - Train Loss: 0.3063, Train Accuracy: 0.8680
2025-08-10 16:18:01,466 - Rank 2 - Validation Loss: 0.2809, Validation Accuracy: 0.8765
2025-08-10 16:19:57,213 - Rank 2 - Train Loss: 0.3051, Train Accuracy: 0.8686
2025-08-10 16:20:06,133 - Rank 2 - Validation Loss: 0.2805, Validation Accuracy: 0.8765
2025-08-10 16:21:58,437 - Rank 2 - Train Loss: 0.3072, Train Accuracy: 0.8675
2025-08-10 16:22:07,074 - Rank 2 - Validation Loss: 0.2810, Validation Accuracy: 0.8762
2025-08-10 16:23:53,406 - Rank 2 - Train Loss: 0.3052, Train Accuracy: 0.8684
2025-08-10 16:24:02,120 - Rank 2 - Validation Loss: 0.2804, Validation Accuracy: 0.8768
2025-08-10 16:25:56,259 - Rank 2 - Train Loss: 0.3027, Train Accuracy: 0.8693
2025-08-10 16:26:05,311 - Rank 2 - Validation Loss: 0.2802, Validation Accuracy: 0.8766
2025-08-10 16:27:59,741 - Rank 2 - Train Loss: 0.3045, Train Accuracy: 0.8689
2025-08-10 16:28:08,459 - Rank 2 - Validation Loss: 0.2787, Validation Accuracy: 0.8770
2025-08-10 16:30:03,161 - Rank 2 - Train Loss: 0.3043, Train Accuracy: 0.8688
2025-08-10 16:30:11,890 - Rank 2 - Validation Loss: 0.2804, Validation Accuracy: 0.8768
2025-08-10 16:32:06,683 - Rank 2 - Train Loss: 0.3022, Train Accuracy: 0.8698
2025-08-10 16:32:15,339 - Rank 2 - Validation Loss: 0.2788, Validation Accuracy: 0.8773
2025-08-10 16:34:09,647 - Rank 2 - Train Loss: 0.3017, Train Accuracy: 0.8696
2025-08-10 16:34:18,652 - Rank 2 - Validation Loss: 0.2773, Validation Accuracy: 0.8777
2025-08-10 16:36:11,906 - Rank 2 - Train Loss: 0.3030, Train Accuracy: 0.8693
2025-08-10 16:36:20,914 - Rank 2 - Validation Loss: 0.2784, Validation Accuracy: 0.8771
2025-08-10 16:38:09,011 - Rank 2 - Train Loss: 0.3021, Train Accuracy: 0.8697
2025-08-10 16:38:17,413 - Rank 2 - Validation Loss: 0.2789, Validation Accuracy: 0.8770
2025-08-10 16:40:12,488 - Rank 2 - Train Loss: 0.3007, Train Accuracy: 0.8701
2025-08-10 16:40:21,295 - Rank 2 - Validation Loss: 0.2770, Validation Accuracy: 0.8775
2025-08-10 16:42:16,600 - Rank 2 - Train Loss: 0.3015, Train Accuracy: 0.8699
2025-08-10 16:42:24,856 - Rank 2 - Validation Loss: 0.2779, Validation Accuracy: 0.8773
2025-08-10 16:44:20,582 - Rank 2 - Train Loss: 0.3008, Train Accuracy: 0.8700
2025-08-10 16:44:29,626 - Rank 2 - Validation Loss: 0.2773, Validation Accuracy: 0.8779
2025-08-10 16:46:24,291 - Rank 2 - Train Loss: 0.3000, Train Accuracy: 0.8705
2025-08-10 16:46:32,646 - Rank 2 - Validation Loss: 0.2776, Validation Accuracy: 0.8776
2025-08-10 16:48:27,890 - Rank 2 - Train Loss: 0.2996, Train Accuracy: 0.8705
2025-08-10 16:48:36,670 - Rank 2 - Validation Loss: 0.2776, Validation Accuracy: 0.8777
2025-08-10 16:50:32,182 - Rank 2 - Train Loss: 0.2996, Train Accuracy: 0.8706
2025-08-10 16:50:40,426 - Rank 2 - Validation Loss: 0.2763, Validation Accuracy: 0.8781
2025-08-10 16:52:29,024 - Rank 2 - Train Loss: 0.2991, Train Accuracy: 0.8711
2025-08-10 16:52:37,455 - Rank 2 - Validation Loss: 0.2763, Validation Accuracy: 0.8780
2025-08-10 16:54:32,364 - Rank 2 - Train Loss: 0.2990, Train Accuracy: 0.8707
2025-08-10 16:54:41,144 - Rank 2 - Validation Loss: 0.2755, Validation Accuracy: 0.8783
2025-08-10 16:56:36,149 - Rank 2 - Train Loss: 0.2989, Train Accuracy: 0.8706
2025-08-10 16:56:45,317 - Rank 2 - Validation Loss: 0.2754, Validation Accuracy: 0.8782
2025-08-10 16:58:39,594 - Rank 2 - Train Loss: 0.2982, Train Accuracy: 0.8709
2025-08-10 16:58:48,410 - Rank 2 - Validation Loss: 0.2741, Validation Accuracy: 0.8791
2025-08-10 17:00:42,702 - Rank 2 - Train Loss: 0.2985, Train Accuracy: 0.8710
2025-08-10 17:00:51,722 - Rank 2 - Validation Loss: 0.2742, Validation Accuracy: 0.8786
2025-08-10 17:02:47,104 - Rank 2 - Train Loss: 0.2952, Train Accuracy: 0.8723
2025-08-10 17:02:55,865 - Rank 2 - Validation Loss: 0.2741, Validation Accuracy: 0.8790
2025-08-10 17:04:49,165 - Rank 2 - Train Loss: 0.2948, Train Accuracy: 0.8722
2025-08-10 17:04:57,405 - Rank 2 - Validation Loss: 0.2735, Validation Accuracy: 0.8789
2025-08-10 17:06:45,959 - Rank 2 - Train Loss: 0.2959, Train Accuracy: 0.8716
2025-08-10 17:06:55,045 - Rank 2 - Validation Loss: 0.2736, Validation Accuracy: 0.8791
2025-08-10 17:08:49,474 - Rank 2 - Train Loss: 0.2955, Train Accuracy: 0.8719
2025-08-10 17:08:58,213 - Rank 2 - Validation Loss: 0.2727, Validation Accuracy: 0.8793
2025-08-10 17:10:51,806 - Rank 2 - Train Loss: 0.2964, Train Accuracy: 0.8714
2025-08-10 17:11:00,411 - Rank 2 - Validation Loss: 0.2721, Validation Accuracy: 0.8796
2025-08-10 17:12:56,070 - Rank 2 - Train Loss: 0.2932, Train Accuracy: 0.8728
2025-08-10 17:13:05,128 - Rank 2 - Validation Loss: 0.2730, Validation Accuracy: 0.8793
2025-08-10 17:14:59,855 - Rank 2 - Train Loss: 0.2936, Train Accuracy: 0.8724
2025-08-10 17:15:08,263 - Rank 2 - Validation Loss: 0.2734, Validation Accuracy: 0.8792
2025-08-10 17:17:02,853 - Rank 2 - Train Loss: 0.2940, Train Accuracy: 0.8724
2025-08-10 17:17:11,467 - Rank 2 - Validation Loss: 0.2716, Validation Accuracy: 0.8799
2025-08-10 17:19:05,599 - Rank 2 - Train Loss: 0.2934, Train Accuracy: 0.8727
2025-08-10 17:19:14,268 - Rank 2 - Validation Loss: 0.2715, Validation Accuracy: 0.8797
2025-08-10 17:21:02,964 - Rank 2 - Train Loss: 0.2924, Train Accuracy: 0.8732
2025-08-10 17:21:11,421 - Rank 2 - Validation Loss: 0.2710, Validation Accuracy: 0.8799
2025-08-10 17:23:04,944 - Rank 2 - Train Loss: 0.2929, Train Accuracy: 0.8727
2025-08-10 17:23:14,063 - Rank 2 - Validation Loss: 0.2725, Validation Accuracy: 0.8796
2025-08-10 17:25:10,210 - Rank 2 - Train Loss: 0.2902, Train Accuracy: 0.8739
2025-08-10 17:25:18,265 - Rank 2 - Validation Loss: 0.2696, Validation Accuracy: 0.8803
2025-08-10 17:27:16,389 - Rank 2 - Train Loss: 0.2908, Train Accuracy: 0.8737
2025-08-10 17:27:24,846 - Rank 2 - Validation Loss: 0.2694, Validation Accuracy: 0.8801
2025-08-10 17:29:23,384 - Rank 2 - Train Loss: 0.2918, Train Accuracy: 0.8730
2025-08-10 17:29:31,701 - Rank 2 - Validation Loss: 0.2711, Validation Accuracy: 0.8800
2025-08-10 17:31:30,187 - Rank 2 - Train Loss: 0.2895, Train Accuracy: 0.8741
2025-08-10 17:31:38,440 - Rank 2 - Validation Loss: 0.2716, Validation Accuracy: 0.8796
2025-08-10 17:33:37,938 - Rank 2 - Train Loss: 0.2909, Train Accuracy: 0.8734
2025-08-10 17:33:46,034 - Rank 2 - Validation Loss: 0.2702, Validation Accuracy: 0.8802
2025-08-10 17:35:40,247 - Rank 2 - Train Loss: 0.2904, Train Accuracy: 0.8734
2025-08-10 17:35:48,579 - Rank 2 - Validation Loss: 0.2713, Validation Accuracy: 0.8794
2025-08-10 17:37:46,367 - Rank 2 - Train Loss: 0.2882, Train Accuracy: 0.8746
2025-08-10 17:37:54,436 - Rank 2 - Validation Loss: 0.2695, Validation Accuracy: 0.8803
2025-08-10 17:39:53,877 - Rank 2 - Train Loss: 0.2887, Train Accuracy: 0.8744
2025-08-10 17:40:01,684 - Rank 2 - Validation Loss: 0.2685, Validation Accuracy: 0.8808
2025-08-10 17:42:03,251 - Rank 2 - Train Loss: 0.2885, Train Accuracy: 0.8742
2025-08-10 17:42:11,622 - Rank 2 - Validation Loss: 0.2686, Validation Accuracy: 0.8806
2025-08-10 17:44:11,113 - Rank 2 - Train Loss: 0.2884, Train Accuracy: 0.8744
2025-08-10 17:44:19,475 - Rank 2 - Validation Loss: 0.2695, Validation Accuracy: 0.8806
2025-08-10 17:46:19,977 - Rank 2 - Train Loss: 0.2878, Train Accuracy: 0.8748
2025-08-10 17:46:28,412 - Rank 2 - Validation Loss: 0.2702, Validation Accuracy: 0.8802
2025-08-10 17:48:28,757 - Rank 2 - Train Loss: 0.2871, Train Accuracy: 0.8748
2025-08-10 17:48:36,974 - Rank 2 - Validation Loss: 0.2683, Validation Accuracy: 0.8809
2025-08-10 17:50:30,077 - Rank 2 - Train Loss: 0.2882, Train Accuracy: 0.8745
2025-08-10 17:50:38,408 - Rank 2 - Validation Loss: 0.2682, Validation Accuracy: 0.8804
2025-08-10 17:52:39,341 - Rank 2 - Train Loss: 0.2858, Train Accuracy: 0.8752
2025-08-10 17:52:47,620 - Rank 2 - Validation Loss: 0.2684, Validation Accuracy: 0.8808
2025-08-10 17:54:47,533 - Rank 2 - Train Loss: 0.2861, Train Accuracy: 0.8752
2025-08-10 17:54:55,313 - Rank 2 - Validation Loss: 0.2676, Validation Accuracy: 0.8812
2025-08-10 17:56:54,192 - Rank 2 - Train Loss: 0.2865, Train Accuracy: 0.8752
2025-08-10 17:57:01,925 - Rank 2 - Validation Loss: 0.2675, Validation Accuracy: 0.8814
2025-08-10 17:59:00,718 - Rank 2 - Train Loss: 0.2861, Train Accuracy: 0.8752
2025-08-10 17:59:08,387 - Rank 2 - Validation Loss: 0.2691, Validation Accuracy: 0.8808
2025-08-10 18:01:08,892 - Rank 2 - Train Loss: 0.2847, Train Accuracy: 0.8758
2025-08-10 18:01:17,036 - Rank 2 - Validation Loss: 0.2677, Validation Accuracy: 0.8809
2025-08-10 18:03:15,707 - Rank 2 - Train Loss: 0.2846, Train Accuracy: 0.8757
2025-08-10 18:03:23,769 - Rank 2 - Validation Loss: 0.2671, Validation Accuracy: 0.8815
2025-08-10 18:05:16,925 - Rank 2 - Train Loss: 0.2852, Train Accuracy: 0.8755
2025-08-10 18:05:25,443 - Rank 2 - Validation Loss: 0.2656, Validation Accuracy: 0.8821
2025-08-10 18:07:24,957 - Rank 2 - Train Loss: 0.2842, Train Accuracy: 0.8759
2025-08-10 18:07:32,958 - Rank 2 - Validation Loss: 0.2671, Validation Accuracy: 0.8811
2025-08-10 18:09:32,930 - Rank 2 - Train Loss: 0.2836, Train Accuracy: 0.8760
2025-08-10 18:09:40,663 - Rank 2 - Validation Loss: 0.2664, Validation Accuracy: 0.8814
2025-08-10 18:11:41,326 - Rank 2 - Train Loss: 0.2830, Train Accuracy: 0.8763
2025-08-10 18:11:49,469 - Rank 2 - Validation Loss: 0.2657, Validation Accuracy: 0.8818
2025-08-10 18:13:49,086 - Rank 2 - Train Loss: 0.2838, Train Accuracy: 0.8762
2025-08-10 18:13:57,337 - Rank 2 - Validation Loss: 0.2644, Validation Accuracy: 0.8823
2025-08-10 18:15:56,599 - Rank 2 - Train Loss: 0.2823, Train Accuracy: 0.8764
2025-08-10 18:16:04,542 - Rank 2 - Validation Loss: 0.2649, Validation Accuracy: 0.8824
2025-08-10 18:18:03,817 - Rank 2 - Train Loss: 0.2830, Train Accuracy: 0.8763
2025-08-10 18:18:11,139 - Rank 2 - Validation Loss: 0.2647, Validation Accuracy: 0.8820
2025-08-10 18:20:11,017 - Rank 2 - Train Loss: 0.2825, Train Accuracy: 0.8767
2025-08-10 18:20:18,266 - Rank 2 - Validation Loss: 0.2672, Validation Accuracy: 0.8813
2025-08-10 18:22:24,271 - Rank 2 - Train Loss: 0.2818, Train Accuracy: 0.8766
2025-08-10 18:22:31,963 - Rank 2 - Validation Loss: 0.2648, Validation Accuracy: 0.8822
2025-08-10 18:24:39,029 - Rank 2 - Train Loss: 0.2813, Train Accuracy: 0.8771
2025-08-10 18:24:46,277 - Rank 2 - Validation Loss: 0.2647, Validation Accuracy: 0.8823
2025-08-10 18:26:51,434 - Rank 2 - Train Loss: 0.2807, Train Accuracy: 0.8772
2025-08-10 18:26:58,625 - Rank 2 - Validation Loss: 0.2649, Validation Accuracy: 0.8825
2025-08-10 18:29:00,776 - Rank 2 - Train Loss: 0.2809, Train Accuracy: 0.8772
2025-08-10 18:29:07,851 - Rank 2 - Validation Loss: 0.2634, Validation Accuracy: 0.8824
2025-08-10 18:31:09,828 - Rank 2 - Train Loss: 0.2798, Train Accuracy: 0.8776
2025-08-10 18:31:17,063 - Rank 2 - Validation Loss: 0.2637, Validation Accuracy: 0.8825
2025-08-10 18:33:14,891 - Rank 2 - Train Loss: 0.2792, Train Accuracy: 0.8778
2025-08-10 18:33:22,341 - Rank 2 - Validation Loss: 0.2640, Validation Accuracy: 0.8824
2025-08-10 18:35:24,615 - Rank 2 - Train Loss: 0.2791, Train Accuracy: 0.8775
2025-08-10 18:35:32,343 - Rank 2 - Validation Loss: 0.2624, Validation Accuracy: 0.8831
2025-08-10 18:37:34,358 - Rank 2 - Train Loss: 0.2773, Train Accuracy: 0.8783
2025-08-10 18:37:41,971 - Rank 2 - Validation Loss: 0.2646, Validation Accuracy: 0.8824
2025-08-10 18:39:45,882 - Rank 2 - Train Loss: 0.2781, Train Accuracy: 0.8780
2025-08-10 18:39:53,416 - Rank 2 - Validation Loss: 0.2625, Validation Accuracy: 0.8829
2025-08-10 18:41:58,793 - Rank 2 - Train Loss: 0.2776, Train Accuracy: 0.8783
2025-08-10 18:42:06,361 - Rank 2 - Validation Loss: 0.2635, Validation Accuracy: 0.8829
2025-08-10 18:44:11,420 - Rank 2 - Train Loss: 0.2791, Train Accuracy: 0.8775
2025-08-10 18:44:18,668 - Rank 2 - Validation Loss: 0.2608, Validation Accuracy: 0.8836
2025-08-10 18:46:21,922 - Rank 2 - Train Loss: 0.2776, Train Accuracy: 0.8783
2025-08-10 18:46:29,451 - Rank 2 - Validation Loss: 0.2622, Validation Accuracy: 0.8831
2025-08-10 18:48:32,550 - Rank 2 - Train Loss: 0.2772, Train Accuracy: 0.8784
2025-08-10 18:48:40,412 - Rank 2 - Validation Loss: 0.2599, Validation Accuracy: 0.8840
2025-08-10 18:50:44,546 - Rank 2 - Train Loss: 0.2762, Train Accuracy: 0.8788
2025-08-10 18:50:52,138 - Rank 2 - Validation Loss: 0.2617, Validation Accuracy: 0.8832
2025-08-10 18:52:56,280 - Rank 2 - Train Loss: 0.2762, Train Accuracy: 0.8787
2025-08-10 18:53:03,524 - Rank 2 - Validation Loss: 0.2619, Validation Accuracy: 0.8834
2025-08-10 18:55:08,482 - Rank 2 - Train Loss: 0.2760, Train Accuracy: 0.8788
2025-08-10 18:55:15,910 - Rank 2 - Validation Loss: 0.2600, Validation Accuracy: 0.8840
2025-08-10 18:57:20,537 - Rank 2 - Train Loss: 0.2750, Train Accuracy: 0.8791
2025-08-10 18:57:27,755 - Rank 2 - Validation Loss: 0.2605, Validation Accuracy: 0.8837
2025-08-10 18:59:32,357 - Rank 2 - Train Loss: 0.2750, Train Accuracy: 0.8792
2025-08-10 18:59:39,857 - Rank 2 - Validation Loss: 0.2611, Validation Accuracy: 0.8836
2025-08-10 19:01:40,244 - Rank 2 - Train Loss: 0.2760, Train Accuracy: 0.8789
2025-08-10 19:01:48,235 - Rank 2 - Validation Loss: 0.2604, Validation Accuracy: 0.8836
2025-08-10 19:03:52,477 - Rank 2 - Train Loss: 0.2739, Train Accuracy: 0.8793
2025-08-10 19:04:00,049 - Rank 2 - Validation Loss: 0.2641, Validation Accuracy: 0.8827
2025-08-10 19:06:04,846 - Rank 2 - Train Loss: 0.2750, Train Accuracy: 0.8792
2025-08-10 19:06:12,534 - Rank 2 - Validation Loss: 0.2595, Validation Accuracy: 0.8839
2025-08-10 19:08:16,964 - Rank 2 - Train Loss: 0.2744, Train Accuracy: 0.8793
2025-08-10 19:08:25,148 - Rank 2 - Validation Loss: 0.2595, Validation Accuracy: 0.8840
2025-08-10 19:10:28,347 - Rank 2 - Train Loss: 0.2751, Train Accuracy: 0.8789
2025-08-10 19:10:36,334 - Rank 2 - Validation Loss: 0.2593, Validation Accuracy: 0.8842
2025-08-10 19:12:37,943 - Rank 2 - Train Loss: 0.2727, Train Accuracy: 0.8799
2025-08-10 19:12:45,365 - Rank 2 - Validation Loss: 0.2597, Validation Accuracy: 0.8842
2025-08-10 19:14:42,166 - Rank 2 - Train Loss: 0.2720, Train Accuracy: 0.8806
2025-08-10 19:14:49,478 - Rank 2 - Validation Loss: 0.2628, Validation Accuracy: 0.8831
2025-08-10 19:16:52,870 - Rank 2 - Train Loss: 0.2738, Train Accuracy: 0.8795
2025-08-10 19:17:00,574 - Rank 2 - Validation Loss: 0.2592, Validation Accuracy: 0.8839
2025-08-10 19:19:00,210 - Rank 2 - Train Loss: 0.2717, Train Accuracy: 0.8805
2025-08-10 19:19:08,366 - Rank 2 - Validation Loss: 0.2600, Validation Accuracy: 0.8838
2025-08-10 19:21:07,159 - Rank 2 - Train Loss: 0.2731, Train Accuracy: 0.8797
2025-08-10 19:21:15,645 - Rank 2 - Validation Loss: 0.2587, Validation Accuracy: 0.8841
2025-08-10 19:23:14,286 - Rank 2 - Train Loss: 0.2714, Train Accuracy: 0.8804
2025-08-10 19:23:22,597 - Rank 2 - Validation Loss: 0.2590, Validation Accuracy: 0.8842
2025-08-10 19:25:20,451 - Rank 2 - Train Loss: 0.2715, Train Accuracy: 0.8805
2025-08-10 19:25:28,546 - Rank 2 - Validation Loss: 0.2577, Validation Accuracy: 0.8845
2025-08-10 19:27:22,460 - Rank 2 - Train Loss: 0.2715, Train Accuracy: 0.8804
2025-08-10 19:27:30,790 - Rank 2 - Validation Loss: 0.2582, Validation Accuracy: 0.8843
2025-08-10 19:29:27,886 - Rank 2 - Train Loss: 0.2711, Train Accuracy: 0.8810
2025-08-10 19:29:36,193 - Rank 2 - Validation Loss: 0.2589, Validation Accuracy: 0.8843
2025-08-10 19:31:36,514 - Rank 2 - Train Loss: 0.2721, Train Accuracy: 0.8800
2025-08-10 19:31:44,314 - Rank 2 - Validation Loss: 0.2567, Validation Accuracy: 0.8849
2025-08-10 19:33:43,648 - Rank 2 - Train Loss: 0.2704, Train Accuracy: 0.8805
2025-08-10 19:33:52,117 - Rank 2 - Validation Loss: 0.2573, Validation Accuracy: 0.8847
2025-08-10 19:35:51,726 - Rank 2 - Train Loss: 0.2707, Train Accuracy: 0.8804
2025-08-10 19:35:59,860 - Rank 2 - Validation Loss: 0.2564, Validation Accuracy: 0.8852
2025-08-10 19:37:58,773 - Rank 2 - Train Loss: 0.2700, Train Accuracy: 0.8808
2025-08-10 19:38:07,223 - Rank 2 - Validation Loss: 0.2559, Validation Accuracy: 0.8852
2025-08-10 19:40:05,895 - Rank 2 - Train Loss: 0.2681, Train Accuracy: 0.8817
2025-08-10 19:40:14,128 - Rank 2 - Validation Loss: 0.2574, Validation Accuracy: 0.8849
2025-08-10 19:42:02,302 - Rank 2 - Train Loss: 0.2689, Train Accuracy: 0.8811
2025-08-10 19:42:11,003 - Rank 2 - Validation Loss: 0.2564, Validation Accuracy: 0.8847
2025-08-10 19:44:05,111 - Rank 2 - Train Loss: 0.2680, Train Accuracy: 0.8816
2025-08-10 19:44:13,885 - Rank 2 - Validation Loss: 0.2568, Validation Accuracy: 0.8850
2025-08-10 19:46:07,518 - Rank 2 - Train Loss: 0.2680, Train Accuracy: 0.8812
2025-08-10 19:46:15,891 - Rank 2 - Validation Loss: 0.2555, Validation Accuracy: 0.8853
2025-08-10 19:48:11,565 - Rank 2 - Train Loss: 0.2681, Train Accuracy: 0.8814
2025-08-10 19:48:20,470 - Rank 2 - Validation Loss: 0.2563, Validation Accuracy: 0.8849
2025-08-10 19:50:15,310 - Rank 2 - Train Loss: 0.2695, Train Accuracy: 0.8812
2025-08-10 19:50:24,153 - Rank 2 - Validation Loss: 0.2563, Validation Accuracy: 0.8849
2025-08-10 19:52:17,473 - Rank 2 - Train Loss: 0.2674, Train Accuracy: 0.8820
2025-08-10 19:52:26,411 - Rank 2 - Validation Loss: 0.2555, Validation Accuracy: 0.8855
2025-08-10 19:54:20,584 - Rank 2 - Train Loss: 0.2664, Train Accuracy: 0.8824
2025-08-10 19:54:29,902 - Rank 2 - Validation Loss: 0.2567, Validation Accuracy: 0.8849
2025-08-10 19:56:18,714 - Rank 2 - Train Loss: 0.2678, Train Accuracy: 0.8818
2025-08-10 19:56:27,653 - Rank 2 - Validation Loss: 0.2543, Validation Accuracy: 0.8860
2025-08-10 19:58:21,268 - Rank 2 - Train Loss: 0.2658, Train Accuracy: 0.8826
2025-08-10 19:58:29,666 - Rank 2 - Validation Loss: 0.2556, Validation Accuracy: 0.8854
2025-08-10 20:00:25,282 - Rank 2 - Train Loss: 0.2659, Train Accuracy: 0.8826
2025-08-10 20:00:34,017 - Rank 2 - Validation Loss: 0.2538, Validation Accuracy: 0.8860
2025-08-10 20:02:29,560 - Rank 2 - Train Loss: 0.2682, Train Accuracy: 0.8812
2025-08-10 20:02:37,994 - Rank 2 - Validation Loss: 0.2554, Validation Accuracy: 0.8858
2025-08-10 20:04:33,229 - Rank 2 - Train Loss: 0.2660, Train Accuracy: 0.8823
2025-08-10 20:04:41,600 - Rank 2 - Validation Loss: 0.2568, Validation Accuracy: 0.8849
2025-08-10 20:06:35,833 - Rank 2 - Train Loss: 0.2642, Train Accuracy: 0.8828
2025-08-10 20:06:44,621 - Rank 2 - Validation Loss: 0.2533, Validation Accuracy: 0.8862
2025-08-10 20:08:39,204 - Rank 2 - Train Loss: 0.2662, Train Accuracy: 0.8824
2025-08-10 20:08:48,050 - Rank 2 - Validation Loss: 0.2539, Validation Accuracy: 0.8859
2025-08-10 20:10:39,303 - Rank 2 - Train Loss: 0.2660, Train Accuracy: 0.8824
2025-08-10 20:10:48,462 - Rank 2 - Validation Loss: 0.2536, Validation Accuracy: 0.8862
2025-08-10 20:12:41,259 - Rank 2 - Train Loss: 0.2643, Train Accuracy: 0.8830
2025-08-10 20:12:49,669 - Rank 2 - Validation Loss: 0.2530, Validation Accuracy: 0.8865
2025-08-10 20:14:44,952 - Rank 2 - Train Loss: 0.2651, Train Accuracy: 0.8828
2025-08-10 20:14:52,645 - Rank 2 - Validation Loss: 0.2542, Validation Accuracy: 0.8862
2025-08-10 20:16:56,613 - Rank 2 - Train Loss: 0.2648, Train Accuracy: 0.8828
2025-08-10 20:17:04,855 - Rank 2 - Validation Loss: 0.2535, Validation Accuracy: 0.8863
2025-08-10 20:19:06,492 - Rank 2 - Train Loss: 0.2644, Train Accuracy: 0.8832
2025-08-10 20:19:14,429 - Rank 2 - Validation Loss: 0.2538, Validation Accuracy: 0.8860
2025-08-10 20:21:14,820 - Rank 2 - Train Loss: 0.2640, Train Accuracy: 0.8831
2025-08-10 20:21:22,687 - Rank 2 - Validation Loss: 0.2537, Validation Accuracy: 0.8862
2025-08-10 20:23:23,984 - Rank 2 - Train Loss: 0.2641, Train Accuracy: 0.8829
2025-08-10 20:23:32,382 - Rank 2 - Validation Loss: 0.2546, Validation Accuracy: 0.8858
2025-08-10 20:25:25,202 - Rank 2 - Train Loss: 0.2639, Train Accuracy: 0.8834
2025-08-10 20:25:33,321 - Rank 2 - Validation Loss: 0.2522, Validation Accuracy: 0.8868
2025-08-10 20:27:33,203 - Rank 2 - Train Loss: 0.2642, Train Accuracy: 0.8831
2025-08-10 20:27:41,201 - Rank 2 - Validation Loss: 0.2523, Validation Accuracy: 0.8865
2025-08-10 20:29:42,720 - Rank 2 - Train Loss: 0.2622, Train Accuracy: 0.8835
2025-08-10 20:29:50,661 - Rank 2 - Validation Loss: 0.2528, Validation Accuracy: 0.8866
2025-08-10 20:31:50,867 - Rank 2 - Train Loss: 0.2616, Train Accuracy: 0.8837
2025-08-10 20:31:58,973 - Rank 2 - Validation Loss: 0.2532, Validation Accuracy: 0.8862
2025-08-10 20:33:58,212 - Rank 2 - Train Loss: 0.2606, Train Accuracy: 0.8841
2025-08-10 20:34:06,408 - Rank 2 - Validation Loss: 0.2519, Validation Accuracy: 0.8865
2025-08-10 20:36:06,223 - Rank 2 - Train Loss: 0.2620, Train Accuracy: 0.8838
2025-08-10 20:36:14,751 - Rank 2 - Validation Loss: 0.2521, Validation Accuracy: 0.8865
2025-08-10 20:38:15,051 - Rank 2 - Train Loss: 0.2617, Train Accuracy: 0.8838
2025-08-10 20:38:22,952 - Rank 2 - Validation Loss: 0.2520, Validation Accuracy: 0.8868
2025-08-10 20:40:17,374 - Rank 2 - Train Loss: 0.2607, Train Accuracy: 0.8844
2025-08-10 20:40:25,363 - Rank 2 - Validation Loss: 0.2510, Validation Accuracy: 0.8872
2025-08-10 20:42:24,828 - Rank 2 - Train Loss: 0.2611, Train Accuracy: 0.8842
2025-08-10 20:42:33,135 - Rank 2 - Validation Loss: 0.2519, Validation Accuracy: 0.8864
2025-08-10 20:44:32,936 - Rank 2 - Train Loss: 0.2600, Train Accuracy: 0.8845
2025-08-10 20:44:41,020 - Rank 2 - Validation Loss: 0.2528, Validation Accuracy: 0.8862
2025-08-10 20:46:41,422 - Rank 2 - Train Loss: 0.2601, Train Accuracy: 0.8845
2025-08-10 20:46:49,733 - Rank 2 - Validation Loss: 0.2520, Validation Accuracy: 0.8866
2025-08-10 20:48:50,232 - Rank 2 - Train Loss: 0.2594, Train Accuracy: 0.8848
2025-08-10 20:48:57,614 - Rank 2 - Validation Loss: 0.2522, Validation Accuracy: 0.8862
2025-08-10 20:50:58,419 - Rank 2 - Train Loss: 0.2594, Train Accuracy: 0.8849
2025-08-10 20:51:06,655 - Rank 2 - Validation Loss: 0.2499, Validation Accuracy: 0.8874
2025-08-10 20:53:07,486 - Rank 2 - Train Loss: 0.2591, Train Accuracy: 0.8848
2025-08-10 20:53:15,501 - Rank 2 - Validation Loss: 0.2508, Validation Accuracy: 0.8870
2025-08-10 20:55:09,500 - Rank 2 - Train Loss: 0.2584, Train Accuracy: 0.8849
2025-08-10 20:55:17,389 - Rank 2 - Validation Loss: 0.2515, Validation Accuracy: 0.8870
2025-08-10 20:57:17,218 - Rank 2 - Train Loss: 0.2600, Train Accuracy: 0.8846
2025-08-10 20:57:24,821 - Rank 2 - Validation Loss: 0.2512, Validation Accuracy: 0.8872
2025-08-10 20:59:26,215 - Rank 2 - Train Loss: 0.2589, Train Accuracy: 0.8847
2025-08-10 20:59:34,143 - Rank 2 - Validation Loss: 0.2511, Validation Accuracy: 0.8870
2025-08-10 21:01:33,501 - Rank 2 - Train Loss: 0.2584, Train Accuracy: 0.8850
2025-08-10 21:01:41,555 - Rank 2 - Validation Loss: 0.2505, Validation Accuracy: 0.8874
2025-08-10 21:03:42,763 - Rank 2 - Train Loss: 0.2581, Train Accuracy: 0.8852
2025-08-10 21:03:50,982 - Rank 2 - Validation Loss: 0.2484, Validation Accuracy: 0.8879
2025-08-10 21:05:50,600 - Rank 2 - Train Loss: 0.2582, Train Accuracy: 0.8850
2025-08-10 21:05:58,892 - Rank 2 - Validation Loss: 0.2510, Validation Accuracy: 0.8871
2025-08-10 21:07:58,836 - Rank 2 - Train Loss: 0.2572, Train Accuracy: 0.8856
2025-08-10 21:08:07,026 - Rank 2 - Validation Loss: 0.2496, Validation Accuracy: 0.8874
2025-08-10 21:09:59,897 - Rank 2 - Train Loss: 0.2580, Train Accuracy: 0.8854
2025-08-10 21:10:07,814 - Rank 2 - Validation Loss: 0.2489, Validation Accuracy: 0.8878
2025-08-10 21:12:07,849 - Rank 2 - Train Loss: 0.2571, Train Accuracy: 0.8855
2025-08-10 21:12:16,100 - Rank 2 - Validation Loss: 0.2494, Validation Accuracy: 0.8875
2025-08-10 21:14:15,730 - Rank 2 - Train Loss: 0.2563, Train Accuracy: 0.8859
2025-08-10 21:14:23,904 - Rank 2 - Validation Loss: 0.2480, Validation Accuracy: 0.8883
2025-08-10 21:16:23,086 - Rank 2 - Train Loss: 0.2565, Train Accuracy: 0.8858
2025-08-10 21:16:31,428 - Rank 2 - Validation Loss: 0.2500, Validation Accuracy: 0.8872
2025-08-10 21:18:31,629 - Rank 2 - Train Loss: 0.2563, Train Accuracy: 0.8858
2025-08-10 21:18:39,907 - Rank 2 - Validation Loss: 0.2483, Validation Accuracy: 0.8882
2025-08-10 21:20:39,502 - Rank 2 - Train Loss: 0.2558, Train Accuracy: 0.8862
2025-08-10 21:20:47,998 - Rank 2 - Validation Loss: 0.2489, Validation Accuracy: 0.8879
2025-08-10 21:22:44,906 - Rank 2 - Train Loss: 0.2554, Train Accuracy: 0.8863
2025-08-10 21:22:53,272 - Rank 2 - Validation Loss: 0.2491, Validation Accuracy: 0.8875
2025-08-10 21:24:50,165 - Rank 2 - Train Loss: 0.2562, Train Accuracy: 0.8858
2025-08-10 21:24:57,980 - Rank 2 - Validation Loss: 0.2494, Validation Accuracy: 0.8874
2025-08-10 21:26:58,770 - Rank 2 - Train Loss: 0.2551, Train Accuracy: 0.8863
2025-08-10 21:27:06,632 - Rank 2 - Validation Loss: 0.2487, Validation Accuracy: 0.8879
2025-08-10 21:29:06,988 - Rank 2 - Train Loss: 0.2558, Train Accuracy: 0.8860
2025-08-10 21:29:14,902 - Rank 2 - Validation Loss: 0.2507, Validation Accuracy: 0.8874
2025-08-10 21:31:15,414 - Rank 2 - Train Loss: 0.2546, Train Accuracy: 0.8867
2025-08-10 21:31:23,518 - Rank 2 - Validation Loss: 0.2492, Validation Accuracy: 0.8880
2025-08-10 21:33:24,581 - Rank 2 - Train Loss: 0.2548, Train Accuracy: 0.8862
2025-08-10 21:33:32,015 - Rank 2 - Validation Loss: 0.2477, Validation Accuracy: 0.8881
2025-08-10 21:35:30,805 - Rank 2 - Train Loss: 0.2541, Train Accuracy: 0.8867
2025-08-10 21:35:38,698 - Rank 2 - Validation Loss: 0.2492, Validation Accuracy: 0.8880
2025-08-10 21:37:33,638 - Rank 2 - Train Loss: 0.2546, Train Accuracy: 0.8864
2025-08-10 21:37:41,801 - Rank 2 - Validation Loss: 0.2480, Validation Accuracy: 0.8882
2025-08-10 21:39:39,890 - Rank 2 - Train Loss: 0.2550, Train Accuracy: 0.8862
2025-08-10 21:39:48,334 - Rank 2 - Validation Loss: 0.2487, Validation Accuracy: 0.8877
2025-08-10 21:41:48,227 - Rank 2 - Train Loss: 0.2544, Train Accuracy: 0.8865
2025-08-10 21:41:56,764 - Rank 2 - Validation Loss: 0.2477, Validation Accuracy: 0.8883
2025-08-10 21:43:56,260 - Rank 2 - Train Loss: 0.2539, Train Accuracy: 0.8867
2025-08-10 21:44:04,408 - Rank 2 - Validation Loss: 0.2477, Validation Accuracy: 0.8884
2025-08-10 21:46:05,426 - Rank 2 - Train Loss: 0.2531, Train Accuracy: 0.8873
2025-08-10 21:46:13,134 - Rank 2 - Validation Loss: 0.2468, Validation Accuracy: 0.8888
2025-08-10 21:48:13,827 - Rank 2 - Train Loss: 0.2526, Train Accuracy: 0.8873
2025-08-10 21:48:21,697 - Rank 2 - Validation Loss: 0.2473, Validation Accuracy: 0.8883
2025-08-10 21:50:21,664 - Rank 2 - Train Loss: 0.2523, Train Accuracy: 0.8871
2025-08-10 21:50:30,049 - Rank 2 - Validation Loss: 0.2464, Validation Accuracy: 0.8886
2025-08-10 21:52:22,904 - Rank 2 - Train Loss: 0.2534, Train Accuracy: 0.8868
2025-08-10 21:52:30,675 - Rank 2 - Validation Loss: 0.2474, Validation Accuracy: 0.8883
2025-08-10 21:54:31,644 - Rank 2 - Train Loss: 0.2517, Train Accuracy: 0.8874
2025-08-10 21:54:39,746 - Rank 2 - Validation Loss: 0.2485, Validation Accuracy: 0.8880
2025-08-10 21:56:40,193 - Rank 2 - Train Loss: 0.2518, Train Accuracy: 0.8875
2025-08-10 21:56:48,099 - Rank 2 - Validation Loss: 0.2473, Validation Accuracy: 0.8887
2025-08-10 21:58:47,957 - Rank 2 - Train Loss: 0.2521, Train Accuracy: 0.8875
2025-08-10 21:58:56,153 - Rank 2 - Validation Loss: 0.2465, Validation Accuracy: 0.8885
2025-08-10 22:00:54,951 - Rank 2 - Train Loss: 0.2510, Train Accuracy: 0.8878
2025-08-10 22:01:02,496 - Rank 2 - Validation Loss: 0.2476, Validation Accuracy: 0.8883
2025-08-10 22:03:03,942 - Rank 2 - Train Loss: 0.2511, Train Accuracy: 0.8875
2025-08-10 22:03:12,214 - Rank 2 - Validation Loss: 0.2460, Validation Accuracy: 0.8888
2025-08-10 22:05:11,179 - Rank 2 - Train Loss: 0.2503, Train Accuracy: 0.8880
2025-08-10 22:05:19,460 - Rank 2 - Validation Loss: 0.2461, Validation Accuracy: 0.8890
2025-08-10 22:07:12,463 - Rank 2 - Train Loss: 0.2525, Train Accuracy: 0.8872
2025-08-10 22:07:20,869 - Rank 2 - Validation Loss: 0.2469, Validation Accuracy: 0.8885
2025-08-10 22:09:20,206 - Rank 2 - Train Loss: 0.2502, Train Accuracy: 0.8877
2025-08-10 22:09:28,547 - Rank 2 - Validation Loss: 0.2466, Validation Accuracy: 0.8885
2025-08-10 22:11:26,804 - Rank 2 - Train Loss: 0.2507, Train Accuracy: 0.8879
2025-08-10 22:11:35,146 - Rank 2 - Validation Loss: 0.2465, Validation Accuracy: 0.8889
2025-08-10 22:13:34,730 - Rank 2 - Train Loss: 0.2497, Train Accuracy: 0.8881
2025-08-10 22:13:42,323 - Rank 2 - Validation Loss: 0.2449, Validation Accuracy: 0.8892
2025-08-10 22:15:42,510 - Rank 2 - Train Loss: 0.2499, Train Accuracy: 0.8881
2025-08-10 22:15:50,783 - Rank 2 - Validation Loss: 0.2450, Validation Accuracy: 0.8893
2025-08-10 22:17:51,296 - Rank 2 - Train Loss: 0.2489, Train Accuracy: 0.8885
2025-08-10 22:17:59,390 - Rank 2 - Validation Loss: 0.2452, Validation Accuracy: 0.8895
2025-08-10 22:19:58,707 - Rank 2 - Train Loss: 0.2507, Train Accuracy: 0.8878
2025-08-10 22:20:07,073 - Rank 2 - Validation Loss: 0.2456, Validation Accuracy: 0.8893
2025-08-10 22:22:00,125 - Rank 2 - Train Loss: 0.2498, Train Accuracy: 0.8881
2025-08-10 22:22:08,525 - Rank 2 - Validation Loss: 0.2461, Validation Accuracy: 0.8888
2025-08-10 22:24:08,062 - Rank 2 - Train Loss: 0.2495, Train Accuracy: 0.8883
2025-08-10 22:24:16,364 - Rank 2 - Validation Loss: 0.2465, Validation Accuracy: 0.8889
2025-08-10 22:26:16,285 - Rank 2 - Train Loss: 0.2482, Train Accuracy: 0.8886
2025-08-10 22:26:24,121 - Rank 2 - Validation Loss: 0.2454, Validation Accuracy: 0.8893
2025-08-10 22:28:23,924 - Rank 2 - Train Loss: 0.2484, Train Accuracy: 0.8885
2025-08-10 22:28:31,781 - Rank 2 - Validation Loss: 0.2465, Validation Accuracy: 0.8885
2025-08-10 22:30:31,432 - Rank 2 - Train Loss: 0.2485, Train Accuracy: 0.8886
2025-08-10 22:30:39,544 - Rank 2 - Validation Loss: 0.2442, Validation Accuracy: 0.8895
2025-08-10 22:32:39,537 - Rank 2 - Train Loss: 0.2488, Train Accuracy: 0.8886
2025-08-10 22:32:47,658 - Rank 2 - Validation Loss: 0.2436, Validation Accuracy: 0.8898
2025-08-10 22:34:47,463 - Rank 2 - Train Loss: 0.2480, Train Accuracy: 0.8888
2025-08-10 22:34:55,607 - Rank 2 - Validation Loss: 0.2436, Validation Accuracy: 0.8898
2025-08-10 22:36:49,842 - Rank 2 - Train Loss: 0.2490, Train Accuracy: 0.8885
2025-08-10 22:36:57,969 - Rank 2 - Validation Loss: 0.2454, Validation Accuracy: 0.8889
2025-08-10 22:38:56,505 - Rank 2 - Train Loss: 0.2484, Train Accuracy: 0.8886
2025-08-10 22:39:04,825 - Rank 2 - Validation Loss: 0.2439, Validation Accuracy: 0.8895
2025-08-10 22:41:03,676 - Rank 2 - Train Loss: 0.2475, Train Accuracy: 0.8890
2025-08-10 22:41:12,095 - Rank 2 - Validation Loss: 0.2439, Validation Accuracy: 0.8895
2025-08-10 22:43:13,265 - Rank 2 - Train Loss: 0.2473, Train Accuracy: 0.8889
2025-08-10 22:43:21,076 - Rank 2 - Validation Loss: 0.2438, Validation Accuracy: 0.8898
2025-08-10 22:45:21,297 - Rank 2 - Train Loss: 0.2466, Train Accuracy: 0.8892
2025-08-10 22:45:29,443 - Rank 2 - Validation Loss: 0.2434, Validation Accuracy: 0.8900
2025-08-10 22:47:28,291 - Rank 2 - Train Loss: 0.2473, Train Accuracy: 0.8891
2025-08-10 22:47:36,610 - Rank 2 - Validation Loss: 0.2444, Validation Accuracy: 0.8895
2025-08-10 22:49:33,424 - Rank 2 - Train Loss: 0.2459, Train Accuracy: 0.8890
2025-08-10 22:49:41,312 - Rank 2 - Validation Loss: 0.2434, Validation Accuracy: 0.8897
2025-08-10 22:51:38,556 - Rank 2 - Train Loss: 0.2469, Train Accuracy: 0.8894
2025-08-10 22:51:46,734 - Rank 2 - Validation Loss: 0.2428, Validation Accuracy: 0.8898
2025-08-10 22:53:47,878 - Rank 2 - Train Loss: 0.2462, Train Accuracy: 0.8894
2025-08-10 22:53:55,834 - Rank 2 - Validation Loss: 0.2428, Validation Accuracy: 0.8902
2025-08-10 22:55:55,262 - Rank 2 - Train Loss: 0.2458, Train Accuracy: 0.8895
2025-08-10 22:56:03,157 - Rank 2 - Validation Loss: 0.2431, Validation Accuracy: 0.8900
2025-08-10 22:58:03,225 - Rank 2 - Train Loss: 0.2457, Train Accuracy: 0.8895
2025-08-10 22:58:11,157 - Rank 2 - Validation Loss: 0.2426, Validation Accuracy: 0.8902
2025-08-10 23:00:12,955 - Rank 2 - Train Loss: 0.2456, Train Accuracy: 0.8898
2025-08-10 23:00:20,564 - Rank 2 - Validation Loss: 0.2427, Validation Accuracy: 0.8899
2025-08-10 23:02:22,318 - Rank 2 - Train Loss: 0.2455, Train Accuracy: 0.8897
2025-08-10 23:02:30,852 - Rank 2 - Validation Loss: 0.2443, Validation Accuracy: 0.8897
2025-08-10 23:04:25,050 - Rank 2 - Train Loss: 0.2450, Train Accuracy: 0.8897
2025-08-10 23:04:33,012 - Rank 2 - Validation Loss: 0.2425, Validation Accuracy: 0.8901
2025-08-10 23:06:33,310 - Rank 2 - Train Loss: 0.2444, Train Accuracy: 0.8902
2025-08-10 23:06:41,431 - Rank 2 - Validation Loss: 0.2426, Validation Accuracy: 0.8903
2025-08-10 23:08:41,484 - Rank 2 - Train Loss: 0.2452, Train Accuracy: 0.8900
2025-08-10 23:08:49,731 - Rank 2 - Validation Loss: 0.2418, Validation Accuracy: 0.8903
2025-08-10 23:10:50,173 - Rank 2 - Train Loss: 0.2447, Train Accuracy: 0.8900
2025-08-10 23:10:58,088 - Rank 2 - Validation Loss: 0.2426, Validation Accuracy: 0.8903
2025-08-10 23:12:59,153 - Rank 2 - Train Loss: 0.2442, Train Accuracy: 0.8901
2025-08-10 23:13:06,757 - Rank 2 - Validation Loss: 0.2432, Validation Accuracy: 0.8902
2025-08-10 23:15:08,593 - Rank 2 - Train Loss: 0.2443, Train Accuracy: 0.8901
2025-08-10 23:15:16,759 - Rank 2 - Validation Loss: 0.2422, Validation Accuracy: 0.8904
2025-08-10 23:17:16,062 - Rank 2 - Train Loss: 0.2429, Train Accuracy: 0.8906
2025-08-10 23:17:24,066 - Rank 2 - Validation Loss: 0.2410, Validation Accuracy: 0.8907
2025-08-10 23:19:19,236 - Rank 2 - Train Loss: 0.2423, Train Accuracy: 0.8911
2025-08-10 23:19:27,635 - Rank 2 - Validation Loss: 0.2431, Validation Accuracy: 0.8904
2025-08-10 23:21:28,468 - Rank 2 - Train Loss: 0.2431, Train Accuracy: 0.8906
2025-08-10 23:21:36,000 - Rank 2 - Validation Loss: 0.2414, Validation Accuracy: 0.8902
2025-08-10 23:23:38,303 - Rank 2 - Train Loss: 0.2421, Train Accuracy: 0.8910
2025-08-10 23:23:46,912 - Rank 2 - Validation Loss: 0.2421, Validation Accuracy: 0.8906
2025-08-10 23:25:46,461 - Rank 2 - Train Loss: 0.2435, Train Accuracy: 0.8904
2025-08-10 23:25:54,388 - Rank 2 - Validation Loss: 0.2412, Validation Accuracy: 0.8904
2025-08-10 23:27:56,571 - Rank 2 - Train Loss: 0.2435, Train Accuracy: 0.8903
2025-08-10 23:28:04,737 - Rank 2 - Validation Loss: 0.2414, Validation Accuracy: 0.8906
2025-08-10 23:30:04,746 - Rank 2 - Train Loss: 0.2430, Train Accuracy: 0.8904
2025-08-10 23:30:12,812 - Rank 2 - Validation Loss: 0.2411, Validation Accuracy: 0.8908
2025-08-10 23:32:14,395 - Rank 2 - Train Loss: 0.2422, Train Accuracy: 0.8908
2025-08-10 23:32:22,017 - Rank 2 - Validation Loss: 0.2427, Validation Accuracy: 0.8901
2025-08-10 23:34:17,346 - Rank 2 - Train Loss: 0.2414, Train Accuracy: 0.8911
2025-08-10 23:34:26,100 - Rank 2 - Validation Loss: 0.2404, Validation Accuracy: 0.8906
2025-08-10 23:36:27,651 - Rank 2 - Train Loss: 0.2415, Train Accuracy: 0.8912
2025-08-10 23:36:35,649 - Rank 2 - Validation Loss: 0.2414, Validation Accuracy: 0.8907
2025-08-10 23:38:36,929 - Rank 2 - Train Loss: 0.2416, Train Accuracy: 0.8910
2025-08-10 23:38:45,132 - Rank 2 - Validation Loss: 0.2410, Validation Accuracy: 0.8905
2025-08-10 23:40:45,970 - Rank 2 - Train Loss: 0.2423, Train Accuracy: 0.8910
2025-08-10 23:40:54,226 - Rank 2 - Validation Loss: 0.2421, Validation Accuracy: 0.8901
2025-08-10 23:42:54,141 - Rank 2 - Train Loss: 0.2414, Train Accuracy: 0.8912
2025-08-10 23:43:02,433 - Rank 2 - Validation Loss: 0.2416, Validation Accuracy: 0.8907
2025-08-10 23:45:01,833 - Rank 2 - Train Loss: 0.2417, Train Accuracy: 0.8908
2025-08-10 23:45:09,418 - Rank 2 - Validation Loss: 0.2407, Validation Accuracy: 0.8908
2025-08-10 23:47:05,034 - Rank 2 - Train Loss: 0.2412, Train Accuracy: 0.8913
2025-08-10 23:47:12,617 - Rank 2 - Validation Loss: 0.2405, Validation Accuracy: 0.8909
2025-08-10 23:49:07,383 - Rank 2 - Train Loss: 0.2412, Train Accuracy: 0.8913
2025-08-10 23:49:15,619 - Rank 2 - Validation Loss: 0.2405, Validation Accuracy: 0.8910
2025-08-10 23:51:13,803 - Rank 2 - Train Loss: 0.2413, Train Accuracy: 0.8913
2025-08-10 23:51:21,917 - Rank 2 - Validation Loss: 0.2400, Validation Accuracy: 0.8911
2025-08-10 23:53:20,390 - Rank 2 - Train Loss: 0.2411, Train Accuracy: 0.8913
2025-08-10 23:53:28,907 - Rank 2 - Validation Loss: 0.2408, Validation Accuracy: 0.8908
2025-08-10 23:55:28,464 - Rank 2 - Train Loss: 0.2404, Train Accuracy: 0.8914
2025-08-10 23:55:36,898 - Rank 2 - Validation Loss: 0.2397, Validation Accuracy: 0.8912
2025-08-10 23:57:35,655 - Rank 2 - Train Loss: 0.2403, Train Accuracy: 0.8916
2025-08-10 23:57:42,804 - Rank 2 - Validation Loss: 0.2413, Validation Accuracy: 0.8903
2025-08-10 23:59:44,449 - Rank 2 - Train Loss: 0.2392, Train Accuracy: 0.8920
2025-08-10 23:59:52,662 - Rank 2 - Validation Loss: 0.2394, Validation Accuracy: 0.8912
2025-08-11 00:01:45,834 - Rank 2 - Train Loss: 0.2412, Train Accuracy: 0.8911
2025-08-11 00:01:54,192 - Rank 2 - Validation Loss: 0.2386, Validation Accuracy: 0.8917
2025-08-11 00:03:51,797 - Rank 2 - Train Loss: 0.2392, Train Accuracy: 0.8921
2025-08-11 00:04:00,214 - Rank 2 - Validation Loss: 0.2392, Validation Accuracy: 0.8913
2025-08-11 00:05:58,485 - Rank 2 - Train Loss: 0.2389, Train Accuracy: 0.8921
2025-08-11 00:06:06,642 - Rank 2 - Validation Loss: 0.2396, Validation Accuracy: 0.8913
2025-08-11 00:08:07,165 - Rank 2 - Train Loss: 0.2393, Train Accuracy: 0.8922
2025-08-11 00:08:15,036 - Rank 2 - Validation Loss: 0.2400, Validation Accuracy: 0.8914
2025-08-11 00:10:14,307 - Rank 2 - Train Loss: 0.2374, Train Accuracy: 0.8927
2025-08-11 00:10:22,501 - Rank 2 - Validation Loss: 0.2393, Validation Accuracy: 0.8915
2025-08-11 00:12:20,959 - Rank 2 - Train Loss: 0.2377, Train Accuracy: 0.8925
2025-08-11 00:12:29,034 - Rank 2 - Validation Loss: 0.2400, Validation Accuracy: 0.8912
2025-08-11 00:14:27,750 - Rank 2 - Train Loss: 0.2389, Train Accuracy: 0.8921
2025-08-11 00:14:36,331 - Rank 2 - Validation Loss: 0.2407, Validation Accuracy: 0.8908
2025-08-11 00:16:28,283 - Rank 2 - Train Loss: 0.2385, Train Accuracy: 0.8919
2025-08-11 00:16:36,473 - Rank 2 - Validation Loss: 0.2393, Validation Accuracy: 0.8914
2025-08-11 00:18:34,938 - Rank 2 - Train Loss: 0.2387, Train Accuracy: 0.8920
2025-08-11 00:18:42,995 - Rank 2 - Validation Loss: 0.2391, Validation Accuracy: 0.8914
2025-08-11 00:20:42,591 - Rank 2 - Train Loss: 0.2381, Train Accuracy: 0.8923
2025-08-11 00:20:50,267 - Rank 2 - Validation Loss: 0.2385, Validation Accuracy: 0.8919
2025-08-11 00:22:49,873 - Rank 2 - Train Loss: 0.2376, Train Accuracy: 0.8927
2025-08-11 00:22:57,857 - Rank 2 - Validation Loss: 0.2383, Validation Accuracy: 0.8917
2025-08-11 00:24:59,735 - Rank 2 - Train Loss: 0.2382, Train Accuracy: 0.8925
2025-08-11 00:25:07,464 - Rank 2 - Validation Loss: 0.2377, Validation Accuracy: 0.8921
2025-08-11 00:27:08,786 - Rank 2 - Train Loss: 0.2369, Train Accuracy: 0.8926
2025-08-11 00:27:16,665 - Rank 2 - Validation Loss: 0.2399, Validation Accuracy: 0.8914
2025-08-11 00:29:18,976 - Rank 2 - Train Loss: 0.2369, Train Accuracy: 0.8928
2025-08-11 00:29:27,178 - Rank 2 - Validation Loss: 0.2391, Validation Accuracy: 0.8916
2025-08-11 00:31:21,327 - Rank 2 - Train Loss: 0.2373, Train Accuracy: 0.8925
2025-08-11 00:31:29,587 - Rank 2 - Validation Loss: 0.2398, Validation Accuracy: 0.8909
2025-08-11 00:33:30,455 - Rank 2 - Train Loss: 0.2367, Train Accuracy: 0.8928
2025-08-11 00:33:39,001 - Rank 2 - Validation Loss: 0.2397, Validation Accuracy: 0.8911
2025-08-11 00:35:39,596 - Rank 2 - Train Loss: 0.2358, Train Accuracy: 0.8932
2025-08-11 00:35:47,799 - Rank 2 - Validation Loss: 0.2399, Validation Accuracy: 0.8912
2025-08-11 00:37:49,326 - Rank 2 - Train Loss: 0.2366, Train Accuracy: 0.8930
2025-08-11 00:37:57,531 - Rank 2 - Validation Loss: 0.2387, Validation Accuracy: 0.8914
2025-08-11 00:39:57,699 - Rank 2 - Train Loss: 0.2356, Train Accuracy: 0.8933
2025-08-11 00:40:05,928 - Rank 2 - Validation Loss: 0.2378, Validation Accuracy: 0.8918
2025-08-11 00:42:06,464 - Rank 2 - Train Loss: 0.2369, Train Accuracy: 0.8928
2025-08-11 00:42:14,741 - Rank 2 - Validation Loss: 0.2395, Validation Accuracy: 0.8916
2025-08-11 00:44:14,653 - Rank 2 - Train Loss: 0.2350, Train Accuracy: 0.8934
2025-08-11 00:44:22,522 - Rank 2 - Validation Loss: 0.2374, Validation Accuracy: 0.8921
2025-08-11 00:46:19,742 - Rank 2 - Train Loss: 0.2351, Train Accuracy: 0.8936
2025-08-11 00:46:27,602 - Rank 2 - Validation Loss: 0.2391, Validation Accuracy: 0.8915
2025-08-11 00:48:28,392 - Rank 2 - Train Loss: 0.2356, Train Accuracy: 0.8930
2025-08-11 00:48:36,654 - Rank 2 - Validation Loss: 0.2375, Validation Accuracy: 0.8918
2025-08-11 00:50:37,252 - Rank 2 - Train Loss: 0.2345, Train Accuracy: 0.8936
2025-08-11 00:50:45,028 - Rank 2 - Validation Loss: 0.2385, Validation Accuracy: 0.8915
2025-08-11 00:52:45,871 - Rank 2 - Train Loss: 0.2359, Train Accuracy: 0.8931
2025-08-11 00:52:54,090 - Rank 2 - Validation Loss: 0.2364, Validation Accuracy: 0.8923
2025-08-11 00:54:55,952 - Rank 2 - Train Loss: 0.2353, Train Accuracy: 0.8933
2025-08-11 00:55:04,003 - Rank 2 - Validation Loss: 0.2371, Validation Accuracy: 0.8923
2025-08-11 00:57:05,136 - Rank 2 - Train Loss: 0.2351, Train Accuracy: 0.8933
2025-08-11 00:57:12,902 - Rank 2 - Validation Loss: 0.2376, Validation Accuracy: 0.8917
2025-08-11 00:59:07,308 - Rank 2 - Train Loss: 0.2346, Train Accuracy: 0.8936
2025-08-11 00:59:15,417 - Rank 2 - Validation Loss: 0.2372, Validation Accuracy: 0.8920
2025-08-11 01:01:15,551 - Rank 2 - Train Loss: 0.2349, Train Accuracy: 0.8937
2025-08-11 01:01:24,005 - Rank 2 - Validation Loss: 0.2372, Validation Accuracy: 0.8919
2025-08-11 01:03:25,427 - Rank 2 - Train Loss: 0.2337, Train Accuracy: 0.8940
2025-08-11 01:03:33,325 - Rank 2 - Validation Loss: 0.2379, Validation Accuracy: 0.8919
2025-08-11 01:05:34,565 - Rank 2 - Train Loss: 0.2344, Train Accuracy: 0.8937
2025-08-11 01:05:42,674 - Rank 2 - Validation Loss: 0.2375, Validation Accuracy: 0.8920
2025-08-11 01:07:43,206 - Rank 2 - Train Loss: 0.2331, Train Accuracy: 0.8942
2025-08-11 01:07:51,209 - Rank 2 - Validation Loss: 0.2392, Validation Accuracy: 0.8917
2025-08-11 01:09:52,235 - Rank 2 - Train Loss: 0.2335, Train Accuracy: 0.8943
2025-08-11 01:10:00,191 - Rank 2 - Validation Loss: 0.2370, Validation Accuracy: 0.8921
2025-08-11 01:12:00,490 - Rank 2 - Train Loss: 0.2339, Train Accuracy: 0.8940
2025-08-11 01:12:08,770 - Rank 2 - Validation Loss: 0.2380, Validation Accuracy: 0.8917
2025-08-11 01:14:01,598 - Rank 2 - Train Loss: 0.2319, Train Accuracy: 0.8947
2025-08-11 01:14:09,304 - Rank 2 - Validation Loss: 0.2371, Validation Accuracy: 0.8921
2025-08-11 01:16:09,230 - Rank 2 - Train Loss: 0.2340, Train Accuracy: 0.8936
2025-08-11 01:16:16,933 - Rank 2 - Validation Loss: 0.2363, Validation Accuracy: 0.8924
2025-08-11 01:18:17,702 - Rank 2 - Train Loss: 0.2333, Train Accuracy: 0.8943
2025-08-11 01:18:25,765 - Rank 2 - Validation Loss: 0.2369, Validation Accuracy: 0.8923
2025-08-11 01:20:26,229 - Rank 2 - Train Loss: 0.2340, Train Accuracy: 0.8939
2025-08-11 01:20:34,552 - Rank 2 - Validation Loss: 0.2365, Validation Accuracy: 0.8922
2025-08-11 01:22:34,355 - Rank 2 - Train Loss: 0.2325, Train Accuracy: 0.8947
2025-08-11 01:22:42,769 - Rank 2 - Validation Loss: 0.2371, Validation Accuracy: 0.8925
2025-08-11 01:24:43,694 - Rank 2 - Train Loss: 0.2317, Train Accuracy: 0.8947
2025-08-11 01:24:51,923 - Rank 2 - Validation Loss: 0.2369, Validation Accuracy: 0.8927
2025-08-11 01:26:50,978 - Rank 2 - Train Loss: 0.2324, Train Accuracy: 0.8947
2025-08-11 01:26:58,408 - Rank 2 - Validation Loss: 0.2369, Validation Accuracy: 0.8920
2025-08-11 01:28:52,494 - Rank 2 - Train Loss: 0.2332, Train Accuracy: 0.8941
2025-08-11 01:29:00,310 - Rank 2 - Validation Loss: 0.2359, Validation Accuracy: 0.8928
2025-08-11 01:31:00,330 - Rank 2 - Train Loss: 0.2326, Train Accuracy: 0.8944
2025-08-11 01:31:08,004 - Rank 2 - Validation Loss: 0.2352, Validation Accuracy: 0.8927
2025-08-11 01:33:07,811 - Rank 2 - Train Loss: 0.2326, Train Accuracy: 0.8945
2025-08-11 01:33:16,144 - Rank 2 - Validation Loss: 0.2370, Validation Accuracy: 0.8919
2025-08-11 01:35:16,155 - Rank 2 - Train Loss: 0.2312, Train Accuracy: 0.8946
2025-08-11 01:35:24,214 - Rank 2 - Validation Loss: 0.2375, Validation Accuracy: 0.8922
2025-08-11 01:37:23,804 - Rank 2 - Train Loss: 0.2311, Train Accuracy: 0.8949
2025-08-11 01:37:31,839 - Rank 2 - Validation Loss: 0.2357, Validation Accuracy: 0.8927
2025-08-11 01:39:32,725 - Rank 2 - Train Loss: 0.2308, Train Accuracy: 0.8952
2025-08-11 01:39:41,593 - Rank 2 - Validation Loss: 0.2366, Validation Accuracy: 0.8925
2025-08-11 01:41:37,872 - Rank 2 - Train Loss: 0.2320, Train Accuracy: 0.8947
2025-08-11 01:41:46,531 - Rank 2 - Validation Loss: 0.2366, Validation Accuracy: 0.8921
2025-08-11 01:43:42,519 - Rank 2 - Train Loss: 0.2307, Train Accuracy: 0.8952
2025-08-11 01:43:50,576 - Rank 2 - Validation Loss: 0.2350, Validation Accuracy: 0.8931
2025-08-11 01:45:50,585 - Rank 2 - Train Loss: 0.2318, Train Accuracy: 0.8945
2025-08-11 01:45:58,393 - Rank 2 - Validation Loss: 0.2373, Validation Accuracy: 0.8923
2025-08-11 01:47:58,001 - Rank 2 - Train Loss: 0.2302, Train Accuracy: 0.8950
2025-08-11 01:48:06,159 - Rank 2 - Validation Loss: 0.2364, Validation Accuracy: 0.8923
2025-08-11 01:50:04,638 - Rank 2 - Train Loss: 0.2314, Train Accuracy: 0.8951
2025-08-11 01:50:12,216 - Rank 2 - Validation Loss: 0.2357, Validation Accuracy: 0.8926
2025-08-11 01:52:11,247 - Rank 2 - Train Loss: 0.2302, Train Accuracy: 0.8955
2025-08-11 01:52:19,557 - Rank 2 - Validation Loss: 0.2352, Validation Accuracy: 0.8926
2025-08-11 01:54:20,009 - Rank 2 - Train Loss: 0.2295, Train Accuracy: 0.8957
2025-08-11 01:54:28,512 - Rank 2 - Validation Loss: 0.2362, Validation Accuracy: 0.8924
2025-08-11 01:56:22,671 - Rank 2 - Train Loss: 0.2287, Train Accuracy: 0.8958
2025-08-11 01:56:30,922 - Rank 2 - Validation Loss: 0.2353, Validation Accuracy: 0.8930
2025-08-11 01:58:29,973 - Rank 2 - Train Loss: 0.2306, Train Accuracy: 0.8952
2025-08-11 01:58:38,081 - Rank 2 - Validation Loss: 0.2340, Validation Accuracy: 0.8932
2025-08-11 02:00:38,953 - Rank 2 - Train Loss: 0.2302, Train Accuracy: 0.8953
2025-08-11 02:00:47,388 - Rank 2 - Validation Loss: 0.2365, Validation Accuracy: 0.8923
2025-08-11 02:02:46,342 - Rank 2 - Train Loss: 0.2299, Train Accuracy: 0.8957
2025-08-11 02:02:54,560 - Rank 2 - Validation Loss: 0.2355, Validation Accuracy: 0.8928
2025-08-11 02:04:55,302 - Rank 2 - Train Loss: 0.2297, Train Accuracy: 0.8954
2025-08-11 02:05:03,756 - Rank 2 - Validation Loss: 0.2350, Validation Accuracy: 0.8930
2025-08-11 02:07:03,593 - Rank 2 - Train Loss: 0.2297, Train Accuracy: 0.8955
2025-08-11 02:07:11,933 - Rank 2 - Validation Loss: 0.2353, Validation Accuracy: 0.8929
2025-08-11 02:09:11,743 - Rank 2 - Train Loss: 0.2304, Train Accuracy: 0.8952
2025-08-11 02:09:19,708 - Rank 2 - Validation Loss: 0.2350, Validation Accuracy: 0.8932
2025-08-11 02:11:12,847 - Rank 2 - Train Loss: 0.2282, Train Accuracy: 0.8962
2025-08-11 02:11:20,864 - Rank 2 - Validation Loss: 0.2348, Validation Accuracy: 0.8931
2025-08-11 02:13:20,764 - Rank 2 - Train Loss: 0.2301, Train Accuracy: 0.8953
2025-08-11 02:13:28,815 - Rank 2 - Validation Loss: 0.2356, Validation Accuracy: 0.8928
2025-08-11 02:15:28,082 - Rank 2 - Train Loss: 0.2284, Train Accuracy: 0.8959
2025-08-11 02:15:36,533 - Rank 2 - Validation Loss: 0.2347, Validation Accuracy: 0.8927
2025-08-11 02:17:36,108 - Rank 2 - Train Loss: 0.2283, Train Accuracy: 0.8960
2025-08-11 02:17:43,803 - Rank 2 - Validation Loss: 0.2354, Validation Accuracy: 0.8929
2025-08-11 02:19:44,782 - Rank 2 - Train Loss: 0.2286, Train Accuracy: 0.8957
2025-08-11 02:19:53,227 - Rank 2 - Validation Loss: 0.2335, Validation Accuracy: 0.8933
2025-08-11 02:21:53,667 - Rank 2 - Train Loss: 0.2282, Train Accuracy: 0.8963
2025-08-11 02:22:01,623 - Rank 2 - Validation Loss: 0.2348, Validation Accuracy: 0.8927
2025-08-11 02:24:02,534 - Rank 2 - Train Loss: 0.2290, Train Accuracy: 0.8958
2025-08-11 02:24:10,505 - Rank 2 - Validation Loss: 0.2343, Validation Accuracy: 0.8932
2025-08-11 02:26:03,501 - Rank 2 - Train Loss: 0.2286, Train Accuracy: 0.8958
2025-08-11 02:26:11,478 - Rank 2 - Validation Loss: 0.2343, Validation Accuracy: 0.8931
2025-08-11 02:28:11,995 - Rank 2 - Train Loss: 0.2280, Train Accuracy: 0.8960
2025-08-11 02:28:19,938 - Rank 2 - Validation Loss: 0.2332, Validation Accuracy: 0.8938
2025-08-11 02:30:19,443 - Rank 2 - Train Loss: 0.2279, Train Accuracy: 0.8959
2025-08-11 02:30:27,405 - Rank 2 - Validation Loss: 0.2342, Validation Accuracy: 0.8935
2025-08-11 02:32:27,434 - Rank 2 - Train Loss: 0.2279, Train Accuracy: 0.8962
2025-08-11 02:32:35,264 - Rank 2 - Validation Loss: 0.2339, Validation Accuracy: 0.8933
2025-08-11 02:34:35,929 - Rank 2 - Train Loss: 0.2264, Train Accuracy: 0.8966
2025-08-11 02:34:43,841 - Rank 2 - Validation Loss: 0.2346, Validation Accuracy: 0.8931
2025-08-11 02:36:44,977 - Rank 2 - Train Loss: 0.2283, Train Accuracy: 0.8959
2025-08-11 02:36:52,811 - Rank 2 - Validation Loss: 0.2349, Validation Accuracy: 0.8930
2025-08-11 02:38:53,477 - Rank 2 - Train Loss: 0.2267, Train Accuracy: 0.8967
2025-08-11 02:39:01,295 - Rank 2 - Validation Loss: 0.2342, Validation Accuracy: 0.8929
2025-08-11 02:40:55,209 - Rank 2 - Train Loss: 0.2271, Train Accuracy: 0.8964
2025-08-11 02:41:03,304 - Rank 2 - Validation Loss: 0.2349, Validation Accuracy: 0.8931
2025-08-11 02:43:03,403 - Rank 2 - Train Loss: 0.2266, Train Accuracy: 0.8968
2025-08-11 02:43:11,224 - Rank 2 - Validation Loss: 0.2348, Validation Accuracy: 0.8935
2025-08-11 02:45:10,957 - Rank 2 - Train Loss: 0.2273, Train Accuracy: 0.8968
2025-08-11 02:45:18,483 - Rank 2 - Validation Loss: 0.2342, Validation Accuracy: 0.8934
2025-08-11 02:47:18,881 - Rank 2 - Train Loss: 0.2272, Train Accuracy: 0.8968
2025-08-11 02:47:26,524 - Rank 2 - Validation Loss: 0.2343, Validation Accuracy: 0.8933
2025-08-11 02:49:27,125 - Rank 2 - Train Loss: 0.2265, Train Accuracy: 0.8967
2025-08-11 02:49:35,252 - Rank 2 - Validation Loss: 0.2345, Validation Accuracy: 0.8934
2025-08-11 02:51:35,136 - Rank 2 - Train Loss: 0.2262, Train Accuracy: 0.8967
2025-08-11 02:51:43,076 - Rank 2 - Validation Loss: 0.2321, Validation Accuracy: 0.8941
2025-08-11 02:53:43,316 - Rank 2 - Train Loss: 0.2261, Train Accuracy: 0.8968
2025-08-11 02:53:51,246 - Rank 2 - Validation Loss: 0.2347, Validation Accuracy: 0.8935
2025-08-11 02:55:46,177 - Rank 2 - Train Loss: 0.2254, Train Accuracy: 0.8969
2025-08-11 02:55:54,220 - Rank 2 - Validation Loss: 0.2334, Validation Accuracy: 0.8938
2025-08-11 02:57:55,077 - Rank 2 - Train Loss: 0.2260, Train Accuracy: 0.8968
2025-08-11 02:58:03,153 - Rank 2 - Validation Loss: 0.2333, Validation Accuracy: 0.8937
2025-08-11 03:00:03,265 - Rank 2 - Train Loss: 0.2254, Train Accuracy: 0.8969
2025-08-11 03:00:10,816 - Rank 2 - Validation Loss: 0.2325, Validation Accuracy: 0.8940
2025-08-11 03:02:13,645 - Rank 2 - Train Loss: 0.2261, Train Accuracy: 0.8965
2025-08-11 03:02:21,739 - Rank 2 - Validation Loss: 0.2338, Validation Accuracy: 0.8937
2025-08-11 03:04:23,126 - Rank 2 - Train Loss: 0.2266, Train Accuracy: 0.8966
2025-08-11 03:04:30,775 - Rank 2 - Validation Loss: 0.2329, Validation Accuracy: 0.8939
2025-08-11 03:06:32,675 - Rank 2 - Train Loss: 0.2254, Train Accuracy: 0.8970
2025-08-11 03:06:40,834 - Rank 2 - Validation Loss: 0.2350, Validation Accuracy: 0.8931
2025-08-11 03:08:35,973 - Rank 2 - Train Loss: 0.2251, Train Accuracy: 0.8972
2025-08-11 03:08:43,995 - Rank 2 - Validation Loss: 0.2332, Validation Accuracy: 0.8934
2025-08-11 03:10:43,561 - Rank 2 - Train Loss: 0.2248, Train Accuracy: 0.8974
2025-08-11 03:10:51,420 - Rank 2 - Validation Loss: 0.2330, Validation Accuracy: 0.8936
2025-08-11 03:12:51,886 - Rank 2 - Train Loss: 0.2248, Train Accuracy: 0.8975
2025-08-11 03:13:00,215 - Rank 2 - Validation Loss: 0.2328, Validation Accuracy: 0.8940
2025-08-11 03:15:00,353 - Rank 2 - Train Loss: 0.2242, Train Accuracy: 0.8976
2025-08-11 03:15:08,417 - Rank 2 - Validation Loss: 0.2317, Validation Accuracy: 0.8943
2025-08-11 03:17:08,279 - Rank 2 - Train Loss: 0.2242, Train Accuracy: 0.8974
2025-08-11 03:17:16,123 - Rank 2 - Validation Loss: 0.2323, Validation Accuracy: 0.8943
2025-08-11 03:19:17,295 - Rank 2 - Train Loss: 0.2253, Train Accuracy: 0.8972
2025-08-11 03:19:25,002 - Rank 2 - Validation Loss: 0.2328, Validation Accuracy: 0.8938
2025-08-11 03:21:26,976 - Rank 2 - Train Loss: 0.2249, Train Accuracy: 0.8970
2025-08-11 03:21:35,321 - Rank 2 - Validation Loss: 0.2327, Validation Accuracy: 0.8938
2025-08-11 03:23:28,451 - Rank 2 - Train Loss: 0.2235, Train Accuracy: 0.8978
2025-08-11 03:23:36,924 - Rank 2 - Validation Loss: 0.2320, Validation Accuracy: 0.8942
2025-08-11 03:25:37,338 - Rank 2 - Train Loss: 0.2243, Train Accuracy: 0.8977
2025-08-11 03:25:45,318 - Rank 2 - Validation Loss: 0.2335, Validation Accuracy: 0.8936
2025-08-11 03:27:45,298 - Rank 2 - Train Loss: 0.2235, Train Accuracy: 0.8977
2025-08-11 03:27:53,554 - Rank 2 - Validation Loss: 0.2334, Validation Accuracy: 0.8935
2025-08-11 03:29:54,187 - Rank 2 - Train Loss: 0.2239, Train Accuracy: 0.8977
2025-08-11 03:30:02,310 - Rank 2 - Validation Loss: 0.2336, Validation Accuracy: 0.8936
2025-08-11 03:32:02,290 - Rank 2 - Train Loss: 0.2240, Train Accuracy: 0.8976
2025-08-11 03:32:10,147 - Rank 2 - Validation Loss: 0.2315, Validation Accuracy: 0.8940
2025-08-11 03:34:11,168 - Rank 2 - Train Loss: 0.2241, Train Accuracy: 0.8974
2025-08-11 03:34:19,150 - Rank 2 - Validation Loss: 0.2323, Validation Accuracy: 0.8942
2025-08-11 03:36:19,757 - Rank 2 - Train Loss: 0.2237, Train Accuracy: 0.8973
2025-08-11 03:36:27,672 - Rank 2 - Validation Loss: 0.2328, Validation Accuracy: 0.8940
2025-08-11 03:38:14,470 - Rank 2 - Train Loss: 0.2232, Train Accuracy: 0.8977
2025-08-11 03:38:22,303 - Rank 2 - Validation Loss: 0.2332, Validation Accuracy: 0.8938
2025-08-11 03:40:00,053 - Rank 2 - Train Loss: 0.2227, Train Accuracy: 0.8981
2025-08-11 03:40:08,588 - Rank 2 - Validation Loss: 0.2330, Validation Accuracy: 0.8940
2025-08-11 03:41:40,594 - Rank 2 - Train Loss: 0.2235, Train Accuracy: 0.8979
2025-08-11 03:41:48,846 - Rank 2 - Validation Loss: 0.2324, Validation Accuracy: 0.8937
2025-08-11 03:43:21,960 - Rank 2 - Train Loss: 0.2230, Train Accuracy: 0.8979
2025-08-11 03:43:30,682 - Rank 2 - Validation Loss: 0.2327, Validation Accuracy: 0.8941
2025-08-11 03:45:02,373 - Rank 2 - Train Loss: 0.2227, Train Accuracy: 0.8981
2025-08-11 03:45:10,788 - Rank 2 - Validation Loss: 0.2338, Validation Accuracy: 0.8935
2025-08-11 03:46:42,850 - Rank 2 - Train Loss: 0.2225, Train Accuracy: 0.8981
2025-08-11 03:46:51,203 - Rank 2 - Validation Loss: 0.2325, Validation Accuracy: 0.8939
2025-08-11 03:48:24,009 - Rank 2 - Train Loss: 0.2231, Train Accuracy: 0.8980
2025-08-11 03:48:32,472 - Rank 2 - Validation Loss: 0.2317, Validation Accuracy: 0.8944
2025-08-11 03:50:18,778 - Rank 2 - Train Loss: 0.2223, Train Accuracy: 0.8982
2025-08-11 03:50:26,826 - Rank 2 - Validation Loss: 0.2312, Validation Accuracy: 0.8946
2025-08-11 03:52:17,901 - Rank 2 - Train Loss: 0.2220, Train Accuracy: 0.8984
2025-08-11 03:52:26,393 - Rank 2 - Validation Loss: 0.2321, Validation Accuracy: 0.8941
2025-08-11 03:54:25,383 - Rank 2 - Train Loss: 0.2234, Train Accuracy: 0.8980
2025-08-11 03:54:33,520 - Rank 2 - Validation Loss: 0.2327, Validation Accuracy: 0.8941
2025-08-11 05:11:50,234 - Rank 2 - Starting training
2025-08-11 05:12:12,873 - Rank 2 - No checkpoint found at checkpoints_dummy/macformer_checkpoint.pth, starting from scratch
2025-08-11 05:13:47,405 - Rank 2 - Train Loss: 1.6544, Train Accuracy: 0.4867
2025-08-11 05:14:18,468 - Rank 2 - Starting training
2025-08-11 05:14:40,082 - Rank 2 - No checkpoint found at checkpoints_dummy/macformer_checkpoint.pth, starting from scratch
2025-08-11 05:26:56,556 - Rank 2 - Starting training
2025-08-11 05:27:10,723 - Rank 2 - No checkpoint found at checkpoints_dummy/macformer_checkpoint.pth, starting from scratch
