2025-08-10 06:44:21,859 - Rank 6 - Starting training on rank 6
2025-08-10 06:58:59,601 - Rank 6 - Starting training
2025-08-10 06:59:20,073 - Rank 6 - No checkpoint found at checkpoints/macformer_checkpoint.pth, starting from scratch
2025-08-10 07:01:53,026 - Rank 6 - Train Loss: 1.6592, Train Accuracy: 0.4850
2025-08-10 07:02:02,211 - Rank 6 - Validation Loss: 1.3364, Validation Accuracy: 0.5511
2025-08-10 07:04:16,312 - Rank 6 - Starting training
2025-08-10 07:04:37,708 - Rank 6 - No checkpoint found at checkpoints/macformer_checkpoint.pth, starting from scratch
2025-08-10 07:06:58,022 - Rank 6 - Train Loss: 1.6592, Train Accuracy: 0.4850
2025-08-10 07:07:08,166 - Rank 6 - Validation Loss: 1.3365, Validation Accuracy: 0.5512
2025-08-10 07:09:22,885 - Rank 6 - Train Loss: 1.2917, Train Accuracy: 0.5597
2025-08-10 07:09:33,280 - Rank 6 - Validation Loss: 1.2127, Validation Accuracy: 0.5778
2025-08-10 07:12:04,861 - Rank 6 - Train Loss: 1.1884, Train Accuracy: 0.5852
2025-08-10 07:12:14,978 - Rank 6 - Validation Loss: 1.1455, Validation Accuracy: 0.5968
2025-08-10 07:14:45,588 - Rank 6 - Train Loss: 1.1217, Train Accuracy: 0.6031
2025-08-10 07:14:55,470 - Rank 6 - Validation Loss: 1.0903, Validation Accuracy: 0.6118
2025-08-10 07:17:26,304 - Rank 6 - Train Loss: 1.0722, Train Accuracy: 0.6163
2025-08-10 07:17:36,447 - Rank 6 - Validation Loss: 1.0301, Validation Accuracy: 0.6285
2025-08-10 07:20:10,865 - Rank 6 - Train Loss: 1.0328, Train Accuracy: 0.6273
2025-08-10 07:20:21,096 - Rank 6 - Validation Loss: 0.9952, Validation Accuracy: 0.6386
2025-08-10 07:23:00,471 - Rank 6 - Train Loss: 0.9984, Train Accuracy: 0.6377
2025-08-10 07:23:10,425 - Rank 6 - Validation Loss: 0.9512, Validation Accuracy: 0.6516
2025-08-10 07:26:16,573 - Rank 6 - Train Loss: 0.9664, Train Accuracy: 0.6466
2025-08-10 07:26:26,574 - Rank 6 - Validation Loss: 0.9204, Validation Accuracy: 0.6624
2025-08-10 07:29:30,749 - Rank 6 - Train Loss: 0.9409, Train Accuracy: 0.6545
2025-08-10 07:29:40,671 - Rank 6 - Validation Loss: 0.8874, Validation Accuracy: 0.6729
2025-08-10 07:32:29,063 - Rank 6 - Train Loss: 0.9148, Train Accuracy: 0.6629
2025-08-10 07:32:39,613 - Rank 6 - Validation Loss: 0.8919, Validation Accuracy: 0.6715
2025-08-10 07:34:47,495 - Rank 6 - Train Loss: 0.8949, Train Accuracy: 0.6687
2025-08-10 07:34:58,139 - Rank 6 - Validation Loss: 0.8576, Validation Accuracy: 0.6831
2025-08-10 07:37:04,034 - Rank 6 - Train Loss: 0.8742, Train Accuracy: 0.6758
2025-08-10 07:37:14,329 - Rank 6 - Validation Loss: 0.8232, Validation Accuracy: 0.6932
2025-08-10 07:39:20,766 - Rank 6 - Train Loss: 0.8572, Train Accuracy: 0.6811
2025-08-10 07:39:31,304 - Rank 6 - Validation Loss: 0.8404, Validation Accuracy: 0.6912
2025-08-10 07:41:37,016 - Rank 6 - Train Loss: 0.8395, Train Accuracy: 0.6866
2025-08-10 07:41:47,382 - Rank 6 - Validation Loss: 0.7896, Validation Accuracy: 0.7052
2025-08-10 07:43:52,443 - Rank 6 - Train Loss: 0.8227, Train Accuracy: 0.6926
2025-08-10 07:44:01,373 - Rank 6 - Validation Loss: 0.7661, Validation Accuracy: 0.7125
2025-08-10 07:46:15,978 - Rank 6 - Train Loss: 0.8099, Train Accuracy: 0.6962
2025-08-10 07:46:26,366 - Rank 6 - Validation Loss: 0.7658, Validation Accuracy: 0.7143
2025-08-10 07:49:41,669 - Rank 6 - Train Loss: 0.7962, Train Accuracy: 0.7013
2025-08-10 07:49:51,537 - Rank 6 - Validation Loss: 0.7465, Validation Accuracy: 0.7202
2025-08-10 07:53:30,816 - Rank 6 - Train Loss: 0.7807, Train Accuracy: 0.7064
2025-08-10 07:53:40,844 - Rank 6 - Validation Loss: 0.7253, Validation Accuracy: 0.7258
2025-08-10 07:56:56,603 - Rank 6 - Train Loss: 0.7724, Train Accuracy: 0.7087
2025-08-10 07:57:06,294 - Rank 6 - Validation Loss: 0.7156, Validation Accuracy: 0.7296
2025-08-10 07:59:17,735 - Rank 6 - Train Loss: 0.7603, Train Accuracy: 0.7134
2025-08-10 07:59:27,575 - Rank 6 - Validation Loss: 0.6968, Validation Accuracy: 0.7359
2025-08-10 08:01:23,775 - Rank 6 - Train Loss: 0.7476, Train Accuracy: 0.7173
2025-08-10 08:01:34,491 - Rank 6 - Validation Loss: 0.7001, Validation Accuracy: 0.7341
2025-08-10 08:03:31,366 - Rank 6 - Train Loss: 0.7378, Train Accuracy: 0.7204
2025-08-10 08:03:42,015 - Rank 6 - Validation Loss: 0.6848, Validation Accuracy: 0.7390
2025-08-10 08:05:38,114 - Rank 6 - Train Loss: 0.7287, Train Accuracy: 0.7235
2025-08-10 08:05:48,395 - Rank 6 - Validation Loss: 0.6745, Validation Accuracy: 0.7428
2025-08-10 08:07:45,490 - Rank 6 - Train Loss: 0.7167, Train Accuracy: 0.7275
2025-08-10 08:07:56,139 - Rank 6 - Validation Loss: 0.6720, Validation Accuracy: 0.7446
2025-08-10 08:09:53,373 - Rank 6 - Train Loss: 0.7078, Train Accuracy: 0.7303
2025-08-10 08:10:03,510 - Rank 6 - Validation Loss: 0.6723, Validation Accuracy: 0.7458
2025-08-10 08:12:00,386 - Rank 6 - Train Loss: 0.7007, Train Accuracy: 0.7327
2025-08-10 08:12:11,407 - Rank 6 - Validation Loss: 0.6396, Validation Accuracy: 0.7558
2025-08-10 08:14:02,768 - Rank 6 - Train Loss: 0.6940, Train Accuracy: 0.7349
2025-08-10 08:14:12,583 - Rank 6 - Validation Loss: 0.6356, Validation Accuracy: 0.7564
2025-08-10 08:16:09,798 - Rank 6 - Train Loss: 0.6858, Train Accuracy: 0.7375
2025-08-10 08:16:20,389 - Rank 6 - Validation Loss: 0.6313, Validation Accuracy: 0.7582
2025-08-10 08:18:15,461 - Rank 6 - Train Loss: 0.6760, Train Accuracy: 0.7410
2025-08-10 08:18:26,217 - Rank 6 - Validation Loss: 0.6236, Validation Accuracy: 0.7607
2025-08-10 08:20:23,300 - Rank 6 - Train Loss: 0.6692, Train Accuracy: 0.7436
2025-08-10 08:20:33,637 - Rank 6 - Validation Loss: 0.6124, Validation Accuracy: 0.7647
2025-08-10 08:22:30,465 - Rank 6 - Train Loss: 0.6623, Train Accuracy: 0.7457
2025-08-10 08:22:40,848 - Rank 6 - Validation Loss: 0.6084, Validation Accuracy: 0.7658
2025-08-10 08:24:42,081 - Rank 6 - Train Loss: 0.6549, Train Accuracy: 0.7479
2025-08-10 08:24:52,057 - Rank 6 - Validation Loss: 0.5986, Validation Accuracy: 0.7690
2025-08-10 08:26:58,280 - Rank 6 - Train Loss: 0.6499, Train Accuracy: 0.7497
2025-08-10 08:27:08,609 - Rank 6 - Validation Loss: 0.5967, Validation Accuracy: 0.7692
2025-08-10 08:29:10,471 - Rank 6 - Train Loss: 0.6424, Train Accuracy: 0.7518
2025-08-10 08:29:20,964 - Rank 6 - Validation Loss: 0.5858, Validation Accuracy: 0.7736
2025-08-10 08:31:23,823 - Rank 6 - Train Loss: 0.6382, Train Accuracy: 0.7534
2025-08-10 08:31:34,887 - Rank 6 - Validation Loss: 0.5890, Validation Accuracy: 0.7713
2025-08-10 08:33:40,665 - Rank 6 - Train Loss: 0.6308, Train Accuracy: 0.7560
2025-08-10 08:33:51,079 - Rank 6 - Validation Loss: 0.5619, Validation Accuracy: 0.7818
2025-08-10 08:35:56,414 - Rank 6 - Train Loss: 0.6253, Train Accuracy: 0.7580
2025-08-10 08:36:07,193 - Rank 6 - Validation Loss: 0.5633, Validation Accuracy: 0.7806
2025-08-10 08:38:12,977 - Rank 6 - Train Loss: 0.6203, Train Accuracy: 0.7593
2025-08-10 08:38:23,623 - Rank 6 - Validation Loss: 0.5687, Validation Accuracy: 0.7780
2025-08-10 08:40:28,421 - Rank 6 - Train Loss: 0.6127, Train Accuracy: 0.7622
2025-08-10 08:40:38,612 - Rank 6 - Validation Loss: 0.5534, Validation Accuracy: 0.7841
2025-08-10 08:42:46,384 - Rank 6 - Train Loss: 0.6073, Train Accuracy: 0.7637
2025-08-10 08:42:55,365 - Rank 6 - Validation Loss: 0.5472, Validation Accuracy: 0.7855
2025-08-10 08:44:49,466 - Rank 6 - Train Loss: 0.6049, Train Accuracy: 0.7650
2025-08-10 08:45:00,211 - Rank 6 - Validation Loss: 0.5490, Validation Accuracy: 0.7848
2025-08-10 08:46:56,890 - Rank 6 - Train Loss: 0.5962, Train Accuracy: 0.7673
2025-08-10 08:47:07,287 - Rank 6 - Validation Loss: 0.5411, Validation Accuracy: 0.7877
2025-08-10 08:49:05,230 - Rank 6 - Train Loss: 0.5931, Train Accuracy: 0.7686
2025-08-10 08:49:16,154 - Rank 6 - Validation Loss: 0.5358, Validation Accuracy: 0.7897
2025-08-10 08:51:20,025 - Rank 6 - Train Loss: 0.5900, Train Accuracy: 0.7698
2025-08-10 08:51:30,494 - Rank 6 - Validation Loss: 0.5313, Validation Accuracy: 0.7908
2025-08-10 08:53:43,380 - Rank 6 - Train Loss: 0.5839, Train Accuracy: 0.7716
2025-08-10 08:53:53,984 - Rank 6 - Validation Loss: 0.5315, Validation Accuracy: 0.7907
2025-08-10 08:55:59,317 - Rank 6 - Train Loss: 0.5800, Train Accuracy: 0.7732
2025-08-10 08:56:09,824 - Rank 6 - Validation Loss: 0.5307, Validation Accuracy: 0.7907
2025-08-10 08:58:40,944 - Rank 6 - Train Loss: 0.5751, Train Accuracy: 0.7747
2025-08-10 08:58:50,924 - Rank 6 - Validation Loss: 0.5144, Validation Accuracy: 0.7974
2025-08-10 09:00:58,793 - Rank 6 - Train Loss: 0.5706, Train Accuracy: 0.7765
2025-08-10 09:01:09,076 - Rank 6 - Validation Loss: 0.5106, Validation Accuracy: 0.7981
2025-08-10 09:03:15,083 - Rank 6 - Train Loss: 0.5677, Train Accuracy: 0.7773
2025-08-10 09:03:25,302 - Rank 6 - Validation Loss: 0.5048, Validation Accuracy: 0.8005
2025-08-10 09:05:28,237 - Rank 6 - Train Loss: 0.5605, Train Accuracy: 0.7802
2025-08-10 09:05:39,052 - Rank 6 - Validation Loss: 0.5019, Validation Accuracy: 0.8015
2025-08-10 09:07:43,351 - Rank 6 - Train Loss: 0.5587, Train Accuracy: 0.7805
2025-08-10 09:07:54,123 - Rank 6 - Validation Loss: 0.5013, Validation Accuracy: 0.8011
2025-08-10 09:09:56,977 - Rank 6 - Train Loss: 0.5534, Train Accuracy: 0.7822
2025-08-10 09:10:07,477 - Rank 6 - Validation Loss: 0.4958, Validation Accuracy: 0.8030
2025-08-10 09:12:11,776 - Rank 6 - Train Loss: 0.5517, Train Accuracy: 0.7828
2025-08-10 09:12:22,291 - Rank 6 - Validation Loss: 0.4982, Validation Accuracy: 0.8023
2025-08-10 09:14:23,065 - Rank 6 - Train Loss: 0.5498, Train Accuracy: 0.7834
2025-08-10 09:14:33,705 - Rank 6 - Validation Loss: 0.4951, Validation Accuracy: 0.8028
2025-08-10 09:16:36,989 - Rank 6 - Train Loss: 0.5428, Train Accuracy: 0.7855
2025-08-10 09:16:46,938 - Rank 6 - Validation Loss: 0.4949, Validation Accuracy: 0.8033
2025-08-10 09:18:52,878 - Rank 6 - Train Loss: 0.5410, Train Accuracy: 0.7864
2025-08-10 09:19:03,957 - Rank 6 - Validation Loss: 0.4798, Validation Accuracy: 0.8089
2025-08-10 09:21:09,086 - Rank 6 - Train Loss: 0.5358, Train Accuracy: 0.7881
2025-08-10 09:21:20,036 - Rank 6 - Validation Loss: 0.4854, Validation Accuracy: 0.8063
2025-08-10 09:23:53,616 - Rank 6 - Train Loss: 0.5353, Train Accuracy: 0.7883
2025-08-10 09:24:03,652 - Rank 6 - Validation Loss: 0.4803, Validation Accuracy: 0.8086
2025-08-10 09:26:40,641 - Rank 6 - Train Loss: 0.5305, Train Accuracy: 0.7903
2025-08-10 09:26:50,948 - Rank 6 - Validation Loss: 0.4766, Validation Accuracy: 0.8096
2025-08-10 09:29:28,170 - Rank 6 - Train Loss: 0.5322, Train Accuracy: 0.7894
2025-08-10 09:29:38,436 - Rank 6 - Validation Loss: 0.4958, Validation Accuracy: 0.8019
2025-08-10 09:32:01,675 - Rank 6 - Train Loss: 0.5290, Train Accuracy: 0.7905
2025-08-10 09:32:11,941 - Rank 6 - Validation Loss: 0.4684, Validation Accuracy: 0.8121
2025-08-10 09:34:08,764 - Rank 6 - Train Loss: 0.5222, Train Accuracy: 0.7928
2025-08-10 09:34:19,227 - Rank 6 - Validation Loss: 0.4790, Validation Accuracy: 0.8083
2025-08-10 09:36:15,396 - Rank 6 - Train Loss: 0.5190, Train Accuracy: 0.7939
2025-08-10 09:36:26,231 - Rank 6 - Validation Loss: 0.4587, Validation Accuracy: 0.8161
2025-08-10 09:38:23,811 - Rank 6 - Train Loss: 0.5168, Train Accuracy: 0.7945
2025-08-10 09:38:34,533 - Rank 6 - Validation Loss: 0.4657, Validation Accuracy: 0.8130
2025-08-10 09:40:32,458 - Rank 6 - Train Loss: 0.5140, Train Accuracy: 0.7957
2025-08-10 09:40:42,495 - Rank 6 - Validation Loss: 0.4563, Validation Accuracy: 0.8168
2025-08-10 09:42:32,243 - Rank 6 - Train Loss: 0.5097, Train Accuracy: 0.7972
2025-08-10 09:42:42,399 - Rank 6 - Validation Loss: 0.4506, Validation Accuracy: 0.8191
2025-08-10 09:44:38,831 - Rank 6 - Train Loss: 0.5095, Train Accuracy: 0.7972
2025-08-10 09:44:49,012 - Rank 6 - Validation Loss: 0.4497, Validation Accuracy: 0.8189
2025-08-10 09:46:46,370 - Rank 6 - Train Loss: 0.5056, Train Accuracy: 0.7987
2025-08-10 09:46:57,207 - Rank 6 - Validation Loss: 0.4504, Validation Accuracy: 0.8186
2025-08-10 09:48:54,741 - Rank 6 - Train Loss: 0.5024, Train Accuracy: 0.7996
2025-08-10 09:49:05,520 - Rank 6 - Validation Loss: 0.4469, Validation Accuracy: 0.8203
2025-08-10 09:51:01,617 - Rank 6 - Train Loss: 0.4982, Train Accuracy: 0.8011
2025-08-10 09:51:12,246 - Rank 6 - Validation Loss: 0.4472, Validation Accuracy: 0.8197
2025-08-10 09:53:07,559 - Rank 6 - Train Loss: 0.4950, Train Accuracy: 0.8022
2025-08-10 09:53:17,918 - Rank 6 - Validation Loss: 0.4432, Validation Accuracy: 0.8211
2025-08-10 09:55:15,958 - Rank 6 - Train Loss: 0.4950, Train Accuracy: 0.8021
2025-08-10 09:55:26,177 - Rank 6 - Validation Loss: 0.4388, Validation Accuracy: 0.8231
2025-08-10 09:57:18,199 - Rank 6 - Train Loss: 0.4929, Train Accuracy: 0.8027
2025-08-10 09:57:28,169 - Rank 6 - Validation Loss: 0.4368, Validation Accuracy: 0.8235
2025-08-10 09:59:26,426 - Rank 6 - Train Loss: 0.4901, Train Accuracy: 0.8040
2025-08-10 09:59:36,855 - Rank 6 - Validation Loss: 0.4356, Validation Accuracy: 0.8245
2025-08-10 10:01:32,963 - Rank 6 - Train Loss: 0.4885, Train Accuracy: 0.8043
2025-08-10 10:01:43,479 - Rank 6 - Validation Loss: 0.4307, Validation Accuracy: 0.8259
2025-08-10 10:03:40,774 - Rank 6 - Train Loss: 0.4848, Train Accuracy: 0.8058
2025-08-10 10:03:51,375 - Rank 6 - Validation Loss: 0.4372, Validation Accuracy: 0.8231
2025-08-10 10:05:48,891 - Rank 6 - Train Loss: 0.4821, Train Accuracy: 0.8069
2025-08-10 10:05:59,538 - Rank 6 - Validation Loss: 0.4256, Validation Accuracy: 0.8277
2025-08-10 10:07:57,171 - Rank 6 - Train Loss: 0.4798, Train Accuracy: 0.8079
2025-08-10 10:08:07,173 - Rank 6 - Validation Loss: 0.4268, Validation Accuracy: 0.8267
2025-08-10 10:10:02,980 - Rank 6 - Train Loss: 0.4779, Train Accuracy: 0.8081
2025-08-10 10:10:12,535 - Rank 6 - Validation Loss: 0.4241, Validation Accuracy: 0.8278
2025-08-10 10:12:05,167 - Rank 6 - Train Loss: 0.4766, Train Accuracy: 0.8087
2025-08-10 10:12:15,466 - Rank 6 - Validation Loss: 0.4295, Validation Accuracy: 0.8260
2025-08-10 10:14:16,088 - Rank 6 - Train Loss: 0.4750, Train Accuracy: 0.8091
2025-08-10 10:14:26,391 - Rank 6 - Validation Loss: 0.4203, Validation Accuracy: 0.8293
2025-08-10 10:16:23,203 - Rank 6 - Train Loss: 0.4706, Train Accuracy: 0.8106
2025-08-10 10:16:33,740 - Rank 6 - Validation Loss: 0.4186, Validation Accuracy: 0.8299
2025-08-10 10:18:30,598 - Rank 6 - Train Loss: 0.4678, Train Accuracy: 0.8115
2025-08-10 10:18:40,900 - Rank 6 - Validation Loss: 0.4129, Validation Accuracy: 0.8318
2025-08-10 10:20:38,137 - Rank 6 - Train Loss: 0.4661, Train Accuracy: 0.8122
2025-08-10 10:20:49,204 - Rank 6 - Validation Loss: 0.4127, Validation Accuracy: 0.8318
2025-08-10 10:22:46,553 - Rank 6 - Train Loss: 0.4644, Train Accuracy: 0.8130
2025-08-10 10:22:56,716 - Rank 6 - Validation Loss: 0.4119, Validation Accuracy: 0.8321
2025-08-10 10:24:49,755 - Rank 6 - Train Loss: 0.4632, Train Accuracy: 0.8133
2025-08-10 10:25:00,391 - Rank 6 - Validation Loss: 0.4091, Validation Accuracy: 0.8333
2025-08-10 10:26:57,107 - Rank 6 - Train Loss: 0.4609, Train Accuracy: 0.8142
2025-08-10 10:27:07,473 - Rank 6 - Validation Loss: 0.4098, Validation Accuracy: 0.8327
2025-08-10 10:29:05,357 - Rank 6 - Train Loss: 0.4590, Train Accuracy: 0.8147
2025-08-10 10:29:15,657 - Rank 6 - Validation Loss: 0.4064, Validation Accuracy: 0.8343
2025-08-10 10:31:13,896 - Rank 6 - Train Loss: 0.4557, Train Accuracy: 0.8159
2025-08-10 10:31:23,950 - Rank 6 - Validation Loss: 0.4050, Validation Accuracy: 0.8345
2025-08-10 10:33:21,540 - Rank 6 - Train Loss: 0.4560, Train Accuracy: 0.8156
2025-08-10 10:33:31,967 - Rank 6 - Validation Loss: 0.4045, Validation Accuracy: 0.8345
2025-08-10 10:35:28,574 - Rank 6 - Train Loss: 0.4536, Train Accuracy: 0.8164
2025-08-10 10:35:38,848 - Rank 6 - Validation Loss: 0.4013, Validation Accuracy: 0.8355
2025-08-10 10:37:36,512 - Rank 6 - Train Loss: 0.4519, Train Accuracy: 0.8171
2025-08-10 10:37:47,007 - Rank 6 - Validation Loss: 0.3980, Validation Accuracy: 0.8369
2025-08-10 10:39:44,283 - Rank 6 - Train Loss: 0.4509, Train Accuracy: 0.8175
2025-08-10 10:39:54,122 - Rank 6 - Validation Loss: 0.3962, Validation Accuracy: 0.8375
2025-08-10 10:42:26,087 - Rank 6 - Train Loss: 0.4487, Train Accuracy: 0.8184
2025-08-10 10:42:36,337 - Rank 6 - Validation Loss: 0.3987, Validation Accuracy: 0.8361
2025-08-10 10:45:14,422 - Rank 6 - Train Loss: 0.4457, Train Accuracy: 0.8192
2025-08-10 10:45:24,498 - Rank 6 - Validation Loss: 0.3950, Validation Accuracy: 0.8375
2025-08-10 10:48:05,801 - Rank 6 - Train Loss: 0.4453, Train Accuracy: 0.8195
2025-08-10 10:48:16,014 - Rank 6 - Validation Loss: 0.3915, Validation Accuracy: 0.8384
2025-08-10 10:50:25,573 - Rank 6 - Train Loss: 0.4420, Train Accuracy: 0.8205
2025-08-10 10:50:35,859 - Rank 6 - Validation Loss: 0.3902, Validation Accuracy: 0.8397
2025-08-10 10:52:32,239 - Rank 6 - Train Loss: 0.4409, Train Accuracy: 0.8211
2025-08-10 10:52:43,292 - Rank 6 - Validation Loss: 0.3925, Validation Accuracy: 0.8384
2025-08-10 10:54:33,231 - Rank 6 - Train Loss: 0.4393, Train Accuracy: 0.8218
2025-08-10 10:54:43,908 - Rank 6 - Validation Loss: 0.3910, Validation Accuracy: 0.8391
2025-08-10 10:56:39,710 - Rank 6 - Train Loss: 0.4384, Train Accuracy: 0.8218
2025-08-10 10:56:50,414 - Rank 6 - Validation Loss: 0.3883, Validation Accuracy: 0.8401
2025-08-10 10:58:47,808 - Rank 6 - Train Loss: 0.4370, Train Accuracy: 0.8224
2025-08-10 10:58:58,700 - Rank 6 - Validation Loss: 0.3876, Validation Accuracy: 0.8404
2025-08-10 11:00:55,953 - Rank 6 - Train Loss: 0.4349, Train Accuracy: 0.8231
2025-08-10 11:01:06,803 - Rank 6 - Validation Loss: 0.3852, Validation Accuracy: 0.8412
2025-08-10 11:03:03,711 - Rank 6 - Train Loss: 0.4343, Train Accuracy: 0.8234
2025-08-10 11:03:13,953 - Rank 6 - Validation Loss: 0.3926, Validation Accuracy: 0.8380
2025-08-10 11:05:10,814 - Rank 6 - Train Loss: 0.4320, Train Accuracy: 0.8241
2025-08-10 11:05:20,966 - Rank 6 - Validation Loss: 0.3821, Validation Accuracy: 0.8422
2025-08-10 11:07:17,192 - Rank 6 - Train Loss: 0.4295, Train Accuracy: 0.8250
2025-08-10 11:07:27,323 - Rank 6 - Validation Loss: 0.3794, Validation Accuracy: 0.8431
2025-08-10 11:09:16,412 - Rank 6 - Train Loss: 0.4279, Train Accuracy: 0.8255
2025-08-10 11:09:26,506 - Rank 6 - Validation Loss: 0.3836, Validation Accuracy: 0.8413
2025-08-10 11:11:23,660 - Rank 6 - Train Loss: 0.4271, Train Accuracy: 0.8257
2025-08-10 11:11:33,812 - Rank 6 - Validation Loss: 0.3755, Validation Accuracy: 0.8443
2025-08-10 11:13:30,976 - Rank 6 - Train Loss: 0.4267, Train Accuracy: 0.8262
2025-08-10 11:13:41,458 - Rank 6 - Validation Loss: 0.3752, Validation Accuracy: 0.8447
2025-08-10 11:15:38,295 - Rank 6 - Train Loss: 0.4238, Train Accuracy: 0.8271
2025-08-10 11:15:48,568 - Rank 6 - Validation Loss: 0.3754, Validation Accuracy: 0.8446
2025-08-10 11:17:46,065 - Rank 6 - Train Loss: 0.4208, Train Accuracy: 0.8280
2025-08-10 11:17:56,589 - Rank 6 - Validation Loss: 0.3756, Validation Accuracy: 0.8446
2025-08-10 11:19:52,938 - Rank 6 - Train Loss: 0.4219, Train Accuracy: 0.8276
2025-08-10 11:20:03,783 - Rank 6 - Validation Loss: 0.3720, Validation Accuracy: 0.8460
2025-08-10 11:22:01,432 - Rank 6 - Train Loss: 0.4196, Train Accuracy: 0.8288
2025-08-10 11:22:11,681 - Rank 6 - Validation Loss: 0.3700, Validation Accuracy: 0.8464
2025-08-10 11:23:59,945 - Rank 6 - Train Loss: 0.4197, Train Accuracy: 0.8281
2025-08-10 11:24:10,281 - Rank 6 - Validation Loss: 0.3733, Validation Accuracy: 0.8453
2025-08-10 11:26:07,495 - Rank 6 - Train Loss: 0.4178, Train Accuracy: 0.8288
2025-08-10 11:26:18,438 - Rank 6 - Validation Loss: 0.3667, Validation Accuracy: 0.8475
2025-08-10 11:28:20,804 - Rank 6 - Train Loss: 0.4154, Train Accuracy: 0.8299
2025-08-10 11:28:31,223 - Rank 6 - Validation Loss: 0.3669, Validation Accuracy: 0.8478
2025-08-10 11:31:19,144 - Rank 6 - Train Loss: 0.4140, Train Accuracy: 0.8302
2025-08-10 11:31:29,116 - Rank 6 - Validation Loss: 0.3672, Validation Accuracy: 0.8472
2025-08-10 11:34:09,316 - Rank 6 - Train Loss: 0.4120, Train Accuracy: 0.8310
2025-08-10 11:34:19,546 - Rank 6 - Validation Loss: 0.3679, Validation Accuracy: 0.8473
2025-08-10 11:37:02,023 - Rank 6 - Train Loss: 0.4112, Train Accuracy: 0.8313
2025-08-10 11:37:12,390 - Rank 6 - Validation Loss: 0.3645, Validation Accuracy: 0.8486
2025-08-10 11:39:22,952 - Rank 6 - Train Loss: 0.4101, Train Accuracy: 0.8320
2025-08-10 11:39:33,686 - Rank 6 - Validation Loss: 0.3625, Validation Accuracy: 0.8489
2025-08-10 11:41:30,258 - Rank 6 - Train Loss: 0.4080, Train Accuracy: 0.8327
2025-08-10 11:41:40,958 - Rank 6 - Validation Loss: 0.3642, Validation Accuracy: 0.8487
2025-08-10 11:43:38,524 - Rank 6 - Train Loss: 0.4077, Train Accuracy: 0.8325
2025-08-10 11:43:49,008 - Rank 6 - Validation Loss: 0.3622, Validation Accuracy: 0.8489
2025-08-10 11:45:45,405 - Rank 6 - Train Loss: 0.4072, Train Accuracy: 0.8326
2025-08-10 11:45:55,598 - Rank 6 - Validation Loss: 0.3638, Validation Accuracy: 0.8482
2025-08-10 11:47:51,843 - Rank 6 - Train Loss: 0.4061, Train Accuracy: 0.8330
2025-08-10 11:48:02,395 - Rank 6 - Validation Loss: 0.3595, Validation Accuracy: 0.8501
2025-08-10 11:50:02,578 - Rank 6 - Train Loss: 0.4017, Train Accuracy: 0.8345
2025-08-10 11:50:13,353 - Rank 6 - Validation Loss: 0.3582, Validation Accuracy: 0.8506
2025-08-10 11:52:15,861 - Rank 6 - Train Loss: 0.4024, Train Accuracy: 0.8341
2025-08-10 11:52:25,383 - Rank 6 - Validation Loss: 0.3603, Validation Accuracy: 0.8501
2025-08-10 11:54:17,728 - Rank 6 - Train Loss: 0.4011, Train Accuracy: 0.8347
2025-08-10 11:54:28,222 - Rank 6 - Validation Loss: 0.3568, Validation Accuracy: 0.8511
2025-08-10 11:56:25,717 - Rank 6 - Train Loss: 0.3990, Train Accuracy: 0.8361
2025-08-10 11:56:35,778 - Rank 6 - Validation Loss: 0.3573, Validation Accuracy: 0.8512
2025-08-10 11:58:33,453 - Rank 6 - Train Loss: 0.3985, Train Accuracy: 0.8359
2025-08-10 11:58:43,680 - Rank 6 - Validation Loss: 0.3548, Validation Accuracy: 0.8519
2025-08-10 12:00:40,642 - Rank 6 - Train Loss: 0.3965, Train Accuracy: 0.8367
2025-08-10 12:00:51,007 - Rank 6 - Validation Loss: 0.3518, Validation Accuracy: 0.8528
2025-08-10 12:02:47,798 - Rank 6 - Train Loss: 0.3955, Train Accuracy: 0.8368
2025-08-10 12:02:57,791 - Rank 6 - Validation Loss: 0.3520, Validation Accuracy: 0.8529
2025-08-10 12:04:54,844 - Rank 6 - Train Loss: 0.3947, Train Accuracy: 0.8373
2025-08-10 12:05:05,461 - Rank 6 - Validation Loss: 0.3517, Validation Accuracy: 0.8530
2025-08-10 12:07:00,163 - Rank 6 - Train Loss: 0.3931, Train Accuracy: 0.8375
2025-08-10 12:07:09,434 - Rank 6 - Validation Loss: 0.3485, Validation Accuracy: 0.8541
2025-08-10 12:09:01,051 - Rank 6 - Train Loss: 0.3916, Train Accuracy: 0.8383
2025-08-10 12:09:11,210 - Rank 6 - Validation Loss: 0.3482, Validation Accuracy: 0.8544
2025-08-10 12:11:06,108 - Rank 6 - Train Loss: 0.3912, Train Accuracy: 0.8382
2025-08-10 12:11:16,917 - Rank 6 - Validation Loss: 0.3479, Validation Accuracy: 0.8542
2025-08-10 12:13:13,328 - Rank 6 - Train Loss: 0.3894, Train Accuracy: 0.8390
2025-08-10 12:13:23,168 - Rank 6 - Validation Loss: 0.3470, Validation Accuracy: 0.8545
2025-08-10 12:15:19,963 - Rank 6 - Train Loss: 0.3885, Train Accuracy: 0.8395
2025-08-10 12:15:30,129 - Rank 6 - Validation Loss: 0.3491, Validation Accuracy: 0.8540
2025-08-10 12:17:26,286 - Rank 6 - Train Loss: 0.3873, Train Accuracy: 0.8399
2025-08-10 12:17:37,009 - Rank 6 - Validation Loss: 0.3443, Validation Accuracy: 0.8550
2025-08-10 12:19:32,285 - Rank 6 - Train Loss: 0.3855, Train Accuracy: 0.8406
2025-08-10 12:19:42,593 - Rank 6 - Validation Loss: 0.3462, Validation Accuracy: 0.8548
2025-08-10 12:21:36,143 - Rank 6 - Train Loss: 0.3853, Train Accuracy: 0.8405
2025-08-10 12:21:45,903 - Rank 6 - Validation Loss: 0.3453, Validation Accuracy: 0.8550
2025-08-10 12:23:41,796 - Rank 6 - Train Loss: 0.3846, Train Accuracy: 0.8405
2025-08-10 12:23:52,207 - Rank 6 - Validation Loss: 0.3437, Validation Accuracy: 0.8555
2025-08-10 12:25:48,176 - Rank 6 - Train Loss: 0.3846, Train Accuracy: 0.8408
2025-08-10 12:25:58,836 - Rank 6 - Validation Loss: 0.3431, Validation Accuracy: 0.8556
2025-08-10 12:27:55,183 - Rank 6 - Train Loss: 0.3799, Train Accuracy: 0.8420
2025-08-10 12:28:05,634 - Rank 6 - Validation Loss: 0.3445, Validation Accuracy: 0.8546
2025-08-10 12:30:01,874 - Rank 6 - Train Loss: 0.3801, Train Accuracy: 0.8420
2025-08-10 12:30:11,866 - Rank 6 - Validation Loss: 0.3416, Validation Accuracy: 0.8567
2025-08-10 12:32:08,561 - Rank 6 - Train Loss: 0.3810, Train Accuracy: 0.8418
2025-08-10 12:32:18,857 - Rank 6 - Validation Loss: 0.3410, Validation Accuracy: 0.8560
2025-08-10 12:34:15,826 - Rank 6 - Train Loss: 0.3777, Train Accuracy: 0.8431
2025-08-10 12:34:26,359 - Rank 6 - Validation Loss: 0.3367, Validation Accuracy: 0.8579
2025-08-10 12:36:16,474 - Rank 6 - Train Loss: 0.3781, Train Accuracy: 0.8426
2025-08-10 12:36:26,892 - Rank 6 - Validation Loss: 0.3378, Validation Accuracy: 0.8574
2025-08-10 12:38:23,004 - Rank 6 - Train Loss: 0.3785, Train Accuracy: 0.8429
2025-08-10 12:38:33,216 - Rank 6 - Validation Loss: 0.3364, Validation Accuracy: 0.8582
2025-08-10 12:40:29,591 - Rank 6 - Train Loss: 0.3776, Train Accuracy: 0.8432
2025-08-10 12:40:40,174 - Rank 6 - Validation Loss: 0.3421, Validation Accuracy: 0.8561
2025-08-10 12:42:37,091 - Rank 6 - Train Loss: 0.3769, Train Accuracy: 0.8433
2025-08-10 12:42:47,188 - Rank 6 - Validation Loss: 0.3345, Validation Accuracy: 0.8587
2025-08-10 12:44:44,509 - Rank 6 - Train Loss: 0.3737, Train Accuracy: 0.8446
2025-08-10 12:44:55,050 - Rank 6 - Validation Loss: 0.3339, Validation Accuracy: 0.8588
2025-08-10 12:46:51,327 - Rank 6 - Train Loss: 0.3738, Train Accuracy: 0.8444
2025-08-10 12:47:01,573 - Rank 6 - Validation Loss: 0.3333, Validation Accuracy: 0.8590
2025-08-10 12:48:58,518 - Rank 6 - Train Loss: 0.3727, Train Accuracy: 0.8451
2025-08-10 12:49:08,961 - Rank 6 - Validation Loss: 0.3337, Validation Accuracy: 0.8588
2025-08-10 12:51:00,491 - Rank 6 - Train Loss: 0.3712, Train Accuracy: 0.8457
2025-08-10 12:51:10,884 - Rank 6 - Validation Loss: 0.3333, Validation Accuracy: 0.8590
2025-08-10 12:53:13,004 - Rank 6 - Train Loss: 0.3709, Train Accuracy: 0.8455
2025-08-10 12:53:23,325 - Rank 6 - Validation Loss: 0.3313, Validation Accuracy: 0.8597
2025-08-10 12:55:37,289 - Rank 6 - Train Loss: 0.3685, Train Accuracy: 0.8464
2025-08-10 12:55:47,525 - Rank 6 - Validation Loss: 0.3301, Validation Accuracy: 0.8605
2025-08-10 12:58:02,153 - Rank 6 - Train Loss: 0.3685, Train Accuracy: 0.8463
2025-08-10 12:58:12,265 - Rank 6 - Validation Loss: 0.3290, Validation Accuracy: 0.8608
2025-08-10 13:00:26,735 - Rank 6 - Train Loss: 0.3695, Train Accuracy: 0.8460
2025-08-10 13:00:37,310 - Rank 6 - Validation Loss: 0.3291, Validation Accuracy: 0.8606
2025-08-10 13:02:49,793 - Rank 6 - Train Loss: 0.3681, Train Accuracy: 0.8466
2025-08-10 13:03:00,076 - Rank 6 - Validation Loss: 0.3278, Validation Accuracy: 0.8609
2025-08-10 13:04:47,705 - Rank 6 - Train Loss: 0.3662, Train Accuracy: 0.8474
2025-08-10 13:04:57,826 - Rank 6 - Validation Loss: 0.3272, Validation Accuracy: 0.8613
2025-08-10 13:06:52,627 - Rank 6 - Train Loss: 0.3657, Train Accuracy: 0.8473
2025-08-10 13:07:03,093 - Rank 6 - Validation Loss: 0.3269, Validation Accuracy: 0.8612
2025-08-10 13:08:58,434 - Rank 6 - Train Loss: 0.3632, Train Accuracy: 0.8481
2025-08-10 13:09:08,717 - Rank 6 - Validation Loss: 0.3254, Validation Accuracy: 0.8616
2025-08-10 13:11:03,024 - Rank 6 - Train Loss: 0.3636, Train Accuracy: 0.8481
2025-08-10 13:11:13,252 - Rank 6 - Validation Loss: 0.3250, Validation Accuracy: 0.8621
2025-08-10 13:13:08,013 - Rank 6 - Train Loss: 0.3619, Train Accuracy: 0.8487
2025-08-10 13:13:18,668 - Rank 6 - Validation Loss: 0.3240, Validation Accuracy: 0.8625
2025-08-10 13:15:12,976 - Rank 6 - Train Loss: 0.3624, Train Accuracy: 0.8486
2025-08-10 13:15:23,009 - Rank 6 - Validation Loss: 0.3255, Validation Accuracy: 0.8619
2025-08-10 13:17:17,880 - Rank 6 - Train Loss: 0.3614, Train Accuracy: 0.8487
2025-08-10 13:17:27,044 - Rank 6 - Validation Loss: 0.3243, Validation Accuracy: 0.8621
2025-08-10 13:19:16,506 - Rank 6 - Train Loss: 0.3609, Train Accuracy: 0.8490
2025-08-10 13:19:26,975 - Rank 6 - Validation Loss: 0.3266, Validation Accuracy: 0.8615
2025-08-10 13:21:22,157 - Rank 6 - Train Loss: 0.3583, Train Accuracy: 0.8499
2025-08-10 13:21:32,368 - Rank 6 - Validation Loss: 0.3217, Validation Accuracy: 0.8631
2025-08-10 13:23:26,595 - Rank 6 - Train Loss: 0.3581, Train Accuracy: 0.8498
2025-08-10 13:23:37,323 - Rank 6 - Validation Loss: 0.3217, Validation Accuracy: 0.8630
2025-08-10 13:25:33,417 - Rank 6 - Train Loss: 0.3558, Train Accuracy: 0.8508
2025-08-10 13:25:43,729 - Rank 6 - Validation Loss: 0.3193, Validation Accuracy: 0.8638
2025-08-10 13:27:39,875 - Rank 6 - Train Loss: 0.3556, Train Accuracy: 0.8509
2025-08-10 13:27:50,697 - Rank 6 - Validation Loss: 0.3185, Validation Accuracy: 0.8643
2025-08-10 13:29:44,435 - Rank 6 - Train Loss: 0.3546, Train Accuracy: 0.8511
2025-08-10 13:29:54,605 - Rank 6 - Validation Loss: 0.3191, Validation Accuracy: 0.8643
2025-08-10 13:31:43,464 - Rank 6 - Train Loss: 0.3548, Train Accuracy: 0.8512
2025-08-10 13:31:53,000 - Rank 6 - Validation Loss: 0.3180, Validation Accuracy: 0.8647
2025-08-10 13:33:50,988 - Rank 6 - Train Loss: 0.3550, Train Accuracy: 0.8509
2025-08-10 13:34:01,112 - Rank 6 - Validation Loss: 0.3176, Validation Accuracy: 0.8645
2025-08-10 13:36:15,602 - Rank 6 - Train Loss: 0.3529, Train Accuracy: 0.8519
2025-08-10 13:36:26,118 - Rank 6 - Validation Loss: 0.3155, Validation Accuracy: 0.8651
2025-08-10 13:38:32,598 - Rank 6 - Train Loss: 0.3531, Train Accuracy: 0.8516
2025-08-10 13:38:42,636 - Rank 6 - Validation Loss: 0.3154, Validation Accuracy: 0.8654
2025-08-10 13:40:55,984 - Rank 6 - Train Loss: 0.3521, Train Accuracy: 0.8519
2025-08-10 13:41:06,017 - Rank 6 - Validation Loss: 0.3162, Validation Accuracy: 0.8650
2025-08-10 13:43:19,916 - Rank 6 - Train Loss: 0.3504, Train Accuracy: 0.8526
2025-08-10 13:43:29,956 - Rank 6 - Validation Loss: 0.3140, Validation Accuracy: 0.8660
2025-08-10 13:45:43,953 - Rank 6 - Train Loss: 0.3494, Train Accuracy: 0.8529
2025-08-10 13:45:52,813 - Rank 6 - Validation Loss: 0.3143, Validation Accuracy: 0.8655
2025-08-10 13:47:59,696 - Rank 6 - Train Loss: 0.3497, Train Accuracy: 0.8530
2025-08-10 13:48:10,215 - Rank 6 - Validation Loss: 0.3128, Validation Accuracy: 0.8664
2025-08-10 13:50:04,443 - Rank 6 - Train Loss: 0.3475, Train Accuracy: 0.8537
2025-08-10 13:50:15,341 - Rank 6 - Validation Loss: 0.3138, Validation Accuracy: 0.8657
2025-08-10 13:52:08,527 - Rank 6 - Train Loss: 0.3485, Train Accuracy: 0.8533
2025-08-10 13:52:18,814 - Rank 6 - Validation Loss: 0.3110, Validation Accuracy: 0.8671
2025-08-10 13:54:13,580 - Rank 6 - Train Loss: 0.3475, Train Accuracy: 0.8537
2025-08-10 13:54:23,857 - Rank 6 - Validation Loss: 0.3144, Validation Accuracy: 0.8659
2025-08-10 13:56:18,775 - Rank 6 - Train Loss: 0.3445, Train Accuracy: 0.8550
2025-08-10 13:56:29,263 - Rank 6 - Validation Loss: 0.3117, Validation Accuracy: 0.8667
2025-08-10 13:58:39,445 - Rank 6 - Train Loss: 0.3446, Train Accuracy: 0.8549
2025-08-10 13:58:49,696 - Rank 6 - Validation Loss: 0.3113, Validation Accuracy: 0.8667
2025-08-10 14:01:03,779 - Rank 6 - Train Loss: 0.3440, Train Accuracy: 0.8547
2025-08-10 14:01:13,731 - Rank 6 - Validation Loss: 0.3112, Validation Accuracy: 0.8668
2025-08-10 14:03:28,001 - Rank 6 - Train Loss: 0.3442, Train Accuracy: 0.8548
2025-08-10 14:03:38,367 - Rank 6 - Validation Loss: 0.3103, Validation Accuracy: 0.8673
2025-08-10 14:05:53,091 - Rank 6 - Train Loss: 0.3423, Train Accuracy: 0.8555
2025-08-10 14:06:03,369 - Rank 6 - Validation Loss: 0.3070, Validation Accuracy: 0.8681
2025-08-10 14:08:05,759 - Rank 6 - Train Loss: 0.3428, Train Accuracy: 0.8552
2025-08-10 14:08:16,063 - Rank 6 - Validation Loss: 0.3084, Validation Accuracy: 0.8678
2025-08-10 14:10:11,060 - Rank 6 - Train Loss: 0.3417, Train Accuracy: 0.8556
2025-08-10 14:10:21,869 - Rank 6 - Validation Loss: 0.3093, Validation Accuracy: 0.8671
2025-08-10 14:12:16,436 - Rank 6 - Train Loss: 0.3407, Train Accuracy: 0.8560
2025-08-10 14:12:26,693 - Rank 6 - Validation Loss: 0.3078, Validation Accuracy: 0.8679
2025-08-10 14:14:14,290 - Rank 6 - Train Loss: 0.3397, Train Accuracy: 0.8564
2025-08-10 14:14:24,524 - Rank 6 - Validation Loss: 0.3075, Validation Accuracy: 0.8679
2025-08-10 14:16:32,238 - Rank 6 - Train Loss: 0.3403, Train Accuracy: 0.8562
2025-08-10 14:16:42,557 - Rank 6 - Validation Loss: 0.3053, Validation Accuracy: 0.8688
2025-08-10 14:18:56,498 - Rank 6 - Train Loss: 0.3395, Train Accuracy: 0.8566
2025-08-10 14:19:07,053 - Rank 6 - Validation Loss: 0.3063, Validation Accuracy: 0.8683
2025-08-10 14:21:20,910 - Rank 6 - Train Loss: 0.3379, Train Accuracy: 0.8570
2025-08-10 14:21:30,963 - Rank 6 - Validation Loss: 0.3065, Validation Accuracy: 0.8683
2025-08-10 14:23:44,321 - Rank 6 - Train Loss: 0.3381, Train Accuracy: 0.8570
2025-08-10 14:23:54,582 - Rank 6 - Validation Loss: 0.3042, Validation Accuracy: 0.8691
2025-08-10 14:25:52,686 - Rank 6 - Train Loss: 0.3373, Train Accuracy: 0.8570
2025-08-10 14:26:02,848 - Rank 6 - Validation Loss: 0.3045, Validation Accuracy: 0.8690
2025-08-10 14:27:56,640 - Rank 6 - Train Loss: 0.3355, Train Accuracy: 0.8579
2025-08-10 14:28:06,151 - Rank 6 - Validation Loss: 0.3027, Validation Accuracy: 0.8698
2025-08-10 14:30:00,585 - Rank 6 - Train Loss: 0.3353, Train Accuracy: 0.8581
2025-08-10 14:30:10,873 - Rank 6 - Validation Loss: 0.3030, Validation Accuracy: 0.8697
2025-08-10 14:32:08,470 - Rank 6 - Train Loss: 0.3337, Train Accuracy: 0.8587
2025-08-10 14:32:18,883 - Rank 6 - Validation Loss: 0.3015, Validation Accuracy: 0.8699
2025-08-10 14:34:15,004 - Rank 6 - Train Loss: 0.3353, Train Accuracy: 0.8580
2025-08-10 14:34:25,841 - Rank 6 - Validation Loss: 0.3016, Validation Accuracy: 0.8700
2025-08-10 14:36:22,700 - Rank 6 - Train Loss: 0.3334, Train Accuracy: 0.8587
2025-08-10 14:36:32,744 - Rank 6 - Validation Loss: 0.3028, Validation Accuracy: 0.8696
2025-08-10 14:38:30,153 - Rank 6 - Train Loss: 0.3309, Train Accuracy: 0.8594
2025-08-10 14:38:40,870 - Rank 6 - Validation Loss: 0.3012, Validation Accuracy: 0.8698
2025-08-10 14:40:37,766 - Rank 6 - Train Loss: 0.3333, Train Accuracy: 0.8584
2025-08-10 14:40:48,347 - Rank 6 - Validation Loss: 0.3030, Validation Accuracy: 0.8693
2025-08-10 14:42:38,411 - Rank 6 - Train Loss: 0.3313, Train Accuracy: 0.8595
2025-08-10 14:42:48,551 - Rank 6 - Validation Loss: 0.2998, Validation Accuracy: 0.8706
2025-08-10 14:44:45,219 - Rank 6 - Train Loss: 0.3309, Train Accuracy: 0.8594
2025-08-10 14:44:55,545 - Rank 6 - Validation Loss: 0.3033, Validation Accuracy: 0.8695
2025-08-10 14:46:51,994 - Rank 6 - Train Loss: 0.3294, Train Accuracy: 0.8599
2025-08-10 14:47:02,312 - Rank 6 - Validation Loss: 0.2990, Validation Accuracy: 0.8709
2025-08-10 14:48:58,429 - Rank 6 - Train Loss: 0.3301, Train Accuracy: 0.8595
2025-08-10 14:49:09,118 - Rank 6 - Validation Loss: 0.2992, Validation Accuracy: 0.8708
2025-08-10 14:51:06,295 - Rank 6 - Train Loss: 0.3284, Train Accuracy: 0.8605
2025-08-10 14:51:16,769 - Rank 6 - Validation Loss: 0.2982, Validation Accuracy: 0.8710
2025-08-10 14:53:13,685 - Rank 6 - Train Loss: 0.3275, Train Accuracy: 0.8611
2025-08-10 14:53:24,408 - Rank 6 - Validation Loss: 0.2969, Validation Accuracy: 0.8717
2025-08-10 14:55:21,239 - Rank 6 - Train Loss: 0.3290, Train Accuracy: 0.8603
2025-08-10 14:55:31,543 - Rank 6 - Validation Loss: 0.2971, Validation Accuracy: 0.8714
2025-08-10 14:57:22,566 - Rank 6 - Train Loss: 0.3279, Train Accuracy: 0.8606
2025-08-10 14:57:32,949 - Rank 6 - Validation Loss: 0.2964, Validation Accuracy: 0.8714
2025-08-10 14:59:27,837 - Rank 6 - Train Loss: 0.3268, Train Accuracy: 0.8610
2025-08-10 14:59:38,409 - Rank 6 - Validation Loss: 0.2965, Validation Accuracy: 0.8716
2025-08-10 15:01:35,525 - Rank 6 - Train Loss: 0.3243, Train Accuracy: 0.8618
2025-08-10 15:01:46,065 - Rank 6 - Validation Loss: 0.2977, Validation Accuracy: 0.8715
2025-08-10 15:03:42,466 - Rank 6 - Train Loss: 0.3258, Train Accuracy: 0.8609
2025-08-10 15:03:53,301 - Rank 6 - Validation Loss: 0.2957, Validation Accuracy: 0.8719
2025-08-10 15:05:51,230 - Rank 6 - Train Loss: 0.3250, Train Accuracy: 0.8614
2025-08-10 15:06:02,025 - Rank 6 - Validation Loss: 0.2934, Validation Accuracy: 0.8727
2025-08-10 15:07:59,655 - Rank 6 - Train Loss: 0.3237, Train Accuracy: 0.8619
2025-08-10 15:08:10,087 - Rank 6 - Validation Loss: 0.2944, Validation Accuracy: 0.8720
2025-08-10 15:10:05,752 - Rank 6 - Train Loss: 0.3228, Train Accuracy: 0.8625
2025-08-10 15:10:14,996 - Rank 6 - Validation Loss: 0.2949, Validation Accuracy: 0.8721
2025-08-10 15:12:10,599 - Rank 6 - Train Loss: 0.3221, Train Accuracy: 0.8627
2025-08-10 15:12:20,833 - Rank 6 - Validation Loss: 0.2942, Validation Accuracy: 0.8724
2025-08-10 15:14:18,215 - Rank 6 - Train Loss: 0.3216, Train Accuracy: 0.8627
2025-08-10 15:14:28,457 - Rank 6 - Validation Loss: 0.2920, Validation Accuracy: 0.8731
2025-08-10 15:16:23,916 - Rank 6 - Train Loss: 0.3209, Train Accuracy: 0.8630
2025-08-10 15:16:34,414 - Rank 6 - Validation Loss: 0.2941, Validation Accuracy: 0.8722
2025-08-10 15:18:30,671 - Rank 6 - Train Loss: 0.3204, Train Accuracy: 0.8633
2025-08-10 15:18:41,176 - Rank 6 - Validation Loss: 0.2926, Validation Accuracy: 0.8730
2025-08-10 15:20:42,977 - Rank 6 - Train Loss: 0.3203, Train Accuracy: 0.8631
2025-08-10 15:20:53,899 - Rank 6 - Validation Loss: 0.2917, Validation Accuracy: 0.8730
2025-08-10 15:22:58,842 - Rank 6 - Train Loss: 0.3186, Train Accuracy: 0.8638
2025-08-10 15:23:09,459 - Rank 6 - Validation Loss: 0.2913, Validation Accuracy: 0.8733
2025-08-10 15:25:10,685 - Rank 6 - Train Loss: 0.3179, Train Accuracy: 0.8642
2025-08-10 15:25:21,519 - Rank 6 - Validation Loss: 0.2906, Validation Accuracy: 0.8735
2025-08-10 15:27:25,715 - Rank 6 - Train Loss: 0.3190, Train Accuracy: 0.8637
2025-08-10 15:27:36,340 - Rank 6 - Validation Loss: 0.2915, Validation Accuracy: 0.8735
2025-08-10 15:29:41,584 - Rank 6 - Train Loss: 0.3181, Train Accuracy: 0.8639
2025-08-10 15:29:52,567 - Rank 6 - Validation Loss: 0.2896, Validation Accuracy: 0.8740
2025-08-10 15:31:58,074 - Rank 6 - Train Loss: 0.3190, Train Accuracy: 0.8636
2025-08-10 15:32:08,624 - Rank 6 - Validation Loss: 0.2926, Validation Accuracy: 0.8728
2025-08-10 15:34:13,168 - Rank 6 - Train Loss: 0.3165, Train Accuracy: 0.8644
2025-08-10 15:34:24,153 - Rank 6 - Validation Loss: 0.2891, Validation Accuracy: 0.8740
2025-08-10 15:36:25,976 - Rank 6 - Train Loss: 0.3158, Train Accuracy: 0.8648
2025-08-10 15:36:35,901 - Rank 6 - Validation Loss: 0.2900, Validation Accuracy: 0.8736
2025-08-10 15:38:36,301 - Rank 6 - Train Loss: 0.3163, Train Accuracy: 0.8646
2025-08-10 15:38:45,489 - Rank 6 - Validation Loss: 0.2901, Validation Accuracy: 0.8738
2025-08-10 15:40:46,292 - Rank 6 - Train Loss: 0.3157, Train Accuracy: 0.8649
2025-08-10 15:40:56,595 - Rank 6 - Validation Loss: 0.2892, Validation Accuracy: 0.8739
2025-08-10 15:43:32,135 - Rank 6 - Train Loss: 0.3152, Train Accuracy: 0.8650
2025-08-10 15:43:42,271 - Rank 6 - Validation Loss: 0.2877, Validation Accuracy: 0.8746
2025-08-10 15:46:18,167 - Rank 6 - Train Loss: 0.3144, Train Accuracy: 0.8651
2025-08-10 15:46:28,292 - Rank 6 - Validation Loss: 0.2869, Validation Accuracy: 0.8747
2025-08-10 15:49:04,463 - Rank 6 - Train Loss: 0.3146, Train Accuracy: 0.8652
2025-08-10 15:49:14,430 - Rank 6 - Validation Loss: 0.2871, Validation Accuracy: 0.8750
2025-08-10 15:51:32,645 - Rank 6 - Train Loss: 0.3140, Train Accuracy: 0.8653
2025-08-10 15:51:42,809 - Rank 6 - Validation Loss: 0.2846, Validation Accuracy: 0.8756
2025-08-10 15:53:31,526 - Rank 6 - Train Loss: 0.3130, Train Accuracy: 0.8658
2025-08-10 15:53:40,483 - Rank 6 - Validation Loss: 0.2863, Validation Accuracy: 0.8748
2025-08-10 15:55:30,908 - Rank 6 - Train Loss: 0.3123, Train Accuracy: 0.8661
2025-08-10 15:55:41,000 - Rank 6 - Validation Loss: 0.2853, Validation Accuracy: 0.8749
2025-08-10 15:57:35,077 - Rank 6 - Train Loss: 0.3106, Train Accuracy: 0.8665
2025-08-10 15:57:45,263 - Rank 6 - Validation Loss: 0.2860, Validation Accuracy: 0.8746
2025-08-10 15:59:37,917 - Rank 6 - Train Loss: 0.3122, Train Accuracy: 0.8658
2025-08-10 15:59:48,565 - Rank 6 - Validation Loss: 0.2843, Validation Accuracy: 0.8754
2025-08-10 16:01:41,149 - Rank 6 - Train Loss: 0.3105, Train Accuracy: 0.8667
2025-08-10 16:01:51,082 - Rank 6 - Validation Loss: 0.2861, Validation Accuracy: 0.8751
2025-08-10 16:03:42,336 - Rank 6 - Train Loss: 0.3098, Train Accuracy: 0.8667
2025-08-10 16:03:52,337 - Rank 6 - Validation Loss: 0.2831, Validation Accuracy: 0.8762
2025-08-10 16:05:45,332 - Rank 6 - Train Loss: 0.3107, Train Accuracy: 0.8666
2025-08-10 16:05:55,690 - Rank 6 - Validation Loss: 0.2825, Validation Accuracy: 0.8759
2025-08-10 16:07:46,849 - Rank 6 - Train Loss: 0.3091, Train Accuracy: 0.8669
2025-08-10 16:07:55,335 - Rank 6 - Validation Loss: 0.2849, Validation Accuracy: 0.8754
2025-08-10 16:09:42,643 - Rank 6 - Train Loss: 0.3102, Train Accuracy: 0.8668
2025-08-10 16:09:53,057 - Rank 6 - Validation Loss: 0.2824, Validation Accuracy: 0.8766
2025-08-10 16:11:44,846 - Rank 6 - Train Loss: 0.3078, Train Accuracy: 0.8673
2025-08-10 16:11:55,012 - Rank 6 - Validation Loss: 0.2839, Validation Accuracy: 0.8757
2025-08-10 16:13:47,847 - Rank 6 - Train Loss: 0.3078, Train Accuracy: 0.8675
2025-08-10 16:13:58,085 - Rank 6 - Validation Loss: 0.2821, Validation Accuracy: 0.8764
2025-08-10 16:15:49,691 - Rank 6 - Train Loss: 0.3076, Train Accuracy: 0.8677
2025-08-10 16:15:59,992 - Rank 6 - Validation Loss: 0.2817, Validation Accuracy: 0.8763
2025-08-10 16:17:52,915 - Rank 6 - Train Loss: 0.3068, Train Accuracy: 0.8681
2025-08-10 16:18:03,538 - Rank 6 - Validation Loss: 0.2812, Validation Accuracy: 0.8768
2025-08-10 16:19:57,217 - Rank 6 - Train Loss: 0.3054, Train Accuracy: 0.8685
2025-08-10 16:20:07,338 - Rank 6 - Validation Loss: 0.2812, Validation Accuracy: 0.8767
2025-08-10 16:21:58,437 - Rank 6 - Train Loss: 0.3049, Train Accuracy: 0.8685
2025-08-10 16:22:08,608 - Rank 6 - Validation Loss: 0.2812, Validation Accuracy: 0.8765
2025-08-10 16:23:53,412 - Rank 6 - Train Loss: 0.3047, Train Accuracy: 0.8687
2025-08-10 16:24:03,418 - Rank 6 - Validation Loss: 0.2807, Validation Accuracy: 0.8769
2025-08-10 16:25:56,266 - Rank 6 - Train Loss: 0.3040, Train Accuracy: 0.8688
2025-08-10 16:26:06,528 - Rank 6 - Validation Loss: 0.2805, Validation Accuracy: 0.8772
2025-08-10 16:27:59,744 - Rank 6 - Train Loss: 0.3037, Train Accuracy: 0.8686
2025-08-10 16:28:10,370 - Rank 6 - Validation Loss: 0.2792, Validation Accuracy: 0.8771
2025-08-10 16:30:03,163 - Rank 6 - Train Loss: 0.3048, Train Accuracy: 0.8688
2025-08-10 16:30:13,107 - Rank 6 - Validation Loss: 0.2805, Validation Accuracy: 0.8770
2025-08-10 16:32:06,690 - Rank 6 - Train Loss: 0.3031, Train Accuracy: 0.8692
2025-08-10 16:32:16,892 - Rank 6 - Validation Loss: 0.2794, Validation Accuracy: 0.8773
2025-08-10 16:34:09,647 - Rank 6 - Train Loss: 0.3020, Train Accuracy: 0.8697
2025-08-10 16:34:20,131 - Rank 6 - Validation Loss: 0.2781, Validation Accuracy: 0.8777
2025-08-10 16:36:11,906 - Rank 6 - Train Loss: 0.3020, Train Accuracy: 0.8697
2025-08-10 16:36:22,007 - Rank 6 - Validation Loss: 0.2787, Validation Accuracy: 0.8772
2025-08-10 16:38:09,017 - Rank 6 - Train Loss: 0.3021, Train Accuracy: 0.8697
2025-08-10 16:38:19,285 - Rank 6 - Validation Loss: 0.2793, Validation Accuracy: 0.8770
2025-08-10 16:40:12,492 - Rank 6 - Train Loss: 0.3021, Train Accuracy: 0.8697
2025-08-10 16:40:22,800 - Rank 6 - Validation Loss: 0.2773, Validation Accuracy: 0.8776
2025-08-10 16:42:16,605 - Rank 6 - Train Loss: 0.3002, Train Accuracy: 0.8704
2025-08-10 16:42:26,816 - Rank 6 - Validation Loss: 0.2782, Validation Accuracy: 0.8775
2025-08-10 16:44:20,583 - Rank 6 - Train Loss: 0.3012, Train Accuracy: 0.8698
2025-08-10 16:44:30,810 - Rank 6 - Validation Loss: 0.2776, Validation Accuracy: 0.8780
2025-08-10 16:46:24,291 - Rank 6 - Train Loss: 0.3001, Train Accuracy: 0.8702
2025-08-10 16:46:34,873 - Rank 6 - Validation Loss: 0.2781, Validation Accuracy: 0.8776
2025-08-10 16:48:27,895 - Rank 6 - Train Loss: 0.2983, Train Accuracy: 0.8710
2025-08-10 16:48:38,104 - Rank 6 - Validation Loss: 0.2782, Validation Accuracy: 0.8771
2025-08-10 16:50:32,187 - Rank 6 - Train Loss: 0.2976, Train Accuracy: 0.8711
2025-08-10 16:50:42,226 - Rank 6 - Validation Loss: 0.2769, Validation Accuracy: 0.8779
2025-08-10 16:52:29,028 - Rank 6 - Train Loss: 0.2990, Train Accuracy: 0.8707
2025-08-10 16:52:39,443 - Rank 6 - Validation Loss: 0.2768, Validation Accuracy: 0.8779
2025-08-10 16:54:32,371 - Rank 6 - Train Loss: 0.2974, Train Accuracy: 0.8714
2025-08-10 16:54:42,647 - Rank 6 - Validation Loss: 0.2758, Validation Accuracy: 0.8783
2025-08-10 16:56:36,153 - Rank 6 - Train Loss: 0.2965, Train Accuracy: 0.8714
2025-08-10 16:56:46,220 - Rank 6 - Validation Loss: 0.2758, Validation Accuracy: 0.8783
2025-08-10 16:58:39,601 - Rank 6 - Train Loss: 0.2989, Train Accuracy: 0.8707
2025-08-10 16:58:49,669 - Rank 6 - Validation Loss: 0.2746, Validation Accuracy: 0.8788
2025-08-10 17:00:42,705 - Rank 6 - Train Loss: 0.2969, Train Accuracy: 0.8715
2025-08-10 17:00:52,766 - Rank 6 - Validation Loss: 0.2746, Validation Accuracy: 0.8787
2025-08-10 17:02:47,118 - Rank 6 - Train Loss: 0.2967, Train Accuracy: 0.8715
2025-08-10 17:02:57,083 - Rank 6 - Validation Loss: 0.2744, Validation Accuracy: 0.8787
2025-08-10 17:04:49,165 - Rank 6 - Train Loss: 0.2960, Train Accuracy: 0.8717
2025-08-10 17:04:59,070 - Rank 6 - Validation Loss: 0.2738, Validation Accuracy: 0.8790
2025-08-10 17:06:45,964 - Rank 6 - Train Loss: 0.2948, Train Accuracy: 0.8720
2025-08-10 17:06:56,193 - Rank 6 - Validation Loss: 0.2739, Validation Accuracy: 0.8790
2025-08-10 17:08:49,478 - Rank 6 - Train Loss: 0.2956, Train Accuracy: 0.8721
2025-08-10 17:08:59,660 - Rank 6 - Validation Loss: 0.2727, Validation Accuracy: 0.8795
2025-08-10 17:10:51,806 - Rank 6 - Train Loss: 0.2948, Train Accuracy: 0.8722
2025-08-10 17:11:02,394 - Rank 6 - Validation Loss: 0.2722, Validation Accuracy: 0.8794
2025-08-10 17:12:56,077 - Rank 6 - Train Loss: 0.2937, Train Accuracy: 0.8727
2025-08-10 17:13:06,271 - Rank 6 - Validation Loss: 0.2733, Validation Accuracy: 0.8791
2025-08-10 17:14:59,858 - Rank 6 - Train Loss: 0.2948, Train Accuracy: 0.8721
2025-08-10 17:15:10,130 - Rank 6 - Validation Loss: 0.2741, Validation Accuracy: 0.8790
2025-08-10 17:17:02,857 - Rank 6 - Train Loss: 0.2932, Train Accuracy: 0.8730
2025-08-10 17:17:13,234 - Rank 6 - Validation Loss: 0.2717, Validation Accuracy: 0.8800
2025-08-10 17:19:05,603 - Rank 6 - Train Loss: 0.2926, Train Accuracy: 0.8727
2025-08-10 17:19:15,955 - Rank 6 - Validation Loss: 0.2715, Validation Accuracy: 0.8800
2025-08-10 17:21:02,971 - Rank 6 - Train Loss: 0.2932, Train Accuracy: 0.8729
2025-08-10 17:21:12,539 - Rank 6 - Validation Loss: 0.2711, Validation Accuracy: 0.8799
2025-08-10 17:23:04,951 - Rank 6 - Train Loss: 0.2921, Train Accuracy: 0.8730
2025-08-10 17:23:15,391 - Rank 6 - Validation Loss: 0.2725, Validation Accuracy: 0.8793
2025-08-10 17:25:10,210 - Rank 6 - Train Loss: 0.2925, Train Accuracy: 0.8729
2025-08-10 17:25:20,853 - Rank 6 - Validation Loss: 0.2703, Validation Accuracy: 0.8802
2025-08-10 17:27:16,390 - Rank 6 - Train Loss: 0.2903, Train Accuracy: 0.8740
2025-08-10 17:27:26,903 - Rank 6 - Validation Loss: 0.2700, Validation Accuracy: 0.8803
2025-08-10 17:29:23,384 - Rank 6 - Train Loss: 0.2919, Train Accuracy: 0.8730
2025-08-10 17:29:33,842 - Rank 6 - Validation Loss: 0.2717, Validation Accuracy: 0.8798
2025-08-10 17:31:30,184 - Rank 6 - Train Loss: 0.2901, Train Accuracy: 0.8739
2025-08-10 17:31:40,856 - Rank 6 - Validation Loss: 0.2721, Validation Accuracy: 0.8793
2025-08-10 17:33:37,942 - Rank 6 - Train Loss: 0.2893, Train Accuracy: 0.8742
2025-08-10 17:33:48,640 - Rank 6 - Validation Loss: 0.2708, Validation Accuracy: 0.8799
2025-08-10 17:35:40,247 - Rank 6 - Train Loss: 0.2888, Train Accuracy: 0.8744
2025-08-10 17:35:50,674 - Rank 6 - Validation Loss: 0.2715, Validation Accuracy: 0.8795
2025-08-10 17:37:46,374 - Rank 6 - Train Loss: 0.2891, Train Accuracy: 0.8740
2025-08-10 17:37:57,035 - Rank 6 - Validation Loss: 0.2697, Validation Accuracy: 0.8803
2025-08-10 17:39:53,876 - Rank 6 - Train Loss: 0.2883, Train Accuracy: 0.8746
2025-08-10 17:40:04,324 - Rank 6 - Validation Loss: 0.2684, Validation Accuracy: 0.8807
2025-08-10 17:42:03,255 - Rank 6 - Train Loss: 0.2873, Train Accuracy: 0.8750
2025-08-10 17:42:13,615 - Rank 6 - Validation Loss: 0.2688, Validation Accuracy: 0.8807
2025-08-10 17:44:11,127 - Rank 6 - Train Loss: 0.2881, Train Accuracy: 0.8744
2025-08-10 17:44:21,996 - Rank 6 - Validation Loss: 0.2696, Validation Accuracy: 0.8803
2025-08-10 17:46:19,978 - Rank 6 - Train Loss: 0.2881, Train Accuracy: 0.8745
2025-08-10 17:46:30,449 - Rank 6 - Validation Loss: 0.2700, Validation Accuracy: 0.8804
2025-08-10 17:48:28,754 - Rank 6 - Train Loss: 0.2881, Train Accuracy: 0.8747
2025-08-10 17:48:39,075 - Rank 6 - Validation Loss: 0.2684, Validation Accuracy: 0.8807
2025-08-10 17:50:30,080 - Rank 6 - Train Loss: 0.2866, Train Accuracy: 0.8748
2025-08-10 17:50:40,688 - Rank 6 - Validation Loss: 0.2686, Validation Accuracy: 0.8807
2025-08-10 17:52:39,344 - Rank 6 - Train Loss: 0.2869, Train Accuracy: 0.8749
2025-08-10 17:52:49,789 - Rank 6 - Validation Loss: 0.2679, Validation Accuracy: 0.8810
2025-08-10 17:54:47,534 - Rank 6 - Train Loss: 0.2863, Train Accuracy: 0.8751
2025-08-10 17:54:57,720 - Rank 6 - Validation Loss: 0.2679, Validation Accuracy: 0.8810
2025-08-10 17:56:54,192 - Rank 6 - Train Loss: 0.2851, Train Accuracy: 0.8755
2025-08-10 17:57:04,352 - Rank 6 - Validation Loss: 0.2680, Validation Accuracy: 0.8808
2025-08-10 17:59:00,723 - Rank 6 - Train Loss: 0.2850, Train Accuracy: 0.8755
2025-08-10 17:59:11,127 - Rank 6 - Validation Loss: 0.2692, Validation Accuracy: 0.8807
2025-08-10 18:01:08,890 - Rank 6 - Train Loss: 0.2850, Train Accuracy: 0.8756
2025-08-10 18:01:19,111 - Rank 6 - Validation Loss: 0.2679, Validation Accuracy: 0.8810
2025-08-10 18:03:15,697 - Rank 6 - Train Loss: 0.2847, Train Accuracy: 0.8757
2025-08-10 18:03:25,953 - Rank 6 - Validation Loss: 0.2674, Validation Accuracy: 0.8810
2025-08-10 18:05:16,925 - Rank 6 - Train Loss: 0.2826, Train Accuracy: 0.8762
2025-08-10 18:05:27,433 - Rank 6 - Validation Loss: 0.2657, Validation Accuracy: 0.8816
2025-08-10 18:07:24,956 - Rank 6 - Train Loss: 0.2844, Train Accuracy: 0.8759
2025-08-10 18:07:35,913 - Rank 6 - Validation Loss: 0.2670, Validation Accuracy: 0.8809
2025-08-10 18:09:32,931 - Rank 6 - Train Loss: 0.2839, Train Accuracy: 0.8761
2025-08-10 18:09:43,061 - Rank 6 - Validation Loss: 0.2664, Validation Accuracy: 0.8810
2025-08-10 18:11:41,333 - Rank 6 - Train Loss: 0.2837, Train Accuracy: 0.8761
2025-08-10 18:11:52,028 - Rank 6 - Validation Loss: 0.2659, Validation Accuracy: 0.8817
2025-08-10 18:13:49,086 - Rank 6 - Train Loss: 0.2830, Train Accuracy: 0.8764
2025-08-10 18:13:59,436 - Rank 6 - Validation Loss: 0.2648, Validation Accuracy: 0.8820
2025-08-10 18:15:56,605 - Rank 6 - Train Loss: 0.2829, Train Accuracy: 0.8762
2025-08-10 18:16:07,076 - Rank 6 - Validation Loss: 0.2649, Validation Accuracy: 0.8820
2025-08-10 18:18:03,817 - Rank 6 - Train Loss: 0.2834, Train Accuracy: 0.8763
2025-08-10 18:18:13,383 - Rank 6 - Validation Loss: 0.2646, Validation Accuracy: 0.8818
2025-08-10 18:20:11,024 - Rank 6 - Train Loss: 0.2831, Train Accuracy: 0.8763
2025-08-10 18:20:21,647 - Rank 6 - Validation Loss: 0.2670, Validation Accuracy: 0.8815
2025-08-10 18:22:24,272 - Rank 6 - Train Loss: 0.2805, Train Accuracy: 0.8771
2025-08-10 18:22:34,927 - Rank 6 - Validation Loss: 0.2648, Validation Accuracy: 0.8822
2025-08-10 18:24:39,038 - Rank 6 - Train Loss: 0.2815, Train Accuracy: 0.8768
2025-08-10 18:24:49,496 - Rank 6 - Validation Loss: 0.2644, Validation Accuracy: 0.8822
2025-08-10 18:26:51,430 - Rank 6 - Train Loss: 0.2808, Train Accuracy: 0.8769
2025-08-10 18:27:01,667 - Rank 6 - Validation Loss: 0.2651, Validation Accuracy: 0.8819
2025-08-10 18:29:00,782 - Rank 6 - Train Loss: 0.2807, Train Accuracy: 0.8771
2025-08-10 18:29:11,285 - Rank 6 - Validation Loss: 0.2636, Validation Accuracy: 0.8823
2025-08-10 18:31:09,864 - Rank 6 - Train Loss: 0.2782, Train Accuracy: 0.8783
2025-08-10 18:31:20,406 - Rank 6 - Validation Loss: 0.2641, Validation Accuracy: 0.8823
2025-08-10 18:33:14,898 - Rank 6 - Train Loss: 0.2801, Train Accuracy: 0.8772
2025-08-10 18:33:25,729 - Rank 6 - Validation Loss: 0.2642, Validation Accuracy: 0.8823
2025-08-10 18:35:24,615 - Rank 6 - Train Loss: 0.2798, Train Accuracy: 0.8773
2025-08-10 18:35:35,139 - Rank 6 - Validation Loss: 0.2627, Validation Accuracy: 0.8827
2025-08-10 18:37:34,358 - Rank 6 - Train Loss: 0.2801, Train Accuracy: 0.8772
2025-08-10 18:37:45,144 - Rank 6 - Validation Loss: 0.2647, Validation Accuracy: 0.8822
2025-08-10 18:39:45,888 - Rank 6 - Train Loss: 0.2790, Train Accuracy: 0.8778
2025-08-10 18:39:56,720 - Rank 6 - Validation Loss: 0.2623, Validation Accuracy: 0.8829
2025-08-10 18:41:58,794 - Rank 6 - Train Loss: 0.2787, Train Accuracy: 0.8779
2025-08-10 18:42:09,681 - Rank 6 - Validation Loss: 0.2639, Validation Accuracy: 0.8825
2025-08-10 18:44:11,428 - Rank 6 - Train Loss: 0.2777, Train Accuracy: 0.8783
2025-08-10 18:44:22,494 - Rank 6 - Validation Loss: 0.2609, Validation Accuracy: 0.8834
2025-08-10 18:46:21,927 - Rank 6 - Train Loss: 0.2768, Train Accuracy: 0.8787
2025-08-10 18:46:31,812 - Rank 6 - Validation Loss: 0.2621, Validation Accuracy: 0.8828
2025-08-10 18:48:32,550 - Rank 6 - Train Loss: 0.2772, Train Accuracy: 0.8784
2025-08-10 18:48:43,977 - Rank 6 - Validation Loss: 0.2599, Validation Accuracy: 0.8838
2025-08-10 18:50:44,546 - Rank 6 - Train Loss: 0.2770, Train Accuracy: 0.8784
2025-08-10 18:50:55,158 - Rank 6 - Validation Loss: 0.2618, Validation Accuracy: 0.8833
2025-08-10 18:52:56,284 - Rank 6 - Train Loss: 0.2763, Train Accuracy: 0.8787
2025-08-10 18:53:07,401 - Rank 6 - Validation Loss: 0.2619, Validation Accuracy: 0.8833
2025-08-10 18:55:08,485 - Rank 6 - Train Loss: 0.2761, Train Accuracy: 0.8786
2025-08-10 18:55:19,120 - Rank 6 - Validation Loss: 0.2601, Validation Accuracy: 0.8836
2025-08-10 18:57:20,538 - Rank 6 - Train Loss: 0.2768, Train Accuracy: 0.8785
2025-08-10 18:57:31,198 - Rank 6 - Validation Loss: 0.2604, Validation Accuracy: 0.8835
2025-08-10 18:59:32,351 - Rank 6 - Train Loss: 0.2762, Train Accuracy: 0.8786
2025-08-10 18:59:42,556 - Rank 6 - Validation Loss: 0.2611, Validation Accuracy: 0.8833
2025-08-10 19:01:40,250 - Rank 6 - Train Loss: 0.2743, Train Accuracy: 0.8793
2025-08-10 19:01:50,786 - Rank 6 - Validation Loss: 0.2598, Validation Accuracy: 0.8837
2025-08-10 19:03:52,486 - Rank 6 - Train Loss: 0.2753, Train Accuracy: 0.8790
2025-08-10 19:04:03,471 - Rank 6 - Validation Loss: 0.2637, Validation Accuracy: 0.8829
2025-08-10 19:06:04,853 - Rank 6 - Train Loss: 0.2740, Train Accuracy: 0.8795
2025-08-10 19:06:15,860 - Rank 6 - Validation Loss: 0.2597, Validation Accuracy: 0.8836
2025-08-10 19:08:16,968 - Rank 6 - Train Loss: 0.2741, Train Accuracy: 0.8798
2025-08-10 19:08:27,613 - Rank 6 - Validation Loss: 0.2592, Validation Accuracy: 0.8841
2025-08-10 19:10:28,366 - Rank 6 - Train Loss: 0.2732, Train Accuracy: 0.8799
2025-08-10 19:10:39,185 - Rank 6 - Validation Loss: 0.2596, Validation Accuracy: 0.8839
2025-08-10 19:12:37,944 - Rank 6 - Train Loss: 0.2737, Train Accuracy: 0.8798
2025-08-10 19:12:48,465 - Rank 6 - Validation Loss: 0.2599, Validation Accuracy: 0.8840
2025-08-10 19:14:42,163 - Rank 6 - Train Loss: 0.2740, Train Accuracy: 0.8797
2025-08-10 19:14:52,806 - Rank 6 - Validation Loss: 0.2627, Validation Accuracy: 0.8827
2025-08-10 19:16:52,871 - Rank 6 - Train Loss: 0.2726, Train Accuracy: 0.8799
2025-08-10 19:17:03,927 - Rank 6 - Validation Loss: 0.2595, Validation Accuracy: 0.8840
2025-08-10 19:19:00,219 - Rank 6 - Train Loss: 0.2724, Train Accuracy: 0.8800
2025-08-10 19:19:10,756 - Rank 6 - Validation Loss: 0.2603, Validation Accuracy: 0.8837
2025-08-10 19:21:07,159 - Rank 6 - Train Loss: 0.2728, Train Accuracy: 0.8798
2025-08-10 19:21:18,145 - Rank 6 - Validation Loss: 0.2588, Validation Accuracy: 0.8842
2025-08-10 19:23:14,287 - Rank 6 - Train Loss: 0.2723, Train Accuracy: 0.8801
2025-08-10 19:23:24,865 - Rank 6 - Validation Loss: 0.2593, Validation Accuracy: 0.8839
2025-08-10 19:25:20,456 - Rank 6 - Train Loss: 0.2712, Train Accuracy: 0.8806
2025-08-10 19:25:31,122 - Rank 6 - Validation Loss: 0.2576, Validation Accuracy: 0.8847
2025-08-10 19:27:22,459 - Rank 6 - Train Loss: 0.2719, Train Accuracy: 0.8803
2025-08-10 19:27:31,540 - Rank 6 - Validation Loss: 0.2583, Validation Accuracy: 0.8844
2025-08-10 19:29:27,889 - Rank 6 - Train Loss: 0.2713, Train Accuracy: 0.8803
2025-08-10 19:29:38,310 - Rank 6 - Validation Loss: 0.2591, Validation Accuracy: 0.8843
2025-08-10 19:31:36,520 - Rank 6 - Train Loss: 0.2706, Train Accuracy: 0.8806
2025-08-10 19:31:46,922 - Rank 6 - Validation Loss: 0.2566, Validation Accuracy: 0.8849
2025-08-10 19:33:43,648 - Rank 6 - Train Loss: 0.2699, Train Accuracy: 0.8810
2025-08-10 19:33:54,184 - Rank 6 - Validation Loss: 0.2571, Validation Accuracy: 0.8846
2025-08-10 19:35:51,726 - Rank 6 - Train Loss: 0.2712, Train Accuracy: 0.8805
2025-08-10 19:36:02,164 - Rank 6 - Validation Loss: 0.2564, Validation Accuracy: 0.8851
2025-08-10 19:37:58,777 - Rank 6 - Train Loss: 0.2706, Train Accuracy: 0.8808
2025-08-10 19:38:09,189 - Rank 6 - Validation Loss: 0.2564, Validation Accuracy: 0.8851
2025-08-10 19:40:05,899 - Rank 6 - Train Loss: 0.2698, Train Accuracy: 0.8809
2025-08-10 19:40:16,430 - Rank 6 - Validation Loss: 0.2576, Validation Accuracy: 0.8848
2025-08-10 19:42:02,303 - Rank 6 - Train Loss: 0.2681, Train Accuracy: 0.8817
2025-08-10 19:42:12,337 - Rank 6 - Validation Loss: 0.2564, Validation Accuracy: 0.8852
2025-08-10 19:44:05,112 - Rank 6 - Train Loss: 0.2685, Train Accuracy: 0.8816
2025-08-10 19:44:15,490 - Rank 6 - Validation Loss: 0.2568, Validation Accuracy: 0.8850
2025-08-10 19:46:07,521 - Rank 6 - Train Loss: 0.2687, Train Accuracy: 0.8815
2025-08-10 19:46:17,752 - Rank 6 - Validation Loss: 0.2556, Validation Accuracy: 0.8856
2025-08-10 19:48:11,570 - Rank 6 - Train Loss: 0.2688, Train Accuracy: 0.8811
2025-08-10 19:48:21,688 - Rank 6 - Validation Loss: 0.2562, Validation Accuracy: 0.8848
2025-08-10 19:50:15,315 - Rank 6 - Train Loss: 0.2686, Train Accuracy: 0.8814
2025-08-10 19:50:25,581 - Rank 6 - Validation Loss: 0.2565, Validation Accuracy: 0.8851
2025-08-10 19:52:17,477 - Rank 6 - Train Loss: 0.2673, Train Accuracy: 0.8820
2025-08-10 19:52:27,472 - Rank 6 - Validation Loss: 0.2554, Validation Accuracy: 0.8854
2025-08-10 19:54:20,589 - Rank 6 - Train Loss: 0.2665, Train Accuracy: 0.8820
2025-08-10 19:54:30,986 - Rank 6 - Validation Loss: 0.2565, Validation Accuracy: 0.8852
2025-08-10 19:56:18,714 - Rank 6 - Train Loss: 0.2684, Train Accuracy: 0.8812
2025-08-10 19:56:28,205 - Rank 6 - Validation Loss: 0.2541, Validation Accuracy: 0.8858
2025-08-10 19:58:21,273 - Rank 6 - Train Loss: 0.2676, Train Accuracy: 0.8818
2025-08-10 19:58:31,824 - Rank 6 - Validation Loss: 0.2557, Validation Accuracy: 0.8855
2025-08-10 20:00:25,283 - Rank 6 - Train Loss: 0.2666, Train Accuracy: 0.8820
2025-08-10 20:00:35,510 - Rank 6 - Validation Loss: 0.2540, Validation Accuracy: 0.8855
2025-08-10 20:02:29,560 - Rank 6 - Train Loss: 0.2671, Train Accuracy: 0.8821
2025-08-10 20:02:40,061 - Rank 6 - Validation Loss: 0.2551, Validation Accuracy: 0.8857
2025-08-10 20:04:33,232 - Rank 6 - Train Loss: 0.2658, Train Accuracy: 0.8825
2025-08-10 20:04:43,412 - Rank 6 - Validation Loss: 0.2569, Validation Accuracy: 0.8851
2025-08-10 20:06:35,834 - Rank 6 - Train Loss: 0.2666, Train Accuracy: 0.8822
2025-08-10 20:06:46,304 - Rank 6 - Validation Loss: 0.2535, Validation Accuracy: 0.8859
2025-08-10 20:08:39,204 - Rank 6 - Train Loss: 0.2658, Train Accuracy: 0.8824
2025-08-10 20:08:49,220 - Rank 6 - Validation Loss: 0.2543, Validation Accuracy: 0.8858
2025-08-10 20:10:39,304 - Rank 6 - Train Loss: 0.2636, Train Accuracy: 0.8832
2025-08-10 20:10:48,248 - Rank 6 - Validation Loss: 0.2534, Validation Accuracy: 0.8863
2025-08-10 20:12:41,263 - Rank 6 - Train Loss: 0.2652, Train Accuracy: 0.8826
2025-08-10 20:12:51,594 - Rank 6 - Validation Loss: 0.2531, Validation Accuracy: 0.8865
2025-08-10 20:14:44,951 - Rank 6 - Train Loss: 0.2632, Train Accuracy: 0.8833
2025-08-10 20:14:55,227 - Rank 6 - Validation Loss: 0.2546, Validation Accuracy: 0.8861
2025-08-10 20:16:56,613 - Rank 6 - Train Loss: 0.2634, Train Accuracy: 0.8834
2025-08-10 20:17:07,417 - Rank 6 - Validation Loss: 0.2537, Validation Accuracy: 0.8863
2025-08-10 20:19:06,497 - Rank 6 - Train Loss: 0.2631, Train Accuracy: 0.8832
2025-08-10 20:19:16,527 - Rank 6 - Validation Loss: 0.2540, Validation Accuracy: 0.8862
2025-08-10 20:21:14,825 - Rank 6 - Train Loss: 0.2643, Train Accuracy: 0.8831
2025-08-10 20:21:25,365 - Rank 6 - Validation Loss: 0.2537, Validation Accuracy: 0.8859
2025-08-10 20:23:23,992 - Rank 6 - Train Loss: 0.2628, Train Accuracy: 0.8833
2025-08-10 20:23:34,197 - Rank 6 - Validation Loss: 0.2550, Validation Accuracy: 0.8857
2025-08-10 20:25:25,206 - Rank 6 - Train Loss: 0.2636, Train Accuracy: 0.8831
2025-08-10 20:25:35,498 - Rank 6 - Validation Loss: 0.2520, Validation Accuracy: 0.8867
2025-08-10 20:27:33,201 - Rank 6 - Train Loss: 0.2634, Train Accuracy: 0.8834
2025-08-10 20:27:43,674 - Rank 6 - Validation Loss: 0.2526, Validation Accuracy: 0.8863
2025-08-10 20:29:42,713 - Rank 6 - Train Loss: 0.2630, Train Accuracy: 0.8832
2025-08-10 20:29:52,939 - Rank 6 - Validation Loss: 0.2531, Validation Accuracy: 0.8865
2025-08-10 20:31:50,871 - Rank 6 - Train Loss: 0.2618, Train Accuracy: 0.8840
2025-08-10 20:32:01,394 - Rank 6 - Validation Loss: 0.2534, Validation Accuracy: 0.8860
2025-08-10 20:33:58,216 - Rank 6 - Train Loss: 0.2618, Train Accuracy: 0.8839
2025-08-10 20:34:08,459 - Rank 6 - Validation Loss: 0.2519, Validation Accuracy: 0.8867
2025-08-10 20:36:06,228 - Rank 6 - Train Loss: 0.2613, Train Accuracy: 0.8840
2025-08-10 20:36:16,662 - Rank 6 - Validation Loss: 0.2521, Validation Accuracy: 0.8866
2025-08-10 20:38:15,058 - Rank 6 - Train Loss: 0.2616, Train Accuracy: 0.8841
2025-08-10 20:38:25,818 - Rank 6 - Validation Loss: 0.2517, Validation Accuracy: 0.8869
2025-08-10 20:40:17,381 - Rank 6 - Train Loss: 0.2613, Train Accuracy: 0.8842
2025-08-10 20:40:27,800 - Rank 6 - Validation Loss: 0.2509, Validation Accuracy: 0.8871
2025-08-10 20:42:24,832 - Rank 6 - Train Loss: 0.2613, Train Accuracy: 0.8838
2025-08-10 20:42:35,400 - Rank 6 - Validation Loss: 0.2523, Validation Accuracy: 0.8865
2025-08-10 20:44:32,948 - Rank 6 - Train Loss: 0.2609, Train Accuracy: 0.8841
2025-08-10 20:44:43,429 - Rank 6 - Validation Loss: 0.2534, Validation Accuracy: 0.8861
2025-08-10 20:46:41,418 - Rank 6 - Train Loss: 0.2608, Train Accuracy: 0.8843
2025-08-10 20:46:51,540 - Rank 6 - Validation Loss: 0.2522, Validation Accuracy: 0.8868
2025-08-10 20:48:50,232 - Rank 6 - Train Loss: 0.2593, Train Accuracy: 0.8849
2025-08-10 20:49:00,427 - Rank 6 - Validation Loss: 0.2523, Validation Accuracy: 0.8865
2025-08-10 20:50:58,426 - Rank 6 - Train Loss: 0.2597, Train Accuracy: 0.8846
2025-08-10 20:51:08,867 - Rank 6 - Validation Loss: 0.2502, Validation Accuracy: 0.8874
2025-08-10 20:53:07,493 - Rank 6 - Train Loss: 0.2604, Train Accuracy: 0.8843
2025-08-10 20:53:18,040 - Rank 6 - Validation Loss: 0.2511, Validation Accuracy: 0.8871
2025-08-10 20:55:09,507 - Rank 6 - Train Loss: 0.2592, Train Accuracy: 0.8849
2025-08-10 20:55:19,629 - Rank 6 - Validation Loss: 0.2516, Validation Accuracy: 0.8868
2025-08-10 20:57:17,214 - Rank 6 - Train Loss: 0.2583, Train Accuracy: 0.8851
2025-08-10 20:57:27,989 - Rank 6 - Validation Loss: 0.2517, Validation Accuracy: 0.8869
2025-08-10 20:59:26,214 - Rank 6 - Train Loss: 0.2578, Train Accuracy: 0.8854
2025-08-10 20:59:36,514 - Rank 6 - Validation Loss: 0.2517, Validation Accuracy: 0.8867
2025-08-10 21:01:33,506 - Rank 6 - Train Loss: 0.2591, Train Accuracy: 0.8847
2025-08-10 21:01:44,198 - Rank 6 - Validation Loss: 0.2503, Validation Accuracy: 0.8870
2025-08-10 21:03:42,766 - Rank 6 - Train Loss: 0.2579, Train Accuracy: 0.8851
2025-08-10 21:03:53,372 - Rank 6 - Validation Loss: 0.2488, Validation Accuracy: 0.8877
2025-08-10 21:05:50,601 - Rank 6 - Train Loss: 0.2581, Train Accuracy: 0.8853
2025-08-10 21:06:01,167 - Rank 6 - Validation Loss: 0.2512, Validation Accuracy: 0.8870
2025-08-10 21:07:58,836 - Rank 6 - Train Loss: 0.2573, Train Accuracy: 0.8855
2025-08-10 21:08:08,282 - Rank 6 - Validation Loss: 0.2497, Validation Accuracy: 0.8879
2025-08-10 21:09:59,894 - Rank 6 - Train Loss: 0.2574, Train Accuracy: 0.8855
2025-08-10 21:10:10,305 - Rank 6 - Validation Loss: 0.2490, Validation Accuracy: 0.8878
2025-08-10 21:12:07,847 - Rank 6 - Train Loss: 0.2574, Train Accuracy: 0.8853
2025-08-10 21:12:18,118 - Rank 6 - Validation Loss: 0.2494, Validation Accuracy: 0.8878
2025-08-10 21:14:15,733 - Rank 6 - Train Loss: 0.2556, Train Accuracy: 0.8859
2025-08-10 21:14:26,058 - Rank 6 - Validation Loss: 0.2482, Validation Accuracy: 0.8879
2025-08-10 21:16:23,089 - Rank 6 - Train Loss: 0.2581, Train Accuracy: 0.8854
2025-08-10 21:16:33,484 - Rank 6 - Validation Loss: 0.2507, Validation Accuracy: 0.8871
2025-08-10 21:18:31,626 - Rank 6 - Train Loss: 0.2558, Train Accuracy: 0.8860
2025-08-10 21:18:41,705 - Rank 6 - Validation Loss: 0.2485, Validation Accuracy: 0.8882
2025-08-10 21:20:39,501 - Rank 6 - Train Loss: 0.2563, Train Accuracy: 0.8858
2025-08-10 21:20:49,840 - Rank 6 - Validation Loss: 0.2490, Validation Accuracy: 0.8876
2025-08-10 21:22:44,913 - Rank 6 - Train Loss: 0.2557, Train Accuracy: 0.8861
2025-08-10 21:22:54,548 - Rank 6 - Validation Loss: 0.2491, Validation Accuracy: 0.8872
2025-08-10 21:24:50,168 - Rank 6 - Train Loss: 0.2555, Train Accuracy: 0.8862
2025-08-10 21:25:00,537 - Rank 6 - Validation Loss: 0.2494, Validation Accuracy: 0.8879
2025-08-10 21:26:58,774 - Rank 6 - Train Loss: 0.2558, Train Accuracy: 0.8859
2025-08-10 21:27:09,217 - Rank 6 - Validation Loss: 0.2490, Validation Accuracy: 0.8878
2025-08-10 21:29:06,993 - Rank 6 - Train Loss: 0.2552, Train Accuracy: 0.8861
2025-08-10 21:29:17,469 - Rank 6 - Validation Loss: 0.2504, Validation Accuracy: 0.8872
2025-08-10 21:31:15,417 - Rank 6 - Train Loss: 0.2545, Train Accuracy: 0.8867
2025-08-10 21:31:26,088 - Rank 6 - Validation Loss: 0.2494, Validation Accuracy: 0.8879
2025-08-10 21:33:24,585 - Rank 6 - Train Loss: 0.2537, Train Accuracy: 0.8869
2025-08-10 21:33:34,765 - Rank 6 - Validation Loss: 0.2477, Validation Accuracy: 0.8880
2025-08-10 21:35:30,809 - Rank 6 - Train Loss: 0.2553, Train Accuracy: 0.8863
2025-08-10 21:35:40,938 - Rank 6 - Validation Loss: 0.2492, Validation Accuracy: 0.8882
2025-08-10 21:37:33,637 - Rank 6 - Train Loss: 0.2538, Train Accuracy: 0.8868
2025-08-10 21:37:42,995 - Rank 6 - Validation Loss: 0.2477, Validation Accuracy: 0.8879
2025-08-10 21:39:39,891 - Rank 6 - Train Loss: 0.2534, Train Accuracy: 0.8868
2025-08-10 21:39:50,431 - Rank 6 - Validation Loss: 0.2483, Validation Accuracy: 0.8880
2025-08-10 21:41:48,227 - Rank 6 - Train Loss: 0.2531, Train Accuracy: 0.8870
2025-08-10 21:41:58,809 - Rank 6 - Validation Loss: 0.2475, Validation Accuracy: 0.8883
2025-08-10 21:43:56,260 - Rank 6 - Train Loss: 0.2529, Train Accuracy: 0.8867
2025-08-10 21:44:06,919 - Rank 6 - Validation Loss: 0.2478, Validation Accuracy: 0.8885
2025-08-10 21:46:05,430 - Rank 6 - Train Loss: 0.2525, Train Accuracy: 0.8872
2025-08-10 21:46:15,707 - Rank 6 - Validation Loss: 0.2467, Validation Accuracy: 0.8888
2025-08-10 21:48:13,829 - Rank 6 - Train Loss: 0.2536, Train Accuracy: 0.8867
2025-08-10 21:48:24,341 - Rank 6 - Validation Loss: 0.2475, Validation Accuracy: 0.8881
2025-08-10 21:50:21,668 - Rank 6 - Train Loss: 0.2531, Train Accuracy: 0.8868
2025-08-10 21:50:32,346 - Rank 6 - Validation Loss: 0.2466, Validation Accuracy: 0.8880
2025-08-10 21:52:22,905 - Rank 6 - Train Loss: 0.2518, Train Accuracy: 0.8876
2025-08-10 21:52:33,348 - Rank 6 - Validation Loss: 0.2477, Validation Accuracy: 0.8885
2025-08-10 21:54:31,651 - Rank 6 - Train Loss: 0.2523, Train Accuracy: 0.8870
2025-08-10 21:54:41,967 - Rank 6 - Validation Loss: 0.2480, Validation Accuracy: 0.8880
2025-08-10 21:56:40,200 - Rank 6 - Train Loss: 0.2517, Train Accuracy: 0.8876
2025-08-10 21:56:50,548 - Rank 6 - Validation Loss: 0.2477, Validation Accuracy: 0.8886
2025-08-10 21:58:47,960 - Rank 6 - Train Loss: 0.2524, Train Accuracy: 0.8873
2025-08-10 21:58:58,198 - Rank 6 - Validation Loss: 0.2469, Validation Accuracy: 0.8885
2025-08-10 22:00:54,955 - Rank 6 - Train Loss: 0.2518, Train Accuracy: 0.8872
2025-08-10 22:01:05,550 - Rank 6 - Validation Loss: 0.2474, Validation Accuracy: 0.8884
2025-08-10 22:03:03,942 - Rank 6 - Train Loss: 0.2516, Train Accuracy: 0.8876
2025-08-10 22:03:14,686 - Rank 6 - Validation Loss: 0.2459, Validation Accuracy: 0.8886
2025-08-10 22:05:11,180 - Rank 6 - Train Loss: 0.2506, Train Accuracy: 0.8879
2025-08-10 22:05:21,391 - Rank 6 - Validation Loss: 0.2457, Validation Accuracy: 0.8890
2025-08-10 22:07:12,462 - Rank 6 - Train Loss: 0.2507, Train Accuracy: 0.8876
2025-08-10 22:07:23,110 - Rank 6 - Validation Loss: 0.2468, Validation Accuracy: 0.8885
2025-08-10 22:09:20,212 - Rank 6 - Train Loss: 0.2525, Train Accuracy: 0.8873
2025-08-10 22:09:30,757 - Rank 6 - Validation Loss: 0.2468, Validation Accuracy: 0.8887
2025-08-10 22:11:26,810 - Rank 6 - Train Loss: 0.2501, Train Accuracy: 0.8881
2025-08-10 22:11:37,401 - Rank 6 - Validation Loss: 0.2462, Validation Accuracy: 0.8892
2025-08-10 22:13:34,733 - Rank 6 - Train Loss: 0.2496, Train Accuracy: 0.8884
2025-08-10 22:13:45,504 - Rank 6 - Validation Loss: 0.2449, Validation Accuracy: 0.8893
2025-08-10 22:15:42,513 - Rank 6 - Train Loss: 0.2503, Train Accuracy: 0.8880
2025-08-10 22:15:52,921 - Rank 6 - Validation Loss: 0.2450, Validation Accuracy: 0.8892
2025-08-10 22:17:51,296 - Rank 6 - Train Loss: 0.2512, Train Accuracy: 0.8876
2025-08-10 22:18:01,594 - Rank 6 - Validation Loss: 0.2451, Validation Accuracy: 0.8895
2025-08-10 22:19:58,705 - Rank 6 - Train Loss: 0.2485, Train Accuracy: 0.8888
2025-08-10 22:20:08,989 - Rank 6 - Validation Loss: 0.2452, Validation Accuracy: 0.8888
2025-08-10 22:22:00,129 - Rank 6 - Train Loss: 0.2495, Train Accuracy: 0.8883
2025-08-10 22:22:10,683 - Rank 6 - Validation Loss: 0.2464, Validation Accuracy: 0.8889
2025-08-10 22:24:08,063 - Rank 6 - Train Loss: 0.2501, Train Accuracy: 0.8880
2025-08-10 22:24:18,655 - Rank 6 - Validation Loss: 0.2465, Validation Accuracy: 0.8891
2025-08-10 22:26:16,285 - Rank 6 - Train Loss: 0.2497, Train Accuracy: 0.8881
2025-08-10 22:26:26,680 - Rank 6 - Validation Loss: 0.2453, Validation Accuracy: 0.8893
2025-08-10 22:28:23,929 - Rank 6 - Train Loss: 0.2479, Train Accuracy: 0.8888
2025-08-10 22:28:34,363 - Rank 6 - Validation Loss: 0.2462, Validation Accuracy: 0.8887
2025-08-10 22:30:31,432 - Rank 6 - Train Loss: 0.2485, Train Accuracy: 0.8887
2025-08-10 22:30:41,815 - Rank 6 - Validation Loss: 0.2445, Validation Accuracy: 0.8892
2025-08-10 22:32:39,544 - Rank 6 - Train Loss: 0.2482, Train Accuracy: 0.8887
2025-08-10 22:32:50,138 - Rank 6 - Validation Loss: 0.2432, Validation Accuracy: 0.8899
2025-08-10 22:34:47,467 - Rank 6 - Train Loss: 0.2466, Train Accuracy: 0.8893
2025-08-10 22:34:56,664 - Rank 6 - Validation Loss: 0.2440, Validation Accuracy: 0.8897
2025-08-10 22:36:49,848 - Rank 6 - Train Loss: 0.2467, Train Accuracy: 0.8890
2025-08-10 22:37:00,053 - Rank 6 - Validation Loss: 0.2450, Validation Accuracy: 0.8892
2025-08-10 22:38:56,510 - Rank 6 - Train Loss: 0.2484, Train Accuracy: 0.8888
2025-08-10 22:39:06,910 - Rank 6 - Validation Loss: 0.2440, Validation Accuracy: 0.8894
2025-08-10 22:41:03,681 - Rank 6 - Train Loss: 0.2475, Train Accuracy: 0.8887
2025-08-10 22:41:14,165 - Rank 6 - Validation Loss: 0.2441, Validation Accuracy: 0.8895
2025-08-10 22:43:13,266 - Rank 6 - Train Loss: 0.2477, Train Accuracy: 0.8888
2025-08-10 22:43:23,385 - Rank 6 - Validation Loss: 0.2435, Validation Accuracy: 0.8899
2025-08-10 22:45:21,304 - Rank 6 - Train Loss: 0.2464, Train Accuracy: 0.8895
2025-08-10 22:45:31,974 - Rank 6 - Validation Loss: 0.2436, Validation Accuracy: 0.8899
2025-08-10 22:47:28,294 - Rank 6 - Train Loss: 0.2466, Train Accuracy: 0.8893
2025-08-10 22:47:38,778 - Rank 6 - Validation Loss: 0.2445, Validation Accuracy: 0.8897
2025-08-10 22:49:33,424 - Rank 6 - Train Loss: 0.2469, Train Accuracy: 0.8893
2025-08-10 22:49:42,325 - Rank 6 - Validation Loss: 0.2433, Validation Accuracy: 0.8898
2025-08-10 22:51:38,558 - Rank 6 - Train Loss: 0.2458, Train Accuracy: 0.8898
2025-08-10 22:51:49,112 - Rank 6 - Validation Loss: 0.2425, Validation Accuracy: 0.8900
2025-08-10 22:53:47,877 - Rank 6 - Train Loss: 0.2468, Train Accuracy: 0.8893
2025-08-10 22:53:58,403 - Rank 6 - Validation Loss: 0.2430, Validation Accuracy: 0.8901
2025-08-10 22:55:55,263 - Rank 6 - Train Loss: 0.2451, Train Accuracy: 0.8897
2025-08-10 22:56:05,073 - Rank 6 - Validation Loss: 0.2429, Validation Accuracy: 0.8901
2025-08-10 22:58:03,232 - Rank 6 - Train Loss: 0.2472, Train Accuracy: 0.8892
2025-08-10 22:58:13,958 - Rank 6 - Validation Loss: 0.2422, Validation Accuracy: 0.8902
2025-08-10 23:00:12,960 - Rank 6 - Train Loss: 0.2458, Train Accuracy: 0.8894
2025-08-10 23:00:23,545 - Rank 6 - Validation Loss: 0.2427, Validation Accuracy: 0.8900
2025-08-10 23:02:22,324 - Rank 6 - Train Loss: 0.2441, Train Accuracy: 0.8904
2025-08-10 23:02:32,440 - Rank 6 - Validation Loss: 0.2441, Validation Accuracy: 0.8895
2025-08-10 23:04:25,057 - Rank 6 - Train Loss: 0.2446, Train Accuracy: 0.8902
2025-08-10 23:04:35,449 - Rank 6 - Validation Loss: 0.2423, Validation Accuracy: 0.8902
2025-08-10 23:06:33,317 - Rank 6 - Train Loss: 0.2448, Train Accuracy: 0.8900
2025-08-10 23:06:43,749 - Rank 6 - Validation Loss: 0.2422, Validation Accuracy: 0.8902
2025-08-10 23:08:41,493 - Rank 6 - Train Loss: 0.2441, Train Accuracy: 0.8902
2025-08-10 23:08:52,433 - Rank 6 - Validation Loss: 0.2419, Validation Accuracy: 0.8905
2025-08-10 23:10:50,184 - Rank 6 - Train Loss: 0.2444, Train Accuracy: 0.8905
2025-08-10 23:11:00,785 - Rank 6 - Validation Loss: 0.2420, Validation Accuracy: 0.8905
2025-08-10 23:12:59,153 - Rank 6 - Train Loss: 0.2437, Train Accuracy: 0.8906
2025-08-10 23:13:09,911 - Rank 6 - Validation Loss: 0.2431, Validation Accuracy: 0.8900
2025-08-10 23:15:08,593 - Rank 6 - Train Loss: 0.2443, Train Accuracy: 0.8902
2025-08-10 23:15:18,914 - Rank 6 - Validation Loss: 0.2424, Validation Accuracy: 0.8903
2025-08-10 23:17:16,065 - Rank 6 - Train Loss: 0.2440, Train Accuracy: 0.8903
2025-08-10 23:17:27,026 - Rank 6 - Validation Loss: 0.2415, Validation Accuracy: 0.8904
2025-08-10 23:19:19,236 - Rank 6 - Train Loss: 0.2431, Train Accuracy: 0.8904
2025-08-10 23:19:29,763 - Rank 6 - Validation Loss: 0.2429, Validation Accuracy: 0.8904
2025-08-10 23:21:28,471 - Rank 6 - Train Loss: 0.2426, Train Accuracy: 0.8906
2025-08-10 23:21:39,031 - Rank 6 - Validation Loss: 0.2412, Validation Accuracy: 0.8905
2025-08-10 23:23:38,307 - Rank 6 - Train Loss: 0.2429, Train Accuracy: 0.8905
2025-08-10 23:23:48,805 - Rank 6 - Validation Loss: 0.2423, Validation Accuracy: 0.8904
2025-08-10 23:25:46,462 - Rank 6 - Train Loss: 0.2427, Train Accuracy: 0.8910
2025-08-10 23:25:57,318 - Rank 6 - Validation Loss: 0.2414, Validation Accuracy: 0.8905
2025-08-10 23:27:56,574 - Rank 6 - Train Loss: 0.2428, Train Accuracy: 0.8909
2025-08-10 23:28:06,877 - Rank 6 - Validation Loss: 0.2412, Validation Accuracy: 0.8903
2025-08-10 23:30:04,746 - Rank 6 - Train Loss: 0.2427, Train Accuracy: 0.8906
2025-08-10 23:30:15,426 - Rank 6 - Validation Loss: 0.2409, Validation Accuracy: 0.8907
2025-08-10 23:32:14,399 - Rank 6 - Train Loss: 0.2437, Train Accuracy: 0.8903
2025-08-10 23:32:24,181 - Rank 6 - Validation Loss: 0.2428, Validation Accuracy: 0.8902
2025-08-10 23:34:17,352 - Rank 6 - Train Loss: 0.2428, Train Accuracy: 0.8904
2025-08-10 23:34:28,140 - Rank 6 - Validation Loss: 0.2400, Validation Accuracy: 0.8910
2025-08-10 23:36:27,655 - Rank 6 - Train Loss: 0.2409, Train Accuracy: 0.8914
2025-08-10 23:36:38,000 - Rank 6 - Validation Loss: 0.2414, Validation Accuracy: 0.8905
2025-08-10 23:38:36,922 - Rank 6 - Train Loss: 0.2417, Train Accuracy: 0.8912
2025-08-10 23:38:47,656 - Rank 6 - Validation Loss: 0.2409, Validation Accuracy: 0.8904
2025-08-10 23:40:45,970 - Rank 6 - Train Loss: 0.2415, Train Accuracy: 0.8911
2025-08-10 23:40:56,192 - Rank 6 - Validation Loss: 0.2422, Validation Accuracy: 0.8904
2025-08-10 23:42:54,134 - Rank 6 - Train Loss: 0.2410, Train Accuracy: 0.8914
2025-08-10 23:43:04,804 - Rank 6 - Validation Loss: 0.2417, Validation Accuracy: 0.8905
2025-08-10 23:45:01,825 - Rank 6 - Train Loss: 0.2405, Train Accuracy: 0.8915
2025-08-10 23:45:12,128 - Rank 6 - Validation Loss: 0.2406, Validation Accuracy: 0.8909
2025-08-10 23:47:05,034 - Rank 6 - Train Loss: 0.2413, Train Accuracy: 0.8912
2025-08-10 23:47:13,924 - Rank 6 - Validation Loss: 0.2409, Validation Accuracy: 0.8911
2025-08-10 23:49:07,387 - Rank 6 - Train Loss: 0.2401, Train Accuracy: 0.8916
2025-08-10 23:49:17,797 - Rank 6 - Validation Loss: 0.2408, Validation Accuracy: 0.8909
2025-08-10 23:51:13,808 - Rank 6 - Train Loss: 0.2402, Train Accuracy: 0.8916
2025-08-10 23:51:23,894 - Rank 6 - Validation Loss: 0.2402, Validation Accuracy: 0.8910
2025-08-10 23:53:20,397 - Rank 6 - Train Loss: 0.2389, Train Accuracy: 0.8923
2025-08-10 23:53:30,935 - Rank 6 - Validation Loss: 0.2411, Validation Accuracy: 0.8904
2025-08-10 23:55:28,466 - Rank 6 - Train Loss: 0.2410, Train Accuracy: 0.8914
2025-08-10 23:55:39,179 - Rank 6 - Validation Loss: 0.2398, Validation Accuracy: 0.8913
2025-08-10 23:57:35,652 - Rank 6 - Train Loss: 0.2392, Train Accuracy: 0.8919
2025-08-10 23:57:45,876 - Rank 6 - Validation Loss: 0.2416, Validation Accuracy: 0.8903
2025-08-10 23:59:44,449 - Rank 6 - Train Loss: 0.2404, Train Accuracy: 0.8916
2025-08-10 23:59:54,651 - Rank 6 - Validation Loss: 0.2398, Validation Accuracy: 0.8914
2025-08-11 00:01:45,830 - Rank 6 - Train Loss: 0.2393, Train Accuracy: 0.8919
2025-08-11 00:01:55,582 - Rank 6 - Validation Loss: 0.2388, Validation Accuracy: 0.8913
2025-08-11 00:03:51,803 - Rank 6 - Train Loss: 0.2400, Train Accuracy: 0.8921
2025-08-11 00:04:02,225 - Rank 6 - Validation Loss: 0.2393, Validation Accuracy: 0.8914
2025-08-11 00:05:58,485 - Rank 6 - Train Loss: 0.2385, Train Accuracy: 0.8923
2025-08-11 00:06:09,233 - Rank 6 - Validation Loss: 0.2400, Validation Accuracy: 0.8911
2025-08-11 00:08:07,169 - Rank 6 - Train Loss: 0.2394, Train Accuracy: 0.8917
2025-08-11 00:08:17,950 - Rank 6 - Validation Loss: 0.2401, Validation Accuracy: 0.8909
2025-08-11 00:10:14,310 - Rank 6 - Train Loss: 0.2404, Train Accuracy: 0.8915
2025-08-11 00:10:24,941 - Rank 6 - Validation Loss: 0.2394, Validation Accuracy: 0.8917
2025-08-11 00:12:20,964 - Rank 6 - Train Loss: 0.2385, Train Accuracy: 0.8924
2025-08-11 00:12:31,508 - Rank 6 - Validation Loss: 0.2406, Validation Accuracy: 0.8909
2025-08-11 00:14:27,753 - Rank 6 - Train Loss: 0.2379, Train Accuracy: 0.8923
2025-08-11 00:14:38,540 - Rank 6 - Validation Loss: 0.2414, Validation Accuracy: 0.8907
2025-08-11 00:16:28,275 - Rank 6 - Train Loss: 0.2394, Train Accuracy: 0.8919
2025-08-11 00:16:38,724 - Rank 6 - Validation Loss: 0.2401, Validation Accuracy: 0.8911
2025-08-11 00:18:34,944 - Rank 6 - Train Loss: 0.2384, Train Accuracy: 0.8922
2025-08-11 00:18:45,457 - Rank 6 - Validation Loss: 0.2394, Validation Accuracy: 0.8915
2025-08-11 00:20:42,596 - Rank 6 - Train Loss: 0.2366, Train Accuracy: 0.8928
2025-08-11 00:20:53,385 - Rank 6 - Validation Loss: 0.2386, Validation Accuracy: 0.8917
2025-08-11 00:22:49,874 - Rank 6 - Train Loss: 0.2381, Train Accuracy: 0.8923
2025-08-11 00:23:00,606 - Rank 6 - Validation Loss: 0.2383, Validation Accuracy: 0.8917
2025-08-11 00:24:59,735 - Rank 6 - Train Loss: 0.2357, Train Accuracy: 0.8932
2025-08-11 00:25:10,131 - Rank 6 - Validation Loss: 0.2379, Validation Accuracy: 0.8919
2025-08-11 00:27:08,786 - Rank 6 - Train Loss: 0.2372, Train Accuracy: 0.8928
2025-08-11 00:27:19,615 - Rank 6 - Validation Loss: 0.2404, Validation Accuracy: 0.8910
2025-08-11 00:29:18,974 - Rank 6 - Train Loss: 0.2370, Train Accuracy: 0.8925
2025-08-11 00:29:29,886 - Rank 6 - Validation Loss: 0.2395, Validation Accuracy: 0.8914
2025-08-11 00:31:21,327 - Rank 6 - Train Loss: 0.2370, Train Accuracy: 0.8928
2025-08-11 00:31:32,070 - Rank 6 - Validation Loss: 0.2401, Validation Accuracy: 0.8910
2025-08-11 00:33:30,464 - Rank 6 - Train Loss: 0.2365, Train Accuracy: 0.8930
2025-08-11 00:33:40,743 - Rank 6 - Validation Loss: 0.2396, Validation Accuracy: 0.8913
2025-08-11 00:35:39,602 - Rank 6 - Train Loss: 0.2369, Train Accuracy: 0.8929
2025-08-11 00:35:50,645 - Rank 6 - Validation Loss: 0.2407, Validation Accuracy: 0.8906
2025-08-11 00:37:49,323 - Rank 6 - Train Loss: 0.2378, Train Accuracy: 0.8925
2025-08-11 00:37:59,930 - Rank 6 - Validation Loss: 0.2389, Validation Accuracy: 0.8915
2025-08-11 00:39:57,699 - Rank 6 - Train Loss: 0.2361, Train Accuracy: 0.8932
2025-08-11 00:40:08,196 - Rank 6 - Validation Loss: 0.2384, Validation Accuracy: 0.8920
2025-08-11 00:42:06,472 - Rank 6 - Train Loss: 0.2363, Train Accuracy: 0.8928
2025-08-11 00:42:16,932 - Rank 6 - Validation Loss: 0.2397, Validation Accuracy: 0.8915
2025-08-11 00:44:14,655 - Rank 6 - Train Loss: 0.2370, Train Accuracy: 0.8931
2025-08-11 00:44:24,166 - Rank 6 - Validation Loss: 0.2376, Validation Accuracy: 0.8919
2025-08-11 00:46:19,758 - Rank 6 - Train Loss: 0.2364, Train Accuracy: 0.8930
2025-08-11 00:46:30,254 - Rank 6 - Validation Loss: 0.2397, Validation Accuracy: 0.8915
2025-08-11 00:48:28,389 - Rank 6 - Train Loss: 0.2365, Train Accuracy: 0.8931
2025-08-11 00:48:39,289 - Rank 6 - Validation Loss: 0.2377, Validation Accuracy: 0.8921
2025-08-11 00:50:37,251 - Rank 6 - Train Loss: 0.2353, Train Accuracy: 0.8936
2025-08-11 00:50:47,536 - Rank 6 - Validation Loss: 0.2387, Validation Accuracy: 0.8916
2025-08-11 00:52:45,870 - Rank 6 - Train Loss: 0.2360, Train Accuracy: 0.8933
2025-08-11 00:52:56,335 - Rank 6 - Validation Loss: 0.2369, Validation Accuracy: 0.8922
2025-08-11 00:54:55,958 - Rank 6 - Train Loss: 0.2354, Train Accuracy: 0.8936
2025-08-11 00:55:06,359 - Rank 6 - Validation Loss: 0.2376, Validation Accuracy: 0.8920
2025-08-11 00:57:05,132 - Rank 6 - Train Loss: 0.2345, Train Accuracy: 0.8940
2025-08-11 00:57:15,369 - Rank 6 - Validation Loss: 0.2378, Validation Accuracy: 0.8918
2025-08-11 00:59:07,314 - Rank 6 - Train Loss: 0.2353, Train Accuracy: 0.8936
2025-08-11 00:59:17,704 - Rank 6 - Validation Loss: 0.2376, Validation Accuracy: 0.8919
2025-08-11 01:01:15,552 - Rank 6 - Train Loss: 0.2331, Train Accuracy: 0.8943
2025-08-11 01:01:26,501 - Rank 6 - Validation Loss: 0.2380, Validation Accuracy: 0.8918
2025-08-11 01:03:25,446 - Rank 6 - Train Loss: 0.2343, Train Accuracy: 0.8941
2025-08-11 01:03:36,400 - Rank 6 - Validation Loss: 0.2379, Validation Accuracy: 0.8917
2025-08-11 01:05:34,565 - Rank 6 - Train Loss: 0.2358, Train Accuracy: 0.8934
2025-08-11 01:05:44,965 - Rank 6 - Validation Loss: 0.2381, Validation Accuracy: 0.8919
2025-08-11 01:07:43,212 - Rank 6 - Train Loss: 0.2349, Train Accuracy: 0.8935
2025-08-11 01:07:53,733 - Rank 6 - Validation Loss: 0.2393, Validation Accuracy: 0.8912
2025-08-11 01:09:52,238 - Rank 6 - Train Loss: 0.2346, Train Accuracy: 0.8936
2025-08-11 01:10:02,258 - Rank 6 - Validation Loss: 0.2373, Validation Accuracy: 0.8923
2025-08-11 01:12:00,497 - Rank 6 - Train Loss: 0.2335, Train Accuracy: 0.8942
2025-08-11 01:12:11,048 - Rank 6 - Validation Loss: 0.2383, Validation Accuracy: 0.8918
2025-08-11 01:14:01,604 - Rank 6 - Train Loss: 0.2336, Train Accuracy: 0.8944
2025-08-11 01:14:11,922 - Rank 6 - Validation Loss: 0.2376, Validation Accuracy: 0.8915
2025-08-11 01:16:09,230 - Rank 6 - Train Loss: 0.2332, Train Accuracy: 0.8945
2025-08-11 01:16:19,788 - Rank 6 - Validation Loss: 0.2364, Validation Accuracy: 0.8926
2025-08-11 01:18:17,707 - Rank 6 - Train Loss: 0.2330, Train Accuracy: 0.8940
2025-08-11 01:18:28,327 - Rank 6 - Validation Loss: 0.2372, Validation Accuracy: 0.8920
2025-08-11 01:20:26,236 - Rank 6 - Train Loss: 0.2326, Train Accuracy: 0.8944
2025-08-11 01:20:36,315 - Rank 6 - Validation Loss: 0.2370, Validation Accuracy: 0.8919
2025-08-11 01:22:34,349 - Rank 6 - Train Loss: 0.2323, Train Accuracy: 0.8946
2025-08-11 01:22:45,101 - Rank 6 - Validation Loss: 0.2373, Validation Accuracy: 0.8924
2025-08-11 01:24:43,695 - Rank 6 - Train Loss: 0.2329, Train Accuracy: 0.8944
2025-08-11 01:24:53,878 - Rank 6 - Validation Loss: 0.2375, Validation Accuracy: 0.8923
2025-08-11 01:26:50,979 - Rank 6 - Train Loss: 0.2330, Train Accuracy: 0.8942
2025-08-11 01:27:00,240 - Rank 6 - Validation Loss: 0.2370, Validation Accuracy: 0.8922
2025-08-11 01:28:52,497 - Rank 6 - Train Loss: 0.2318, Train Accuracy: 0.8949
2025-08-11 01:29:03,454 - Rank 6 - Validation Loss: 0.2360, Validation Accuracy: 0.8924
2025-08-11 01:31:00,332 - Rank 6 - Train Loss: 0.2323, Train Accuracy: 0.8945
2025-08-11 01:31:10,779 - Rank 6 - Validation Loss: 0.2355, Validation Accuracy: 0.8930
2025-08-11 01:33:07,813 - Rank 6 - Train Loss: 0.2325, Train Accuracy: 0.8944
2025-08-11 01:33:18,114 - Rank 6 - Validation Loss: 0.2373, Validation Accuracy: 0.8925
2025-08-11 01:35:16,158 - Rank 6 - Train Loss: 0.2310, Train Accuracy: 0.8949
2025-08-11 01:35:26,259 - Rank 6 - Validation Loss: 0.2377, Validation Accuracy: 0.8923
2025-08-11 01:37:23,805 - Rank 6 - Train Loss: 0.2321, Train Accuracy: 0.8945
2025-08-11 01:37:34,673 - Rank 6 - Validation Loss: 0.2364, Validation Accuracy: 0.8926
2025-08-11 01:39:32,727 - Rank 6 - Train Loss: 0.2325, Train Accuracy: 0.8944
2025-08-11 01:39:43,486 - Rank 6 - Validation Loss: 0.2372, Validation Accuracy: 0.8924
2025-08-11 01:41:37,869 - Rank 6 - Train Loss: 0.2313, Train Accuracy: 0.8948
2025-08-11 01:41:47,145 - Rank 6 - Validation Loss: 0.2367, Validation Accuracy: 0.8919
2025-08-11 01:43:42,521 - Rank 6 - Train Loss: 0.2321, Train Accuracy: 0.8949
2025-08-11 01:43:52,648 - Rank 6 - Validation Loss: 0.2357, Validation Accuracy: 0.8926
2025-08-11 01:45:50,578 - Rank 6 - Train Loss: 0.2316, Train Accuracy: 0.8949
2025-08-11 01:46:01,136 - Rank 6 - Validation Loss: 0.2384, Validation Accuracy: 0.8917
2025-08-11 01:47:58,004 - Rank 6 - Train Loss: 0.2309, Train Accuracy: 0.8952
2025-08-11 01:48:08,068 - Rank 6 - Validation Loss: 0.2366, Validation Accuracy: 0.8924
2025-08-11 01:50:04,637 - Rank 6 - Train Loss: 0.2310, Train Accuracy: 0.8949
2025-08-11 01:50:14,635 - Rank 6 - Validation Loss: 0.2359, Validation Accuracy: 0.8926
2025-08-11 01:52:11,247 - Rank 6 - Train Loss: 0.2312, Train Accuracy: 0.8950
2025-08-11 01:52:21,828 - Rank 6 - Validation Loss: 0.2359, Validation Accuracy: 0.8927
2025-08-11 01:54:20,010 - Rank 6 - Train Loss: 0.2319, Train Accuracy: 0.8947
2025-08-11 01:54:31,042 - Rank 6 - Validation Loss: 0.2367, Validation Accuracy: 0.8923
2025-08-11 01:56:22,672 - Rank 6 - Train Loss: 0.2319, Train Accuracy: 0.8946
2025-08-11 01:56:32,445 - Rank 6 - Validation Loss: 0.2357, Validation Accuracy: 0.8927
2025-08-11 01:58:29,995 - Rank 6 - Train Loss: 0.2300, Train Accuracy: 0.8955
2025-08-11 01:58:40,263 - Rank 6 - Validation Loss: 0.2347, Validation Accuracy: 0.8928
2025-08-11 02:00:38,959 - Rank 6 - Train Loss: 0.2304, Train Accuracy: 0.8951
2025-08-11 02:00:48,927 - Rank 6 - Validation Loss: 0.2371, Validation Accuracy: 0.8923
2025-08-11 02:02:46,343 - Rank 6 - Train Loss: 0.2299, Train Accuracy: 0.8952
2025-08-11 02:02:57,075 - Rank 6 - Validation Loss: 0.2355, Validation Accuracy: 0.8929
2025-08-11 02:04:55,319 - Rank 6 - Train Loss: 0.2306, Train Accuracy: 0.8952
2025-08-11 02:05:05,733 - Rank 6 - Validation Loss: 0.2354, Validation Accuracy: 0.8930
2025-08-11 02:07:03,598 - Rank 6 - Train Loss: 0.2293, Train Accuracy: 0.8958
2025-08-11 02:07:14,115 - Rank 6 - Validation Loss: 0.2359, Validation Accuracy: 0.8926
2025-08-11 02:09:11,748 - Rank 6 - Train Loss: 0.2299, Train Accuracy: 0.8952
2025-08-11 02:09:22,354 - Rank 6 - Validation Loss: 0.2358, Validation Accuracy: 0.8925
2025-08-11 02:11:12,848 - Rank 6 - Train Loss: 0.2295, Train Accuracy: 0.8958
2025-08-11 02:11:23,544 - Rank 6 - Validation Loss: 0.2351, Validation Accuracy: 0.8928
2025-08-11 02:13:20,768 - Rank 6 - Train Loss: 0.2286, Train Accuracy: 0.8958
2025-08-11 02:13:31,251 - Rank 6 - Validation Loss: 0.2362, Validation Accuracy: 0.8923
2025-08-11 02:15:28,076 - Rank 6 - Train Loss: 0.2291, Train Accuracy: 0.8959
2025-08-11 02:15:38,262 - Rank 6 - Validation Loss: 0.2350, Validation Accuracy: 0.8927
2025-08-11 02:17:36,115 - Rank 6 - Train Loss: 0.2279, Train Accuracy: 0.8959
2025-08-11 02:17:46,218 - Rank 6 - Validation Loss: 0.2356, Validation Accuracy: 0.8930
2025-08-11 02:19:44,787 - Rank 6 - Train Loss: 0.2289, Train Accuracy: 0.8957
2025-08-11 02:19:54,959 - Rank 6 - Validation Loss: 0.2334, Validation Accuracy: 0.8935
2025-08-11 02:21:53,668 - Rank 6 - Train Loss: 0.2284, Train Accuracy: 0.8960
2025-08-11 02:22:03,969 - Rank 6 - Validation Loss: 0.2354, Validation Accuracy: 0.8927
2025-08-11 02:24:02,534 - Rank 6 - Train Loss: 0.2284, Train Accuracy: 0.8960
2025-08-11 02:24:13,171 - Rank 6 - Validation Loss: 0.2345, Validation Accuracy: 0.8932
2025-08-11 02:26:03,507 - Rank 6 - Train Loss: 0.2273, Train Accuracy: 0.8965
2025-08-11 02:26:13,993 - Rank 6 - Validation Loss: 0.2347, Validation Accuracy: 0.8931
2025-08-11 02:28:11,999 - Rank 6 - Train Loss: 0.2270, Train Accuracy: 0.8965
2025-08-11 02:28:22,450 - Rank 6 - Validation Loss: 0.2337, Validation Accuracy: 0.8938
2025-08-11 02:30:19,449 - Rank 6 - Train Loss: 0.2275, Train Accuracy: 0.8962
2025-08-11 02:30:29,935 - Rank 6 - Validation Loss: 0.2349, Validation Accuracy: 0.8931
2025-08-11 02:32:27,441 - Rank 6 - Train Loss: 0.2277, Train Accuracy: 0.8962
2025-08-11 02:32:37,436 - Rank 6 - Validation Loss: 0.2341, Validation Accuracy: 0.8932
2025-08-11 02:34:35,935 - Rank 6 - Train Loss: 0.2275, Train Accuracy: 0.8964
2025-08-11 02:34:46,434 - Rank 6 - Validation Loss: 0.2351, Validation Accuracy: 0.8928
2025-08-11 02:36:44,989 - Rank 6 - Train Loss: 0.2277, Train Accuracy: 0.8961
2025-08-11 02:36:55,259 - Rank 6 - Validation Loss: 0.2352, Validation Accuracy: 0.8930
2025-08-11 02:38:53,477 - Rank 6 - Train Loss: 0.2269, Train Accuracy: 0.8967
2025-08-11 02:39:03,967 - Rank 6 - Validation Loss: 0.2350, Validation Accuracy: 0.8928
2025-08-11 02:40:55,208 - Rank 6 - Train Loss: 0.2264, Train Accuracy: 0.8970
2025-08-11 02:41:05,641 - Rank 6 - Validation Loss: 0.2348, Validation Accuracy: 0.8932
2025-08-11 02:43:03,406 - Rank 6 - Train Loss: 0.2267, Train Accuracy: 0.8966
2025-08-11 02:43:13,643 - Rank 6 - Validation Loss: 0.2352, Validation Accuracy: 0.8937
2025-08-11 02:45:10,956 - Rank 6 - Train Loss: 0.2275, Train Accuracy: 0.8961
2025-08-11 02:45:21,458 - Rank 6 - Validation Loss: 0.2348, Validation Accuracy: 0.8934
2025-08-11 02:47:18,881 - Rank 6 - Train Loss: 0.2264, Train Accuracy: 0.8966
2025-08-11 02:47:28,998 - Rank 6 - Validation Loss: 0.2345, Validation Accuracy: 0.8934
2025-08-11 02:49:27,130 - Rank 6 - Train Loss: 0.2274, Train Accuracy: 0.8962
2025-08-11 02:49:37,637 - Rank 6 - Validation Loss: 0.2350, Validation Accuracy: 0.8932
2025-08-11 02:51:35,140 - Rank 6 - Train Loss: 0.2252, Train Accuracy: 0.8971
2025-08-11 02:51:45,682 - Rank 6 - Validation Loss: 0.2336, Validation Accuracy: 0.8933
2025-08-11 02:53:43,316 - Rank 6 - Train Loss: 0.2271, Train Accuracy: 0.8964
2025-08-11 02:53:52,432 - Rank 6 - Validation Loss: 0.2353, Validation Accuracy: 0.8931
2025-08-11 02:55:46,181 - Rank 6 - Train Loss: 0.2257, Train Accuracy: 0.8972
2025-08-11 02:55:56,521 - Rank 6 - Validation Loss: 0.2343, Validation Accuracy: 0.8935
2025-08-11 02:57:55,081 - Rank 6 - Train Loss: 0.2259, Train Accuracy: 0.8968
2025-08-11 02:58:05,308 - Rank 6 - Validation Loss: 0.2342, Validation Accuracy: 0.8935
2025-08-11 03:00:03,283 - Rank 6 - Train Loss: 0.2264, Train Accuracy: 0.8965
2025-08-11 03:00:14,070 - Rank 6 - Validation Loss: 0.2334, Validation Accuracy: 0.8936
2025-08-11 03:02:13,663 - Rank 6 - Train Loss: 0.2260, Train Accuracy: 0.8966
2025-08-11 03:02:24,092 - Rank 6 - Validation Loss: 0.2342, Validation Accuracy: 0.8933
2025-08-11 03:04:23,126 - Rank 6 - Train Loss: 0.2262, Train Accuracy: 0.8969
2025-08-11 03:04:33,648 - Rank 6 - Validation Loss: 0.2335, Validation Accuracy: 0.8935
2025-08-11 03:06:32,679 - Rank 6 - Train Loss: 0.2253, Train Accuracy: 0.8974
2025-08-11 03:06:43,271 - Rank 6 - Validation Loss: 0.2360, Validation Accuracy: 0.8928
2025-08-11 03:08:35,974 - Rank 6 - Train Loss: 0.2261, Train Accuracy: 0.8969
2025-08-11 03:08:45,593 - Rank 6 - Validation Loss: 0.2342, Validation Accuracy: 0.8933
2025-08-11 03:10:43,562 - Rank 6 - Train Loss: 0.2247, Train Accuracy: 0.8972
2025-08-11 03:10:54,137 - Rank 6 - Validation Loss: 0.2337, Validation Accuracy: 0.8937
2025-08-11 03:12:51,880 - Rank 6 - Train Loss: 0.2240, Train Accuracy: 0.8975
2025-08-11 03:13:01,991 - Rank 6 - Validation Loss: 0.2336, Validation Accuracy: 0.8937
2025-08-11 03:15:00,357 - Rank 6 - Train Loss: 0.2245, Train Accuracy: 0.8977
2025-08-11 03:15:10,489 - Rank 6 - Validation Loss: 0.2327, Validation Accuracy: 0.8939
2025-08-11 03:17:08,279 - Rank 6 - Train Loss: 0.2237, Train Accuracy: 0.8976
2025-08-11 03:17:19,051 - Rank 6 - Validation Loss: 0.2331, Validation Accuracy: 0.8942
2025-08-11 03:19:17,300 - Rank 6 - Train Loss: 0.2243, Train Accuracy: 0.8975
2025-08-11 03:19:27,848 - Rank 6 - Validation Loss: 0.2334, Validation Accuracy: 0.8937
2025-08-11 03:21:26,988 - Rank 6 - Train Loss: 0.2242, Train Accuracy: 0.8973
2025-08-11 03:21:37,180 - Rank 6 - Validation Loss: 0.2332, Validation Accuracy: 0.8936
2025-08-11 03:23:28,455 - Rank 6 - Train Loss: 0.2241, Train Accuracy: 0.8975
2025-08-11 03:23:38,821 - Rank 6 - Validation Loss: 0.2330, Validation Accuracy: 0.8941
2025-08-11 03:25:37,339 - Rank 6 - Train Loss: 0.2239, Train Accuracy: 0.8978
2025-08-11 03:25:48,028 - Rank 6 - Validation Loss: 0.2342, Validation Accuracy: 0.8935
2025-08-11 03:27:45,302 - Rank 6 - Train Loss: 0.2236, Train Accuracy: 0.8977
2025-08-11 03:27:56,025 - Rank 6 - Validation Loss: 0.2343, Validation Accuracy: 0.8932
2025-08-11 03:29:54,187 - Rank 6 - Train Loss: 0.2236, Train Accuracy: 0.8980
2025-08-11 03:30:04,988 - Rank 6 - Validation Loss: 0.2342, Validation Accuracy: 0.8931
2025-08-11 03:32:02,296 - Rank 6 - Train Loss: 0.2240, Train Accuracy: 0.8976
2025-08-11 03:32:13,054 - Rank 6 - Validation Loss: 0.2321, Validation Accuracy: 0.8937
2025-08-11 03:34:11,179 - Rank 6 - Train Loss: 0.2235, Train Accuracy: 0.8979
2025-08-11 03:34:21,513 - Rank 6 - Validation Loss: 0.2329, Validation Accuracy: 0.8939
2025-08-11 03:36:19,761 - Rank 6 - Train Loss: 0.2245, Train Accuracy: 0.8975
2025-08-11 03:36:30,499 - Rank 6 - Validation Loss: 0.2337, Validation Accuracy: 0.8937
2025-08-11 03:38:14,470 - Rank 6 - Train Loss: 0.2225, Train Accuracy: 0.8982
2025-08-11 03:38:23,491 - Rank 6 - Validation Loss: 0.2334, Validation Accuracy: 0.8936
2025-08-11 03:40:00,049 - Rank 6 - Train Loss: 0.2234, Train Accuracy: 0.8979
2025-08-11 03:40:07,074 - Rank 6 - Validation Loss: 0.2334, Validation Accuracy: 0.8936
2025-08-11 03:41:40,591 - Rank 6 - Train Loss: 0.2225, Train Accuracy: 0.8982
2025-08-11 03:41:47,930 - Rank 6 - Validation Loss: 0.2334, Validation Accuracy: 0.8938
2025-08-11 03:43:21,958 - Rank 6 - Train Loss: 0.2245, Train Accuracy: 0.8975
2025-08-11 03:43:29,155 - Rank 6 - Validation Loss: 0.2328, Validation Accuracy: 0.8941
2025-08-11 03:45:02,372 - Rank 6 - Train Loss: 0.2226, Train Accuracy: 0.8983
2025-08-11 03:45:09,683 - Rank 6 - Validation Loss: 0.2345, Validation Accuracy: 0.8934
2025-08-11 03:46:42,849 - Rank 6 - Train Loss: 0.2214, Train Accuracy: 0.8986
2025-08-11 03:46:50,070 - Rank 6 - Validation Loss: 0.2329, Validation Accuracy: 0.8937
2025-08-11 03:48:24,009 - Rank 6 - Train Loss: 0.2226, Train Accuracy: 0.8982
2025-08-11 03:48:31,249 - Rank 6 - Validation Loss: 0.2327, Validation Accuracy: 0.8942
2025-08-11 03:50:18,778 - Rank 6 - Train Loss: 0.2220, Train Accuracy: 0.8983
2025-08-11 03:50:25,703 - Rank 6 - Validation Loss: 0.2317, Validation Accuracy: 0.8942
2025-08-11 03:52:17,901 - Rank 6 - Train Loss: 0.2225, Train Accuracy: 0.8983
2025-08-11 03:52:28,390 - Rank 6 - Validation Loss: 0.2326, Validation Accuracy: 0.8940
2025-08-11 03:54:25,385 - Rank 6 - Train Loss: 0.2223, Train Accuracy: 0.8982
2025-08-11 03:54:35,889 - Rank 6 - Validation Loss: 0.2332, Validation Accuracy: 0.8937
2025-08-11 05:11:50,402 - Rank 6 - Starting training
2025-08-11 05:12:12,891 - Rank 6 - No checkpoint found at checkpoints_dummy/macformer_checkpoint.pth, starting from scratch
2025-08-11 05:13:47,405 - Rank 6 - Train Loss: 1.6592, Train Accuracy: 0.4850
2025-08-11 05:14:18,222 - Rank 6 - Starting training
2025-08-11 05:14:40,081 - Rank 6 - No checkpoint found at checkpoints_dummy/macformer_checkpoint.pth, starting from scratch
2025-08-11 05:26:56,399 - Rank 6 - Starting training
2025-08-11 05:27:10,704 - Rank 6 - No checkpoint found at checkpoints_dummy/macformer_checkpoint.pth, starting from scratch
