2025-08-10 06:44:21,669 - Rank 1 - Starting training on rank 1
2025-08-10 06:58:59,436 - Rank 1 - Starting training
2025-08-10 06:59:20,075 - Rank 1 - No checkpoint found at checkpoints/macformer_checkpoint.pth, starting from scratch
2025-08-10 07:01:53,033 - Rank 1 - Train Loss: 1.6589, Train Accuracy: 0.4855
2025-08-10 07:02:04,877 - Rank 1 - Validation Loss: 1.3360, Validation Accuracy: 0.5513
2025-08-10 07:04:16,131 - Rank 1 - Starting training
2025-08-10 07:04:37,678 - Rank 1 - No checkpoint found at checkpoints/macformer_checkpoint.pth, starting from scratch
2025-08-10 07:06:58,017 - Rank 1 - Train Loss: 1.6589, Train Accuracy: 0.4854
2025-08-10 07:07:07,417 - Rank 1 - Validation Loss: 1.3362, Validation Accuracy: 0.5513
2025-08-10 07:09:22,907 - Rank 1 - Train Loss: 1.2882, Train Accuracy: 0.5608
2025-08-10 07:09:33,756 - Rank 1 - Validation Loss: 1.2126, Validation Accuracy: 0.5773
2025-08-10 07:12:04,853 - Rank 1 - Train Loss: 1.1892, Train Accuracy: 0.5853
2025-08-10 07:12:15,523 - Rank 1 - Validation Loss: 1.1455, Validation Accuracy: 0.5961
2025-08-10 07:14:45,591 - Rank 1 - Train Loss: 1.1230, Train Accuracy: 0.6028
2025-08-10 07:14:56,568 - Rank 1 - Validation Loss: 1.0898, Validation Accuracy: 0.6106
2025-08-10 07:17:26,312 - Rank 1 - Train Loss: 1.0745, Train Accuracy: 0.6162
2025-08-10 07:17:38,326 - Rank 1 - Validation Loss: 1.0291, Validation Accuracy: 0.6286
2025-08-10 07:20:10,870 - Rank 1 - Train Loss: 1.0325, Train Accuracy: 0.6278
2025-08-10 07:20:23,308 - Rank 1 - Validation Loss: 0.9939, Validation Accuracy: 0.6390
2025-08-10 07:23:00,472 - Rank 1 - Train Loss: 0.9984, Train Accuracy: 0.6369
2025-08-10 07:23:14,820 - Rank 1 - Validation Loss: 0.9500, Validation Accuracy: 0.6520
2025-08-10 07:26:16,571 - Rank 1 - Train Loss: 0.9675, Train Accuracy: 0.6462
2025-08-10 07:26:30,666 - Rank 1 - Validation Loss: 0.9194, Validation Accuracy: 0.6627
2025-08-10 07:29:30,751 - Rank 1 - Train Loss: 0.9375, Train Accuracy: 0.6557
2025-08-10 07:29:44,861 - Rank 1 - Validation Loss: 0.8859, Validation Accuracy: 0.6731
2025-08-10 07:32:29,074 - Rank 1 - Train Loss: 0.9158, Train Accuracy: 0.6625
2025-08-10 07:32:38,243 - Rank 1 - Validation Loss: 0.8904, Validation Accuracy: 0.6712
2025-08-10 07:34:47,492 - Rank 1 - Train Loss: 0.8946, Train Accuracy: 0.6694
2025-08-10 07:34:57,173 - Rank 1 - Validation Loss: 0.8558, Validation Accuracy: 0.6837
2025-08-10 07:37:04,044 - Rank 1 - Train Loss: 0.8733, Train Accuracy: 0.6753
2025-08-10 07:37:14,044 - Rank 1 - Validation Loss: 0.8215, Validation Accuracy: 0.6932
2025-08-10 07:39:20,766 - Rank 1 - Train Loss: 0.8552, Train Accuracy: 0.6814
2025-08-10 07:39:31,054 - Rank 1 - Validation Loss: 0.8387, Validation Accuracy: 0.6910
2025-08-10 07:41:37,015 - Rank 1 - Train Loss: 0.8413, Train Accuracy: 0.6862
2025-08-10 07:41:46,457 - Rank 1 - Validation Loss: 0.7879, Validation Accuracy: 0.7053
2025-08-10 07:43:52,432 - Rank 1 - Train Loss: 0.8266, Train Accuracy: 0.6910
2025-08-10 07:44:02,717 - Rank 1 - Validation Loss: 0.7642, Validation Accuracy: 0.7129
2025-08-10 07:46:15,988 - Rank 1 - Train Loss: 0.8096, Train Accuracy: 0.6970
2025-08-10 07:46:30,797 - Rank 1 - Validation Loss: 0.7635, Validation Accuracy: 0.7146
2025-08-10 07:49:41,672 - Rank 1 - Train Loss: 0.7958, Train Accuracy: 0.7012
2025-08-10 07:49:59,489 - Rank 1 - Validation Loss: 0.7441, Validation Accuracy: 0.7205
2025-08-10 07:53:30,820 - Rank 1 - Train Loss: 0.7838, Train Accuracy: 0.7053
2025-08-10 07:53:47,545 - Rank 1 - Validation Loss: 0.7225, Validation Accuracy: 0.7269
2025-08-10 07:56:56,606 - Rank 1 - Train Loss: 0.7712, Train Accuracy: 0.7095
2025-08-10 07:57:09,451 - Rank 1 - Validation Loss: 0.7129, Validation Accuracy: 0.7301
2025-08-10 07:59:17,734 - Rank 1 - Train Loss: 0.7613, Train Accuracy: 0.7127
2025-08-10 07:59:25,675 - Rank 1 - Validation Loss: 0.6938, Validation Accuracy: 0.7367
2025-08-10 08:01:23,771 - Rank 1 - Train Loss: 0.7486, Train Accuracy: 0.7171
2025-08-10 08:01:31,639 - Rank 1 - Validation Loss: 0.6970, Validation Accuracy: 0.7352
2025-08-10 08:03:31,364 - Rank 1 - Train Loss: 0.7365, Train Accuracy: 0.7206
2025-08-10 08:03:39,665 - Rank 1 - Validation Loss: 0.6817, Validation Accuracy: 0.7399
2025-08-10 08:05:38,115 - Rank 1 - Train Loss: 0.7287, Train Accuracy: 0.7239
2025-08-10 08:05:45,717 - Rank 1 - Validation Loss: 0.6712, Validation Accuracy: 0.7440
2025-08-10 08:07:45,495 - Rank 1 - Train Loss: 0.7187, Train Accuracy: 0.7268
2025-08-10 08:07:53,876 - Rank 1 - Validation Loss: 0.6683, Validation Accuracy: 0.7455
2025-08-10 08:09:53,370 - Rank 1 - Train Loss: 0.7077, Train Accuracy: 0.7304
2025-08-10 08:10:01,336 - Rank 1 - Validation Loss: 0.6687, Validation Accuracy: 0.7463
2025-08-10 08:12:00,384 - Rank 1 - Train Loss: 0.7006, Train Accuracy: 0.7334
2025-08-10 08:12:08,378 - Rank 1 - Validation Loss: 0.6357, Validation Accuracy: 0.7563
2025-08-10 08:14:02,768 - Rank 1 - Train Loss: 0.6926, Train Accuracy: 0.7356
2025-08-10 08:14:11,000 - Rank 1 - Validation Loss: 0.6315, Validation Accuracy: 0.7574
2025-08-10 08:16:09,798 - Rank 1 - Train Loss: 0.6860, Train Accuracy: 0.7377
2025-08-10 08:16:18,532 - Rank 1 - Validation Loss: 0.6269, Validation Accuracy: 0.7595
2025-08-10 08:18:15,464 - Rank 1 - Train Loss: 0.6779, Train Accuracy: 0.7404
2025-08-10 08:18:24,162 - Rank 1 - Validation Loss: 0.6192, Validation Accuracy: 0.7620
2025-08-10 08:20:23,300 - Rank 1 - Train Loss: 0.6715, Train Accuracy: 0.7425
2025-08-10 08:20:31,121 - Rank 1 - Validation Loss: 0.6078, Validation Accuracy: 0.7653
2025-08-10 08:22:30,469 - Rank 1 - Train Loss: 0.6602, Train Accuracy: 0.7464
2025-08-10 08:22:38,817 - Rank 1 - Validation Loss: 0.6039, Validation Accuracy: 0.7669
2025-08-10 08:24:42,076 - Rank 1 - Train Loss: 0.6543, Train Accuracy: 0.7482
2025-08-10 08:24:51,824 - Rank 1 - Validation Loss: 0.5941, Validation Accuracy: 0.7703
2025-08-10 08:26:58,279 - Rank 1 - Train Loss: 0.6482, Train Accuracy: 0.7504
2025-08-10 08:27:07,986 - Rank 1 - Validation Loss: 0.5922, Validation Accuracy: 0.7706
2025-08-10 08:29:10,473 - Rank 1 - Train Loss: 0.6413, Train Accuracy: 0.7526
2025-08-10 08:29:20,599 - Rank 1 - Validation Loss: 0.5814, Validation Accuracy: 0.7745
2025-08-10 08:31:23,818 - Rank 1 - Train Loss: 0.6350, Train Accuracy: 0.7554
2025-08-10 08:31:33,693 - Rank 1 - Validation Loss: 0.5842, Validation Accuracy: 0.7729
2025-08-10 08:33:40,664 - Rank 1 - Train Loss: 0.6293, Train Accuracy: 0.7567
2025-08-10 08:33:50,806 - Rank 1 - Validation Loss: 0.5574, Validation Accuracy: 0.7833
2025-08-10 08:35:56,422 - Rank 1 - Train Loss: 0.6222, Train Accuracy: 0.7589
2025-08-10 08:36:06,407 - Rank 1 - Validation Loss: 0.5584, Validation Accuracy: 0.7822
2025-08-10 08:38:12,973 - Rank 1 - Train Loss: 0.6186, Train Accuracy: 0.7602
2025-08-10 08:38:22,843 - Rank 1 - Validation Loss: 0.5641, Validation Accuracy: 0.7796
2025-08-10 08:40:28,426 - Rank 1 - Train Loss: 0.6135, Train Accuracy: 0.7618
2025-08-10 08:40:38,344 - Rank 1 - Validation Loss: 0.5490, Validation Accuracy: 0.7855
2025-08-10 08:42:46,380 - Rank 1 - Train Loss: 0.6105, Train Accuracy: 0.7627
2025-08-10 08:42:54,271 - Rank 1 - Validation Loss: 0.5426, Validation Accuracy: 0.7870
2025-08-10 08:44:49,459 - Rank 1 - Train Loss: 0.6055, Train Accuracy: 0.7646
2025-08-10 08:44:57,807 - Rank 1 - Validation Loss: 0.5442, Validation Accuracy: 0.7871
2025-08-10 08:46:56,887 - Rank 1 - Train Loss: 0.5981, Train Accuracy: 0.7671
2025-08-10 08:47:04,884 - Rank 1 - Validation Loss: 0.5368, Validation Accuracy: 0.7895
2025-08-10 08:49:05,236 - Rank 1 - Train Loss: 0.5953, Train Accuracy: 0.7679
2025-08-10 08:49:14,940 - Rank 1 - Validation Loss: 0.5315, Validation Accuracy: 0.7914
2025-08-10 08:51:20,025 - Rank 1 - Train Loss: 0.5886, Train Accuracy: 0.7700
2025-08-10 08:51:29,570 - Rank 1 - Validation Loss: 0.5269, Validation Accuracy: 0.7925
2025-08-10 08:53:43,379 - Rank 1 - Train Loss: 0.5852, Train Accuracy: 0.7711
2025-08-10 08:53:52,996 - Rank 1 - Validation Loss: 0.5269, Validation Accuracy: 0.7926
2025-08-10 08:55:59,315 - Rank 1 - Train Loss: 0.5773, Train Accuracy: 0.7741
2025-08-10 08:56:08,991 - Rank 1 - Validation Loss: 0.5261, Validation Accuracy: 0.7923
2025-08-10 08:58:40,949 - Rank 1 - Train Loss: 0.5740, Train Accuracy: 0.7753
2025-08-10 08:58:54,057 - Rank 1 - Validation Loss: 0.5101, Validation Accuracy: 0.7989
2025-08-10 09:00:58,793 - Rank 1 - Train Loss: 0.5708, Train Accuracy: 0.7762
2025-08-10 09:01:08,378 - Rank 1 - Validation Loss: 0.5062, Validation Accuracy: 0.7995
2025-08-10 09:03:15,078 - Rank 1 - Train Loss: 0.5664, Train Accuracy: 0.7778
2025-08-10 09:03:24,311 - Rank 1 - Validation Loss: 0.5006, Validation Accuracy: 0.8020
2025-08-10 09:05:28,241 - Rank 1 - Train Loss: 0.5644, Train Accuracy: 0.7785
2025-08-10 09:05:37,395 - Rank 1 - Validation Loss: 0.4978, Validation Accuracy: 0.8030
2025-08-10 09:07:43,346 - Rank 1 - Train Loss: 0.5591, Train Accuracy: 0.7805
2025-08-10 09:07:53,253 - Rank 1 - Validation Loss: 0.4968, Validation Accuracy: 0.8029
2025-08-10 09:09:56,971 - Rank 1 - Train Loss: 0.5569, Train Accuracy: 0.7805
2025-08-10 09:10:06,739 - Rank 1 - Validation Loss: 0.4911, Validation Accuracy: 0.8047
2025-08-10 09:12:11,772 - Rank 1 - Train Loss: 0.5530, Train Accuracy: 0.7824
2025-08-10 09:12:21,912 - Rank 1 - Validation Loss: 0.4936, Validation Accuracy: 0.8040
2025-08-10 09:14:23,058 - Rank 1 - Train Loss: 0.5487, Train Accuracy: 0.7839
2025-08-10 09:14:33,223 - Rank 1 - Validation Loss: 0.4907, Validation Accuracy: 0.8047
2025-08-10 09:16:36,995 - Rank 1 - Train Loss: 0.5447, Train Accuracy: 0.7852
2025-08-10 09:16:47,288 - Rank 1 - Validation Loss: 0.4904, Validation Accuracy: 0.8048
2025-08-10 09:18:52,878 - Rank 1 - Train Loss: 0.5425, Train Accuracy: 0.7859
2025-08-10 09:19:03,179 - Rank 1 - Validation Loss: 0.4756, Validation Accuracy: 0.8099
2025-08-10 09:21:09,092 - Rank 1 - Train Loss: 0.5389, Train Accuracy: 0.7871
2025-08-10 09:21:18,652 - Rank 1 - Validation Loss: 0.4809, Validation Accuracy: 0.8081
2025-08-10 09:23:53,623 - Rank 1 - Train Loss: 0.5339, Train Accuracy: 0.7891
2025-08-10 09:24:06,871 - Rank 1 - Validation Loss: 0.4757, Validation Accuracy: 0.8096
2025-08-10 09:26:40,645 - Rank 1 - Train Loss: 0.5298, Train Accuracy: 0.7901
2025-08-10 09:26:53,678 - Rank 1 - Validation Loss: 0.4719, Validation Accuracy: 0.8109
2025-08-10 09:29:28,174 - Rank 1 - Train Loss: 0.5313, Train Accuracy: 0.7902
2025-08-10 09:29:41,266 - Rank 1 - Validation Loss: 0.4908, Validation Accuracy: 0.8036
2025-08-10 09:32:01,671 - Rank 1 - Train Loss: 0.5282, Train Accuracy: 0.7909
2025-08-10 09:32:09,775 - Rank 1 - Validation Loss: 0.4637, Validation Accuracy: 0.8138
2025-08-10 09:34:08,767 - Rank 1 - Train Loss: 0.5214, Train Accuracy: 0.7931
2025-08-10 09:34:16,781 - Rank 1 - Validation Loss: 0.4744, Validation Accuracy: 0.8099
2025-08-10 09:36:15,392 - Rank 1 - Train Loss: 0.5206, Train Accuracy: 0.7936
2025-08-10 09:36:23,562 - Rank 1 - Validation Loss: 0.4540, Validation Accuracy: 0.8172
2025-08-10 09:38:23,813 - Rank 1 - Train Loss: 0.5165, Train Accuracy: 0.7947
2025-08-10 09:38:32,232 - Rank 1 - Validation Loss: 0.4607, Validation Accuracy: 0.8146
2025-08-10 09:40:32,457 - Rank 1 - Train Loss: 0.5148, Train Accuracy: 0.7955
2025-08-10 09:40:40,437 - Rank 1 - Validation Loss: 0.4516, Validation Accuracy: 0.8181
2025-08-10 09:42:32,243 - Rank 1 - Train Loss: 0.5124, Train Accuracy: 0.7965
2025-08-10 09:42:40,653 - Rank 1 - Validation Loss: 0.4459, Validation Accuracy: 0.8201
2025-08-10 09:44:38,833 - Rank 1 - Train Loss: 0.5080, Train Accuracy: 0.7976
2025-08-10 09:44:47,257 - Rank 1 - Validation Loss: 0.4448, Validation Accuracy: 0.8204
2025-08-10 09:46:46,365 - Rank 1 - Train Loss: 0.5038, Train Accuracy: 0.7991
2025-08-10 09:46:54,778 - Rank 1 - Validation Loss: 0.4456, Validation Accuracy: 0.8197
2025-08-10 09:48:54,745 - Rank 1 - Train Loss: 0.5018, Train Accuracy: 0.8002
2025-08-10 09:49:03,472 - Rank 1 - Validation Loss: 0.4422, Validation Accuracy: 0.8211
2025-08-10 09:51:01,610 - Rank 1 - Train Loss: 0.5004, Train Accuracy: 0.8006
2025-08-10 09:51:08,120 - Rank 1 - Validation Loss: 0.4425, Validation Accuracy: 0.8208
2025-08-10 09:53:07,558 - Rank 1 - Train Loss: 0.4983, Train Accuracy: 0.8016
2025-08-10 09:53:15,679 - Rank 1 - Validation Loss: 0.4382, Validation Accuracy: 0.8224
2025-08-10 09:55:15,954 - Rank 1 - Train Loss: 0.4937, Train Accuracy: 0.8022
2025-08-10 09:55:23,895 - Rank 1 - Validation Loss: 0.4341, Validation Accuracy: 0.8241
2025-08-10 09:57:18,199 - Rank 1 - Train Loss: 0.4949, Train Accuracy: 0.8024
2025-08-10 09:57:25,960 - Rank 1 - Validation Loss: 0.4321, Validation Accuracy: 0.8243
2025-08-10 09:59:26,427 - Rank 1 - Train Loss: 0.4896, Train Accuracy: 0.8040
2025-08-10 09:59:34,222 - Rank 1 - Validation Loss: 0.4307, Validation Accuracy: 0.8253
2025-08-10 10:01:32,960 - Rank 1 - Train Loss: 0.4879, Train Accuracy: 0.8046
2025-08-10 10:01:41,408 - Rank 1 - Validation Loss: 0.4261, Validation Accuracy: 0.8264
2025-08-10 10:03:40,770 - Rank 1 - Train Loss: 0.4850, Train Accuracy: 0.8053
2025-08-10 10:03:48,164 - Rank 1 - Validation Loss: 0.4326, Validation Accuracy: 0.8241
2025-08-10 10:05:48,887 - Rank 1 - Train Loss: 0.4829, Train Accuracy: 0.8064
2025-08-10 10:05:57,514 - Rank 1 - Validation Loss: 0.4207, Validation Accuracy: 0.8285
2025-08-10 10:07:57,171 - Rank 1 - Train Loss: 0.4793, Train Accuracy: 0.8075
2025-08-10 10:08:05,054 - Rank 1 - Validation Loss: 0.4221, Validation Accuracy: 0.8272
2025-08-10 10:10:02,976 - Rank 1 - Train Loss: 0.4768, Train Accuracy: 0.8085
2025-08-10 10:10:11,808 - Rank 1 - Validation Loss: 0.4187, Validation Accuracy: 0.8292
2025-08-10 10:12:05,171 - Rank 1 - Train Loss: 0.4760, Train Accuracy: 0.8085
2025-08-10 10:12:13,450 - Rank 1 - Validation Loss: 0.4247, Validation Accuracy: 0.8268
2025-08-10 10:14:16,085 - Rank 1 - Train Loss: 0.4748, Train Accuracy: 0.8091
2025-08-10 10:14:24,433 - Rank 1 - Validation Loss: 0.4152, Validation Accuracy: 0.8303
2025-08-10 10:16:23,204 - Rank 1 - Train Loss: 0.4721, Train Accuracy: 0.8102
2025-08-10 10:16:30,920 - Rank 1 - Validation Loss: 0.4136, Validation Accuracy: 0.8305
2025-08-10 10:18:30,594 - Rank 1 - Train Loss: 0.4694, Train Accuracy: 0.8109
2025-08-10 10:18:38,858 - Rank 1 - Validation Loss: 0.4080, Validation Accuracy: 0.8330
2025-08-10 10:20:38,139 - Rank 1 - Train Loss: 0.4670, Train Accuracy: 0.8118
2025-08-10 10:20:46,650 - Rank 1 - Validation Loss: 0.4079, Validation Accuracy: 0.8334
2025-08-10 10:22:46,554 - Rank 1 - Train Loss: 0.4666, Train Accuracy: 0.8118
2025-08-10 10:22:54,518 - Rank 1 - Validation Loss: 0.4069, Validation Accuracy: 0.8335
2025-08-10 10:24:49,751 - Rank 1 - Train Loss: 0.4658, Train Accuracy: 0.8124
2025-08-10 10:24:59,376 - Rank 1 - Validation Loss: 0.4040, Validation Accuracy: 0.8346
2025-08-10 10:26:57,102 - Rank 1 - Train Loss: 0.4612, Train Accuracy: 0.8137
2025-08-10 10:27:05,806 - Rank 1 - Validation Loss: 0.4048, Validation Accuracy: 0.8339
2025-08-10 10:29:05,358 - Rank 1 - Train Loss: 0.4594, Train Accuracy: 0.8146
2025-08-10 10:29:13,419 - Rank 1 - Validation Loss: 0.4013, Validation Accuracy: 0.8357
2025-08-10 10:31:13,901 - Rank 1 - Train Loss: 0.4577, Train Accuracy: 0.8155
2025-08-10 10:31:22,235 - Rank 1 - Validation Loss: 0.4001, Validation Accuracy: 0.8360
2025-08-10 10:33:21,536 - Rank 1 - Train Loss: 0.4550, Train Accuracy: 0.8157
2025-08-10 10:33:29,578 - Rank 1 - Validation Loss: 0.3996, Validation Accuracy: 0.8360
2025-08-10 10:35:28,568 - Rank 1 - Train Loss: 0.4553, Train Accuracy: 0.8160
2025-08-10 10:35:36,902 - Rank 1 - Validation Loss: 0.3962, Validation Accuracy: 0.8371
2025-08-10 10:37:36,508 - Rank 1 - Train Loss: 0.4510, Train Accuracy: 0.8174
2025-08-10 10:37:44,617 - Rank 1 - Validation Loss: 0.3929, Validation Accuracy: 0.8386
2025-08-10 10:39:44,285 - Rank 1 - Train Loss: 0.4498, Train Accuracy: 0.8180
2025-08-10 10:39:54,786 - Rank 1 - Validation Loss: 0.3908, Validation Accuracy: 0.8390
2025-08-10 10:42:26,093 - Rank 1 - Train Loss: 0.4484, Train Accuracy: 0.8183
2025-08-10 10:42:38,975 - Rank 1 - Validation Loss: 0.3933, Validation Accuracy: 0.8379
2025-08-10 10:45:14,423 - Rank 1 - Train Loss: 0.4461, Train Accuracy: 0.8190
2025-08-10 10:45:27,704 - Rank 1 - Validation Loss: 0.3903, Validation Accuracy: 0.8390
2025-08-10 10:48:05,796 - Rank 1 - Train Loss: 0.4444, Train Accuracy: 0.8200
2025-08-10 10:48:18,845 - Rank 1 - Validation Loss: 0.3866, Validation Accuracy: 0.8403
2025-08-10 10:50:25,573 - Rank 1 - Train Loss: 0.4417, Train Accuracy: 0.8203
2025-08-10 10:50:34,018 - Rank 1 - Validation Loss: 0.3853, Validation Accuracy: 0.8410
2025-08-10 10:52:32,239 - Rank 1 - Train Loss: 0.4405, Train Accuracy: 0.8210
2025-08-10 10:52:40,402 - Rank 1 - Validation Loss: 0.3876, Validation Accuracy: 0.8397
2025-08-10 10:54:33,227 - Rank 1 - Train Loss: 0.4397, Train Accuracy: 0.8215
2025-08-10 10:54:42,135 - Rank 1 - Validation Loss: 0.3863, Validation Accuracy: 0.8405
2025-08-10 10:56:39,709 - Rank 1 - Train Loss: 0.4391, Train Accuracy: 0.8217
2025-08-10 10:56:48,318 - Rank 1 - Validation Loss: 0.3837, Validation Accuracy: 0.8415
2025-08-10 10:58:47,809 - Rank 1 - Train Loss: 0.4375, Train Accuracy: 0.8223
2025-08-10 10:58:56,319 - Rank 1 - Validation Loss: 0.3827, Validation Accuracy: 0.8422
2025-08-10 11:00:55,949 - Rank 1 - Train Loss: 0.4343, Train Accuracy: 0.8230
2025-08-10 11:01:03,727 - Rank 1 - Validation Loss: 0.3800, Validation Accuracy: 0.8427
2025-08-10 11:03:03,705 - Rank 1 - Train Loss: 0.4344, Train Accuracy: 0.8233
2025-08-10 11:03:11,745 - Rank 1 - Validation Loss: 0.3878, Validation Accuracy: 0.8397
2025-08-10 11:05:10,813 - Rank 1 - Train Loss: 0.4314, Train Accuracy: 0.8239
2025-08-10 11:05:19,558 - Rank 1 - Validation Loss: 0.3771, Validation Accuracy: 0.8435
2025-08-10 11:07:17,188 - Rank 1 - Train Loss: 0.4321, Train Accuracy: 0.8241
2025-08-10 11:07:24,967 - Rank 1 - Validation Loss: 0.3746, Validation Accuracy: 0.8446
2025-08-10 11:09:16,412 - Rank 1 - Train Loss: 0.4280, Train Accuracy: 0.8256
2025-08-10 11:09:24,983 - Rank 1 - Validation Loss: 0.3786, Validation Accuracy: 0.8433
2025-08-10 11:11:23,656 - Rank 1 - Train Loss: 0.4283, Train Accuracy: 0.8252
2025-08-10 11:11:32,024 - Rank 1 - Validation Loss: 0.3709, Validation Accuracy: 0.8454
2025-08-10 11:13:30,970 - Rank 1 - Train Loss: 0.4248, Train Accuracy: 0.8268
2025-08-10 11:13:39,423 - Rank 1 - Validation Loss: 0.3702, Validation Accuracy: 0.8464
2025-08-10 11:15:38,293 - Rank 1 - Train Loss: 0.4229, Train Accuracy: 0.8271
2025-08-10 11:15:46,710 - Rank 1 - Validation Loss: 0.3705, Validation Accuracy: 0.8458
2025-08-10 11:17:46,058 - Rank 1 - Train Loss: 0.4224, Train Accuracy: 0.8275
2025-08-10 11:17:55,132 - Rank 1 - Validation Loss: 0.3707, Validation Accuracy: 0.8462
2025-08-10 11:19:52,935 - Rank 1 - Train Loss: 0.4216, Train Accuracy: 0.8276
2025-08-10 11:20:00,815 - Rank 1 - Validation Loss: 0.3675, Validation Accuracy: 0.8476
2025-08-10 11:22:01,434 - Rank 1 - Train Loss: 0.4198, Train Accuracy: 0.8282
2025-08-10 11:22:10,206 - Rank 1 - Validation Loss: 0.3652, Validation Accuracy: 0.8477
2025-08-10 11:23:59,942 - Rank 1 - Train Loss: 0.4196, Train Accuracy: 0.8284
2025-08-10 11:24:08,709 - Rank 1 - Validation Loss: 0.3688, Validation Accuracy: 0.8463
2025-08-10 11:26:07,494 - Rank 1 - Train Loss: 0.4172, Train Accuracy: 0.8294
2025-08-10 11:26:14,154 - Rank 1 - Validation Loss: 0.3623, Validation Accuracy: 0.8490
2025-08-10 11:28:20,818 - Rank 1 - Train Loss: 0.4167, Train Accuracy: 0.8296
2025-08-10 11:28:33,853 - Rank 1 - Validation Loss: 0.3624, Validation Accuracy: 0.8492
2025-08-10 11:31:19,146 - Rank 1 - Train Loss: 0.4144, Train Accuracy: 0.8300
2025-08-10 11:31:31,154 - Rank 1 - Validation Loss: 0.3623, Validation Accuracy: 0.8486
2025-08-10 11:34:09,318 - Rank 1 - Train Loss: 0.4146, Train Accuracy: 0.8303
2025-08-10 11:34:21,960 - Rank 1 - Validation Loss: 0.3634, Validation Accuracy: 0.8483
2025-08-10 11:37:02,028 - Rank 1 - Train Loss: 0.4101, Train Accuracy: 0.8319
2025-08-10 11:37:15,135 - Rank 1 - Validation Loss: 0.3599, Validation Accuracy: 0.8499
2025-08-10 11:39:22,952 - Rank 1 - Train Loss: 0.4097, Train Accuracy: 0.8315
2025-08-10 11:39:31,003 - Rank 1 - Validation Loss: 0.3581, Validation Accuracy: 0.8503
2025-08-10 11:41:30,255 - Rank 1 - Train Loss: 0.4085, Train Accuracy: 0.8324
2025-08-10 11:41:38,362 - Rank 1 - Validation Loss: 0.3596, Validation Accuracy: 0.8499
2025-08-10 11:43:38,517 - Rank 1 - Train Loss: 0.4078, Train Accuracy: 0.8325
2025-08-10 11:43:46,381 - Rank 1 - Validation Loss: 0.3577, Validation Accuracy: 0.8501
2025-08-10 11:45:45,407 - Rank 1 - Train Loss: 0.4053, Train Accuracy: 0.8334
2025-08-10 11:45:53,842 - Rank 1 - Validation Loss: 0.3593, Validation Accuracy: 0.8498
2025-08-10 11:47:51,839 - Rank 1 - Train Loss: 0.4046, Train Accuracy: 0.8337
2025-08-10 11:47:59,895 - Rank 1 - Validation Loss: 0.3551, Validation Accuracy: 0.8514
2025-08-10 11:50:02,574 - Rank 1 - Train Loss: 0.4033, Train Accuracy: 0.8344
2025-08-10 11:50:10,233 - Rank 1 - Validation Loss: 0.3536, Validation Accuracy: 0.8518
2025-08-10 11:52:15,861 - Rank 1 - Train Loss: 0.4018, Train Accuracy: 0.8347
2025-08-10 11:52:23,022 - Rank 1 - Validation Loss: 0.3559, Validation Accuracy: 0.8511
2025-08-10 11:54:17,724 - Rank 1 - Train Loss: 0.4021, Train Accuracy: 0.8343
2025-08-10 11:54:25,689 - Rank 1 - Validation Loss: 0.3524, Validation Accuracy: 0.8525
2025-08-10 11:56:25,716 - Rank 1 - Train Loss: 0.3990, Train Accuracy: 0.8356
2025-08-10 11:56:34,120 - Rank 1 - Validation Loss: 0.3528, Validation Accuracy: 0.8520
2025-08-10 11:58:33,453 - Rank 1 - Train Loss: 0.3988, Train Accuracy: 0.8358
2025-08-10 11:58:41,587 - Rank 1 - Validation Loss: 0.3507, Validation Accuracy: 0.8528
2025-08-10 12:00:40,642 - Rank 1 - Train Loss: 0.3996, Train Accuracy: 0.8354
2025-08-10 12:00:48,673 - Rank 1 - Validation Loss: 0.3472, Validation Accuracy: 0.8543
2025-08-10 12:02:47,797 - Rank 1 - Train Loss: 0.3969, Train Accuracy: 0.8363
2025-08-10 12:02:56,234 - Rank 1 - Validation Loss: 0.3475, Validation Accuracy: 0.8537
2025-08-10 12:04:54,848 - Rank 1 - Train Loss: 0.3941, Train Accuracy: 0.8376
2025-08-10 12:05:02,885 - Rank 1 - Validation Loss: 0.3473, Validation Accuracy: 0.8537
2025-08-10 12:07:00,156 - Rank 1 - Train Loss: 0.3959, Train Accuracy: 0.8368
2025-08-10 12:07:08,371 - Rank 1 - Validation Loss: 0.3440, Validation Accuracy: 0.8549
2025-08-10 12:09:01,050 - Rank 1 - Train Loss: 0.3929, Train Accuracy: 0.8377
2025-08-10 12:09:09,248 - Rank 1 - Validation Loss: 0.3440, Validation Accuracy: 0.8548
2025-08-10 12:11:06,102 - Rank 1 - Train Loss: 0.3910, Train Accuracy: 0.8382
2025-08-10 12:11:13,878 - Rank 1 - Validation Loss: 0.3436, Validation Accuracy: 0.8550
2025-08-10 12:13:13,330 - Rank 1 - Train Loss: 0.3901, Train Accuracy: 0.8389
2025-08-10 12:13:21,338 - Rank 1 - Validation Loss: 0.3428, Validation Accuracy: 0.8555
2025-08-10 12:15:19,957 - Rank 1 - Train Loss: 0.3889, Train Accuracy: 0.8391
2025-08-10 12:15:28,401 - Rank 1 - Validation Loss: 0.3448, Validation Accuracy: 0.8551
2025-08-10 12:17:26,283 - Rank 1 - Train Loss: 0.3880, Train Accuracy: 0.8397
2025-08-10 12:17:34,279 - Rank 1 - Validation Loss: 0.3400, Validation Accuracy: 0.8565
2025-08-10 12:19:32,285 - Rank 1 - Train Loss: 0.3862, Train Accuracy: 0.8400
2025-08-10 12:19:40,225 - Rank 1 - Validation Loss: 0.3419, Validation Accuracy: 0.8556
2025-08-10 12:21:36,142 - Rank 1 - Train Loss: 0.3865, Train Accuracy: 0.8404
2025-08-10 12:21:43,887 - Rank 1 - Validation Loss: 0.3408, Validation Accuracy: 0.8565
2025-08-10 12:23:41,793 - Rank 1 - Train Loss: 0.3839, Train Accuracy: 0.8412
2025-08-10 12:23:49,804 - Rank 1 - Validation Loss: 0.3392, Validation Accuracy: 0.8566
2025-08-10 12:25:48,169 - Rank 1 - Train Loss: 0.3848, Train Accuracy: 0.8405
2025-08-10 12:25:56,236 - Rank 1 - Validation Loss: 0.3384, Validation Accuracy: 0.8569
2025-08-10 12:27:55,176 - Rank 1 - Train Loss: 0.3817, Train Accuracy: 0.8417
2025-08-10 12:28:03,405 - Rank 1 - Validation Loss: 0.3399, Validation Accuracy: 0.8562
2025-08-10 12:30:01,875 - Rank 1 - Train Loss: 0.3804, Train Accuracy: 0.8422
2025-08-10 12:30:08,932 - Rank 1 - Validation Loss: 0.3370, Validation Accuracy: 0.8576
2025-08-10 12:32:08,555 - Rank 1 - Train Loss: 0.3813, Train Accuracy: 0.8416
2025-08-10 12:32:17,055 - Rank 1 - Validation Loss: 0.3363, Validation Accuracy: 0.8574
2025-08-10 12:34:15,823 - Rank 1 - Train Loss: 0.3791, Train Accuracy: 0.8426
2025-08-10 12:34:23,804 - Rank 1 - Validation Loss: 0.3329, Validation Accuracy: 0.8587
2025-08-10 12:36:16,468 - Rank 1 - Train Loss: 0.3808, Train Accuracy: 0.8422
2025-08-10 12:36:24,925 - Rank 1 - Validation Loss: 0.3335, Validation Accuracy: 0.8587
2025-08-10 12:38:23,005 - Rank 1 - Train Loss: 0.3775, Train Accuracy: 0.8433
2025-08-10 12:38:31,194 - Rank 1 - Validation Loss: 0.3320, Validation Accuracy: 0.8589
2025-08-10 12:40:29,587 - Rank 1 - Train Loss: 0.3760, Train Accuracy: 0.8438
2025-08-10 12:40:37,783 - Rank 1 - Validation Loss: 0.3377, Validation Accuracy: 0.8574
2025-08-10 12:42:37,093 - Rank 1 - Train Loss: 0.3755, Train Accuracy: 0.8440
2025-08-10 12:42:45,399 - Rank 1 - Validation Loss: 0.3301, Validation Accuracy: 0.8597
2025-08-10 12:44:44,515 - Rank 1 - Train Loss: 0.3737, Train Accuracy: 0.8443
2025-08-10 12:44:52,152 - Rank 1 - Validation Loss: 0.3294, Validation Accuracy: 0.8602
2025-08-10 12:46:51,320 - Rank 1 - Train Loss: 0.3729, Train Accuracy: 0.8448
2025-08-10 12:46:58,999 - Rank 1 - Validation Loss: 0.3292, Validation Accuracy: 0.8599
2025-08-10 12:48:58,517 - Rank 1 - Train Loss: 0.3722, Train Accuracy: 0.8448
2025-08-10 12:49:06,245 - Rank 1 - Validation Loss: 0.3292, Validation Accuracy: 0.8601
2025-08-10 12:51:00,494 - Rank 1 - Train Loss: 0.3723, Train Accuracy: 0.8450
2025-08-10 12:51:08,449 - Rank 1 - Validation Loss: 0.3290, Validation Accuracy: 0.8603
2025-08-10 12:53:13,005 - Rank 1 - Train Loss: 0.3703, Train Accuracy: 0.8455
2025-08-10 12:53:23,827 - Rank 1 - Validation Loss: 0.3273, Validation Accuracy: 0.8606
2025-08-10 12:55:37,291 - Rank 1 - Train Loss: 0.3692, Train Accuracy: 0.8462
2025-08-10 12:55:48,149 - Rank 1 - Validation Loss: 0.3256, Validation Accuracy: 0.8616
2025-08-10 12:58:02,155 - Rank 1 - Train Loss: 0.3681, Train Accuracy: 0.8465
2025-08-10 12:58:13,190 - Rank 1 - Validation Loss: 0.3254, Validation Accuracy: 0.8615
2025-08-10 13:00:26,733 - Rank 1 - Train Loss: 0.3681, Train Accuracy: 0.8467
2025-08-10 13:00:37,968 - Rank 1 - Validation Loss: 0.3253, Validation Accuracy: 0.8615
2025-08-10 13:02:49,792 - Rank 1 - Train Loss: 0.3667, Train Accuracy: 0.8468
2025-08-10 13:02:56,674 - Rank 1 - Validation Loss: 0.3231, Validation Accuracy: 0.8623
2025-08-10 13:04:47,704 - Rank 1 - Train Loss: 0.3642, Train Accuracy: 0.8479
2025-08-10 13:04:54,478 - Rank 1 - Validation Loss: 0.3232, Validation Accuracy: 0.8620
2025-08-10 13:06:52,626 - Rank 1 - Train Loss: 0.3660, Train Accuracy: 0.8469
2025-08-10 13:06:59,303 - Rank 1 - Validation Loss: 0.3228, Validation Accuracy: 0.8622
2025-08-10 13:08:58,433 - Rank 1 - Train Loss: 0.3643, Train Accuracy: 0.8477
2025-08-10 13:09:05,271 - Rank 1 - Validation Loss: 0.3212, Validation Accuracy: 0.8628
2025-08-10 13:11:03,018 - Rank 1 - Train Loss: 0.3653, Train Accuracy: 0.8474
2025-08-10 13:11:10,329 - Rank 1 - Validation Loss: 0.3210, Validation Accuracy: 0.8632
2025-08-10 13:13:08,006 - Rank 1 - Train Loss: 0.3614, Train Accuracy: 0.8491
2025-08-10 13:13:14,625 - Rank 1 - Validation Loss: 0.3195, Validation Accuracy: 0.8636
2025-08-10 13:15:12,975 - Rank 1 - Train Loss: 0.3609, Train Accuracy: 0.8488
2025-08-10 13:15:19,984 - Rank 1 - Validation Loss: 0.3216, Validation Accuracy: 0.8627
2025-08-10 13:17:17,873 - Rank 1 - Train Loss: 0.3614, Train Accuracy: 0.8489
2025-08-10 13:17:24,840 - Rank 1 - Validation Loss: 0.3200, Validation Accuracy: 0.8630
2025-08-10 13:19:16,499 - Rank 1 - Train Loss: 0.3621, Train Accuracy: 0.8488
2025-08-10 13:19:23,130 - Rank 1 - Validation Loss: 0.3226, Validation Accuracy: 0.8623
2025-08-10 13:21:22,150 - Rank 1 - Train Loss: 0.3575, Train Accuracy: 0.8505
2025-08-10 13:21:29,237 - Rank 1 - Validation Loss: 0.3176, Validation Accuracy: 0.8644
2025-08-10 13:23:26,595 - Rank 1 - Train Loss: 0.3568, Train Accuracy: 0.8504
2025-08-10 13:23:33,544 - Rank 1 - Validation Loss: 0.3179, Validation Accuracy: 0.8638
2025-08-10 13:25:33,410 - Rank 1 - Train Loss: 0.3564, Train Accuracy: 0.8505
2025-08-10 13:25:40,347 - Rank 1 - Validation Loss: 0.3153, Validation Accuracy: 0.8646
2025-08-10 13:27:39,863 - Rank 1 - Train Loss: 0.3579, Train Accuracy: 0.8503
2025-08-10 13:27:46,992 - Rank 1 - Validation Loss: 0.3144, Validation Accuracy: 0.8652
2025-08-10 13:29:44,435 - Rank 1 - Train Loss: 0.3561, Train Accuracy: 0.8506
2025-08-10 13:29:51,587 - Rank 1 - Validation Loss: 0.3151, Validation Accuracy: 0.8648
2025-08-10 13:31:43,464 - Rank 1 - Train Loss: 0.3535, Train Accuracy: 0.8514
2025-08-10 13:31:50,246 - Rank 1 - Validation Loss: 0.3140, Validation Accuracy: 0.8653
2025-08-10 13:33:50,990 - Rank 1 - Train Loss: 0.3537, Train Accuracy: 0.8512
2025-08-10 13:34:02,086 - Rank 1 - Validation Loss: 0.3136, Validation Accuracy: 0.8654
2025-08-10 13:36:15,597 - Rank 1 - Train Loss: 0.3545, Train Accuracy: 0.8510
2025-08-10 13:36:23,075 - Rank 1 - Validation Loss: 0.3116, Validation Accuracy: 0.8662
2025-08-10 13:38:32,593 - Rank 1 - Train Loss: 0.3516, Train Accuracy: 0.8525
2025-08-10 13:38:43,426 - Rank 1 - Validation Loss: 0.3119, Validation Accuracy: 0.8660
2025-08-10 13:40:55,988 - Rank 1 - Train Loss: 0.3521, Train Accuracy: 0.8520
2025-08-10 13:41:06,962 - Rank 1 - Validation Loss: 0.3125, Validation Accuracy: 0.8660
2025-08-10 13:43:19,911 - Rank 1 - Train Loss: 0.3504, Train Accuracy: 0.8525
2025-08-10 13:43:30,758 - Rank 1 - Validation Loss: 0.3105, Validation Accuracy: 0.8667
2025-08-10 13:45:43,955 - Rank 1 - Train Loss: 0.3490, Train Accuracy: 0.8532
2025-08-10 13:45:54,892 - Rank 1 - Validation Loss: 0.3101, Validation Accuracy: 0.8669
2025-08-10 13:47:59,689 - Rank 1 - Train Loss: 0.3485, Train Accuracy: 0.8533
2025-08-10 13:48:06,419 - Rank 1 - Validation Loss: 0.3094, Validation Accuracy: 0.8671
2025-08-10 13:50:04,436 - Rank 1 - Train Loss: 0.3467, Train Accuracy: 0.8540
2025-08-10 13:50:11,393 - Rank 1 - Validation Loss: 0.3102, Validation Accuracy: 0.8662
2025-08-10 13:52:08,526 - Rank 1 - Train Loss: 0.3469, Train Accuracy: 0.8540
2025-08-10 13:52:15,454 - Rank 1 - Validation Loss: 0.3075, Validation Accuracy: 0.8677
2025-08-10 13:54:13,574 - Rank 1 - Train Loss: 0.3479, Train Accuracy: 0.8536
2025-08-10 13:54:20,461 - Rank 1 - Validation Loss: 0.3107, Validation Accuracy: 0.8667
2025-08-10 13:56:18,777 - Rank 1 - Train Loss: 0.3454, Train Accuracy: 0.8544
2025-08-10 13:56:26,883 - Rank 1 - Validation Loss: 0.3081, Validation Accuracy: 0.8676
2025-08-10 13:58:39,447 - Rank 1 - Train Loss: 0.3449, Train Accuracy: 0.8545
2025-08-10 13:58:50,381 - Rank 1 - Validation Loss: 0.3077, Validation Accuracy: 0.8676
2025-08-10 14:01:03,776 - Rank 1 - Train Loss: 0.3456, Train Accuracy: 0.8543
2025-08-10 14:01:14,776 - Rank 1 - Validation Loss: 0.3077, Validation Accuracy: 0.8675
2025-08-10 14:03:27,998 - Rank 1 - Train Loss: 0.3437, Train Accuracy: 0.8551
2025-08-10 14:03:39,079 - Rank 1 - Validation Loss: 0.3068, Validation Accuracy: 0.8680
2025-08-10 14:05:53,094 - Rank 1 - Train Loss: 0.3426, Train Accuracy: 0.8553
2025-08-10 14:06:03,717 - Rank 1 - Validation Loss: 0.3035, Validation Accuracy: 0.8692
2025-08-10 14:08:05,746 - Rank 1 - Train Loss: 0.3415, Train Accuracy: 0.8557
2025-08-10 14:08:12,978 - Rank 1 - Validation Loss: 0.3051, Validation Accuracy: 0.8686
2025-08-10 14:10:11,053 - Rank 1 - Train Loss: 0.3409, Train Accuracy: 0.8560
2025-08-10 14:10:17,653 - Rank 1 - Validation Loss: 0.3059, Validation Accuracy: 0.8681
2025-08-10 14:12:16,429 - Rank 1 - Train Loss: 0.3411, Train Accuracy: 0.8561
2025-08-10 14:12:23,469 - Rank 1 - Validation Loss: 0.3043, Validation Accuracy: 0.8687
2025-08-10 14:14:14,290 - Rank 1 - Train Loss: 0.3406, Train Accuracy: 0.8562
2025-08-10 14:14:21,255 - Rank 1 - Validation Loss: 0.3042, Validation Accuracy: 0.8688
2025-08-10 14:16:32,236 - Rank 1 - Train Loss: 0.3402, Train Accuracy: 0.8561
2025-08-10 14:16:43,292 - Rank 1 - Validation Loss: 0.3021, Validation Accuracy: 0.8693
2025-08-10 14:18:56,497 - Rank 1 - Train Loss: 0.3395, Train Accuracy: 0.8563
2025-08-10 14:19:07,562 - Rank 1 - Validation Loss: 0.3028, Validation Accuracy: 0.8692
2025-08-10 14:21:20,916 - Rank 1 - Train Loss: 0.3374, Train Accuracy: 0.8570
2025-08-10 14:21:31,841 - Rank 1 - Validation Loss: 0.3031, Validation Accuracy: 0.8694
2025-08-10 14:23:44,316 - Rank 1 - Train Loss: 0.3380, Train Accuracy: 0.8568
2025-08-10 14:23:55,296 - Rank 1 - Validation Loss: 0.3011, Validation Accuracy: 0.8698
2025-08-10 14:25:52,689 - Rank 1 - Train Loss: 0.3355, Train Accuracy: 0.8580
2025-08-10 14:26:00,136 - Rank 1 - Validation Loss: 0.3008, Validation Accuracy: 0.8700
2025-08-10 14:27:56,640 - Rank 1 - Train Loss: 0.3358, Train Accuracy: 0.8580
2025-08-10 14:28:05,301 - Rank 1 - Validation Loss: 0.2995, Validation Accuracy: 0.8703
2025-08-10 14:30:00,582 - Rank 1 - Train Loss: 0.3360, Train Accuracy: 0.8578
2025-08-10 14:30:08,654 - Rank 1 - Validation Loss: 0.2997, Validation Accuracy: 0.8705
2025-08-10 14:32:08,468 - Rank 1 - Train Loss: 0.3327, Train Accuracy: 0.8588
2025-08-10 14:32:16,563 - Rank 1 - Validation Loss: 0.2983, Validation Accuracy: 0.8710
2025-08-10 14:34:15,003 - Rank 1 - Train Loss: 0.3344, Train Accuracy: 0.8584
2025-08-10 14:34:23,365 - Rank 1 - Validation Loss: 0.2982, Validation Accuracy: 0.8706
2025-08-10 14:36:22,700 - Rank 1 - Train Loss: 0.3353, Train Accuracy: 0.8580
2025-08-10 14:36:31,106 - Rank 1 - Validation Loss: 0.2996, Validation Accuracy: 0.8702
2025-08-10 14:38:30,152 - Rank 1 - Train Loss: 0.3331, Train Accuracy: 0.8591
2025-08-10 14:38:38,724 - Rank 1 - Validation Loss: 0.2981, Validation Accuracy: 0.8706
2025-08-10 14:40:37,764 - Rank 1 - Train Loss: 0.3318, Train Accuracy: 0.8593
2025-08-10 14:40:45,888 - Rank 1 - Validation Loss: 0.3000, Validation Accuracy: 0.8704
2025-08-10 14:42:38,394 - Rank 1 - Train Loss: 0.3317, Train Accuracy: 0.8592
2025-08-10 14:42:46,209 - Rank 1 - Validation Loss: 0.2967, Validation Accuracy: 0.8714
2025-08-10 14:44:45,214 - Rank 1 - Train Loss: 0.3300, Train Accuracy: 0.8596
2025-08-10 14:44:53,192 - Rank 1 - Validation Loss: 0.3000, Validation Accuracy: 0.8703
2025-08-10 14:46:51,995 - Rank 1 - Train Loss: 0.3307, Train Accuracy: 0.8595
2025-08-10 14:46:59,804 - Rank 1 - Validation Loss: 0.2956, Validation Accuracy: 0.8719
2025-08-10 14:48:58,424 - Rank 1 - Train Loss: 0.3303, Train Accuracy: 0.8596
2025-08-10 14:49:06,665 - Rank 1 - Validation Loss: 0.2960, Validation Accuracy: 0.8714
2025-08-10 14:51:06,296 - Rank 1 - Train Loss: 0.3278, Train Accuracy: 0.8606
2025-08-10 14:51:14,767 - Rank 1 - Validation Loss: 0.2952, Validation Accuracy: 0.8716
2025-08-10 14:53:13,684 - Rank 1 - Train Loss: 0.3289, Train Accuracy: 0.8602
2025-08-10 14:53:21,912 - Rank 1 - Validation Loss: 0.2939, Validation Accuracy: 0.8723
2025-08-10 14:55:21,232 - Rank 1 - Train Loss: 0.3293, Train Accuracy: 0.8601
2025-08-10 14:55:29,542 - Rank 1 - Validation Loss: 0.2940, Validation Accuracy: 0.8724
2025-08-10 14:57:22,565 - Rank 1 - Train Loss: 0.3262, Train Accuracy: 0.8612
2025-08-10 14:57:31,094 - Rank 1 - Validation Loss: 0.2936, Validation Accuracy: 0.8722
2025-08-10 14:59:27,831 - Rank 1 - Train Loss: 0.3271, Train Accuracy: 0.8609
2025-08-10 14:59:36,303 - Rank 1 - Validation Loss: 0.2934, Validation Accuracy: 0.8725
2025-08-10 15:01:35,518 - Rank 1 - Train Loss: 0.3259, Train Accuracy: 0.8610
2025-08-10 15:01:43,813 - Rank 1 - Validation Loss: 0.2946, Validation Accuracy: 0.8719
2025-08-10 15:03:42,468 - Rank 1 - Train Loss: 0.3243, Train Accuracy: 0.8619
2025-08-10 15:03:50,642 - Rank 1 - Validation Loss: 0.2926, Validation Accuracy: 0.8725
2025-08-10 15:05:51,232 - Rank 1 - Train Loss: 0.3247, Train Accuracy: 0.8617
2025-08-10 15:05:59,709 - Rank 1 - Validation Loss: 0.2907, Validation Accuracy: 0.8733
2025-08-10 15:07:59,658 - Rank 1 - Train Loss: 0.3233, Train Accuracy: 0.8622
2025-08-10 15:08:08,175 - Rank 1 - Validation Loss: 0.2915, Validation Accuracy: 0.8730
2025-08-10 15:10:05,745 - Rank 1 - Train Loss: 0.3233, Train Accuracy: 0.8621
2025-08-10 15:10:14,157 - Rank 1 - Validation Loss: 0.2920, Validation Accuracy: 0.8730
2025-08-10 15:12:10,600 - Rank 1 - Train Loss: 0.3218, Train Accuracy: 0.8629
2025-08-10 15:12:18,867 - Rank 1 - Validation Loss: 0.2913, Validation Accuracy: 0.8730
2025-08-10 15:14:18,210 - Rank 1 - Train Loss: 0.3235, Train Accuracy: 0.8621
2025-08-10 15:14:26,167 - Rank 1 - Validation Loss: 0.2894, Validation Accuracy: 0.8739
2025-08-10 15:16:23,909 - Rank 1 - Train Loss: 0.3216, Train Accuracy: 0.8627
2025-08-10 15:16:30,877 - Rank 1 - Validation Loss: 0.2916, Validation Accuracy: 0.8733
2025-08-10 15:18:30,667 - Rank 1 - Train Loss: 0.3218, Train Accuracy: 0.8629
2025-08-10 15:18:38,515 - Rank 1 - Validation Loss: 0.2898, Validation Accuracy: 0.8736
2025-08-10 15:20:42,973 - Rank 1 - Train Loss: 0.3214, Train Accuracy: 0.8630
2025-08-10 15:20:52,777 - Rank 1 - Validation Loss: 0.2889, Validation Accuracy: 0.8739
2025-08-10 15:22:58,841 - Rank 1 - Train Loss: 0.3190, Train Accuracy: 0.8636
2025-08-10 15:23:09,298 - Rank 1 - Validation Loss: 0.2885, Validation Accuracy: 0.8742
2025-08-10 15:25:10,685 - Rank 1 - Train Loss: 0.3206, Train Accuracy: 0.8629
2025-08-10 15:25:20,071 - Rank 1 - Validation Loss: 0.2876, Validation Accuracy: 0.8748
2025-08-10 15:27:25,715 - Rank 1 - Train Loss: 0.3189, Train Accuracy: 0.8639
2025-08-10 15:27:34,995 - Rank 1 - Validation Loss: 0.2888, Validation Accuracy: 0.8741
2025-08-10 15:29:41,580 - Rank 1 - Train Loss: 0.3178, Train Accuracy: 0.8640
2025-08-10 15:29:50,880 - Rank 1 - Validation Loss: 0.2869, Validation Accuracy: 0.8747
2025-08-10 15:31:58,069 - Rank 1 - Train Loss: 0.3176, Train Accuracy: 0.8641
2025-08-10 15:32:07,311 - Rank 1 - Validation Loss: 0.2896, Validation Accuracy: 0.8739
2025-08-10 15:34:13,168 - Rank 1 - Train Loss: 0.3167, Train Accuracy: 0.8646
2025-08-10 15:34:23,247 - Rank 1 - Validation Loss: 0.2864, Validation Accuracy: 0.8748
2025-08-10 15:36:25,977 - Rank 1 - Train Loss: 0.3154, Train Accuracy: 0.8653
2025-08-10 15:36:35,643 - Rank 1 - Validation Loss: 0.2873, Validation Accuracy: 0.8744
2025-08-10 15:38:36,300 - Rank 1 - Train Loss: 0.3151, Train Accuracy: 0.8650
2025-08-10 15:38:46,010 - Rank 1 - Validation Loss: 0.2876, Validation Accuracy: 0.8745
2025-08-10 15:40:46,296 - Rank 1 - Train Loss: 0.3139, Train Accuracy: 0.8654
2025-08-10 15:40:58,288 - Rank 1 - Validation Loss: 0.2863, Validation Accuracy: 0.8751
2025-08-10 15:43:32,131 - Rank 1 - Train Loss: 0.3145, Train Accuracy: 0.8652
2025-08-10 15:43:44,323 - Rank 1 - Validation Loss: 0.2846, Validation Accuracy: 0.8754
2025-08-10 15:46:18,174 - Rank 1 - Train Loss: 0.3160, Train Accuracy: 0.8648
2025-08-10 15:46:31,100 - Rank 1 - Validation Loss: 0.2842, Validation Accuracy: 0.8756
2025-08-10 15:49:04,466 - Rank 1 - Train Loss: 0.3136, Train Accuracy: 0.8655
2025-08-10 15:49:16,809 - Rank 1 - Validation Loss: 0.2842, Validation Accuracy: 0.8759
2025-08-10 15:51:32,638 - Rank 1 - Train Loss: 0.3130, Train Accuracy: 0.8655
2025-08-10 15:51:41,226 - Rank 1 - Validation Loss: 0.2817, Validation Accuracy: 0.8764
2025-08-10 15:53:31,519 - Rank 1 - Train Loss: 0.3131, Train Accuracy: 0.8654
2025-08-10 15:53:40,358 - Rank 1 - Validation Loss: 0.2834, Validation Accuracy: 0.8761
2025-08-10 15:55:30,901 - Rank 1 - Train Loss: 0.3110, Train Accuracy: 0.8666
2025-08-10 15:55:40,543 - Rank 1 - Validation Loss: 0.2826, Validation Accuracy: 0.8763
2025-08-10 15:57:35,076 - Rank 1 - Train Loss: 0.3120, Train Accuracy: 0.8662
2025-08-10 15:57:43,941 - Rank 1 - Validation Loss: 0.2831, Validation Accuracy: 0.8759
2025-08-10 15:59:37,917 - Rank 1 - Train Loss: 0.3107, Train Accuracy: 0.8665
2025-08-10 15:59:46,083 - Rank 1 - Validation Loss: 0.2814, Validation Accuracy: 0.8767
2025-08-10 16:01:41,145 - Rank 1 - Train Loss: 0.3111, Train Accuracy: 0.8665
2025-08-10 16:01:49,939 - Rank 1 - Validation Loss: 0.2836, Validation Accuracy: 0.8759
2025-08-10 16:03:42,335 - Rank 1 - Train Loss: 0.3095, Train Accuracy: 0.8669
2025-08-10 16:03:50,946 - Rank 1 - Validation Loss: 0.2803, Validation Accuracy: 0.8772
2025-08-10 16:05:45,332 - Rank 1 - Train Loss: 0.3097, Train Accuracy: 0.8669
2025-08-10 16:05:53,961 - Rank 1 - Validation Loss: 0.2800, Validation Accuracy: 0.8769
2025-08-10 16:07:46,847 - Rank 1 - Train Loss: 0.3091, Train Accuracy: 0.8672
2025-08-10 16:07:55,523 - Rank 1 - Validation Loss: 0.2820, Validation Accuracy: 0.8765
2025-08-10 16:09:42,640 - Rank 1 - Train Loss: 0.3082, Train Accuracy: 0.8673
2025-08-10 16:09:50,981 - Rank 1 - Validation Loss: 0.2795, Validation Accuracy: 0.8772
2025-08-10 16:11:44,842 - Rank 1 - Train Loss: 0.3088, Train Accuracy: 0.8675
2025-08-10 16:11:53,047 - Rank 1 - Validation Loss: 0.2815, Validation Accuracy: 0.8764
2025-08-10 16:13:47,844 - Rank 1 - Train Loss: 0.3072, Train Accuracy: 0.8678
2025-08-10 16:13:56,864 - Rank 1 - Validation Loss: 0.2793, Validation Accuracy: 0.8772
2025-08-10 16:15:49,690 - Rank 1 - Train Loss: 0.3072, Train Accuracy: 0.8676
2025-08-10 16:15:58,149 - Rank 1 - Validation Loss: 0.2792, Validation Accuracy: 0.8776
2025-08-10 16:17:52,908 - Rank 1 - Train Loss: 0.3074, Train Accuracy: 0.8676
2025-08-10 16:18:01,239 - Rank 1 - Validation Loss: 0.2786, Validation Accuracy: 0.8775
2025-08-10 16:19:57,213 - Rank 1 - Train Loss: 0.3066, Train Accuracy: 0.8680
2025-08-10 16:20:06,031 - Rank 1 - Validation Loss: 0.2787, Validation Accuracy: 0.8775
2025-08-10 16:21:58,436 - Rank 1 - Train Loss: 0.3056, Train Accuracy: 0.8685
2025-08-10 16:22:06,727 - Rank 1 - Validation Loss: 0.2784, Validation Accuracy: 0.8774
2025-08-10 16:23:53,406 - Rank 1 - Train Loss: 0.3062, Train Accuracy: 0.8683
2025-08-10 16:24:02,078 - Rank 1 - Validation Loss: 0.2781, Validation Accuracy: 0.8777
2025-08-10 16:25:56,259 - Rank 1 - Train Loss: 0.3054, Train Accuracy: 0.8685
2025-08-10 16:26:05,090 - Rank 1 - Validation Loss: 0.2782, Validation Accuracy: 0.8776
2025-08-10 16:27:59,740 - Rank 1 - Train Loss: 0.3045, Train Accuracy: 0.8687
2025-08-10 16:28:07,847 - Rank 1 - Validation Loss: 0.2767, Validation Accuracy: 0.8783
2025-08-10 16:30:03,160 - Rank 1 - Train Loss: 0.3035, Train Accuracy: 0.8689
2025-08-10 16:30:11,400 - Rank 1 - Validation Loss: 0.2781, Validation Accuracy: 0.8778
2025-08-10 16:32:06,683 - Rank 1 - Train Loss: 0.3031, Train Accuracy: 0.8697
2025-08-10 16:32:14,852 - Rank 1 - Validation Loss: 0.2768, Validation Accuracy: 0.8782
2025-08-10 16:34:09,647 - Rank 1 - Train Loss: 0.3048, Train Accuracy: 0.8687
2025-08-10 16:34:18,015 - Rank 1 - Validation Loss: 0.2751, Validation Accuracy: 0.8788
2025-08-10 16:36:11,906 - Rank 1 - Train Loss: 0.3010, Train Accuracy: 0.8699
2025-08-10 16:36:20,876 - Rank 1 - Validation Loss: 0.2762, Validation Accuracy: 0.8783
2025-08-10 16:38:09,011 - Rank 1 - Train Loss: 0.3016, Train Accuracy: 0.8696
2025-08-10 16:38:17,177 - Rank 1 - Validation Loss: 0.2770, Validation Accuracy: 0.8780
2025-08-10 16:40:12,486 - Rank 1 - Train Loss: 0.3016, Train Accuracy: 0.8698
2025-08-10 16:40:21,144 - Rank 1 - Validation Loss: 0.2750, Validation Accuracy: 0.8786
2025-08-10 16:42:16,600 - Rank 1 - Train Loss: 0.3017, Train Accuracy: 0.8698
2025-08-10 16:42:24,654 - Rank 1 - Validation Loss: 0.2759, Validation Accuracy: 0.8784
2025-08-10 16:44:20,581 - Rank 1 - Train Loss: 0.3002, Train Accuracy: 0.8700
2025-08-10 16:44:29,079 - Rank 1 - Validation Loss: 0.2752, Validation Accuracy: 0.8786
2025-08-10 16:46:24,291 - Rank 1 - Train Loss: 0.3002, Train Accuracy: 0.8703
2025-08-10 16:46:32,607 - Rank 1 - Validation Loss: 0.2756, Validation Accuracy: 0.8788
2025-08-10 16:48:27,892 - Rank 1 - Train Loss: 0.2991, Train Accuracy: 0.8704
2025-08-10 16:48:35,938 - Rank 1 - Validation Loss: 0.2755, Validation Accuracy: 0.8782
2025-08-10 16:50:32,186 - Rank 1 - Train Loss: 0.3000, Train Accuracy: 0.8703
2025-08-10 16:50:39,895 - Rank 1 - Validation Loss: 0.2744, Validation Accuracy: 0.8791
2025-08-10 16:52:29,023 - Rank 1 - Train Loss: 0.2994, Train Accuracy: 0.8704
2025-08-10 16:52:37,292 - Rank 1 - Validation Loss: 0.2742, Validation Accuracy: 0.8790
2025-08-10 16:54:32,365 - Rank 1 - Train Loss: 0.2982, Train Accuracy: 0.8709
2025-08-10 16:54:40,925 - Rank 1 - Validation Loss: 0.2735, Validation Accuracy: 0.8788
2025-08-10 16:56:36,148 - Rank 1 - Train Loss: 0.2984, Train Accuracy: 0.8709
2025-08-10 16:56:44,808 - Rank 1 - Validation Loss: 0.2735, Validation Accuracy: 0.8792
2025-08-10 16:58:39,594 - Rank 1 - Train Loss: 0.2973, Train Accuracy: 0.8712
2025-08-10 16:58:48,179 - Rank 1 - Validation Loss: 0.2721, Validation Accuracy: 0.8799
2025-08-10 17:00:42,703 - Rank 1 - Train Loss: 0.2949, Train Accuracy: 0.8724
2025-08-10 17:00:50,892 - Rank 1 - Validation Loss: 0.2721, Validation Accuracy: 0.8797
2025-08-10 17:02:47,103 - Rank 1 - Train Loss: 0.2963, Train Accuracy: 0.8717
2025-08-10 17:02:55,531 - Rank 1 - Validation Loss: 0.2722, Validation Accuracy: 0.8799
2025-08-10 17:04:49,164 - Rank 1 - Train Loss: 0.2955, Train Accuracy: 0.8719
2025-08-10 17:04:57,738 - Rank 1 - Validation Loss: 0.2715, Validation Accuracy: 0.8798
2025-08-10 17:06:45,960 - Rank 1 - Train Loss: 0.2958, Train Accuracy: 0.8717
2025-08-10 17:06:54,235 - Rank 1 - Validation Loss: 0.2716, Validation Accuracy: 0.8798
2025-08-10 17:08:49,473 - Rank 1 - Train Loss: 0.2960, Train Accuracy: 0.8718
2025-08-10 17:08:57,991 - Rank 1 - Validation Loss: 0.2706, Validation Accuracy: 0.8800
2025-08-10 17:10:51,806 - Rank 1 - Train Loss: 0.2944, Train Accuracy: 0.8723
2025-08-10 17:11:00,270 - Rank 1 - Validation Loss: 0.2700, Validation Accuracy: 0.8804
2025-08-10 17:12:56,070 - Rank 1 - Train Loss: 0.2939, Train Accuracy: 0.8724
2025-08-10 17:13:04,902 - Rank 1 - Validation Loss: 0.2708, Validation Accuracy: 0.8800
2025-08-10 17:14:59,855 - Rank 1 - Train Loss: 0.2936, Train Accuracy: 0.8724
2025-08-10 17:15:07,974 - Rank 1 - Validation Loss: 0.2716, Validation Accuracy: 0.8799
2025-08-10 17:17:02,857 - Rank 1 - Train Loss: 0.2947, Train Accuracy: 0.8723
2025-08-10 17:17:10,963 - Rank 1 - Validation Loss: 0.2698, Validation Accuracy: 0.8804
2025-08-10 17:19:05,599 - Rank 1 - Train Loss: 0.2918, Train Accuracy: 0.8734
2025-08-10 17:19:13,946 - Rank 1 - Validation Loss: 0.2693, Validation Accuracy: 0.8805
2025-08-10 17:21:02,964 - Rank 1 - Train Loss: 0.2918, Train Accuracy: 0.8731
2025-08-10 17:21:10,946 - Rank 1 - Validation Loss: 0.2686, Validation Accuracy: 0.8809
2025-08-10 17:23:04,944 - Rank 1 - Train Loss: 0.2916, Train Accuracy: 0.8732
2025-08-10 17:23:13,851 - Rank 1 - Validation Loss: 0.2703, Validation Accuracy: 0.8801
2025-08-10 17:25:10,208 - Rank 1 - Train Loss: 0.2905, Train Accuracy: 0.8735
2025-08-10 17:25:17,783 - Rank 1 - Validation Loss: 0.2677, Validation Accuracy: 0.8810
2025-08-10 17:27:16,389 - Rank 1 - Train Loss: 0.2921, Train Accuracy: 0.8732
2025-08-10 17:27:24,448 - Rank 1 - Validation Loss: 0.2677, Validation Accuracy: 0.8811
2025-08-10 17:29:23,384 - Rank 1 - Train Loss: 0.2913, Train Accuracy: 0.8736
2025-08-10 17:29:31,534 - Rank 1 - Validation Loss: 0.2691, Validation Accuracy: 0.8812
2025-08-10 17:31:30,187 - Rank 1 - Train Loss: 0.2895, Train Accuracy: 0.8743
2025-08-10 17:31:38,243 - Rank 1 - Validation Loss: 0.2697, Validation Accuracy: 0.8804
2025-08-10 17:33:37,938 - Rank 1 - Train Loss: 0.2907, Train Accuracy: 0.8735
2025-08-10 17:33:46,324 - Rank 1 - Validation Loss: 0.2682, Validation Accuracy: 0.8810
2025-08-10 17:35:40,247 - Rank 1 - Train Loss: 0.2907, Train Accuracy: 0.8737
2025-08-10 17:35:48,856 - Rank 1 - Validation Loss: 0.2694, Validation Accuracy: 0.8804
2025-08-10 17:37:46,369 - Rank 1 - Train Loss: 0.2896, Train Accuracy: 0.8741
2025-08-10 17:37:54,670 - Rank 1 - Validation Loss: 0.2673, Validation Accuracy: 0.8812
2025-08-10 17:39:53,873 - Rank 1 - Train Loss: 0.2888, Train Accuracy: 0.8742
2025-08-10 17:40:01,570 - Rank 1 - Validation Loss: 0.2664, Validation Accuracy: 0.8816
2025-08-10 17:42:03,251 - Rank 1 - Train Loss: 0.2893, Train Accuracy: 0.8741
2025-08-10 17:42:11,659 - Rank 1 - Validation Loss: 0.2667, Validation Accuracy: 0.8816
2025-08-10 17:44:11,110 - Rank 1 - Train Loss: 0.2896, Train Accuracy: 0.8739
2025-08-10 17:44:19,280 - Rank 1 - Validation Loss: 0.2674, Validation Accuracy: 0.8814
2025-08-10 17:46:19,977 - Rank 1 - Train Loss: 0.2875, Train Accuracy: 0.8745
2025-08-10 17:46:28,975 - Rank 1 - Validation Loss: 0.2679, Validation Accuracy: 0.8813
2025-08-10 17:48:28,761 - Rank 1 - Train Loss: 0.2873, Train Accuracy: 0.8746
2025-08-10 17:48:37,076 - Rank 1 - Validation Loss: 0.2661, Validation Accuracy: 0.8817
2025-08-10 17:50:30,077 - Rank 1 - Train Loss: 0.2875, Train Accuracy: 0.8747
2025-08-10 17:50:38,423 - Rank 1 - Validation Loss: 0.2658, Validation Accuracy: 0.8817
2025-08-10 17:52:39,342 - Rank 1 - Train Loss: 0.2868, Train Accuracy: 0.8750
2025-08-10 17:52:47,627 - Rank 1 - Validation Loss: 0.2662, Validation Accuracy: 0.8817
2025-08-10 17:54:47,533 - Rank 1 - Train Loss: 0.2866, Train Accuracy: 0.8751
2025-08-10 17:54:55,342 - Rank 1 - Validation Loss: 0.2657, Validation Accuracy: 0.8821
2025-08-10 17:56:54,192 - Rank 1 - Train Loss: 0.2878, Train Accuracy: 0.8747
2025-08-10 17:57:01,825 - Rank 1 - Validation Loss: 0.2658, Validation Accuracy: 0.8821
2025-08-10 17:59:00,719 - Rank 1 - Train Loss: 0.2862, Train Accuracy: 0.8754
2025-08-10 17:59:08,792 - Rank 1 - Validation Loss: 0.2671, Validation Accuracy: 0.8814
2025-08-10 18:01:08,892 - Rank 1 - Train Loss: 0.2847, Train Accuracy: 0.8757
2025-08-10 18:01:16,833 - Rank 1 - Validation Loss: 0.2657, Validation Accuracy: 0.8815
2025-08-10 18:03:15,707 - Rank 1 - Train Loss: 0.2848, Train Accuracy: 0.8758
2025-08-10 18:03:23,797 - Rank 1 - Validation Loss: 0.2651, Validation Accuracy: 0.8818
2025-08-10 18:05:16,925 - Rank 1 - Train Loss: 0.2847, Train Accuracy: 0.8758
2025-08-10 18:05:25,261 - Rank 1 - Validation Loss: 0.2635, Validation Accuracy: 0.8827
2025-08-10 18:07:24,957 - Rank 1 - Train Loss: 0.2849, Train Accuracy: 0.8759
2025-08-10 18:07:32,786 - Rank 1 - Validation Loss: 0.2649, Validation Accuracy: 0.8822
2025-08-10 18:09:32,930 - Rank 1 - Train Loss: 0.2831, Train Accuracy: 0.8764
2025-08-10 18:09:40,577 - Rank 1 - Validation Loss: 0.2643, Validation Accuracy: 0.8824
2025-08-10 18:11:41,326 - Rank 1 - Train Loss: 0.2823, Train Accuracy: 0.8763
2025-08-10 18:11:49,281 - Rank 1 - Validation Loss: 0.2637, Validation Accuracy: 0.8824
2025-08-10 18:13:49,086 - Rank 1 - Train Loss: 0.2834, Train Accuracy: 0.8764
2025-08-10 18:13:57,196 - Rank 1 - Validation Loss: 0.2629, Validation Accuracy: 0.8825
2025-08-10 18:15:56,601 - Rank 1 - Train Loss: 0.2815, Train Accuracy: 0.8770
2025-08-10 18:16:04,542 - Rank 1 - Validation Loss: 0.2630, Validation Accuracy: 0.8827
2025-08-10 18:18:03,817 - Rank 1 - Train Loss: 0.2820, Train Accuracy: 0.8765
2025-08-10 18:18:12,651 - Rank 1 - Validation Loss: 0.2624, Validation Accuracy: 0.8827
2025-08-10 18:20:11,018 - Rank 1 - Train Loss: 0.2814, Train Accuracy: 0.8768
2025-08-10 18:20:20,470 - Rank 1 - Validation Loss: 0.2650, Validation Accuracy: 0.8820
2025-08-10 18:22:24,271 - Rank 1 - Train Loss: 0.2809, Train Accuracy: 0.8770
2025-08-10 18:22:33,443 - Rank 1 - Validation Loss: 0.2630, Validation Accuracy: 0.8829
2025-08-10 18:24:39,032 - Rank 1 - Train Loss: 0.2815, Train Accuracy: 0.8769
2025-08-10 18:24:47,946 - Rank 1 - Validation Loss: 0.2623, Validation Accuracy: 0.8828
2025-08-10 18:26:51,432 - Rank 1 - Train Loss: 0.2807, Train Accuracy: 0.8769
2025-08-10 18:27:00,119 - Rank 1 - Validation Loss: 0.2625, Validation Accuracy: 0.8831
2025-08-10 18:29:00,776 - Rank 1 - Train Loss: 0.2804, Train Accuracy: 0.8772
2025-08-10 18:29:09,379 - Rank 1 - Validation Loss: 0.2615, Validation Accuracy: 0.8831
2025-08-10 18:31:09,828 - Rank 1 - Train Loss: 0.2792, Train Accuracy: 0.8776
2025-08-10 18:31:18,283 - Rank 1 - Validation Loss: 0.2620, Validation Accuracy: 0.8833
2025-08-10 18:33:14,891 - Rank 1 - Train Loss: 0.2797, Train Accuracy: 0.8773
2025-08-10 18:33:24,078 - Rank 1 - Validation Loss: 0.2618, Validation Accuracy: 0.8832
2025-08-10 18:35:24,618 - Rank 1 - Train Loss: 0.2807, Train Accuracy: 0.8771
2025-08-10 18:35:32,940 - Rank 1 - Validation Loss: 0.2603, Validation Accuracy: 0.8837
2025-08-10 18:37:34,358 - Rank 1 - Train Loss: 0.2790, Train Accuracy: 0.8776
2025-08-10 18:37:43,502 - Rank 1 - Validation Loss: 0.2622, Validation Accuracy: 0.8829
2025-08-10 18:39:45,884 - Rank 1 - Train Loss: 0.2770, Train Accuracy: 0.8784
2025-08-10 18:39:55,096 - Rank 1 - Validation Loss: 0.2604, Validation Accuracy: 0.8836
2025-08-10 18:41:58,793 - Rank 1 - Train Loss: 0.2777, Train Accuracy: 0.8784
2025-08-10 18:42:07,719 - Rank 1 - Validation Loss: 0.2614, Validation Accuracy: 0.8833
2025-08-10 18:44:11,424 - Rank 1 - Train Loss: 0.2770, Train Accuracy: 0.8785
2025-08-10 18:44:20,968 - Rank 1 - Validation Loss: 0.2591, Validation Accuracy: 0.8841
2025-08-10 18:46:21,927 - Rank 1 - Train Loss: 0.2784, Train Accuracy: 0.8781
2025-08-10 18:46:31,125 - Rank 1 - Validation Loss: 0.2605, Validation Accuracy: 0.8837
2025-08-10 18:48:32,550 - Rank 1 - Train Loss: 0.2785, Train Accuracy: 0.8778
2025-08-10 18:48:42,364 - Rank 1 - Validation Loss: 0.2580, Validation Accuracy: 0.8844
2025-08-10 18:50:44,546 - Rank 1 - Train Loss: 0.2770, Train Accuracy: 0.8782
2025-08-10 18:50:53,789 - Rank 1 - Validation Loss: 0.2596, Validation Accuracy: 0.8837
2025-08-10 18:52:56,281 - Rank 1 - Train Loss: 0.2767, Train Accuracy: 0.8785
2025-08-10 18:53:05,619 - Rank 1 - Validation Loss: 0.2601, Validation Accuracy: 0.8840
2025-08-10 18:55:08,483 - Rank 1 - Train Loss: 0.2767, Train Accuracy: 0.8786
2025-08-10 18:55:17,517 - Rank 1 - Validation Loss: 0.2587, Validation Accuracy: 0.8841
2025-08-10 18:57:20,538 - Rank 1 - Train Loss: 0.2758, Train Accuracy: 0.8790
2025-08-10 18:57:29,111 - Rank 1 - Validation Loss: 0.2589, Validation Accuracy: 0.8840
2025-08-10 18:59:32,358 - Rank 1 - Train Loss: 0.2765, Train Accuracy: 0.8788
2025-08-10 18:59:41,622 - Rank 1 - Validation Loss: 0.2591, Validation Accuracy: 0.8843
2025-08-10 19:01:40,248 - Rank 1 - Train Loss: 0.2746, Train Accuracy: 0.8792
2025-08-10 19:01:48,670 - Rank 1 - Validation Loss: 0.2584, Validation Accuracy: 0.8844
2025-08-10 19:03:52,482 - Rank 1 - Train Loss: 0.2747, Train Accuracy: 0.8792
2025-08-10 19:04:01,507 - Rank 1 - Validation Loss: 0.2620, Validation Accuracy: 0.8836
2025-08-10 19:06:04,846 - Rank 1 - Train Loss: 0.2741, Train Accuracy: 0.8794
2025-08-10 19:06:13,949 - Rank 1 - Validation Loss: 0.2576, Validation Accuracy: 0.8845
2025-08-10 19:08:16,964 - Rank 1 - Train Loss: 0.2738, Train Accuracy: 0.8795
2025-08-10 19:08:25,344 - Rank 1 - Validation Loss: 0.2574, Validation Accuracy: 0.8845
2025-08-10 19:10:28,347 - Rank 1 - Train Loss: 0.2746, Train Accuracy: 0.8793
2025-08-10 19:10:37,200 - Rank 1 - Validation Loss: 0.2578, Validation Accuracy: 0.8844
2025-08-10 19:12:37,945 - Rank 1 - Train Loss: 0.2737, Train Accuracy: 0.8796
2025-08-10 19:12:46,851 - Rank 1 - Validation Loss: 0.2580, Validation Accuracy: 0.8849
2025-08-10 19:14:42,166 - Rank 1 - Train Loss: 0.2737, Train Accuracy: 0.8796
2025-08-10 19:14:51,087 - Rank 1 - Validation Loss: 0.2608, Validation Accuracy: 0.8832
2025-08-10 19:16:52,871 - Rank 1 - Train Loss: 0.2725, Train Accuracy: 0.8803
2025-08-10 19:17:01,892 - Rank 1 - Validation Loss: 0.2571, Validation Accuracy: 0.8845
2025-08-10 19:19:00,212 - Rank 1 - Train Loss: 0.2718, Train Accuracy: 0.8806
2025-08-10 19:19:08,929 - Rank 1 - Validation Loss: 0.2579, Validation Accuracy: 0.8843
2025-08-10 19:21:07,158 - Rank 1 - Train Loss: 0.2724, Train Accuracy: 0.8800
2025-08-10 19:21:15,847 - Rank 1 - Validation Loss: 0.2571, Validation Accuracy: 0.8848
2025-08-10 19:23:14,284 - Rank 1 - Train Loss: 0.2722, Train Accuracy: 0.8801
2025-08-10 19:23:22,593 - Rank 1 - Validation Loss: 0.2569, Validation Accuracy: 0.8849
2025-08-10 19:25:20,451 - Rank 1 - Train Loss: 0.2725, Train Accuracy: 0.8799
2025-08-10 19:25:29,074 - Rank 1 - Validation Loss: 0.2559, Validation Accuracy: 0.8853
2025-08-10 19:27:22,463 - Rank 1 - Train Loss: 0.2706, Train Accuracy: 0.8806
2025-08-10 19:27:30,613 - Rank 1 - Validation Loss: 0.2564, Validation Accuracy: 0.8850
2025-08-10 19:29:27,886 - Rank 1 - Train Loss: 0.2709, Train Accuracy: 0.8809
2025-08-10 19:29:36,319 - Rank 1 - Validation Loss: 0.2571, Validation Accuracy: 0.8850
2025-08-10 19:31:36,517 - Rank 1 - Train Loss: 0.2721, Train Accuracy: 0.8800
2025-08-10 19:31:44,772 - Rank 1 - Validation Loss: 0.2544, Validation Accuracy: 0.8853
2025-08-10 19:33:43,648 - Rank 1 - Train Loss: 0.2697, Train Accuracy: 0.8810
2025-08-10 19:33:51,660 - Rank 1 - Validation Loss: 0.2555, Validation Accuracy: 0.8851
2025-08-10 19:35:51,725 - Rank 1 - Train Loss: 0.2699, Train Accuracy: 0.8809
2025-08-10 19:35:59,983 - Rank 1 - Validation Loss: 0.2544, Validation Accuracy: 0.8854
2025-08-10 19:37:58,773 - Rank 1 - Train Loss: 0.2699, Train Accuracy: 0.8808
2025-08-10 19:38:07,619 - Rank 1 - Validation Loss: 0.2543, Validation Accuracy: 0.8858
2025-08-10 19:40:05,895 - Rank 1 - Train Loss: 0.2696, Train Accuracy: 0.8810
2025-08-10 19:40:14,777 - Rank 1 - Validation Loss: 0.2558, Validation Accuracy: 0.8854
2025-08-10 19:42:02,302 - Rank 1 - Train Loss: 0.2689, Train Accuracy: 0.8812
2025-08-10 19:42:09,999 - Rank 1 - Validation Loss: 0.2545, Validation Accuracy: 0.8856
2025-08-10 19:44:05,112 - Rank 1 - Train Loss: 0.2686, Train Accuracy: 0.8814
2025-08-10 19:44:13,593 - Rank 1 - Validation Loss: 0.2549, Validation Accuracy: 0.8855
2025-08-10 19:46:07,518 - Rank 1 - Train Loss: 0.2677, Train Accuracy: 0.8817
2025-08-10 19:46:15,234 - Rank 1 - Validation Loss: 0.2536, Validation Accuracy: 0.8861
2025-08-10 19:48:11,566 - Rank 1 - Train Loss: 0.2678, Train Accuracy: 0.8816
2025-08-10 19:48:19,673 - Rank 1 - Validation Loss: 0.2543, Validation Accuracy: 0.8856
2025-08-10 19:50:15,311 - Rank 1 - Train Loss: 0.2672, Train Accuracy: 0.8819
2025-08-10 19:50:23,308 - Rank 1 - Validation Loss: 0.2545, Validation Accuracy: 0.8859
2025-08-10 19:52:17,473 - Rank 1 - Train Loss: 0.2672, Train Accuracy: 0.8820
2025-08-10 19:52:25,342 - Rank 1 - Validation Loss: 0.2535, Validation Accuracy: 0.8861
2025-08-10 19:54:20,585 - Rank 1 - Train Loss: 0.2664, Train Accuracy: 0.8821
2025-08-10 19:54:28,177 - Rank 1 - Validation Loss: 0.2547, Validation Accuracy: 0.8857
2025-08-10 19:56:18,713 - Rank 1 - Train Loss: 0.2676, Train Accuracy: 0.8817
2025-08-10 19:56:26,507 - Rank 1 - Validation Loss: 0.2522, Validation Accuracy: 0.8867
2025-08-10 19:58:21,269 - Rank 1 - Train Loss: 0.2661, Train Accuracy: 0.8825
2025-08-10 19:58:29,575 - Rank 1 - Validation Loss: 0.2543, Validation Accuracy: 0.8860
2025-08-10 20:00:25,283 - Rank 1 - Train Loss: 0.2663, Train Accuracy: 0.8822
2025-08-10 20:00:33,544 - Rank 1 - Validation Loss: 0.2517, Validation Accuracy: 0.8869
2025-08-10 20:02:29,560 - Rank 1 - Train Loss: 0.2658, Train Accuracy: 0.8825
2025-08-10 20:02:37,533 - Rank 1 - Validation Loss: 0.2532, Validation Accuracy: 0.8862
2025-08-10 20:04:33,229 - Rank 1 - Train Loss: 0.2669, Train Accuracy: 0.8820
2025-08-10 20:04:41,061 - Rank 1 - Validation Loss: 0.2549, Validation Accuracy: 0.8855
2025-08-10 20:06:35,833 - Rank 1 - Train Loss: 0.2644, Train Accuracy: 0.8829
2025-08-10 20:06:43,085 - Rank 1 - Validation Loss: 0.2517, Validation Accuracy: 0.8868
2025-08-10 20:08:39,204 - Rank 1 - Train Loss: 0.2652, Train Accuracy: 0.8827
2025-08-10 20:08:47,380 - Rank 1 - Validation Loss: 0.2523, Validation Accuracy: 0.8865
2025-08-10 20:10:39,303 - Rank 1 - Train Loss: 0.2645, Train Accuracy: 0.8830
2025-08-10 20:10:47,080 - Rank 1 - Validation Loss: 0.2520, Validation Accuracy: 0.8867
2025-08-10 20:12:41,260 - Rank 1 - Train Loss: 0.2654, Train Accuracy: 0.8826
2025-08-10 20:12:49,734 - Rank 1 - Validation Loss: 0.2509, Validation Accuracy: 0.8872
2025-08-10 20:14:44,952 - Rank 1 - Train Loss: 0.2643, Train Accuracy: 0.8831
2025-08-10 20:14:53,743 - Rank 1 - Validation Loss: 0.2526, Validation Accuracy: 0.8863
2025-08-10 20:16:56,612 - Rank 1 - Train Loss: 0.2643, Train Accuracy: 0.8831
2025-08-10 20:17:04,900 - Rank 1 - Validation Loss: 0.2516, Validation Accuracy: 0.8867
2025-08-10 20:19:06,492 - Rank 1 - Train Loss: 0.2649, Train Accuracy: 0.8827
2025-08-10 20:19:14,514 - Rank 1 - Validation Loss: 0.2515, Validation Accuracy: 0.8866
2025-08-10 20:21:14,821 - Rank 1 - Train Loss: 0.2627, Train Accuracy: 0.8836
2025-08-10 20:21:23,433 - Rank 1 - Validation Loss: 0.2519, Validation Accuracy: 0.8868
2025-08-10 20:23:23,985 - Rank 1 - Train Loss: 0.2638, Train Accuracy: 0.8831
2025-08-10 20:23:32,369 - Rank 1 - Validation Loss: 0.2529, Validation Accuracy: 0.8862
2025-08-10 20:25:25,202 - Rank 1 - Train Loss: 0.2631, Train Accuracy: 0.8833
2025-08-10 20:25:33,570 - Rank 1 - Validation Loss: 0.2503, Validation Accuracy: 0.8875
2025-08-10 20:27:33,201 - Rank 1 - Train Loss: 0.2617, Train Accuracy: 0.8838
2025-08-10 20:27:41,472 - Rank 1 - Validation Loss: 0.2507, Validation Accuracy: 0.8870
2025-08-10 20:29:42,719 - Rank 1 - Train Loss: 0.2616, Train Accuracy: 0.8837
2025-08-10 20:29:51,533 - Rank 1 - Validation Loss: 0.2512, Validation Accuracy: 0.8870
2025-08-10 20:31:50,867 - Rank 1 - Train Loss: 0.2626, Train Accuracy: 0.8836
2025-08-10 20:31:59,616 - Rank 1 - Validation Loss: 0.2515, Validation Accuracy: 0.8865
2025-08-10 20:33:58,212 - Rank 1 - Train Loss: 0.2621, Train Accuracy: 0.8837
2025-08-10 20:34:06,560 - Rank 1 - Validation Loss: 0.2500, Validation Accuracy: 0.8873
2025-08-10 20:36:06,223 - Rank 1 - Train Loss: 0.2630, Train Accuracy: 0.8835
2025-08-10 20:36:14,711 - Rank 1 - Validation Loss: 0.2505, Validation Accuracy: 0.8873
2025-08-10 20:38:15,052 - Rank 1 - Train Loss: 0.2610, Train Accuracy: 0.8841
2025-08-10 20:38:23,924 - Rank 1 - Validation Loss: 0.2501, Validation Accuracy: 0.8873
2025-08-10 20:40:17,374 - Rank 1 - Train Loss: 0.2623, Train Accuracy: 0.8836
2025-08-10 20:40:25,948 - Rank 1 - Validation Loss: 0.2493, Validation Accuracy: 0.8878
2025-08-10 20:42:24,829 - Rank 1 - Train Loss: 0.2607, Train Accuracy: 0.8842
2025-08-10 20:42:33,860 - Rank 1 - Validation Loss: 0.2503, Validation Accuracy: 0.8872
2025-08-10 20:44:32,936 - Rank 1 - Train Loss: 0.2617, Train Accuracy: 0.8841
2025-08-10 20:44:41,233 - Rank 1 - Validation Loss: 0.2514, Validation Accuracy: 0.8867
2025-08-10 20:46:41,418 - Rank 1 - Train Loss: 0.2610, Train Accuracy: 0.8839
2025-08-10 20:46:49,997 - Rank 1 - Validation Loss: 0.2500, Validation Accuracy: 0.8870
2025-08-10 20:48:50,232 - Rank 1 - Train Loss: 0.2606, Train Accuracy: 0.8842
2025-08-10 20:48:58,382 - Rank 1 - Validation Loss: 0.2509, Validation Accuracy: 0.8866
2025-08-10 20:50:58,419 - Rank 1 - Train Loss: 0.2599, Train Accuracy: 0.8845
2025-08-10 20:51:06,824 - Rank 1 - Validation Loss: 0.2482, Validation Accuracy: 0.8877
2025-08-10 20:53:07,486 - Rank 1 - Train Loss: 0.2596, Train Accuracy: 0.8847
2025-08-10 20:53:16,248 - Rank 1 - Validation Loss: 0.2490, Validation Accuracy: 0.8878
2025-08-10 20:55:09,499 - Rank 1 - Train Loss: 0.2603, Train Accuracy: 0.8840
2025-08-10 20:55:17,865 - Rank 1 - Validation Loss: 0.2494, Validation Accuracy: 0.8874
2025-08-10 20:57:17,218 - Rank 1 - Train Loss: 0.2594, Train Accuracy: 0.8848
2025-08-10 20:57:25,898 - Rank 1 - Validation Loss: 0.2495, Validation Accuracy: 0.8875
2025-08-10 20:59:26,215 - Rank 1 - Train Loss: 0.2597, Train Accuracy: 0.8845
2025-08-10 20:59:34,987 - Rank 1 - Validation Loss: 0.2496, Validation Accuracy: 0.8876
2025-08-10 21:01:33,501 - Rank 1 - Train Loss: 0.2578, Train Accuracy: 0.8853
2025-08-10 21:01:42,112 - Rank 1 - Validation Loss: 0.2482, Validation Accuracy: 0.8881
2025-08-10 21:03:42,764 - Rank 1 - Train Loss: 0.2582, Train Accuracy: 0.8852
2025-08-10 21:03:50,946 - Rank 1 - Validation Loss: 0.2465, Validation Accuracy: 0.8885
2025-08-10 21:05:50,602 - Rank 1 - Train Loss: 0.2581, Train Accuracy: 0.8850
2025-08-10 21:05:58,772 - Rank 1 - Validation Loss: 0.2490, Validation Accuracy: 0.8874
2025-08-10 21:07:58,837 - Rank 1 - Train Loss: 0.2576, Train Accuracy: 0.8855
2025-08-10 21:08:07,674 - Rank 1 - Validation Loss: 0.2478, Validation Accuracy: 0.8879
2025-08-10 21:09:59,897 - Rank 1 - Train Loss: 0.2579, Train Accuracy: 0.8852
2025-08-10 21:10:08,835 - Rank 1 - Validation Loss: 0.2472, Validation Accuracy: 0.8883
2025-08-10 21:12:07,849 - Rank 1 - Train Loss: 0.2573, Train Accuracy: 0.8851
2025-08-10 21:12:16,317 - Rank 1 - Validation Loss: 0.2477, Validation Accuracy: 0.8881
2025-08-10 21:14:15,729 - Rank 1 - Train Loss: 0.2563, Train Accuracy: 0.8857
2025-08-10 21:14:24,041 - Rank 1 - Validation Loss: 0.2460, Validation Accuracy: 0.8889
2025-08-10 21:16:23,090 - Rank 1 - Train Loss: 0.2575, Train Accuracy: 0.8853
2025-08-10 21:16:31,652 - Rank 1 - Validation Loss: 0.2487, Validation Accuracy: 0.8877
2025-08-10 21:18:31,629 - Rank 1 - Train Loss: 0.2561, Train Accuracy: 0.8859
2025-08-10 21:18:40,129 - Rank 1 - Validation Loss: 0.2466, Validation Accuracy: 0.8888
2025-08-10 21:20:39,499 - Rank 1 - Train Loss: 0.2569, Train Accuracy: 0.8853
2025-08-10 21:20:48,192 - Rank 1 - Validation Loss: 0.2471, Validation Accuracy: 0.8884
2025-08-10 21:22:44,906 - Rank 1 - Train Loss: 0.2566, Train Accuracy: 0.8855
2025-08-10 21:22:53,590 - Rank 1 - Validation Loss: 0.2471, Validation Accuracy: 0.8883
2025-08-10 21:24:50,165 - Rank 1 - Train Loss: 0.2554, Train Accuracy: 0.8862
2025-08-10 21:24:58,541 - Rank 1 - Validation Loss: 0.2475, Validation Accuracy: 0.8884
2025-08-10 21:26:58,770 - Rank 1 - Train Loss: 0.2564, Train Accuracy: 0.8861
2025-08-10 21:27:07,565 - Rank 1 - Validation Loss: 0.2469, Validation Accuracy: 0.8883
2025-08-10 21:29:06,989 - Rank 1 - Train Loss: 0.2548, Train Accuracy: 0.8864
2025-08-10 21:29:15,726 - Rank 1 - Validation Loss: 0.2486, Validation Accuracy: 0.8879
2025-08-10 21:31:15,417 - Rank 1 - Train Loss: 0.2555, Train Accuracy: 0.8860
2025-08-10 21:31:23,975 - Rank 1 - Validation Loss: 0.2473, Validation Accuracy: 0.8883
2025-08-10 21:33:24,582 - Rank 1 - Train Loss: 0.2542, Train Accuracy: 0.8865
2025-08-10 21:33:32,840 - Rank 1 - Validation Loss: 0.2462, Validation Accuracy: 0.8888
2025-08-10 21:35:30,805 - Rank 1 - Train Loss: 0.2533, Train Accuracy: 0.8869
2025-08-10 21:35:39,327 - Rank 1 - Validation Loss: 0.2470, Validation Accuracy: 0.8884
2025-08-10 21:37:33,637 - Rank 1 - Train Loss: 0.2535, Train Accuracy: 0.8866
2025-08-10 21:37:42,617 - Rank 1 - Validation Loss: 0.2457, Validation Accuracy: 0.8890
2025-08-10 21:39:39,891 - Rank 1 - Train Loss: 0.2553, Train Accuracy: 0.8861
2025-08-10 21:39:48,525 - Rank 1 - Validation Loss: 0.2469, Validation Accuracy: 0.8883
2025-08-10 21:41:48,233 - Rank 1 - Train Loss: 0.2537, Train Accuracy: 0.8868
2025-08-10 21:41:57,181 - Rank 1 - Validation Loss: 0.2459, Validation Accuracy: 0.8890
2025-08-10 21:43:56,260 - Rank 1 - Train Loss: 0.2544, Train Accuracy: 0.8868
2025-08-10 21:44:04,977 - Rank 1 - Validation Loss: 0.2461, Validation Accuracy: 0.8888
2025-08-10 21:46:05,434 - Rank 1 - Train Loss: 0.2532, Train Accuracy: 0.8870
2025-08-10 21:46:13,981 - Rank 1 - Validation Loss: 0.2446, Validation Accuracy: 0.8891
2025-08-10 21:48:13,826 - Rank 1 - Train Loss: 0.2517, Train Accuracy: 0.8874
2025-08-10 21:48:21,883 - Rank 1 - Validation Loss: 0.2453, Validation Accuracy: 0.8889
2025-08-10 21:50:21,664 - Rank 1 - Train Loss: 0.2535, Train Accuracy: 0.8866
2025-08-10 21:50:30,204 - Rank 1 - Validation Loss: 0.2449, Validation Accuracy: 0.8886
2025-08-10 21:52:22,907 - Rank 1 - Train Loss: 0.2513, Train Accuracy: 0.8876
2025-08-10 21:52:31,904 - Rank 1 - Validation Loss: 0.2457, Validation Accuracy: 0.8891
2025-08-10 21:54:31,644 - Rank 1 - Train Loss: 0.2524, Train Accuracy: 0.8872
2025-08-10 21:54:40,327 - Rank 1 - Validation Loss: 0.2465, Validation Accuracy: 0.8885
2025-08-10 21:56:40,194 - Rank 1 - Train Loss: 0.2529, Train Accuracy: 0.8869
2025-08-10 21:56:48,516 - Rank 1 - Validation Loss: 0.2455, Validation Accuracy: 0.8896
2025-08-10 21:58:47,957 - Rank 1 - Train Loss: 0.2508, Train Accuracy: 0.8878
2025-08-10 21:58:56,584 - Rank 1 - Validation Loss: 0.2448, Validation Accuracy: 0.8890
2025-08-10 22:00:54,951 - Rank 1 - Train Loss: 0.2522, Train Accuracy: 0.8873
2025-08-10 22:01:03,590 - Rank 1 - Validation Loss: 0.2453, Validation Accuracy: 0.8888
2025-08-10 22:03:03,942 - Rank 1 - Train Loss: 0.2511, Train Accuracy: 0.8880
2025-08-10 22:03:13,087 - Rank 1 - Validation Loss: 0.2441, Validation Accuracy: 0.8894
2025-08-10 22:05:11,180 - Rank 1 - Train Loss: 0.2504, Train Accuracy: 0.8881
2025-08-10 22:05:19,824 - Rank 1 - Validation Loss: 0.2439, Validation Accuracy: 0.8895
2025-08-10 22:07:12,462 - Rank 1 - Train Loss: 0.2501, Train Accuracy: 0.8881
2025-08-10 22:07:21,258 - Rank 1 - Validation Loss: 0.2448, Validation Accuracy: 0.8894
2025-08-10 22:09:20,206 - Rank 1 - Train Loss: 0.2498, Train Accuracy: 0.8880
2025-08-10 22:09:28,663 - Rank 1 - Validation Loss: 0.2449, Validation Accuracy: 0.8894
2025-08-10 22:11:26,804 - Rank 1 - Train Loss: 0.2506, Train Accuracy: 0.8876
2025-08-10 22:11:35,450 - Rank 1 - Validation Loss: 0.2446, Validation Accuracy: 0.8895
2025-08-10 22:13:34,730 - Rank 1 - Train Loss: 0.2491, Train Accuracy: 0.8886
2025-08-10 22:13:43,632 - Rank 1 - Validation Loss: 0.2430, Validation Accuracy: 0.8899
2025-08-10 22:15:42,510 - Rank 1 - Train Loss: 0.2494, Train Accuracy: 0.8884
2025-08-10 22:15:50,831 - Rank 1 - Validation Loss: 0.2429, Validation Accuracy: 0.8901
2025-08-10 22:17:51,296 - Rank 1 - Train Loss: 0.2497, Train Accuracy: 0.8883
2025-08-10 22:17:59,995 - Rank 1 - Validation Loss: 0.2433, Validation Accuracy: 0.8894
2025-08-10 22:19:58,707 - Rank 1 - Train Loss: 0.2502, Train Accuracy: 0.8880
2025-08-10 22:20:07,809 - Rank 1 - Validation Loss: 0.2432, Validation Accuracy: 0.8898
2025-08-10 22:22:00,125 - Rank 1 - Train Loss: 0.2498, Train Accuracy: 0.8882
2025-08-10 22:22:09,037 - Rank 1 - Validation Loss: 0.2440, Validation Accuracy: 0.8896
2025-08-10 22:24:08,062 - Rank 1 - Train Loss: 0.2481, Train Accuracy: 0.8890
2025-08-10 22:24:17,162 - Rank 1 - Validation Loss: 0.2445, Validation Accuracy: 0.8895
2025-08-10 22:26:16,285 - Rank 1 - Train Loss: 0.2486, Train Accuracy: 0.8887
2025-08-10 22:26:24,538 - Rank 1 - Validation Loss: 0.2436, Validation Accuracy: 0.8898
2025-08-10 22:28:23,924 - Rank 1 - Train Loss: 0.2495, Train Accuracy: 0.8881
2025-08-10 22:28:32,265 - Rank 1 - Validation Loss: 0.2442, Validation Accuracy: 0.8897
2025-08-10 22:30:31,434 - Rank 1 - Train Loss: 0.2480, Train Accuracy: 0.8887
2025-08-10 22:30:40,115 - Rank 1 - Validation Loss: 0.2426, Validation Accuracy: 0.8897
2025-08-10 22:32:39,537 - Rank 1 - Train Loss: 0.2478, Train Accuracy: 0.8887
2025-08-10 22:32:48,316 - Rank 1 - Validation Loss: 0.2416, Validation Accuracy: 0.8904
2025-08-10 22:34:47,463 - Rank 1 - Train Loss: 0.2483, Train Accuracy: 0.8887
2025-08-10 22:34:56,171 - Rank 1 - Validation Loss: 0.2420, Validation Accuracy: 0.8907
2025-08-10 22:36:49,844 - Rank 1 - Train Loss: 0.2477, Train Accuracy: 0.8890
2025-08-10 22:36:58,433 - Rank 1 - Validation Loss: 0.2434, Validation Accuracy: 0.8900
2025-08-10 22:38:56,505 - Rank 1 - Train Loss: 0.2479, Train Accuracy: 0.8887
2025-08-10 22:39:05,921 - Rank 1 - Validation Loss: 0.2422, Validation Accuracy: 0.8902
2025-08-10 22:41:03,676 - Rank 1 - Train Loss: 0.2467, Train Accuracy: 0.8894
2025-08-10 22:41:12,461 - Rank 1 - Validation Loss: 0.2423, Validation Accuracy: 0.8902
2025-08-10 22:43:13,264 - Rank 1 - Train Loss: 0.2466, Train Accuracy: 0.8893
2025-08-10 22:43:21,937 - Rank 1 - Validation Loss: 0.2417, Validation Accuracy: 0.8907
2025-08-10 22:45:21,297 - Rank 1 - Train Loss: 0.2468, Train Accuracy: 0.8892
2025-08-10 22:45:30,137 - Rank 1 - Validation Loss: 0.2418, Validation Accuracy: 0.8904
2025-08-10 22:47:28,291 - Rank 1 - Train Loss: 0.2460, Train Accuracy: 0.8899
2025-08-10 22:47:36,680 - Rank 1 - Validation Loss: 0.2427, Validation Accuracy: 0.8895
2025-08-10 22:49:33,424 - Rank 1 - Train Loss: 0.2460, Train Accuracy: 0.8899
2025-08-10 22:49:41,847 - Rank 1 - Validation Loss: 0.2420, Validation Accuracy: 0.8903
2025-08-10 22:51:38,556 - Rank 1 - Train Loss: 0.2460, Train Accuracy: 0.8898
2025-08-10 22:51:47,376 - Rank 1 - Validation Loss: 0.2411, Validation Accuracy: 0.8906
2025-08-10 22:53:47,877 - Rank 1 - Train Loss: 0.2461, Train Accuracy: 0.8897
2025-08-10 22:53:56,270 - Rank 1 - Validation Loss: 0.2410, Validation Accuracy: 0.8906
2025-08-10 22:55:55,262 - Rank 1 - Train Loss: 0.2469, Train Accuracy: 0.8891
2025-08-10 22:56:03,922 - Rank 1 - Validation Loss: 0.2410, Validation Accuracy: 0.8909
2025-08-10 22:58:03,225 - Rank 1 - Train Loss: 0.2457, Train Accuracy: 0.8898
2025-08-10 22:58:12,464 - Rank 1 - Validation Loss: 0.2407, Validation Accuracy: 0.8910
2025-08-10 23:00:12,955 - Rank 1 - Train Loss: 0.2450, Train Accuracy: 0.8898
2025-08-10 23:00:21,495 - Rank 1 - Validation Loss: 0.2409, Validation Accuracy: 0.8907
2025-08-10 23:02:22,318 - Rank 1 - Train Loss: 0.2450, Train Accuracy: 0.8901
2025-08-10 23:02:31,067 - Rank 1 - Validation Loss: 0.2425, Validation Accuracy: 0.8900
2025-08-10 23:04:25,051 - Rank 1 - Train Loss: 0.2443, Train Accuracy: 0.8903
2025-08-10 23:04:33,751 - Rank 1 - Validation Loss: 0.2411, Validation Accuracy: 0.8905
2025-08-10 23:06:33,313 - Rank 1 - Train Loss: 0.2445, Train Accuracy: 0.8899
2025-08-10 23:06:41,731 - Rank 1 - Validation Loss: 0.2405, Validation Accuracy: 0.8909
2025-08-10 23:08:41,484 - Rank 1 - Train Loss: 0.2453, Train Accuracy: 0.8901
2025-08-10 23:08:50,219 - Rank 1 - Validation Loss: 0.2404, Validation Accuracy: 0.8911
2025-08-10 23:10:50,172 - Rank 1 - Train Loss: 0.2439, Train Accuracy: 0.8903
2025-08-10 23:10:59,244 - Rank 1 - Validation Loss: 0.2407, Validation Accuracy: 0.8909
2025-08-10 23:12:59,152 - Rank 1 - Train Loss: 0.2443, Train Accuracy: 0.8902
2025-08-10 23:13:07,654 - Rank 1 - Validation Loss: 0.2416, Validation Accuracy: 0.8905
2025-08-10 23:15:08,594 - Rank 1 - Train Loss: 0.2451, Train Accuracy: 0.8899
2025-08-10 23:15:17,282 - Rank 1 - Validation Loss: 0.2404, Validation Accuracy: 0.8907
2025-08-10 23:17:16,061 - Rank 1 - Train Loss: 0.2429, Train Accuracy: 0.8908
2025-08-10 23:17:24,923 - Rank 1 - Validation Loss: 0.2390, Validation Accuracy: 0.8911
2025-08-10 23:19:19,235 - Rank 1 - Train Loss: 0.2439, Train Accuracy: 0.8903
2025-08-10 23:19:27,761 - Rank 1 - Validation Loss: 0.2413, Validation Accuracy: 0.8907
2025-08-10 23:21:28,470 - Rank 1 - Train Loss: 0.2440, Train Accuracy: 0.8903
2025-08-10 23:21:37,034 - Rank 1 - Validation Loss: 0.2392, Validation Accuracy: 0.8910
2025-08-10 23:23:38,303 - Rank 1 - Train Loss: 0.2441, Train Accuracy: 0.8901
2025-08-10 23:23:46,807 - Rank 1 - Validation Loss: 0.2402, Validation Accuracy: 0.8911
2025-08-10 23:25:46,461 - Rank 1 - Train Loss: 0.2428, Train Accuracy: 0.8905
2025-08-10 23:25:55,582 - Rank 1 - Validation Loss: 0.2395, Validation Accuracy: 0.8910
2025-08-10 23:27:56,573 - Rank 1 - Train Loss: 0.2424, Train Accuracy: 0.8910
2025-08-10 23:28:05,257 - Rank 1 - Validation Loss: 0.2396, Validation Accuracy: 0.8911
2025-08-10 23:30:04,746 - Rank 1 - Train Loss: 0.2425, Train Accuracy: 0.8908
2025-08-10 23:30:13,294 - Rank 1 - Validation Loss: 0.2393, Validation Accuracy: 0.8913
2025-08-10 23:32:14,396 - Rank 1 - Train Loss: 0.2413, Train Accuracy: 0.8914
2025-08-10 23:32:22,867 - Rank 1 - Validation Loss: 0.2407, Validation Accuracy: 0.8907
2025-08-10 23:34:17,346 - Rank 1 - Train Loss: 0.2420, Train Accuracy: 0.8911
2025-08-10 23:34:25,994 - Rank 1 - Validation Loss: 0.2387, Validation Accuracy: 0.8915
2025-08-10 23:36:27,651 - Rank 1 - Train Loss: 0.2422, Train Accuracy: 0.8906
2025-08-10 23:36:36,214 - Rank 1 - Validation Loss: 0.2397, Validation Accuracy: 0.8911
2025-08-10 23:38:36,929 - Rank 1 - Train Loss: 0.2414, Train Accuracy: 0.8910
2025-08-10 23:38:45,736 - Rank 1 - Validation Loss: 0.2390, Validation Accuracy: 0.8911
2025-08-10 23:40:45,969 - Rank 1 - Train Loss: 0.2414, Train Accuracy: 0.8913
2025-08-10 23:40:54,612 - Rank 1 - Validation Loss: 0.2406, Validation Accuracy: 0.8905
2025-08-10 23:42:54,138 - Rank 1 - Train Loss: 0.2409, Train Accuracy: 0.8914
2025-08-10 23:43:03,364 - Rank 1 - Validation Loss: 0.2401, Validation Accuracy: 0.8908
2025-08-10 23:45:01,836 - Rank 1 - Train Loss: 0.2419, Train Accuracy: 0.8911
2025-08-10 23:45:10,494 - Rank 1 - Validation Loss: 0.2389, Validation Accuracy: 0.8916
2025-08-10 23:47:05,034 - Rank 1 - Train Loss: 0.2407, Train Accuracy: 0.8917
2025-08-10 23:47:13,730 - Rank 1 - Validation Loss: 0.2389, Validation Accuracy: 0.8917
2025-08-10 23:49:07,384 - Rank 1 - Train Loss: 0.2400, Train Accuracy: 0.8917
2025-08-10 23:49:16,007 - Rank 1 - Validation Loss: 0.2388, Validation Accuracy: 0.8918
2025-08-10 23:51:13,803 - Rank 1 - Train Loss: 0.2412, Train Accuracy: 0.8911
2025-08-10 23:51:21,958 - Rank 1 - Validation Loss: 0.2385, Validation Accuracy: 0.8917
2025-08-10 23:53:20,390 - Rank 1 - Train Loss: 0.2403, Train Accuracy: 0.8917
2025-08-10 23:53:28,943 - Rank 1 - Validation Loss: 0.2391, Validation Accuracy: 0.8916
2025-08-10 23:55:28,462 - Rank 1 - Train Loss: 0.2400, Train Accuracy: 0.8918
2025-08-10 23:55:37,147 - Rank 1 - Validation Loss: 0.2380, Validation Accuracy: 0.8920
2025-08-10 23:57:35,650 - Rank 1 - Train Loss: 0.2399, Train Accuracy: 0.8917
2025-08-10 23:57:44,619 - Rank 1 - Validation Loss: 0.2398, Validation Accuracy: 0.8911
2025-08-10 23:59:44,450 - Rank 1 - Train Loss: 0.2407, Train Accuracy: 0.8913
2025-08-10 23:59:53,335 - Rank 1 - Validation Loss: 0.2376, Validation Accuracy: 0.8920
2025-08-11 00:01:45,834 - Rank 1 - Train Loss: 0.2397, Train Accuracy: 0.8920
2025-08-11 00:01:54,826 - Rank 1 - Validation Loss: 0.2369, Validation Accuracy: 0.8920
2025-08-11 00:03:51,797 - Rank 1 - Train Loss: 0.2387, Train Accuracy: 0.8922
2025-08-11 00:04:00,473 - Rank 1 - Validation Loss: 0.2380, Validation Accuracy: 0.8918
2025-08-11 00:05:58,485 - Rank 1 - Train Loss: 0.2394, Train Accuracy: 0.8919
2025-08-11 00:06:07,160 - Rank 1 - Validation Loss: 0.2385, Validation Accuracy: 0.8916
2025-08-11 00:08:07,165 - Rank 1 - Train Loss: 0.2385, Train Accuracy: 0.8922
2025-08-11 00:08:15,707 - Rank 1 - Validation Loss: 0.2383, Validation Accuracy: 0.8916
2025-08-11 00:10:14,306 - Rank 1 - Train Loss: 0.2390, Train Accuracy: 0.8918
2025-08-11 00:10:22,567 - Rank 1 - Validation Loss: 0.2379, Validation Accuracy: 0.8917
2025-08-11 00:12:20,960 - Rank 1 - Train Loss: 0.2384, Train Accuracy: 0.8924
2025-08-11 00:12:29,886 - Rank 1 - Validation Loss: 0.2385, Validation Accuracy: 0.8920
2025-08-11 00:14:27,755 - Rank 1 - Train Loss: 0.2386, Train Accuracy: 0.8925
2025-08-11 00:14:36,758 - Rank 1 - Validation Loss: 0.2396, Validation Accuracy: 0.8914
2025-08-11 00:16:28,285 - Rank 1 - Train Loss: 0.2384, Train Accuracy: 0.8923
2025-08-11 00:16:37,082 - Rank 1 - Validation Loss: 0.2382, Validation Accuracy: 0.8918
2025-08-11 00:18:34,938 - Rank 1 - Train Loss: 0.2384, Train Accuracy: 0.8924
2025-08-11 00:18:43,684 - Rank 1 - Validation Loss: 0.2375, Validation Accuracy: 0.8920
2025-08-11 00:20:42,596 - Rank 1 - Train Loss: 0.2386, Train Accuracy: 0.8922
2025-08-11 00:20:51,367 - Rank 1 - Validation Loss: 0.2370, Validation Accuracy: 0.8920
2025-08-11 00:22:49,873 - Rank 1 - Train Loss: 0.2373, Train Accuracy: 0.8928
2025-08-11 00:22:58,502 - Rank 1 - Validation Loss: 0.2365, Validation Accuracy: 0.8921
2025-08-11 00:24:59,736 - Rank 1 - Train Loss: 0.2375, Train Accuracy: 0.8926
2025-08-11 00:25:08,551 - Rank 1 - Validation Loss: 0.2364, Validation Accuracy: 0.8923
2025-08-11 00:27:08,783 - Rank 1 - Train Loss: 0.2370, Train Accuracy: 0.8926
2025-08-11 00:27:17,331 - Rank 1 - Validation Loss: 0.2387, Validation Accuracy: 0.8919
2025-08-11 00:29:18,976 - Rank 1 - Train Loss: 0.2382, Train Accuracy: 0.8923
2025-08-11 00:29:27,568 - Rank 1 - Validation Loss: 0.2379, Validation Accuracy: 0.8917
2025-08-11 00:31:21,331 - Rank 1 - Train Loss: 0.2375, Train Accuracy: 0.8926
2025-08-11 00:31:30,147 - Rank 1 - Validation Loss: 0.2381, Validation Accuracy: 0.8917
2025-08-11 00:33:30,459 - Rank 1 - Train Loss: 0.2381, Train Accuracy: 0.8925
2025-08-11 00:33:39,188 - Rank 1 - Validation Loss: 0.2381, Validation Accuracy: 0.8921
2025-08-11 00:35:39,596 - Rank 1 - Train Loss: 0.2366, Train Accuracy: 0.8929
2025-08-11 00:35:48,448 - Rank 1 - Validation Loss: 0.2388, Validation Accuracy: 0.8914
2025-08-11 00:37:49,327 - Rank 1 - Train Loss: 0.2368, Train Accuracy: 0.8929
2025-08-11 00:37:58,041 - Rank 1 - Validation Loss: 0.2369, Validation Accuracy: 0.8923
2025-08-11 00:39:57,699 - Rank 1 - Train Loss: 0.2372, Train Accuracy: 0.8928
2025-08-11 00:40:06,190 - Rank 1 - Validation Loss: 0.2364, Validation Accuracy: 0.8924
2025-08-11 00:42:06,472 - Rank 1 - Train Loss: 0.2361, Train Accuracy: 0.8931
2025-08-11 00:42:14,319 - Rank 1 - Validation Loss: 0.2381, Validation Accuracy: 0.8920
2025-08-11 00:44:14,656 - Rank 1 - Train Loss: 0.2362, Train Accuracy: 0.8931
2025-08-11 00:44:22,823 - Rank 1 - Validation Loss: 0.2355, Validation Accuracy: 0.8928
2025-08-11 00:46:19,740 - Rank 1 - Train Loss: 0.2358, Train Accuracy: 0.8929
2025-08-11 00:46:28,169 - Rank 1 - Validation Loss: 0.2374, Validation Accuracy: 0.8920
2025-08-11 00:48:28,392 - Rank 1 - Train Loss: 0.2362, Train Accuracy: 0.8931
2025-08-11 00:48:37,199 - Rank 1 - Validation Loss: 0.2360, Validation Accuracy: 0.8927
2025-08-11 00:50:37,246 - Rank 1 - Train Loss: 0.2355, Train Accuracy: 0.8933
2025-08-11 00:50:45,823 - Rank 1 - Validation Loss: 0.2366, Validation Accuracy: 0.8926
2025-08-11 00:52:45,873 - Rank 1 - Train Loss: 0.2333, Train Accuracy: 0.8944
2025-08-11 00:52:54,089 - Rank 1 - Validation Loss: 0.2353, Validation Accuracy: 0.8925
2025-08-11 00:54:55,952 - Rank 1 - Train Loss: 0.2356, Train Accuracy: 0.8932
2025-08-11 00:55:04,901 - Rank 1 - Validation Loss: 0.2359, Validation Accuracy: 0.8926
2025-08-11 00:57:05,136 - Rank 1 - Train Loss: 0.2354, Train Accuracy: 0.8933
2025-08-11 00:57:13,912 - Rank 1 - Validation Loss: 0.2361, Validation Accuracy: 0.8923
2025-08-11 00:59:07,308 - Rank 1 - Train Loss: 0.2351, Train Accuracy: 0.8934
2025-08-11 00:59:15,533 - Rank 1 - Validation Loss: 0.2358, Validation Accuracy: 0.8926
2025-08-11 01:01:15,552 - Rank 1 - Train Loss: 0.2353, Train Accuracy: 0.8935
2025-08-11 01:01:24,063 - Rank 1 - Validation Loss: 0.2358, Validation Accuracy: 0.8926
2025-08-11 01:03:25,434 - Rank 1 - Train Loss: 0.2347, Train Accuracy: 0.8938
2025-08-11 01:03:34,432 - Rank 1 - Validation Loss: 0.2365, Validation Accuracy: 0.8928
2025-08-11 01:05:34,570 - Rank 1 - Train Loss: 0.2340, Train Accuracy: 0.8939
2025-08-11 01:05:42,985 - Rank 1 - Validation Loss: 0.2366, Validation Accuracy: 0.8928
2025-08-11 01:07:43,206 - Rank 1 - Train Loss: 0.2341, Train Accuracy: 0.8941
2025-08-11 01:07:52,015 - Rank 1 - Validation Loss: 0.2376, Validation Accuracy: 0.8922
2025-08-11 01:09:52,235 - Rank 1 - Train Loss: 0.2337, Train Accuracy: 0.8941
2025-08-11 01:10:00,529 - Rank 1 - Validation Loss: 0.2355, Validation Accuracy: 0.8930
2025-08-11 01:12:00,495 - Rank 1 - Train Loss: 0.2339, Train Accuracy: 0.8938
2025-08-11 01:12:08,742 - Rank 1 - Validation Loss: 0.2364, Validation Accuracy: 0.8924
2025-08-11 01:14:01,603 - Rank 1 - Train Loss: 0.2348, Train Accuracy: 0.8935
2025-08-11 01:14:09,705 - Rank 1 - Validation Loss: 0.2355, Validation Accuracy: 0.8927
2025-08-11 01:16:09,230 - Rank 1 - Train Loss: 0.2324, Train Accuracy: 0.8942
2025-08-11 01:16:17,763 - Rank 1 - Validation Loss: 0.2347, Validation Accuracy: 0.8932
2025-08-11 01:18:17,701 - Rank 1 - Train Loss: 0.2333, Train Accuracy: 0.8939
2025-08-11 01:18:26,099 - Rank 1 - Validation Loss: 0.2352, Validation Accuracy: 0.8929
2025-08-11 01:20:26,232 - Rank 1 - Train Loss: 0.2337, Train Accuracy: 0.8940
2025-08-11 01:20:35,203 - Rank 1 - Validation Loss: 0.2355, Validation Accuracy: 0.8929
2025-08-11 01:22:34,355 - Rank 1 - Train Loss: 0.2328, Train Accuracy: 0.8943
2025-08-11 01:22:42,897 - Rank 1 - Validation Loss: 0.2358, Validation Accuracy: 0.8928
2025-08-11 01:24:43,692 - Rank 1 - Train Loss: 0.2322, Train Accuracy: 0.8947
2025-08-11 01:24:51,921 - Rank 1 - Validation Loss: 0.2356, Validation Accuracy: 0.8929
2025-08-11 01:26:50,978 - Rank 1 - Train Loss: 0.2323, Train Accuracy: 0.8944
2025-08-11 01:26:59,302 - Rank 1 - Validation Loss: 0.2348, Validation Accuracy: 0.8929
2025-08-11 01:28:52,495 - Rank 1 - Train Loss: 0.2326, Train Accuracy: 0.8944
2025-08-11 01:29:00,950 - Rank 1 - Validation Loss: 0.2341, Validation Accuracy: 0.8933
2025-08-11 01:31:00,328 - Rank 1 - Train Loss: 0.2317, Train Accuracy: 0.8950
2025-08-11 01:31:08,822 - Rank 1 - Validation Loss: 0.2339, Validation Accuracy: 0.8936
2025-08-11 01:33:07,811 - Rank 1 - Train Loss: 0.2324, Train Accuracy: 0.8945
2025-08-11 01:33:16,338 - Rank 1 - Validation Loss: 0.2353, Validation Accuracy: 0.8930
2025-08-11 01:35:16,155 - Rank 1 - Train Loss: 0.2313, Train Accuracy: 0.8949
2025-08-11 01:35:24,361 - Rank 1 - Validation Loss: 0.2360, Validation Accuracy: 0.8931
2025-08-11 01:37:23,805 - Rank 1 - Train Loss: 0.2316, Train Accuracy: 0.8951
2025-08-11 01:37:32,169 - Rank 1 - Validation Loss: 0.2343, Validation Accuracy: 0.8935
2025-08-11 01:39:32,725 - Rank 1 - Train Loss: 0.2317, Train Accuracy: 0.8945
2025-08-11 01:39:41,356 - Rank 1 - Validation Loss: 0.2353, Validation Accuracy: 0.8930
2025-08-11 01:41:37,872 - Rank 1 - Train Loss: 0.2313, Train Accuracy: 0.8950
2025-08-11 01:41:46,145 - Rank 1 - Validation Loss: 0.2352, Validation Accuracy: 0.8927
2025-08-11 01:43:42,519 - Rank 1 - Train Loss: 0.2312, Train Accuracy: 0.8951
2025-08-11 01:43:51,584 - Rank 1 - Validation Loss: 0.2338, Validation Accuracy: 0.8934
2025-08-11 01:45:50,585 - Rank 1 - Train Loss: 0.2301, Train Accuracy: 0.8952
2025-08-11 01:45:58,887 - Rank 1 - Validation Loss: 0.2363, Validation Accuracy: 0.8926
2025-08-11 01:47:58,000 - Rank 1 - Train Loss: 0.2306, Train Accuracy: 0.8955
2025-08-11 01:48:06,384 - Rank 1 - Validation Loss: 0.2349, Validation Accuracy: 0.8934
2025-08-11 01:50:04,639 - Rank 1 - Train Loss: 0.2305, Train Accuracy: 0.8953
2025-08-11 01:50:12,731 - Rank 1 - Validation Loss: 0.2346, Validation Accuracy: 0.8932
2025-08-11 01:52:11,247 - Rank 1 - Train Loss: 0.2308, Train Accuracy: 0.8950
2025-08-11 01:52:20,193 - Rank 1 - Validation Loss: 0.2341, Validation Accuracy: 0.8934
2025-08-11 01:54:20,013 - Rank 1 - Train Loss: 0.2306, Train Accuracy: 0.8952
2025-08-11 01:54:28,720 - Rank 1 - Validation Loss: 0.2348, Validation Accuracy: 0.8934
2025-08-11 01:56:22,671 - Rank 1 - Train Loss: 0.2290, Train Accuracy: 0.8957
2025-08-11 01:56:31,094 - Rank 1 - Validation Loss: 0.2342, Validation Accuracy: 0.8934
2025-08-11 01:58:29,972 - Rank 1 - Train Loss: 0.2298, Train Accuracy: 0.8954
2025-08-11 01:58:38,484 - Rank 1 - Validation Loss: 0.2330, Validation Accuracy: 0.8934
2025-08-11 02:00:38,953 - Rank 1 - Train Loss: 0.2300, Train Accuracy: 0.8955
2025-08-11 02:00:47,365 - Rank 1 - Validation Loss: 0.2354, Validation Accuracy: 0.8931
2025-08-11 02:02:46,343 - Rank 1 - Train Loss: 0.2293, Train Accuracy: 0.8955
2025-08-11 02:02:54,550 - Rank 1 - Validation Loss: 0.2339, Validation Accuracy: 0.8936
2025-08-11 02:04:55,302 - Rank 1 - Train Loss: 0.2297, Train Accuracy: 0.8956
2025-08-11 02:05:03,837 - Rank 1 - Validation Loss: 0.2337, Validation Accuracy: 0.8938
2025-08-11 02:07:03,594 - Rank 1 - Train Loss: 0.2302, Train Accuracy: 0.8953
2025-08-11 02:07:12,247 - Rank 1 - Validation Loss: 0.2343, Validation Accuracy: 0.8934
2025-08-11 02:09:11,744 - Rank 1 - Train Loss: 0.2291, Train Accuracy: 0.8955
2025-08-11 02:09:20,168 - Rank 1 - Validation Loss: 0.2342, Validation Accuracy: 0.8933
2025-08-11 02:11:12,847 - Rank 1 - Train Loss: 0.2302, Train Accuracy: 0.8955
2025-08-11 02:11:21,389 - Rank 1 - Validation Loss: 0.2332, Validation Accuracy: 0.8939
2025-08-11 02:13:20,765 - Rank 1 - Train Loss: 0.2299, Train Accuracy: 0.8953
2025-08-11 02:13:29,216 - Rank 1 - Validation Loss: 0.2347, Validation Accuracy: 0.8935
2025-08-11 02:15:28,080 - Rank 1 - Train Loss: 0.2291, Train Accuracy: 0.8957
2025-08-11 02:15:36,584 - Rank 1 - Validation Loss: 0.2330, Validation Accuracy: 0.8936
2025-08-11 02:17:36,108 - Rank 1 - Train Loss: 0.2276, Train Accuracy: 0.8964
2025-08-11 02:17:44,600 - Rank 1 - Validation Loss: 0.2344, Validation Accuracy: 0.8932
2025-08-11 02:19:44,782 - Rank 1 - Train Loss: 0.2284, Train Accuracy: 0.8963
2025-08-11 02:19:53,518 - Rank 1 - Validation Loss: 0.2321, Validation Accuracy: 0.8939
2025-08-11 02:21:53,667 - Rank 1 - Train Loss: 0.2290, Train Accuracy: 0.8958
2025-08-11 02:22:02,494 - Rank 1 - Validation Loss: 0.2334, Validation Accuracy: 0.8935
2025-08-11 02:24:02,534 - Rank 1 - Train Loss: 0.2282, Train Accuracy: 0.8961
2025-08-11 02:24:11,348 - Rank 1 - Validation Loss: 0.2331, Validation Accuracy: 0.8937
2025-08-11 02:26:03,500 - Rank 1 - Train Loss: 0.2286, Train Accuracy: 0.8961
2025-08-11 02:26:12,149 - Rank 1 - Validation Loss: 0.2330, Validation Accuracy: 0.8937
2025-08-11 02:28:11,996 - Rank 1 - Train Loss: 0.2271, Train Accuracy: 0.8962
2025-08-11 02:28:20,312 - Rank 1 - Validation Loss: 0.2316, Validation Accuracy: 0.8942
2025-08-11 02:30:19,443 - Rank 1 - Train Loss: 0.2274, Train Accuracy: 0.8962
2025-08-11 02:30:28,244 - Rank 1 - Validation Loss: 0.2328, Validation Accuracy: 0.8936
2025-08-11 02:32:27,435 - Rank 1 - Train Loss: 0.2273, Train Accuracy: 0.8964
2025-08-11 02:32:36,111 - Rank 1 - Validation Loss: 0.2323, Validation Accuracy: 0.8940
2025-08-11 02:34:35,931 - Rank 1 - Train Loss: 0.2293, Train Accuracy: 0.8956
2025-08-11 02:34:44,125 - Rank 1 - Validation Loss: 0.2331, Validation Accuracy: 0.8936
2025-08-11 02:36:44,977 - Rank 1 - Train Loss: 0.2268, Train Accuracy: 0.8967
2025-08-11 02:36:53,538 - Rank 1 - Validation Loss: 0.2334, Validation Accuracy: 0.8938
2025-08-11 02:38:53,478 - Rank 1 - Train Loss: 0.2271, Train Accuracy: 0.8964
2025-08-11 02:39:01,862 - Rank 1 - Validation Loss: 0.2325, Validation Accuracy: 0.8939
2025-08-11 02:40:55,211 - Rank 1 - Train Loss: 0.2283, Train Accuracy: 0.8960
2025-08-11 02:41:03,914 - Rank 1 - Validation Loss: 0.2332, Validation Accuracy: 0.8936
2025-08-11 02:43:03,403 - Rank 1 - Train Loss: 0.2273, Train Accuracy: 0.8962
2025-08-11 02:43:11,872 - Rank 1 - Validation Loss: 0.2333, Validation Accuracy: 0.8938
2025-08-11 02:45:10,957 - Rank 1 - Train Loss: 0.2262, Train Accuracy: 0.8970
2025-08-11 02:45:19,469 - Rank 1 - Validation Loss: 0.2329, Validation Accuracy: 0.8941
2025-08-11 02:47:18,881 - Rank 1 - Train Loss: 0.2256, Train Accuracy: 0.8970
2025-08-11 02:47:27,429 - Rank 1 - Validation Loss: 0.2326, Validation Accuracy: 0.8939
2025-08-11 02:49:27,133 - Rank 1 - Train Loss: 0.2268, Train Accuracy: 0.8968
2025-08-11 02:49:35,958 - Rank 1 - Validation Loss: 0.2334, Validation Accuracy: 0.8941
2025-08-11 02:51:35,136 - Rank 1 - Train Loss: 0.2254, Train Accuracy: 0.8968
2025-08-11 02:51:43,454 - Rank 1 - Validation Loss: 0.2314, Validation Accuracy: 0.8943
2025-08-11 02:53:43,316 - Rank 1 - Train Loss: 0.2266, Train Accuracy: 0.8965
2025-08-11 02:53:52,393 - Rank 1 - Validation Loss: 0.2337, Validation Accuracy: 0.8938
2025-08-11 02:55:46,177 - Rank 1 - Train Loss: 0.2259, Train Accuracy: 0.8971
2025-08-11 02:55:54,435 - Rank 1 - Validation Loss: 0.2323, Validation Accuracy: 0.8941
2025-08-11 02:57:55,077 - Rank 1 - Train Loss: 0.2266, Train Accuracy: 0.8964
2025-08-11 02:58:03,979 - Rank 1 - Validation Loss: 0.2321, Validation Accuracy: 0.8944
2025-08-11 03:00:03,266 - Rank 1 - Train Loss: 0.2266, Train Accuracy: 0.8965
2025-08-11 03:00:11,477 - Rank 1 - Validation Loss: 0.2318, Validation Accuracy: 0.8943
2025-08-11 03:02:13,645 - Rank 1 - Train Loss: 0.2257, Train Accuracy: 0.8970
2025-08-11 03:02:21,768 - Rank 1 - Validation Loss: 0.2326, Validation Accuracy: 0.8939
2025-08-11 03:04:23,123 - Rank 1 - Train Loss: 0.2254, Train Accuracy: 0.8972
2025-08-11 03:04:31,815 - Rank 1 - Validation Loss: 0.2314, Validation Accuracy: 0.8944
2025-08-11 03:06:32,675 - Rank 1 - Train Loss: 0.2241, Train Accuracy: 0.8974
2025-08-11 03:06:41,787 - Rank 1 - Validation Loss: 0.2339, Validation Accuracy: 0.8935
2025-08-11 03:08:35,969 - Rank 1 - Train Loss: 0.2257, Train Accuracy: 0.8972
2025-08-11 03:08:44,753 - Rank 1 - Validation Loss: 0.2319, Validation Accuracy: 0.8940
2025-08-11 03:10:43,565 - Rank 1 - Train Loss: 0.2259, Train Accuracy: 0.8969
2025-08-11 03:10:52,027 - Rank 1 - Validation Loss: 0.2319, Validation Accuracy: 0.8946
2025-08-11 03:12:51,884 - Rank 1 - Train Loss: 0.2252, Train Accuracy: 0.8972
2025-08-11 03:13:00,607 - Rank 1 - Validation Loss: 0.2316, Validation Accuracy: 0.8945
2025-08-11 03:15:00,353 - Rank 1 - Train Loss: 0.2244, Train Accuracy: 0.8977
2025-08-11 03:15:09,014 - Rank 1 - Validation Loss: 0.2304, Validation Accuracy: 0.8951
2025-08-11 03:17:08,281 - Rank 1 - Train Loss: 0.2244, Train Accuracy: 0.8975
2025-08-11 03:17:17,093 - Rank 1 - Validation Loss: 0.2313, Validation Accuracy: 0.8946
2025-08-11 03:19:17,296 - Rank 1 - Train Loss: 0.2250, Train Accuracy: 0.8971
2025-08-11 03:19:25,583 - Rank 1 - Validation Loss: 0.2315, Validation Accuracy: 0.8944
2025-08-11 03:21:26,976 - Rank 1 - Train Loss: 0.2245, Train Accuracy: 0.8974
2025-08-11 03:21:35,915 - Rank 1 - Validation Loss: 0.2314, Validation Accuracy: 0.8945
2025-08-11 03:23:28,451 - Rank 1 - Train Loss: 0.2232, Train Accuracy: 0.8979
2025-08-11 03:23:37,103 - Rank 1 - Validation Loss: 0.2309, Validation Accuracy: 0.8948
2025-08-11 03:25:37,338 - Rank 1 - Train Loss: 0.2238, Train Accuracy: 0.8977
2025-08-11 03:25:46,099 - Rank 1 - Validation Loss: 0.2323, Validation Accuracy: 0.8944
2025-08-11 03:27:45,297 - Rank 1 - Train Loss: 0.2242, Train Accuracy: 0.8975
2025-08-11 03:27:53,618 - Rank 1 - Validation Loss: 0.2320, Validation Accuracy: 0.8942
2025-08-11 03:29:54,186 - Rank 1 - Train Loss: 0.2242, Train Accuracy: 0.8975
2025-08-11 03:30:03,040 - Rank 1 - Validation Loss: 0.2323, Validation Accuracy: 0.8943
2025-08-11 03:32:02,297 - Rank 1 - Train Loss: 0.2245, Train Accuracy: 0.8976
2025-08-11 03:32:10,646 - Rank 1 - Validation Loss: 0.2302, Validation Accuracy: 0.8948
2025-08-11 03:34:11,168 - Rank 1 - Train Loss: 0.2229, Train Accuracy: 0.8983
2025-08-11 03:34:20,257 - Rank 1 - Validation Loss: 0.2311, Validation Accuracy: 0.8946
2025-08-11 03:36:19,758 - Rank 1 - Train Loss: 0.2240, Train Accuracy: 0.8975
2025-08-11 03:36:28,072 - Rank 1 - Validation Loss: 0.2322, Validation Accuracy: 0.8947
2025-08-11 03:38:14,470 - Rank 1 - Train Loss: 0.2236, Train Accuracy: 0.8977
2025-08-11 03:38:22,486 - Rank 1 - Validation Loss: 0.2316, Validation Accuracy: 0.8945
2025-08-11 03:40:00,049 - Rank 1 - Train Loss: 0.2231, Train Accuracy: 0.8980
2025-08-11 03:40:08,558 - Rank 1 - Validation Loss: 0.2315, Validation Accuracy: 0.8947
2025-08-11 03:41:40,589 - Rank 1 - Train Loss: 0.2214, Train Accuracy: 0.8987
2025-08-11 03:41:49,287 - Rank 1 - Validation Loss: 0.2313, Validation Accuracy: 0.8945
2025-08-11 03:43:21,958 - Rank 1 - Train Loss: 0.2227, Train Accuracy: 0.8981
2025-08-11 03:43:30,244 - Rank 1 - Validation Loss: 0.2314, Validation Accuracy: 0.8949
2025-08-11 03:45:02,373 - Rank 1 - Train Loss: 0.2236, Train Accuracy: 0.8976
2025-08-11 03:45:11,092 - Rank 1 - Validation Loss: 0.2322, Validation Accuracy: 0.8943
2025-08-11 03:46:42,850 - Rank 1 - Train Loss: 0.2222, Train Accuracy: 0.8982
2025-08-11 03:46:51,832 - Rank 1 - Validation Loss: 0.2309, Validation Accuracy: 0.8947
2025-08-11 03:48:24,009 - Rank 1 - Train Loss: 0.2230, Train Accuracy: 0.8979
2025-08-11 03:48:32,962 - Rank 1 - Validation Loss: 0.2304, Validation Accuracy: 0.8952
2025-08-11 03:50:18,778 - Rank 1 - Train Loss: 0.2233, Train Accuracy: 0.8980
2025-08-11 03:50:27,333 - Rank 1 - Validation Loss: 0.2297, Validation Accuracy: 0.8953
2025-08-11 03:52:17,901 - Rank 1 - Train Loss: 0.2219, Train Accuracy: 0.8983
2025-08-11 03:52:26,187 - Rank 1 - Validation Loss: 0.2303, Validation Accuracy: 0.8950
2025-08-11 03:54:25,383 - Rank 1 - Train Loss: 0.2219, Train Accuracy: 0.8984
2025-08-11 03:54:34,103 - Rank 1 - Validation Loss: 0.2312, Validation Accuracy: 0.8948
2025-08-11 05:11:50,332 - Rank 1 - Starting training
2025-08-11 05:12:12,937 - Rank 1 - No checkpoint found at checkpoints_dummy/macformer_checkpoint.pth, starting from scratch
2025-08-11 05:13:47,406 - Rank 1 - Train Loss: 1.6589, Train Accuracy: 0.4854
2025-08-11 05:14:18,312 - Rank 1 - Starting training
2025-08-11 05:14:40,104 - Rank 1 - No checkpoint found at checkpoints_dummy/macformer_checkpoint.pth, starting from scratch
2025-08-11 05:26:56,279 - Rank 1 - Starting training
2025-08-11 05:27:10,726 - Rank 1 - No checkpoint found at checkpoints_dummy/macformer_checkpoint.pth, starting from scratch
