2025-08-10 06:44:22,005 - Rank 5 - Starting training on rank 5
2025-08-10 06:58:59,644 - Rank 5 - Starting training
2025-08-10 06:59:20,096 - Rank 5 - No checkpoint found at checkpoints/macformer_checkpoint.pth, starting from scratch
2025-08-10 07:01:53,033 - Rank 5 - Train Loss: 1.6544, Train Accuracy: 0.4875
2025-08-10 07:02:04,838 - Rank 5 - Validation Loss: 1.3401, Validation Accuracy: 0.5505
2025-08-10 07:04:16,264 - Rank 5 - Starting training
2025-08-10 07:04:37,700 - Rank 5 - No checkpoint found at checkpoints/macformer_checkpoint.pth, starting from scratch
2025-08-10 07:06:58,016 - Rank 5 - Train Loss: 1.6545, Train Accuracy: 0.4875
2025-08-10 07:07:08,044 - Rank 5 - Validation Loss: 1.3402, Validation Accuracy: 0.5506
2025-08-10 07:09:22,885 - Rank 5 - Train Loss: 1.2887, Train Accuracy: 0.5605
2025-08-10 07:09:34,654 - Rank 5 - Validation Loss: 1.2139, Validation Accuracy: 0.5778
2025-08-10 07:12:04,854 - Rank 5 - Train Loss: 1.1904, Train Accuracy: 0.5844
2025-08-10 07:12:15,308 - Rank 5 - Validation Loss: 1.1456, Validation Accuracy: 0.5972
2025-08-10 07:14:45,592 - Rank 5 - Train Loss: 1.1231, Train Accuracy: 0.6028
2025-08-10 07:14:55,939 - Rank 5 - Validation Loss: 1.0897, Validation Accuracy: 0.6122
2025-08-10 07:17:26,313 - Rank 5 - Train Loss: 1.0768, Train Accuracy: 0.6153
2025-08-10 07:17:37,699 - Rank 5 - Validation Loss: 1.0293, Validation Accuracy: 0.6285
2025-08-10 07:20:10,869 - Rank 5 - Train Loss: 1.0302, Train Accuracy: 0.6285
2025-08-10 07:20:22,808 - Rank 5 - Validation Loss: 0.9938, Validation Accuracy: 0.6395
2025-08-10 07:23:00,469 - Rank 5 - Train Loss: 0.9988, Train Accuracy: 0.6368
2025-08-10 07:23:14,832 - Rank 5 - Validation Loss: 0.9499, Validation Accuracy: 0.6525
2025-08-10 07:26:16,573 - Rank 5 - Train Loss: 0.9665, Train Accuracy: 0.6464
2025-08-10 07:26:31,592 - Rank 5 - Validation Loss: 0.9191, Validation Accuracy: 0.6632
2025-08-10 07:29:30,747 - Rank 5 - Train Loss: 0.9413, Train Accuracy: 0.6541
2025-08-10 07:29:45,415 - Rank 5 - Validation Loss: 0.8853, Validation Accuracy: 0.6739
2025-08-10 07:32:29,066 - Rank 5 - Train Loss: 0.9152, Train Accuracy: 0.6622
2025-08-10 07:32:38,975 - Rank 5 - Validation Loss: 0.8895, Validation Accuracy: 0.6723
2025-08-10 07:34:47,496 - Rank 5 - Train Loss: 0.8936, Train Accuracy: 0.6690
2025-08-10 07:34:57,519 - Rank 5 - Validation Loss: 0.8542, Validation Accuracy: 0.6846
2025-08-10 07:37:04,042 - Rank 5 - Train Loss: 0.8744, Train Accuracy: 0.6754
2025-08-10 07:37:14,320 - Rank 5 - Validation Loss: 0.8204, Validation Accuracy: 0.6939
2025-08-10 07:39:20,769 - Rank 5 - Train Loss: 0.8562, Train Accuracy: 0.6814
2025-08-10 07:39:30,331 - Rank 5 - Validation Loss: 0.8373, Validation Accuracy: 0.6917
2025-08-10 07:41:37,015 - Rank 5 - Train Loss: 0.8401, Train Accuracy: 0.6865
2025-08-10 07:41:46,762 - Rank 5 - Validation Loss: 0.7867, Validation Accuracy: 0.7059
2025-08-10 07:43:52,432 - Rank 5 - Train Loss: 0.8231, Train Accuracy: 0.6919
2025-08-10 07:44:02,869 - Rank 5 - Validation Loss: 0.7628, Validation Accuracy: 0.7135
2025-08-10 07:46:15,987 - Rank 5 - Train Loss: 0.8108, Train Accuracy: 0.6964
2025-08-10 07:46:31,301 - Rank 5 - Validation Loss: 0.7625, Validation Accuracy: 0.7151
2025-08-10 07:49:41,681 - Rank 5 - Train Loss: 0.7950, Train Accuracy: 0.7015
2025-08-10 07:49:59,419 - Rank 5 - Validation Loss: 0.7433, Validation Accuracy: 0.7205
2025-08-10 07:53:30,818 - Rank 5 - Train Loss: 0.7822, Train Accuracy: 0.7063
2025-08-10 07:53:48,052 - Rank 5 - Validation Loss: 0.7217, Validation Accuracy: 0.7271
2025-08-10 07:56:56,608 - Rank 5 - Train Loss: 0.7701, Train Accuracy: 0.7097
2025-08-10 07:57:09,476 - Rank 5 - Validation Loss: 0.7120, Validation Accuracy: 0.7304
2025-08-10 07:59:17,735 - Rank 5 - Train Loss: 0.7603, Train Accuracy: 0.7131
2025-08-10 07:59:26,965 - Rank 5 - Validation Loss: 0.6933, Validation Accuracy: 0.7365
2025-08-10 08:01:23,771 - Rank 5 - Train Loss: 0.7452, Train Accuracy: 0.7181
2025-08-10 08:01:32,300 - Rank 5 - Validation Loss: 0.6966, Validation Accuracy: 0.7356
2025-08-10 08:03:31,366 - Rank 5 - Train Loss: 0.7367, Train Accuracy: 0.7209
2025-08-10 08:03:40,022 - Rank 5 - Validation Loss: 0.6818, Validation Accuracy: 0.7398
2025-08-10 08:05:38,114 - Rank 5 - Train Loss: 0.7293, Train Accuracy: 0.7230
2025-08-10 08:05:46,635 - Rank 5 - Validation Loss: 0.6713, Validation Accuracy: 0.7443
2025-08-10 08:07:45,492 - Rank 5 - Train Loss: 0.7157, Train Accuracy: 0.7279
2025-08-10 08:07:54,276 - Rank 5 - Validation Loss: 0.6685, Validation Accuracy: 0.7456
2025-08-10 08:09:53,369 - Rank 5 - Train Loss: 0.7087, Train Accuracy: 0.7300
2025-08-10 08:10:02,106 - Rank 5 - Validation Loss: 0.6689, Validation Accuracy: 0.7463
2025-08-10 08:12:00,382 - Rank 5 - Train Loss: 0.7031, Train Accuracy: 0.7319
2025-08-10 08:12:09,570 - Rank 5 - Validation Loss: 0.6361, Validation Accuracy: 0.7562
2025-08-10 08:14:02,768 - Rank 5 - Train Loss: 0.6940, Train Accuracy: 0.7349
2025-08-10 08:14:11,653 - Rank 5 - Validation Loss: 0.6321, Validation Accuracy: 0.7571
2025-08-10 08:16:09,798 - Rank 5 - Train Loss: 0.6859, Train Accuracy: 0.7381
2025-08-10 08:16:18,365 - Rank 5 - Validation Loss: 0.6276, Validation Accuracy: 0.7591
2025-08-10 08:18:15,465 - Rank 5 - Train Loss: 0.6773, Train Accuracy: 0.7407
2025-08-10 08:18:24,093 - Rank 5 - Validation Loss: 0.6198, Validation Accuracy: 0.7616
2025-08-10 08:20:23,299 - Rank 5 - Train Loss: 0.6722, Train Accuracy: 0.7422
2025-08-10 08:20:31,893 - Rank 5 - Validation Loss: 0.6085, Validation Accuracy: 0.7655
2025-08-10 08:22:30,469 - Rank 5 - Train Loss: 0.6640, Train Accuracy: 0.7448
2025-08-10 08:22:39,248 - Rank 5 - Validation Loss: 0.6046, Validation Accuracy: 0.7664
2025-08-10 08:24:42,076 - Rank 5 - Train Loss: 0.6548, Train Accuracy: 0.7481
2025-08-10 08:24:52,213 - Rank 5 - Validation Loss: 0.5949, Validation Accuracy: 0.7698
2025-08-10 08:26:58,279 - Rank 5 - Train Loss: 0.6489, Train Accuracy: 0.7499
2025-08-10 08:27:08,022 - Rank 5 - Validation Loss: 0.5930, Validation Accuracy: 0.7703
2025-08-10 08:29:10,471 - Rank 5 - Train Loss: 0.6441, Train Accuracy: 0.7517
2025-08-10 08:29:20,662 - Rank 5 - Validation Loss: 0.5824, Validation Accuracy: 0.7741
2025-08-10 08:31:23,819 - Rank 5 - Train Loss: 0.6374, Train Accuracy: 0.7539
2025-08-10 08:31:33,928 - Rank 5 - Validation Loss: 0.5850, Validation Accuracy: 0.7722
2025-08-10 08:33:40,664 - Rank 5 - Train Loss: 0.6323, Train Accuracy: 0.7558
2025-08-10 08:33:50,878 - Rank 5 - Validation Loss: 0.5583, Validation Accuracy: 0.7827
2025-08-10 08:35:56,422 - Rank 5 - Train Loss: 0.6253, Train Accuracy: 0.7580
2025-08-10 08:36:07,396 - Rank 5 - Validation Loss: 0.5592, Validation Accuracy: 0.7819
2025-08-10 08:38:12,972 - Rank 5 - Train Loss: 0.6201, Train Accuracy: 0.7597
2025-08-10 08:38:23,187 - Rank 5 - Validation Loss: 0.5652, Validation Accuracy: 0.7790
2025-08-10 08:40:28,428 - Rank 5 - Train Loss: 0.6151, Train Accuracy: 0.7616
2025-08-10 08:40:38,584 - Rank 5 - Validation Loss: 0.5499, Validation Accuracy: 0.7854
2025-08-10 08:42:46,380 - Rank 5 - Train Loss: 0.6082, Train Accuracy: 0.7638
2025-08-10 08:42:54,967 - Rank 5 - Validation Loss: 0.5433, Validation Accuracy: 0.7872
2025-08-10 08:44:49,459 - Rank 5 - Train Loss: 0.6023, Train Accuracy: 0.7654
2025-08-10 08:44:58,560 - Rank 5 - Validation Loss: 0.5451, Validation Accuracy: 0.7867
2025-08-10 08:46:56,887 - Rank 5 - Train Loss: 0.5986, Train Accuracy: 0.7667
2025-08-10 08:47:05,825 - Rank 5 - Validation Loss: 0.5375, Validation Accuracy: 0.7892
2025-08-10 08:49:05,230 - Rank 5 - Train Loss: 0.5932, Train Accuracy: 0.7686
2025-08-10 08:49:15,131 - Rank 5 - Validation Loss: 0.5322, Validation Accuracy: 0.7908
2025-08-10 08:51:20,025 - Rank 5 - Train Loss: 0.5879, Train Accuracy: 0.7704
2025-08-10 08:51:29,864 - Rank 5 - Validation Loss: 0.5278, Validation Accuracy: 0.7919
2025-08-10 08:53:43,378 - Rank 5 - Train Loss: 0.5818, Train Accuracy: 0.7728
2025-08-10 08:53:53,765 - Rank 5 - Validation Loss: 0.5281, Validation Accuracy: 0.7919
2025-08-10 08:55:59,315 - Rank 5 - Train Loss: 0.5791, Train Accuracy: 0.7738
2025-08-10 08:56:09,457 - Rank 5 - Validation Loss: 0.5270, Validation Accuracy: 0.7914
2025-08-10 08:58:40,967 - Rank 5 - Train Loss: 0.5777, Train Accuracy: 0.7736
2025-08-10 08:58:54,428 - Rank 5 - Validation Loss: 0.5111, Validation Accuracy: 0.7982
2025-08-10 09:00:58,797 - Rank 5 - Train Loss: 0.5716, Train Accuracy: 0.7757
2025-08-10 09:01:08,416 - Rank 5 - Validation Loss: 0.5071, Validation Accuracy: 0.7993
2025-08-10 09:03:15,079 - Rank 5 - Train Loss: 0.5678, Train Accuracy: 0.7771
2025-08-10 09:03:24,943 - Rank 5 - Validation Loss: 0.5014, Validation Accuracy: 0.8010
2025-08-10 09:05:28,241 - Rank 5 - Train Loss: 0.5611, Train Accuracy: 0.7796
2025-08-10 09:05:38,627 - Rank 5 - Validation Loss: 0.4985, Validation Accuracy: 0.8022
2025-08-10 09:07:43,345 - Rank 5 - Train Loss: 0.5613, Train Accuracy: 0.7794
2025-08-10 09:07:53,863 - Rank 5 - Validation Loss: 0.4977, Validation Accuracy: 0.8025
2025-08-10 09:09:56,972 - Rank 5 - Train Loss: 0.5539, Train Accuracy: 0.7819
2025-08-10 09:10:07,408 - Rank 5 - Validation Loss: 0.4921, Validation Accuracy: 0.8045
2025-08-10 09:12:11,771 - Rank 5 - Train Loss: 0.5516, Train Accuracy: 0.7824
2025-08-10 09:12:22,341 - Rank 5 - Validation Loss: 0.4945, Validation Accuracy: 0.8032
2025-08-10 09:14:23,058 - Rank 5 - Train Loss: 0.5467, Train Accuracy: 0.7843
2025-08-10 09:14:33,233 - Rank 5 - Validation Loss: 0.4916, Validation Accuracy: 0.8042
2025-08-10 09:16:36,989 - Rank 5 - Train Loss: 0.5439, Train Accuracy: 0.7856
2025-08-10 09:16:47,177 - Rank 5 - Validation Loss: 0.4916, Validation Accuracy: 0.8037
2025-08-10 09:18:52,880 - Rank 5 - Train Loss: 0.5430, Train Accuracy: 0.7859
2025-08-10 09:19:03,500 - Rank 5 - Validation Loss: 0.4763, Validation Accuracy: 0.8096
2025-08-10 09:21:09,090 - Rank 5 - Train Loss: 0.5375, Train Accuracy: 0.7874
2025-08-10 09:21:18,873 - Rank 5 - Validation Loss: 0.4818, Validation Accuracy: 0.8074
2025-08-10 09:23:53,626 - Rank 5 - Train Loss: 0.5366, Train Accuracy: 0.7880
2025-08-10 09:24:06,875 - Rank 5 - Validation Loss: 0.4769, Validation Accuracy: 0.8090
2025-08-10 09:26:40,641 - Rank 5 - Train Loss: 0.5314, Train Accuracy: 0.7897
2025-08-10 09:26:54,015 - Rank 5 - Validation Loss: 0.4734, Validation Accuracy: 0.8103
2025-08-10 09:29:28,174 - Rank 5 - Train Loss: 0.5323, Train Accuracy: 0.7898
2025-08-10 09:29:41,605 - Rank 5 - Validation Loss: 0.4925, Validation Accuracy: 0.8027
2025-08-10 09:32:01,673 - Rank 5 - Train Loss: 0.5271, Train Accuracy: 0.7905
2025-08-10 09:32:09,678 - Rank 5 - Validation Loss: 0.4652, Validation Accuracy: 0.8132
2025-08-10 09:34:08,768 - Rank 5 - Train Loss: 0.5226, Train Accuracy: 0.7927
2025-08-10 09:34:17,098 - Rank 5 - Validation Loss: 0.4760, Validation Accuracy: 0.8089
2025-08-10 09:36:15,398 - Rank 5 - Train Loss: 0.5205, Train Accuracy: 0.7936
2025-08-10 09:36:24,176 - Rank 5 - Validation Loss: 0.4555, Validation Accuracy: 0.8169
2025-08-10 09:38:23,814 - Rank 5 - Train Loss: 0.5154, Train Accuracy: 0.7955
2025-08-10 09:38:32,228 - Rank 5 - Validation Loss: 0.4622, Validation Accuracy: 0.8143
2025-08-10 09:40:32,456 - Rank 5 - Train Loss: 0.5148, Train Accuracy: 0.7951
2025-08-10 09:40:41,376 - Rank 5 - Validation Loss: 0.4530, Validation Accuracy: 0.8174
2025-08-10 09:42:32,243 - Rank 5 - Train Loss: 0.5106, Train Accuracy: 0.7965
2025-08-10 09:42:40,527 - Rank 5 - Validation Loss: 0.4473, Validation Accuracy: 0.8193
2025-08-10 09:44:38,831 - Rank 5 - Train Loss: 0.5076, Train Accuracy: 0.7976
2025-08-10 09:44:47,323 - Rank 5 - Validation Loss: 0.4463, Validation Accuracy: 0.8198
2025-08-10 09:46:46,366 - Rank 5 - Train Loss: 0.5067, Train Accuracy: 0.7982
2025-08-10 09:46:55,511 - Rank 5 - Validation Loss: 0.4473, Validation Accuracy: 0.8191
2025-08-10 09:48:54,745 - Rank 5 - Train Loss: 0.5022, Train Accuracy: 0.7995
2025-08-10 09:49:03,182 - Rank 5 - Validation Loss: 0.4438, Validation Accuracy: 0.8208
2025-08-10 09:51:01,610 - Rank 5 - Train Loss: 0.5000, Train Accuracy: 0.8003
2025-08-10 09:51:09,064 - Rank 5 - Validation Loss: 0.4443, Validation Accuracy: 0.8203
2025-08-10 09:53:07,558 - Rank 5 - Train Loss: 0.4965, Train Accuracy: 0.8016
2025-08-10 09:53:15,834 - Rank 5 - Validation Loss: 0.4401, Validation Accuracy: 0.8219
2025-08-10 09:55:15,953 - Rank 5 - Train Loss: 0.4946, Train Accuracy: 0.8025
2025-08-10 09:55:23,714 - Rank 5 - Validation Loss: 0.4359, Validation Accuracy: 0.8236
2025-08-10 09:57:18,199 - Rank 5 - Train Loss: 0.4931, Train Accuracy: 0.8030
2025-08-10 09:57:26,681 - Rank 5 - Validation Loss: 0.4336, Validation Accuracy: 0.8244
2025-08-10 09:59:26,427 - Rank 5 - Train Loss: 0.4915, Train Accuracy: 0.8037
2025-08-10 09:59:35,527 - Rank 5 - Validation Loss: 0.4328, Validation Accuracy: 0.8246
2025-08-10 10:01:32,963 - Rank 5 - Train Loss: 0.4889, Train Accuracy: 0.8041
2025-08-10 10:01:42,212 - Rank 5 - Validation Loss: 0.4279, Validation Accuracy: 0.8261
2025-08-10 10:03:40,770 - Rank 5 - Train Loss: 0.4846, Train Accuracy: 0.8057
2025-08-10 10:03:48,940 - Rank 5 - Validation Loss: 0.4345, Validation Accuracy: 0.8236
2025-08-10 10:05:48,887 - Rank 5 - Train Loss: 0.4846, Train Accuracy: 0.8056
2025-08-10 10:05:57,698 - Rank 5 - Validation Loss: 0.4226, Validation Accuracy: 0.8282
2025-08-10 10:07:57,171 - Rank 5 - Train Loss: 0.4813, Train Accuracy: 0.8071
2025-08-10 10:08:05,557 - Rank 5 - Validation Loss: 0.4237, Validation Accuracy: 0.8276
2025-08-10 10:10:02,975 - Rank 5 - Train Loss: 0.4793, Train Accuracy: 0.8074
2025-08-10 10:10:11,814 - Rank 5 - Validation Loss: 0.4210, Validation Accuracy: 0.8285
2025-08-10 10:12:05,167 - Rank 5 - Train Loss: 0.4771, Train Accuracy: 0.8087
2025-08-10 10:12:13,486 - Rank 5 - Validation Loss: 0.4269, Validation Accuracy: 0.8266
2025-08-10 10:14:16,084 - Rank 5 - Train Loss: 0.4741, Train Accuracy: 0.8092
2025-08-10 10:14:24,570 - Rank 5 - Validation Loss: 0.4176, Validation Accuracy: 0.8297
2025-08-10 10:16:23,204 - Rank 5 - Train Loss: 0.4715, Train Accuracy: 0.8101
2025-08-10 10:16:31,554 - Rank 5 - Validation Loss: 0.4155, Validation Accuracy: 0.8305
2025-08-10 10:18:30,595 - Rank 5 - Train Loss: 0.4720, Train Accuracy: 0.8102
2025-08-10 10:18:39,124 - Rank 5 - Validation Loss: 0.4100, Validation Accuracy: 0.8327
2025-08-10 10:20:38,137 - Rank 5 - Train Loss: 0.4669, Train Accuracy: 0.8117
2025-08-10 10:20:47,189 - Rank 5 - Validation Loss: 0.4100, Validation Accuracy: 0.8328
2025-08-10 10:22:46,555 - Rank 5 - Train Loss: 0.4657, Train Accuracy: 0.8122
2025-08-10 10:22:55,417 - Rank 5 - Validation Loss: 0.4089, Validation Accuracy: 0.8330
2025-08-10 10:24:49,751 - Rank 5 - Train Loss: 0.4644, Train Accuracy: 0.8131
2025-08-10 10:24:59,185 - Rank 5 - Validation Loss: 0.4064, Validation Accuracy: 0.8335
2025-08-10 10:26:57,103 - Rank 5 - Train Loss: 0.4604, Train Accuracy: 0.8144
2025-08-10 10:27:05,542 - Rank 5 - Validation Loss: 0.4067, Validation Accuracy: 0.8334
2025-08-10 10:29:05,355 - Rank 5 - Train Loss: 0.4620, Train Accuracy: 0.8138
2025-08-10 10:29:14,049 - Rank 5 - Validation Loss: 0.4033, Validation Accuracy: 0.8347
2025-08-10 10:31:13,906 - Rank 5 - Train Loss: 0.4588, Train Accuracy: 0.8145
2025-08-10 10:31:22,291 - Rank 5 - Validation Loss: 0.4022, Validation Accuracy: 0.8351
2025-08-10 10:33:21,536 - Rank 5 - Train Loss: 0.4545, Train Accuracy: 0.8162
2025-08-10 10:33:29,966 - Rank 5 - Validation Loss: 0.4016, Validation Accuracy: 0.8354
2025-08-10 10:35:28,568 - Rank 5 - Train Loss: 0.4546, Train Accuracy: 0.8163
2025-08-10 10:35:36,399 - Rank 5 - Validation Loss: 0.3985, Validation Accuracy: 0.8365
2025-08-10 10:37:36,508 - Rank 5 - Train Loss: 0.4527, Train Accuracy: 0.8170
2025-08-10 10:37:44,548 - Rank 5 - Validation Loss: 0.3952, Validation Accuracy: 0.8379
2025-08-10 10:39:44,284 - Rank 5 - Train Loss: 0.4507, Train Accuracy: 0.8176
2025-08-10 10:39:55,306 - Rank 5 - Validation Loss: 0.3929, Validation Accuracy: 0.8385
2025-08-10 10:42:26,093 - Rank 5 - Train Loss: 0.4494, Train Accuracy: 0.8179
2025-08-10 10:42:39,684 - Rank 5 - Validation Loss: 0.3956, Validation Accuracy: 0.8374
2025-08-10 10:45:14,423 - Rank 5 - Train Loss: 0.4472, Train Accuracy: 0.8187
2025-08-10 10:45:27,480 - Rank 5 - Validation Loss: 0.3921, Validation Accuracy: 0.8383
2025-08-10 10:48:05,811 - Rank 5 - Train Loss: 0.4443, Train Accuracy: 0.8195
2025-08-10 10:48:19,101 - Rank 5 - Validation Loss: 0.3887, Validation Accuracy: 0.8394
2025-08-10 10:50:25,575 - Rank 5 - Train Loss: 0.4436, Train Accuracy: 0.8202
2025-08-10 10:50:34,850 - Rank 5 - Validation Loss: 0.3873, Validation Accuracy: 0.8400
2025-08-10 10:52:32,239 - Rank 5 - Train Loss: 0.4418, Train Accuracy: 0.8208
2025-08-10 10:52:41,670 - Rank 5 - Validation Loss: 0.3896, Validation Accuracy: 0.8394
2025-08-10 10:54:33,227 - Rank 5 - Train Loss: 0.4402, Train Accuracy: 0.8209
2025-08-10 10:54:41,813 - Rank 5 - Validation Loss: 0.3885, Validation Accuracy: 0.8399
2025-08-10 10:56:39,710 - Rank 5 - Train Loss: 0.4374, Train Accuracy: 0.8224
2025-08-10 10:56:48,667 - Rank 5 - Validation Loss: 0.3860, Validation Accuracy: 0.8409
2025-08-10 10:58:47,810 - Rank 5 - Train Loss: 0.4382, Train Accuracy: 0.8218
2025-08-10 10:58:57,098 - Rank 5 - Validation Loss: 0.3849, Validation Accuracy: 0.8413
2025-08-10 11:00:55,947 - Rank 5 - Train Loss: 0.4335, Train Accuracy: 0.8234
2025-08-10 11:01:04,790 - Rank 5 - Validation Loss: 0.3821, Validation Accuracy: 0.8422
2025-08-10 11:03:03,705 - Rank 5 - Train Loss: 0.4332, Train Accuracy: 0.8235
2025-08-10 11:03:12,708 - Rank 5 - Validation Loss: 0.3901, Validation Accuracy: 0.8392
2025-08-10 11:05:10,813 - Rank 5 - Train Loss: 0.4304, Train Accuracy: 0.8243
2025-08-10 11:05:20,048 - Rank 5 - Validation Loss: 0.3797, Validation Accuracy: 0.8429
2025-08-10 11:07:17,188 - Rank 5 - Train Loss: 0.4287, Train Accuracy: 0.8254
2025-08-10 11:07:25,565 - Rank 5 - Validation Loss: 0.3769, Validation Accuracy: 0.8438
2025-08-10 11:09:16,412 - Rank 5 - Train Loss: 0.4284, Train Accuracy: 0.8253
2025-08-10 11:09:25,221 - Rank 5 - Validation Loss: 0.3808, Validation Accuracy: 0.8427
2025-08-10 11:11:23,658 - Rank 5 - Train Loss: 0.4262, Train Accuracy: 0.8262
2025-08-10 11:11:32,275 - Rank 5 - Validation Loss: 0.3729, Validation Accuracy: 0.8454
2025-08-10 11:13:30,970 - Rank 5 - Train Loss: 0.4247, Train Accuracy: 0.8267
2025-08-10 11:13:40,078 - Rank 5 - Validation Loss: 0.3725, Validation Accuracy: 0.8453
2025-08-10 11:15:38,297 - Rank 5 - Train Loss: 0.4237, Train Accuracy: 0.8271
2025-08-10 11:15:46,844 - Rank 5 - Validation Loss: 0.3727, Validation Accuracy: 0.8451
2025-08-10 11:17:46,059 - Rank 5 - Train Loss: 0.4214, Train Accuracy: 0.8280
2025-08-10 11:17:54,661 - Rank 5 - Validation Loss: 0.3728, Validation Accuracy: 0.8455
2025-08-10 11:19:52,934 - Rank 5 - Train Loss: 0.4191, Train Accuracy: 0.8288
2025-08-10 11:20:01,980 - Rank 5 - Validation Loss: 0.3691, Validation Accuracy: 0.8464
2025-08-10 11:22:01,428 - Rank 5 - Train Loss: 0.4201, Train Accuracy: 0.8284
2025-08-10 11:22:10,420 - Rank 5 - Validation Loss: 0.3674, Validation Accuracy: 0.8472
2025-08-10 11:23:59,941 - Rank 5 - Train Loss: 0.4180, Train Accuracy: 0.8287
2025-08-10 11:24:09,132 - Rank 5 - Validation Loss: 0.3702, Validation Accuracy: 0.8461
2025-08-10 11:26:07,494 - Rank 5 - Train Loss: 0.4160, Train Accuracy: 0.8300
2025-08-10 11:26:15,320 - Rank 5 - Validation Loss: 0.3641, Validation Accuracy: 0.8483
2025-08-10 11:28:20,809 - Rank 5 - Train Loss: 0.4128, Train Accuracy: 0.8307
2025-08-10 11:28:33,852 - Rank 5 - Validation Loss: 0.3640, Validation Accuracy: 0.8485
2025-08-10 11:31:19,142 - Rank 5 - Train Loss: 0.4148, Train Accuracy: 0.8302
2025-08-10 11:31:31,476 - Rank 5 - Validation Loss: 0.3642, Validation Accuracy: 0.8480
2025-08-10 11:34:09,312 - Rank 5 - Train Loss: 0.4126, Train Accuracy: 0.8309
2025-08-10 11:34:22,386 - Rank 5 - Validation Loss: 0.3652, Validation Accuracy: 0.8476
2025-08-10 11:37:02,023 - Rank 5 - Train Loss: 0.4109, Train Accuracy: 0.8314
2025-08-10 11:37:15,028 - Rank 5 - Validation Loss: 0.3616, Validation Accuracy: 0.8492
2025-08-10 11:39:22,953 - Rank 5 - Train Loss: 0.4092, Train Accuracy: 0.8323
2025-08-10 11:39:32,015 - Rank 5 - Validation Loss: 0.3596, Validation Accuracy: 0.8497
2025-08-10 11:41:30,259 - Rank 5 - Train Loss: 0.4079, Train Accuracy: 0.8328
2025-08-10 11:41:38,935 - Rank 5 - Validation Loss: 0.3616, Validation Accuracy: 0.8490
2025-08-10 11:43:38,518 - Rank 5 - Train Loss: 0.4066, Train Accuracy: 0.8332
2025-08-10 11:43:46,850 - Rank 5 - Validation Loss: 0.3599, Validation Accuracy: 0.8494
2025-08-10 11:45:45,408 - Rank 5 - Train Loss: 0.4060, Train Accuracy: 0.8334
2025-08-10 11:45:54,110 - Rank 5 - Validation Loss: 0.3612, Validation Accuracy: 0.8487
2025-08-10 11:47:51,839 - Rank 5 - Train Loss: 0.4052, Train Accuracy: 0.8333
2025-08-10 11:48:00,639 - Rank 5 - Validation Loss: 0.3566, Validation Accuracy: 0.8508
2025-08-10 11:50:02,577 - Rank 5 - Train Loss: 0.4043, Train Accuracy: 0.8337
2025-08-10 11:50:11,244 - Rank 5 - Validation Loss: 0.3551, Validation Accuracy: 0.8512
2025-08-10 11:52:15,861 - Rank 5 - Train Loss: 0.4036, Train Accuracy: 0.8340
2025-08-10 11:52:24,942 - Rank 5 - Validation Loss: 0.3575, Validation Accuracy: 0.8502
2025-08-10 11:54:17,731 - Rank 5 - Train Loss: 0.4009, Train Accuracy: 0.8349
2025-08-10 11:54:26,449 - Rank 5 - Validation Loss: 0.3541, Validation Accuracy: 0.8514
2025-08-10 11:56:25,713 - Rank 5 - Train Loss: 0.3981, Train Accuracy: 0.8360
2025-08-10 11:56:34,311 - Rank 5 - Validation Loss: 0.3545, Validation Accuracy: 0.8515
2025-08-10 11:58:33,451 - Rank 5 - Train Loss: 0.3981, Train Accuracy: 0.8359
2025-08-10 11:58:42,317 - Rank 5 - Validation Loss: 0.3523, Validation Accuracy: 0.8517
2025-08-10 12:00:40,642 - Rank 5 - Train Loss: 0.3964, Train Accuracy: 0.8367
2025-08-10 12:00:49,351 - Rank 5 - Validation Loss: 0.3493, Validation Accuracy: 0.8532
2025-08-10 12:02:47,793 - Rank 5 - Train Loss: 0.3961, Train Accuracy: 0.8368
2025-08-10 12:02:56,139 - Rank 5 - Validation Loss: 0.3495, Validation Accuracy: 0.8530
2025-08-10 12:04:54,847 - Rank 5 - Train Loss: 0.3941, Train Accuracy: 0.8373
2025-08-10 12:05:03,429 - Rank 5 - Validation Loss: 0.3488, Validation Accuracy: 0.8534
2025-08-10 12:07:00,157 - Rank 5 - Train Loss: 0.3941, Train Accuracy: 0.8372
2025-08-10 12:07:08,692 - Rank 5 - Validation Loss: 0.3457, Validation Accuracy: 0.8544
2025-08-10 12:09:01,057 - Rank 5 - Train Loss: 0.3922, Train Accuracy: 0.8381
2025-08-10 12:09:09,181 - Rank 5 - Validation Loss: 0.3456, Validation Accuracy: 0.8543
2025-08-10 12:11:06,102 - Rank 5 - Train Loss: 0.3913, Train Accuracy: 0.8385
2025-08-10 12:11:14,598 - Rank 5 - Validation Loss: 0.3453, Validation Accuracy: 0.8544
2025-08-10 12:13:13,328 - Rank 5 - Train Loss: 0.3905, Train Accuracy: 0.8385
2025-08-10 12:13:21,472 - Rank 5 - Validation Loss: 0.3446, Validation Accuracy: 0.8549
2025-08-10 12:15:19,957 - Rank 5 - Train Loss: 0.3877, Train Accuracy: 0.8396
2025-08-10 12:15:28,356 - Rank 5 - Validation Loss: 0.3463, Validation Accuracy: 0.8540
2025-08-10 12:17:26,283 - Rank 5 - Train Loss: 0.3883, Train Accuracy: 0.8392
2025-08-10 12:17:34,985 - Rank 5 - Validation Loss: 0.3417, Validation Accuracy: 0.8559
2025-08-10 12:19:32,285 - Rank 5 - Train Loss: 0.3873, Train Accuracy: 0.8398
2025-08-10 12:19:40,940 - Rank 5 - Validation Loss: 0.3439, Validation Accuracy: 0.8548
2025-08-10 12:21:36,146 - Rank 5 - Train Loss: 0.3849, Train Accuracy: 0.8407
2025-08-10 12:21:44,954 - Rank 5 - Validation Loss: 0.3428, Validation Accuracy: 0.8550
2025-08-10 12:23:41,793 - Rank 5 - Train Loss: 0.3846, Train Accuracy: 0.8407
2025-08-10 12:23:50,818 - Rank 5 - Validation Loss: 0.3408, Validation Accuracy: 0.8560
2025-08-10 12:25:48,169 - Rank 5 - Train Loss: 0.3846, Train Accuracy: 0.8407
2025-08-10 12:25:56,424 - Rank 5 - Validation Loss: 0.3402, Validation Accuracy: 0.8561
2025-08-10 12:27:55,176 - Rank 5 - Train Loss: 0.3830, Train Accuracy: 0.8412
2025-08-10 12:28:03,829 - Rank 5 - Validation Loss: 0.3419, Validation Accuracy: 0.8553
2025-08-10 12:30:01,874 - Rank 5 - Train Loss: 0.3817, Train Accuracy: 0.8417
2025-08-10 12:30:09,934 - Rank 5 - Validation Loss: 0.3385, Validation Accuracy: 0.8567
2025-08-10 12:32:08,555 - Rank 5 - Train Loss: 0.3802, Train Accuracy: 0.8422
2025-08-10 12:32:16,398 - Rank 5 - Validation Loss: 0.3383, Validation Accuracy: 0.8566
2025-08-10 12:34:15,823 - Rank 5 - Train Loss: 0.3810, Train Accuracy: 0.8418
2025-08-10 12:34:24,367 - Rank 5 - Validation Loss: 0.3342, Validation Accuracy: 0.8578
2025-08-10 12:36:16,468 - Rank 5 - Train Loss: 0.3787, Train Accuracy: 0.8428
2025-08-10 12:36:24,760 - Rank 5 - Validation Loss: 0.3351, Validation Accuracy: 0.8577
2025-08-10 12:38:23,006 - Rank 5 - Train Loss: 0.3768, Train Accuracy: 0.8431
2025-08-10 12:38:31,031 - Rank 5 - Validation Loss: 0.3337, Validation Accuracy: 0.8581
2025-08-10 12:40:29,588 - Rank 5 - Train Loss: 0.3765, Train Accuracy: 0.8436
2025-08-10 12:40:38,218 - Rank 5 - Validation Loss: 0.3392, Validation Accuracy: 0.8560
2025-08-10 12:42:37,093 - Rank 5 - Train Loss: 0.3748, Train Accuracy: 0.8437
2025-08-10 12:42:45,283 - Rank 5 - Validation Loss: 0.3320, Validation Accuracy: 0.8586
2025-08-10 12:44:44,514 - Rank 5 - Train Loss: 0.3735, Train Accuracy: 0.8444
2025-08-10 12:44:53,217 - Rank 5 - Validation Loss: 0.3312, Validation Accuracy: 0.8592
2025-08-10 12:46:51,320 - Rank 5 - Train Loss: 0.3742, Train Accuracy: 0.8445
2025-08-10 12:46:59,425 - Rank 5 - Validation Loss: 0.3308, Validation Accuracy: 0.8591
2025-08-10 12:48:58,517 - Rank 5 - Train Loss: 0.3716, Train Accuracy: 0.8452
2025-08-10 12:49:07,586 - Rank 5 - Validation Loss: 0.3308, Validation Accuracy: 0.8593
2025-08-10 12:51:00,494 - Rank 5 - Train Loss: 0.3711, Train Accuracy: 0.8454
2025-08-10 12:51:08,694 - Rank 5 - Validation Loss: 0.3304, Validation Accuracy: 0.8591
2025-08-10 12:53:13,012 - Rank 5 - Train Loss: 0.3724, Train Accuracy: 0.8448
2025-08-10 12:53:24,247 - Rank 5 - Validation Loss: 0.3288, Validation Accuracy: 0.8600
2025-08-10 12:55:37,289 - Rank 5 - Train Loss: 0.3692, Train Accuracy: 0.8460
2025-08-10 12:55:48,976 - Rank 5 - Validation Loss: 0.3275, Validation Accuracy: 0.8605
2025-08-10 12:58:02,151 - Rank 5 - Train Loss: 0.3699, Train Accuracy: 0.8457
2025-08-10 12:58:13,546 - Rank 5 - Validation Loss: 0.3265, Validation Accuracy: 0.8608
2025-08-10 13:00:26,733 - Rank 5 - Train Loss: 0.3687, Train Accuracy: 0.8463
2025-08-10 13:00:38,152 - Rank 5 - Validation Loss: 0.3266, Validation Accuracy: 0.8605
2025-08-10 13:02:49,792 - Rank 5 - Train Loss: 0.3667, Train Accuracy: 0.8469
2025-08-10 13:02:56,810 - Rank 5 - Validation Loss: 0.3255, Validation Accuracy: 0.8610
2025-08-10 13:04:47,704 - Rank 5 - Train Loss: 0.3664, Train Accuracy: 0.8469
2025-08-10 13:04:55,063 - Rank 5 - Validation Loss: 0.3243, Validation Accuracy: 0.8610
2025-08-10 13:06:52,626 - Rank 5 - Train Loss: 0.3647, Train Accuracy: 0.8475
2025-08-10 13:06:59,781 - Rank 5 - Validation Loss: 0.3242, Validation Accuracy: 0.8614
2025-08-10 13:08:58,433 - Rank 5 - Train Loss: 0.3644, Train Accuracy: 0.8477
2025-08-10 13:09:05,861 - Rank 5 - Validation Loss: 0.3229, Validation Accuracy: 0.8619
2025-08-10 13:11:03,017 - Rank 5 - Train Loss: 0.3629, Train Accuracy: 0.8480
2025-08-10 13:11:10,408 - Rank 5 - Validation Loss: 0.3226, Validation Accuracy: 0.8619
2025-08-10 13:13:08,006 - Rank 5 - Train Loss: 0.3600, Train Accuracy: 0.8493
2025-08-10 13:13:15,913 - Rank 5 - Validation Loss: 0.3213, Validation Accuracy: 0.8627
2025-08-10 13:15:12,975 - Rank 5 - Train Loss: 0.3619, Train Accuracy: 0.8488
2025-08-10 13:15:20,031 - Rank 5 - Validation Loss: 0.3231, Validation Accuracy: 0.8618
2025-08-10 13:17:17,873 - Rank 5 - Train Loss: 0.3598, Train Accuracy: 0.8494
2025-08-10 13:17:25,699 - Rank 5 - Validation Loss: 0.3219, Validation Accuracy: 0.8621
2025-08-10 13:19:16,499 - Rank 5 - Train Loss: 0.3595, Train Accuracy: 0.8496
2025-08-10 13:19:23,503 - Rank 5 - Validation Loss: 0.3240, Validation Accuracy: 0.8612
2025-08-10 13:21:22,150 - Rank 5 - Train Loss: 0.3605, Train Accuracy: 0.8492
2025-08-10 13:21:29,309 - Rank 5 - Validation Loss: 0.3191, Validation Accuracy: 0.8630
2025-08-10 13:23:26,594 - Rank 5 - Train Loss: 0.3581, Train Accuracy: 0.8499
2025-08-10 13:23:33,740 - Rank 5 - Validation Loss: 0.3195, Validation Accuracy: 0.8629
2025-08-10 13:25:33,411 - Rank 5 - Train Loss: 0.3579, Train Accuracy: 0.8501
2025-08-10 13:25:41,156 - Rank 5 - Validation Loss: 0.3170, Validation Accuracy: 0.8638
2025-08-10 13:27:39,864 - Rank 5 - Train Loss: 0.3552, Train Accuracy: 0.8510
2025-08-10 13:27:48,045 - Rank 5 - Validation Loss: 0.3157, Validation Accuracy: 0.8643
2025-08-10 13:29:44,435 - Rank 5 - Train Loss: 0.3563, Train Accuracy: 0.8504
2025-08-10 13:29:51,932 - Rank 5 - Validation Loss: 0.3163, Validation Accuracy: 0.8644
2025-08-10 13:31:43,464 - Rank 5 - Train Loss: 0.3551, Train Accuracy: 0.8510
2025-08-10 13:31:50,982 - Rank 5 - Validation Loss: 0.3152, Validation Accuracy: 0.8645
2025-08-10 13:33:50,986 - Rank 5 - Train Loss: 0.3547, Train Accuracy: 0.8511
2025-08-10 13:34:02,281 - Rank 5 - Validation Loss: 0.3152, Validation Accuracy: 0.8645
2025-08-10 13:36:15,600 - Rank 5 - Train Loss: 0.3536, Train Accuracy: 0.8515
2025-08-10 13:36:23,384 - Rank 5 - Validation Loss: 0.3127, Validation Accuracy: 0.8656
2025-08-10 13:38:32,599 - Rank 5 - Train Loss: 0.3530, Train Accuracy: 0.8518
2025-08-10 13:38:43,629 - Rank 5 - Validation Loss: 0.3131, Validation Accuracy: 0.8650
2025-08-10 13:40:55,991 - Rank 5 - Train Loss: 0.3524, Train Accuracy: 0.8519
2025-08-10 13:41:07,158 - Rank 5 - Validation Loss: 0.3136, Validation Accuracy: 0.8647
2025-08-10 13:43:19,919 - Rank 5 - Train Loss: 0.3522, Train Accuracy: 0.8523
2025-08-10 13:43:30,878 - Rank 5 - Validation Loss: 0.3118, Validation Accuracy: 0.8659
2025-08-10 13:45:43,956 - Rank 5 - Train Loss: 0.3500, Train Accuracy: 0.8528
2025-08-10 13:45:54,922 - Rank 5 - Validation Loss: 0.3114, Validation Accuracy: 0.8658
2025-08-10 13:47:59,689 - Rank 5 - Train Loss: 0.3498, Train Accuracy: 0.8526
2025-08-10 13:48:07,008 - Rank 5 - Validation Loss: 0.3104, Validation Accuracy: 0.8660
2025-08-10 13:50:04,437 - Rank 5 - Train Loss: 0.3482, Train Accuracy: 0.8534
2025-08-10 13:50:11,290 - Rank 5 - Validation Loss: 0.3113, Validation Accuracy: 0.8657
2025-08-10 13:52:08,526 - Rank 5 - Train Loss: 0.3487, Train Accuracy: 0.8533
2025-08-10 13:52:15,517 - Rank 5 - Validation Loss: 0.3085, Validation Accuracy: 0.8668
2025-08-10 13:54:13,573 - Rank 5 - Train Loss: 0.3466, Train Accuracy: 0.8540
2025-08-10 13:54:20,644 - Rank 5 - Validation Loss: 0.3119, Validation Accuracy: 0.8657
2025-08-10 13:56:18,772 - Rank 5 - Train Loss: 0.3454, Train Accuracy: 0.8545
2025-08-10 13:56:27,149 - Rank 5 - Validation Loss: 0.3094, Validation Accuracy: 0.8666
2025-08-10 13:58:39,445 - Rank 5 - Train Loss: 0.3454, Train Accuracy: 0.8543
2025-08-10 13:58:50,569 - Rank 5 - Validation Loss: 0.3092, Validation Accuracy: 0.8667
2025-08-10 14:01:03,776 - Rank 5 - Train Loss: 0.3458, Train Accuracy: 0.8545
2025-08-10 14:01:15,090 - Rank 5 - Validation Loss: 0.3090, Validation Accuracy: 0.8669
2025-08-10 14:03:27,999 - Rank 5 - Train Loss: 0.3436, Train Accuracy: 0.8550
2025-08-10 14:03:39,110 - Rank 5 - Validation Loss: 0.3079, Validation Accuracy: 0.8670
2025-08-10 14:05:53,094 - Rank 5 - Train Loss: 0.3435, Train Accuracy: 0.8550
2025-08-10 14:06:04,505 - Rank 5 - Validation Loss: 0.3046, Validation Accuracy: 0.8684
2025-08-10 14:08:05,746 - Rank 5 - Train Loss: 0.3418, Train Accuracy: 0.8555
2025-08-10 14:08:13,039 - Rank 5 - Validation Loss: 0.3060, Validation Accuracy: 0.8678
2025-08-10 14:10:11,053 - Rank 5 - Train Loss: 0.3419, Train Accuracy: 0.8558
2025-08-10 14:10:18,055 - Rank 5 - Validation Loss: 0.3068, Validation Accuracy: 0.8672
2025-08-10 14:12:16,429 - Rank 5 - Train Loss: 0.3404, Train Accuracy: 0.8565
2025-08-10 14:12:23,709 - Rank 5 - Validation Loss: 0.3057, Validation Accuracy: 0.8681
2025-08-10 14:14:14,290 - Rank 5 - Train Loss: 0.3389, Train Accuracy: 0.8567
2025-08-10 14:14:21,279 - Rank 5 - Validation Loss: 0.3053, Validation Accuracy: 0.8679
2025-08-10 14:16:32,236 - Rank 5 - Train Loss: 0.3392, Train Accuracy: 0.8564
2025-08-10 14:16:43,741 - Rank 5 - Validation Loss: 0.3034, Validation Accuracy: 0.8687
2025-08-10 14:18:56,498 - Rank 5 - Train Loss: 0.3387, Train Accuracy: 0.8570
2025-08-10 14:19:08,354 - Rank 5 - Validation Loss: 0.3037, Validation Accuracy: 0.8682
2025-08-10 14:21:20,917 - Rank 5 - Train Loss: 0.3384, Train Accuracy: 0.8568
2025-08-10 14:21:31,975 - Rank 5 - Validation Loss: 0.3047, Validation Accuracy: 0.8683
2025-08-10 14:23:44,318 - Rank 5 - Train Loss: 0.3363, Train Accuracy: 0.8572
2025-08-10 14:23:55,319 - Rank 5 - Validation Loss: 0.3021, Validation Accuracy: 0.8689
2025-08-10 14:25:52,684 - Rank 5 - Train Loss: 0.3383, Train Accuracy: 0.8569
2025-08-10 14:26:01,366 - Rank 5 - Validation Loss: 0.3022, Validation Accuracy: 0.8693
2025-08-10 14:27:56,640 - Rank 5 - Train Loss: 0.3352, Train Accuracy: 0.8579
2025-08-10 14:28:05,463 - Rank 5 - Validation Loss: 0.3006, Validation Accuracy: 0.8695
2025-08-10 14:30:00,582 - Rank 5 - Train Loss: 0.3347, Train Accuracy: 0.8584
2025-08-10 14:30:09,033 - Rank 5 - Validation Loss: 0.3011, Validation Accuracy: 0.8694
2025-08-10 14:32:08,468 - Rank 5 - Train Loss: 0.3354, Train Accuracy: 0.8579
2025-08-10 14:32:16,690 - Rank 5 - Validation Loss: 0.2994, Validation Accuracy: 0.8701
2025-08-10 14:34:15,004 - Rank 5 - Train Loss: 0.3346, Train Accuracy: 0.8580
2025-08-10 14:34:23,660 - Rank 5 - Validation Loss: 0.2998, Validation Accuracy: 0.8699
2025-08-10 14:36:22,700 - Rank 5 - Train Loss: 0.3332, Train Accuracy: 0.8588
2025-08-10 14:36:30,675 - Rank 5 - Validation Loss: 0.3010, Validation Accuracy: 0.8693
2025-08-10 14:38:30,152 - Rank 5 - Train Loss: 0.3337, Train Accuracy: 0.8584
2025-08-10 14:38:38,374 - Rank 5 - Validation Loss: 0.2993, Validation Accuracy: 0.8697
2025-08-10 14:40:37,764 - Rank 5 - Train Loss: 0.3314, Train Accuracy: 0.8594
2025-08-10 14:40:46,174 - Rank 5 - Validation Loss: 0.3008, Validation Accuracy: 0.8692
2025-08-10 14:42:38,394 - Rank 5 - Train Loss: 0.3304, Train Accuracy: 0.8595
2025-08-10 14:42:46,616 - Rank 5 - Validation Loss: 0.2981, Validation Accuracy: 0.8704
2025-08-10 14:44:45,221 - Rank 5 - Train Loss: 0.3311, Train Accuracy: 0.8593
2025-08-10 14:44:53,937 - Rank 5 - Validation Loss: 0.3015, Validation Accuracy: 0.8688
2025-08-10 14:46:51,992 - Rank 5 - Train Loss: 0.3316, Train Accuracy: 0.8592
2025-08-10 14:47:00,460 - Rank 5 - Validation Loss: 0.2969, Validation Accuracy: 0.8707
2025-08-10 14:48:58,424 - Rank 5 - Train Loss: 0.3292, Train Accuracy: 0.8598
2025-08-10 14:49:07,033 - Rank 5 - Validation Loss: 0.2974, Validation Accuracy: 0.8704
2025-08-10 14:51:06,296 - Rank 5 - Train Loss: 0.3295, Train Accuracy: 0.8603
2025-08-10 14:51:14,803 - Rank 5 - Validation Loss: 0.2965, Validation Accuracy: 0.8709
2025-08-10 14:53:13,685 - Rank 5 - Train Loss: 0.3282, Train Accuracy: 0.8603
2025-08-10 14:53:22,703 - Rank 5 - Validation Loss: 0.2949, Validation Accuracy: 0.8715
2025-08-10 14:55:21,232 - Rank 5 - Train Loss: 0.3278, Train Accuracy: 0.8605
2025-08-10 14:55:29,395 - Rank 5 - Validation Loss: 0.2954, Validation Accuracy: 0.8712
2025-08-10 14:57:22,565 - Rank 5 - Train Loss: 0.3270, Train Accuracy: 0.8605
2025-08-10 14:57:31,291 - Rank 5 - Validation Loss: 0.2946, Validation Accuracy: 0.8718
2025-08-10 14:59:27,831 - Rank 5 - Train Loss: 0.3262, Train Accuracy: 0.8613
2025-08-10 14:59:36,504 - Rank 5 - Validation Loss: 0.2944, Validation Accuracy: 0.8717
2025-08-10 15:01:35,518 - Rank 5 - Train Loss: 0.3262, Train Accuracy: 0.8610
2025-08-10 15:01:43,991 - Rank 5 - Validation Loss: 0.2956, Validation Accuracy: 0.8713
2025-08-10 15:03:42,467 - Rank 5 - Train Loss: 0.3250, Train Accuracy: 0.8616
2025-08-10 15:03:51,592 - Rank 5 - Validation Loss: 0.2939, Validation Accuracy: 0.8718
2025-08-10 15:05:51,234 - Rank 5 - Train Loss: 0.3246, Train Accuracy: 0.8618
2025-08-10 15:06:00,091 - Rank 5 - Validation Loss: 0.2918, Validation Accuracy: 0.8726
2025-08-10 15:07:59,655 - Rank 5 - Train Loss: 0.3250, Train Accuracy: 0.8615
2025-08-10 15:08:08,360 - Rank 5 - Validation Loss: 0.2925, Validation Accuracy: 0.8722
2025-08-10 15:10:05,745 - Rank 5 - Train Loss: 0.3229, Train Accuracy: 0.8627
2025-08-10 15:10:14,917 - Rank 5 - Validation Loss: 0.2933, Validation Accuracy: 0.8719
2025-08-10 15:12:10,599 - Rank 5 - Train Loss: 0.3237, Train Accuracy: 0.8620
2025-08-10 15:12:18,903 - Rank 5 - Validation Loss: 0.2925, Validation Accuracy: 0.8722
2025-08-10 15:14:18,210 - Rank 5 - Train Loss: 0.3231, Train Accuracy: 0.8622
2025-08-10 15:14:26,502 - Rank 5 - Validation Loss: 0.2907, Validation Accuracy: 0.8728
2025-08-10 15:16:23,909 - Rank 5 - Train Loss: 0.3234, Train Accuracy: 0.8620
2025-08-10 15:16:31,365 - Rank 5 - Validation Loss: 0.2925, Validation Accuracy: 0.8720
2025-08-10 15:18:30,667 - Rank 5 - Train Loss: 0.3195, Train Accuracy: 0.8634
2025-08-10 15:18:38,893 - Rank 5 - Validation Loss: 0.2912, Validation Accuracy: 0.8725
2025-08-10 15:20:42,973 - Rank 5 - Train Loss: 0.3204, Train Accuracy: 0.8632
2025-08-10 15:20:53,064 - Rank 5 - Validation Loss: 0.2903, Validation Accuracy: 0.8730
2025-08-10 15:22:58,843 - Rank 5 - Train Loss: 0.3193, Train Accuracy: 0.8635
2025-08-10 15:23:08,914 - Rank 5 - Validation Loss: 0.2894, Validation Accuracy: 0.8733
2025-08-10 15:25:10,685 - Rank 5 - Train Loss: 0.3191, Train Accuracy: 0.8635
2025-08-10 15:25:20,953 - Rank 5 - Validation Loss: 0.2883, Validation Accuracy: 0.8735
2025-08-10 15:27:25,715 - Rank 5 - Train Loss: 0.3196, Train Accuracy: 0.8631
2025-08-10 15:27:35,588 - Rank 5 - Validation Loss: 0.2899, Validation Accuracy: 0.8732
2025-08-10 15:29:41,580 - Rank 5 - Train Loss: 0.3182, Train Accuracy: 0.8640
2025-08-10 15:29:51,857 - Rank 5 - Validation Loss: 0.2880, Validation Accuracy: 0.8736
2025-08-10 15:31:58,068 - Rank 5 - Train Loss: 0.3174, Train Accuracy: 0.8641
2025-08-10 15:32:08,001 - Rank 5 - Validation Loss: 0.2909, Validation Accuracy: 0.8729
2025-08-10 15:34:13,168 - Rank 5 - Train Loss: 0.3182, Train Accuracy: 0.8638
2025-08-10 15:34:23,777 - Rank 5 - Validation Loss: 0.2873, Validation Accuracy: 0.8740
2025-08-10 15:36:25,979 - Rank 5 - Train Loss: 0.3178, Train Accuracy: 0.8640
2025-08-10 15:36:35,107 - Rank 5 - Validation Loss: 0.2881, Validation Accuracy: 0.8737
2025-08-10 15:38:36,300 - Rank 5 - Train Loss: 0.3156, Train Accuracy: 0.8647
2025-08-10 15:38:46,025 - Rank 5 - Validation Loss: 0.2883, Validation Accuracy: 0.8735
2025-08-10 15:40:46,298 - Rank 5 - Train Loss: 0.3168, Train Accuracy: 0.8646
2025-08-10 15:40:58,133 - Rank 5 - Validation Loss: 0.2876, Validation Accuracy: 0.8740
2025-08-10 15:43:32,132 - Rank 5 - Train Loss: 0.3151, Train Accuracy: 0.8650
2025-08-10 15:43:44,465 - Rank 5 - Validation Loss: 0.2861, Validation Accuracy: 0.8745
2025-08-10 15:46:18,171 - Rank 5 - Train Loss: 0.3155, Train Accuracy: 0.8649
2025-08-10 15:46:30,796 - Rank 5 - Validation Loss: 0.2853, Validation Accuracy: 0.8744
2025-08-10 15:49:04,467 - Rank 5 - Train Loss: 0.3127, Train Accuracy: 0.8658
2025-08-10 15:49:16,888 - Rank 5 - Validation Loss: 0.2854, Validation Accuracy: 0.8745
2025-08-10 15:51:32,643 - Rank 5 - Train Loss: 0.3136, Train Accuracy: 0.8654
2025-08-10 15:51:40,546 - Rank 5 - Validation Loss: 0.2829, Validation Accuracy: 0.8756
2025-08-10 15:53:31,519 - Rank 5 - Train Loss: 0.3135, Train Accuracy: 0.8655
2025-08-10 15:53:39,884 - Rank 5 - Validation Loss: 0.2846, Validation Accuracy: 0.8749
2025-08-10 15:55:30,901 - Rank 5 - Train Loss: 0.3126, Train Accuracy: 0.8658
2025-08-10 15:55:38,808 - Rank 5 - Validation Loss: 0.2837, Validation Accuracy: 0.8750
2025-08-10 15:57:35,076 - Rank 5 - Train Loss: 0.3102, Train Accuracy: 0.8667
2025-08-10 15:57:43,839 - Rank 5 - Validation Loss: 0.2842, Validation Accuracy: 0.8748
2025-08-10 15:59:37,917 - Rank 5 - Train Loss: 0.3122, Train Accuracy: 0.8657
2025-08-10 15:59:45,998 - Rank 5 - Validation Loss: 0.2827, Validation Accuracy: 0.8755
2025-08-10 16:01:41,145 - Rank 5 - Train Loss: 0.3117, Train Accuracy: 0.8660
2025-08-10 16:01:48,773 - Rank 5 - Validation Loss: 0.2847, Validation Accuracy: 0.8748
2025-08-10 16:03:42,335 - Rank 5 - Train Loss: 0.3106, Train Accuracy: 0.8666
2025-08-10 16:03:50,223 - Rank 5 - Validation Loss: 0.2815, Validation Accuracy: 0.8764
2025-08-10 16:05:45,332 - Rank 5 - Train Loss: 0.3086, Train Accuracy: 0.8673
2025-08-10 16:05:53,391 - Rank 5 - Validation Loss: 0.2812, Validation Accuracy: 0.8759
2025-08-10 16:07:46,846 - Rank 5 - Train Loss: 0.3092, Train Accuracy: 0.8672
2025-08-10 16:07:54,764 - Rank 5 - Validation Loss: 0.2830, Validation Accuracy: 0.8758
2025-08-10 16:09:42,640 - Rank 5 - Train Loss: 0.3082, Train Accuracy: 0.8674
2025-08-10 16:09:51,214 - Rank 5 - Validation Loss: 0.2811, Validation Accuracy: 0.8760
2025-08-10 16:11:44,842 - Rank 5 - Train Loss: 0.3077, Train Accuracy: 0.8676
2025-08-10 16:11:52,925 - Rank 5 - Validation Loss: 0.2827, Validation Accuracy: 0.8755
2025-08-10 16:13:47,850 - Rank 5 - Train Loss: 0.3092, Train Accuracy: 0.8672
2025-08-10 16:13:55,939 - Rank 5 - Validation Loss: 0.2808, Validation Accuracy: 0.8764
2025-08-10 16:15:49,690 - Rank 5 - Train Loss: 0.3064, Train Accuracy: 0.8680
2025-08-10 16:15:58,220 - Rank 5 - Validation Loss: 0.2804, Validation Accuracy: 0.8766
2025-08-10 16:17:52,909 - Rank 5 - Train Loss: 0.3072, Train Accuracy: 0.8676
2025-08-10 16:18:01,485 - Rank 5 - Validation Loss: 0.2798, Validation Accuracy: 0.8766
2025-08-10 16:19:57,213 - Rank 5 - Train Loss: 0.3053, Train Accuracy: 0.8684
2025-08-10 16:20:05,198 - Rank 5 - Validation Loss: 0.2799, Validation Accuracy: 0.8765
2025-08-10 16:21:58,436 - Rank 5 - Train Loss: 0.3053, Train Accuracy: 0.8684
2025-08-10 16:22:06,444 - Rank 5 - Validation Loss: 0.2796, Validation Accuracy: 0.8763
2025-08-10 16:23:53,405 - Rank 5 - Train Loss: 0.3058, Train Accuracy: 0.8682
2025-08-10 16:24:01,124 - Rank 5 - Validation Loss: 0.2796, Validation Accuracy: 0.8765
2025-08-10 16:25:56,259 - Rank 5 - Train Loss: 0.3044, Train Accuracy: 0.8687
2025-08-10 16:26:04,790 - Rank 5 - Validation Loss: 0.2796, Validation Accuracy: 0.8766
2025-08-10 16:27:59,739 - Rank 5 - Train Loss: 0.3052, Train Accuracy: 0.8683
2025-08-10 16:28:07,649 - Rank 5 - Validation Loss: 0.2780, Validation Accuracy: 0.8774
2025-08-10 16:30:03,160 - Rank 5 - Train Loss: 0.3046, Train Accuracy: 0.8685
2025-08-10 16:30:11,212 - Rank 5 - Validation Loss: 0.2793, Validation Accuracy: 0.8765
2025-08-10 16:32:06,684 - Rank 5 - Train Loss: 0.3041, Train Accuracy: 0.8690
2025-08-10 16:32:14,789 - Rank 5 - Validation Loss: 0.2783, Validation Accuracy: 0.8771
2025-08-10 16:34:09,648 - Rank 5 - Train Loss: 0.3032, Train Accuracy: 0.8694
2025-08-10 16:34:17,721 - Rank 5 - Validation Loss: 0.2764, Validation Accuracy: 0.8775
2025-08-10 16:36:11,906 - Rank 5 - Train Loss: 0.3025, Train Accuracy: 0.8695
2025-08-10 16:36:19,832 - Rank 5 - Validation Loss: 0.2777, Validation Accuracy: 0.8774
2025-08-10 16:38:09,011 - Rank 5 - Train Loss: 0.3015, Train Accuracy: 0.8698
2025-08-10 16:38:17,169 - Rank 5 - Validation Loss: 0.2780, Validation Accuracy: 0.8773
2025-08-10 16:40:12,490 - Rank 5 - Train Loss: 0.3020, Train Accuracy: 0.8695
2025-08-10 16:40:20,689 - Rank 5 - Validation Loss: 0.2758, Validation Accuracy: 0.8780
2025-08-10 16:42:16,600 - Rank 5 - Train Loss: 0.3015, Train Accuracy: 0.8696
2025-08-10 16:42:24,507 - Rank 5 - Validation Loss: 0.2772, Validation Accuracy: 0.8776
2025-08-10 16:44:20,581 - Rank 5 - Train Loss: 0.3027, Train Accuracy: 0.8693
2025-08-10 16:44:28,616 - Rank 5 - Validation Loss: 0.2768, Validation Accuracy: 0.8777
2025-08-10 16:46:24,292 - Rank 5 - Train Loss: 0.2992, Train Accuracy: 0.8707
2025-08-10 16:46:32,408 - Rank 5 - Validation Loss: 0.2773, Validation Accuracy: 0.8776
2025-08-10 16:48:27,889 - Rank 5 - Train Loss: 0.2990, Train Accuracy: 0.8708
2025-08-10 16:48:35,982 - Rank 5 - Validation Loss: 0.2769, Validation Accuracy: 0.8772
2025-08-10 16:50:32,186 - Rank 5 - Train Loss: 0.2984, Train Accuracy: 0.8708
2025-08-10 16:50:40,138 - Rank 5 - Validation Loss: 0.2758, Validation Accuracy: 0.8779
2025-08-10 16:52:29,023 - Rank 5 - Train Loss: 0.2977, Train Accuracy: 0.8713
2025-08-10 16:52:37,379 - Rank 5 - Validation Loss: 0.2755, Validation Accuracy: 0.8784
2025-08-10 16:54:32,365 - Rank 5 - Train Loss: 0.2975, Train Accuracy: 0.8709
2025-08-10 16:54:40,318 - Rank 5 - Validation Loss: 0.2750, Validation Accuracy: 0.8781
2025-08-10 16:56:36,149 - Rank 5 - Train Loss: 0.2973, Train Accuracy: 0.8715
2025-08-10 16:56:44,165 - Rank 5 - Validation Loss: 0.2746, Validation Accuracy: 0.8786
2025-08-10 16:58:39,595 - Rank 5 - Train Loss: 0.2972, Train Accuracy: 0.8713
2025-08-10 16:58:47,517 - Rank 5 - Validation Loss: 0.2737, Validation Accuracy: 0.8789
2025-08-10 17:00:42,701 - Rank 5 - Train Loss: 0.2956, Train Accuracy: 0.8720
2025-08-10 17:00:50,893 - Rank 5 - Validation Loss: 0.2735, Validation Accuracy: 0.8787
2025-08-10 17:02:47,104 - Rank 5 - Train Loss: 0.2968, Train Accuracy: 0.8711
2025-08-10 17:02:55,047 - Rank 5 - Validation Loss: 0.2735, Validation Accuracy: 0.8788
2025-08-10 17:04:49,168 - Rank 5 - Train Loss: 0.2951, Train Accuracy: 0.8722
2025-08-10 17:04:56,933 - Rank 5 - Validation Loss: 0.2729, Validation Accuracy: 0.8788
2025-08-10 17:06:45,959 - Rank 5 - Train Loss: 0.2953, Train Accuracy: 0.8721
2025-08-10 17:06:54,264 - Rank 5 - Validation Loss: 0.2726, Validation Accuracy: 0.8791
2025-08-10 17:08:49,474 - Rank 5 - Train Loss: 0.2937, Train Accuracy: 0.8726
2025-08-10 17:08:57,501 - Rank 5 - Validation Loss: 0.2715, Validation Accuracy: 0.8795
2025-08-10 17:10:51,806 - Rank 5 - Train Loss: 0.2947, Train Accuracy: 0.8722
2025-08-10 17:11:00,044 - Rank 5 - Validation Loss: 0.2712, Validation Accuracy: 0.8799
2025-08-10 17:12:56,070 - Rank 5 - Train Loss: 0.2933, Train Accuracy: 0.8727
2025-08-10 17:13:03,938 - Rank 5 - Validation Loss: 0.2722, Validation Accuracy: 0.8793
2025-08-10 17:14:59,855 - Rank 5 - Train Loss: 0.2928, Train Accuracy: 0.8729
2025-08-10 17:15:08,438 - Rank 5 - Validation Loss: 0.2728, Validation Accuracy: 0.8789
2025-08-10 17:17:02,853 - Rank 5 - Train Loss: 0.2937, Train Accuracy: 0.8727
2025-08-10 17:17:11,068 - Rank 5 - Validation Loss: 0.2711, Validation Accuracy: 0.8798
2025-08-10 17:19:05,598 - Rank 5 - Train Loss: 0.2925, Train Accuracy: 0.8729
2025-08-10 17:19:13,678 - Rank 5 - Validation Loss: 0.2708, Validation Accuracy: 0.8797
2025-08-10 17:21:02,964 - Rank 5 - Train Loss: 0.2928, Train Accuracy: 0.8729
2025-08-10 17:21:10,734 - Rank 5 - Validation Loss: 0.2703, Validation Accuracy: 0.8797
2025-08-10 17:23:04,945 - Rank 5 - Train Loss: 0.2918, Train Accuracy: 0.8733
2025-08-10 17:23:12,874 - Rank 5 - Validation Loss: 0.2718, Validation Accuracy: 0.8794
2025-08-10 17:25:10,213 - Rank 5 - Train Loss: 0.2911, Train Accuracy: 0.8734
2025-08-10 17:25:18,491 - Rank 5 - Validation Loss: 0.2690, Validation Accuracy: 0.8806
2025-08-10 17:27:16,389 - Rank 5 - Train Loss: 0.2924, Train Accuracy: 0.8729
2025-08-10 17:27:24,465 - Rank 5 - Validation Loss: 0.2689, Validation Accuracy: 0.8806
2025-08-10 17:29:23,381 - Rank 5 - Train Loss: 0.2904, Train Accuracy: 0.8737
2025-08-10 17:29:32,375 - Rank 5 - Validation Loss: 0.2704, Validation Accuracy: 0.8802
2025-08-10 17:31:30,187 - Rank 5 - Train Loss: 0.2915, Train Accuracy: 0.8732
2025-08-10 17:31:38,824 - Rank 5 - Validation Loss: 0.2713, Validation Accuracy: 0.8795
2025-08-10 17:33:37,938 - Rank 5 - Train Loss: 0.2902, Train Accuracy: 0.8737
2025-08-10 17:33:47,190 - Rank 5 - Validation Loss: 0.2696, Validation Accuracy: 0.8802
2025-08-10 17:35:40,247 - Rank 5 - Train Loss: 0.2891, Train Accuracy: 0.8740
2025-08-10 17:35:48,911 - Rank 5 - Validation Loss: 0.2703, Validation Accuracy: 0.8796
2025-08-10 17:37:46,367 - Rank 5 - Train Loss: 0.2896, Train Accuracy: 0.8740
2025-08-10 17:37:55,034 - Rank 5 - Validation Loss: 0.2687, Validation Accuracy: 0.8801
2025-08-10 17:39:53,880 - Rank 5 - Train Loss: 0.2889, Train Accuracy: 0.8741
2025-08-10 17:40:02,645 - Rank 5 - Validation Loss: 0.2677, Validation Accuracy: 0.8809
2025-08-10 17:42:03,251 - Rank 5 - Train Loss: 0.2887, Train Accuracy: 0.8744
2025-08-10 17:42:11,663 - Rank 5 - Validation Loss: 0.2684, Validation Accuracy: 0.8804
2025-08-10 17:44:11,116 - Rank 5 - Train Loss: 0.2884, Train Accuracy: 0.8744
2025-08-10 17:44:19,803 - Rank 5 - Validation Loss: 0.2686, Validation Accuracy: 0.8805
2025-08-10 17:46:19,978 - Rank 5 - Train Loss: 0.2889, Train Accuracy: 0.8744
2025-08-10 17:46:28,804 - Rank 5 - Validation Loss: 0.2696, Validation Accuracy: 0.8798
2025-08-10 17:48:28,760 - Rank 5 - Train Loss: 0.2875, Train Accuracy: 0.8747
2025-08-10 17:48:37,278 - Rank 5 - Validation Loss: 0.2674, Validation Accuracy: 0.8810
2025-08-10 17:50:30,076 - Rank 5 - Train Loss: 0.2853, Train Accuracy: 0.8755
2025-08-10 17:50:38,687 - Rank 5 - Validation Loss: 0.2674, Validation Accuracy: 0.8803
2025-08-10 17:52:39,340 - Rank 5 - Train Loss: 0.2869, Train Accuracy: 0.8750
2025-08-10 17:52:47,839 - Rank 5 - Validation Loss: 0.2672, Validation Accuracy: 0.8811
2025-08-10 17:54:47,533 - Rank 5 - Train Loss: 0.2863, Train Accuracy: 0.8753
2025-08-10 17:54:56,186 - Rank 5 - Validation Loss: 0.2670, Validation Accuracy: 0.8811
2025-08-10 17:56:54,191 - Rank 5 - Train Loss: 0.2852, Train Accuracy: 0.8754
2025-08-10 17:57:02,401 - Rank 5 - Validation Loss: 0.2671, Validation Accuracy: 0.8811
2025-08-10 17:59:00,720 - Rank 5 - Train Loss: 0.2840, Train Accuracy: 0.8762
2025-08-10 17:59:09,050 - Rank 5 - Validation Loss: 0.2683, Validation Accuracy: 0.8807
2025-08-10 18:01:08,892 - Rank 5 - Train Loss: 0.2841, Train Accuracy: 0.8760
2025-08-10 18:01:17,277 - Rank 5 - Validation Loss: 0.2676, Validation Accuracy: 0.8810
2025-08-10 18:03:15,705 - Rank 5 - Train Loss: 0.2841, Train Accuracy: 0.8762
2025-08-10 18:03:24,199 - Rank 5 - Validation Loss: 0.2668, Validation Accuracy: 0.8811
2025-08-10 18:05:16,929 - Rank 5 - Train Loss: 0.2852, Train Accuracy: 0.8754
2025-08-10 18:05:25,957 - Rank 5 - Validation Loss: 0.2651, Validation Accuracy: 0.8818
2025-08-10 18:07:24,956 - Rank 5 - Train Loss: 0.2840, Train Accuracy: 0.8759
2025-08-10 18:07:34,204 - Rank 5 - Validation Loss: 0.2664, Validation Accuracy: 0.8816
2025-08-10 18:09:32,930 - Rank 5 - Train Loss: 0.2832, Train Accuracy: 0.8762
2025-08-10 18:09:41,773 - Rank 5 - Validation Loss: 0.2658, Validation Accuracy: 0.8813
2025-08-10 18:11:41,327 - Rank 5 - Train Loss: 0.2830, Train Accuracy: 0.8765
2025-08-10 18:11:50,038 - Rank 5 - Validation Loss: 0.2651, Validation Accuracy: 0.8819
2025-08-10 18:13:49,086 - Rank 5 - Train Loss: 0.2831, Train Accuracy: 0.8761
2025-08-10 18:13:58,015 - Rank 5 - Validation Loss: 0.2642, Validation Accuracy: 0.8819
2025-08-10 18:15:56,601 - Rank 5 - Train Loss: 0.2832, Train Accuracy: 0.8764
2025-08-10 18:16:05,330 - Rank 5 - Validation Loss: 0.2647, Validation Accuracy: 0.8818
2025-08-10 18:18:03,816 - Rank 5 - Train Loss: 0.2808, Train Accuracy: 0.8769
2025-08-10 18:18:13,181 - Rank 5 - Validation Loss: 0.2642, Validation Accuracy: 0.8819
2025-08-10 18:20:11,017 - Rank 5 - Train Loss: 0.2816, Train Accuracy: 0.8766
2025-08-10 18:20:20,314 - Rank 5 - Validation Loss: 0.2667, Validation Accuracy: 0.8808
2025-08-10 18:22:24,271 - Rank 5 - Train Loss: 0.2807, Train Accuracy: 0.8770
2025-08-10 18:22:33,586 - Rank 5 - Validation Loss: 0.2644, Validation Accuracy: 0.8818
2025-08-10 18:24:39,032 - Rank 5 - Train Loss: 0.2807, Train Accuracy: 0.8771
2025-08-10 18:24:48,414 - Rank 5 - Validation Loss: 0.2642, Validation Accuracy: 0.8820
2025-08-10 18:26:51,430 - Rank 5 - Train Loss: 0.2796, Train Accuracy: 0.8776
2025-08-10 18:27:00,778 - Rank 5 - Validation Loss: 0.2640, Validation Accuracy: 0.8820
2025-08-10 18:29:00,776 - Rank 5 - Train Loss: 0.2806, Train Accuracy: 0.8771
2025-08-10 18:29:09,796 - Rank 5 - Validation Loss: 0.2631, Validation Accuracy: 0.8821
2025-08-10 18:31:09,828 - Rank 5 - Train Loss: 0.2809, Train Accuracy: 0.8769
2025-08-10 18:31:18,618 - Rank 5 - Validation Loss: 0.2636, Validation Accuracy: 0.8822
2025-08-10 18:33:14,891 - Rank 5 - Train Loss: 0.2796, Train Accuracy: 0.8776
2025-08-10 18:33:24,236 - Rank 5 - Validation Loss: 0.2636, Validation Accuracy: 0.8821
2025-08-10 18:35:24,615 - Rank 5 - Train Loss: 0.2795, Train Accuracy: 0.8777
2025-08-10 18:35:33,472 - Rank 5 - Validation Loss: 0.2624, Validation Accuracy: 0.8827
2025-08-10 18:37:34,358 - Rank 5 - Train Loss: 0.2786, Train Accuracy: 0.8778
2025-08-10 18:37:43,481 - Rank 5 - Validation Loss: 0.2638, Validation Accuracy: 0.8821
2025-08-10 18:39:45,884 - Rank 5 - Train Loss: 0.2790, Train Accuracy: 0.8779
2025-08-10 18:39:55,354 - Rank 5 - Validation Loss: 0.2620, Validation Accuracy: 0.8827
2025-08-10 18:41:58,793 - Rank 5 - Train Loss: 0.2784, Train Accuracy: 0.8776
2025-08-10 18:42:08,392 - Rank 5 - Validation Loss: 0.2632, Validation Accuracy: 0.8824
2025-08-10 18:44:11,425 - Rank 5 - Train Loss: 0.2783, Train Accuracy: 0.8780
2025-08-10 18:44:20,843 - Rank 5 - Validation Loss: 0.2608, Validation Accuracy: 0.8831
2025-08-10 18:46:21,926 - Rank 5 - Train Loss: 0.2776, Train Accuracy: 0.8781
2025-08-10 18:46:31,199 - Rank 5 - Validation Loss: 0.2620, Validation Accuracy: 0.8827
2025-08-10 18:48:32,550 - Rank 5 - Train Loss: 0.2754, Train Accuracy: 0.8790
2025-08-10 18:48:42,573 - Rank 5 - Validation Loss: 0.2597, Validation Accuracy: 0.8836
2025-08-10 18:50:44,546 - Rank 5 - Train Loss: 0.2768, Train Accuracy: 0.8786
2025-08-10 18:50:53,517 - Rank 5 - Validation Loss: 0.2614, Validation Accuracy: 0.8830
2025-08-10 18:52:56,281 - Rank 5 - Train Loss: 0.2765, Train Accuracy: 0.8784
2025-08-10 18:53:05,632 - Rank 5 - Validation Loss: 0.2617, Validation Accuracy: 0.8834
2025-08-10 18:55:08,484 - Rank 5 - Train Loss: 0.2760, Train Accuracy: 0.8788
2025-08-10 18:55:17,453 - Rank 5 - Validation Loss: 0.2597, Validation Accuracy: 0.8836
2025-08-10 18:57:20,540 - Rank 5 - Train Loss: 0.2765, Train Accuracy: 0.8785
2025-08-10 18:57:29,156 - Rank 5 - Validation Loss: 0.2601, Validation Accuracy: 0.8836
2025-08-10 18:59:32,354 - Rank 5 - Train Loss: 0.2738, Train Accuracy: 0.8796
2025-08-10 18:59:41,775 - Rank 5 - Validation Loss: 0.2605, Validation Accuracy: 0.8833
2025-08-10 19:01:40,248 - Rank 5 - Train Loss: 0.2744, Train Accuracy: 0.8792
2025-08-10 19:01:48,859 - Rank 5 - Validation Loss: 0.2597, Validation Accuracy: 0.8838
2025-08-10 19:03:52,484 - Rank 5 - Train Loss: 0.2746, Train Accuracy: 0.8790
2025-08-10 19:04:01,574 - Rank 5 - Validation Loss: 0.2632, Validation Accuracy: 0.8830
2025-08-10 19:06:04,847 - Rank 5 - Train Loss: 0.2752, Train Accuracy: 0.8790
2025-08-10 19:06:14,096 - Rank 5 - Validation Loss: 0.2593, Validation Accuracy: 0.8837
2025-08-10 19:08:16,966 - Rank 5 - Train Loss: 0.2733, Train Accuracy: 0.8798
2025-08-10 19:08:25,695 - Rank 5 - Validation Loss: 0.2593, Validation Accuracy: 0.8840
2025-08-10 19:10:28,347 - Rank 5 - Train Loss: 0.2745, Train Accuracy: 0.8794
2025-08-10 19:10:37,410 - Rank 5 - Validation Loss: 0.2594, Validation Accuracy: 0.8837
2025-08-10 19:12:37,944 - Rank 5 - Train Loss: 0.2746, Train Accuracy: 0.8791
2025-08-10 19:12:47,141 - Rank 5 - Validation Loss: 0.2597, Validation Accuracy: 0.8837
2025-08-10 19:14:42,163 - Rank 5 - Train Loss: 0.2740, Train Accuracy: 0.8796
2025-08-10 19:14:51,303 - Rank 5 - Validation Loss: 0.2623, Validation Accuracy: 0.8829
2025-08-10 19:16:52,869 - Rank 5 - Train Loss: 0.2735, Train Accuracy: 0.8796
2025-08-10 19:17:01,916 - Rank 5 - Validation Loss: 0.2592, Validation Accuracy: 0.8840
2025-08-10 19:19:00,217 - Rank 5 - Train Loss: 0.2738, Train Accuracy: 0.8796
2025-08-10 19:19:08,849 - Rank 5 - Validation Loss: 0.2596, Validation Accuracy: 0.8838
2025-08-10 19:21:07,159 - Rank 5 - Train Loss: 0.2717, Train Accuracy: 0.8804
2025-08-10 19:21:16,066 - Rank 5 - Validation Loss: 0.2584, Validation Accuracy: 0.8840
2025-08-10 19:23:14,285 - Rank 5 - Train Loss: 0.2719, Train Accuracy: 0.8805
2025-08-10 19:23:22,923 - Rank 5 - Validation Loss: 0.2586, Validation Accuracy: 0.8841
2025-08-10 19:25:20,451 - Rank 5 - Train Loss: 0.2720, Train Accuracy: 0.8801
2025-08-10 19:25:29,350 - Rank 5 - Validation Loss: 0.2574, Validation Accuracy: 0.8845
2025-08-10 19:27:22,465 - Rank 5 - Train Loss: 0.2716, Train Accuracy: 0.8804
2025-08-10 19:27:30,959 - Rank 5 - Validation Loss: 0.2579, Validation Accuracy: 0.8844
2025-08-10 19:29:27,886 - Rank 5 - Train Loss: 0.2701, Train Accuracy: 0.8809
2025-08-10 19:29:36,824 - Rank 5 - Validation Loss: 0.2587, Validation Accuracy: 0.8841
2025-08-10 19:31:36,514 - Rank 5 - Train Loss: 0.2700, Train Accuracy: 0.8812
2025-08-10 19:31:44,959 - Rank 5 - Validation Loss: 0.2559, Validation Accuracy: 0.8850
2025-08-10 19:33:43,651 - Rank 5 - Train Loss: 0.2712, Train Accuracy: 0.8805
2025-08-10 19:33:52,189 - Rank 5 - Validation Loss: 0.2570, Validation Accuracy: 0.8847
2025-08-10 19:35:51,725 - Rank 5 - Train Loss: 0.2701, Train Accuracy: 0.8809
2025-08-10 19:36:00,599 - Rank 5 - Validation Loss: 0.2562, Validation Accuracy: 0.8852
2025-08-10 19:37:58,773 - Rank 5 - Train Loss: 0.2700, Train Accuracy: 0.8812
2025-08-10 19:38:07,831 - Rank 5 - Validation Loss: 0.2559, Validation Accuracy: 0.8850
2025-08-10 19:40:05,895 - Rank 5 - Train Loss: 0.2682, Train Accuracy: 0.8817
2025-08-10 19:40:14,677 - Rank 5 - Validation Loss: 0.2573, Validation Accuracy: 0.8847
2025-08-10 19:42:02,303 - Rank 5 - Train Loss: 0.2690, Train Accuracy: 0.8812
2025-08-10 19:42:10,874 - Rank 5 - Validation Loss: 0.2562, Validation Accuracy: 0.8847
2025-08-10 19:44:05,112 - Rank 5 - Train Loss: 0.2686, Train Accuracy: 0.8814
2025-08-10 19:44:13,715 - Rank 5 - Validation Loss: 0.2564, Validation Accuracy: 0.8847
2025-08-10 19:46:07,518 - Rank 5 - Train Loss: 0.2692, Train Accuracy: 0.8812
2025-08-10 19:46:15,734 - Rank 5 - Validation Loss: 0.2552, Validation Accuracy: 0.8856
2025-08-10 19:48:11,566 - Rank 5 - Train Loss: 0.2684, Train Accuracy: 0.8815
2025-08-10 19:48:20,269 - Rank 5 - Validation Loss: 0.2556, Validation Accuracy: 0.8849
2025-08-10 19:50:15,310 - Rank 5 - Train Loss: 0.2676, Train Accuracy: 0.8817
2025-08-10 19:50:23,890 - Rank 5 - Validation Loss: 0.2559, Validation Accuracy: 0.8852
2025-08-10 19:52:17,473 - Rank 5 - Train Loss: 0.2676, Train Accuracy: 0.8815
2025-08-10 19:52:25,858 - Rank 5 - Validation Loss: 0.2548, Validation Accuracy: 0.8857
2025-08-10 19:54:20,584 - Rank 5 - Train Loss: 0.2659, Train Accuracy: 0.8824
2025-08-10 19:54:29,045 - Rank 5 - Validation Loss: 0.2564, Validation Accuracy: 0.8849
2025-08-10 19:56:18,714 - Rank 5 - Train Loss: 0.2674, Train Accuracy: 0.8821
2025-08-10 19:56:27,566 - Rank 5 - Validation Loss: 0.2537, Validation Accuracy: 0.8860
2025-08-10 19:58:21,269 - Rank 5 - Train Loss: 0.2667, Train Accuracy: 0.8821
2025-08-10 19:58:30,004 - Rank 5 - Validation Loss: 0.2554, Validation Accuracy: 0.8851
2025-08-10 20:00:25,284 - Rank 5 - Train Loss: 0.2673, Train Accuracy: 0.8821
2025-08-10 20:00:34,015 - Rank 5 - Validation Loss: 0.2534, Validation Accuracy: 0.8862
2025-08-10 20:02:29,561 - Rank 5 - Train Loss: 0.2660, Train Accuracy: 0.8823
2025-08-10 20:02:37,916 - Rank 5 - Validation Loss: 0.2547, Validation Accuracy: 0.8856
2025-08-10 20:04:33,231 - Rank 5 - Train Loss: 0.2650, Train Accuracy: 0.8828
2025-08-10 20:04:41,612 - Rank 5 - Validation Loss: 0.2566, Validation Accuracy: 0.8849
2025-08-10 20:06:35,833 - Rank 5 - Train Loss: 0.2651, Train Accuracy: 0.8828
2025-08-10 20:06:44,748 - Rank 5 - Validation Loss: 0.2533, Validation Accuracy: 0.8860
2025-08-10 20:08:39,204 - Rank 5 - Train Loss: 0.2658, Train Accuracy: 0.8822
2025-08-10 20:08:48,050 - Rank 5 - Validation Loss: 0.2540, Validation Accuracy: 0.8858
2025-08-10 20:10:39,303 - Rank 5 - Train Loss: 0.2644, Train Accuracy: 0.8830
2025-08-10 20:10:47,619 - Rank 5 - Validation Loss: 0.2534, Validation Accuracy: 0.8861
2025-08-10 20:12:41,259 - Rank 5 - Train Loss: 0.2650, Train Accuracy: 0.8830
2025-08-10 20:12:49,350 - Rank 5 - Validation Loss: 0.2525, Validation Accuracy: 0.8861
2025-08-10 20:14:44,952 - Rank 5 - Train Loss: 0.2651, Train Accuracy: 0.8827
2025-08-10 20:14:53,970 - Rank 5 - Validation Loss: 0.2540, Validation Accuracy: 0.8858
2025-08-10 20:16:56,613 - Rank 5 - Train Loss: 0.2648, Train Accuracy: 0.8827
2025-08-10 20:17:05,279 - Rank 5 - Validation Loss: 0.2532, Validation Accuracy: 0.8861
2025-08-10 20:19:06,493 - Rank 5 - Train Loss: 0.2633, Train Accuracy: 0.8831
2025-08-10 20:19:15,103 - Rank 5 - Validation Loss: 0.2529, Validation Accuracy: 0.8862
2025-08-10 20:21:14,821 - Rank 5 - Train Loss: 0.2639, Train Accuracy: 0.8831
2025-08-10 20:21:23,449 - Rank 5 - Validation Loss: 0.2533, Validation Accuracy: 0.8858
2025-08-10 20:23:23,985 - Rank 5 - Train Loss: 0.2640, Train Accuracy: 0.8831
2025-08-10 20:23:32,676 - Rank 5 - Validation Loss: 0.2542, Validation Accuracy: 0.8858
2025-08-10 20:25:25,202 - Rank 5 - Train Loss: 0.2629, Train Accuracy: 0.8836
2025-08-10 20:25:33,942 - Rank 5 - Validation Loss: 0.2513, Validation Accuracy: 0.8867
2025-08-10 20:27:33,201 - Rank 5 - Train Loss: 0.2620, Train Accuracy: 0.8841
2025-08-10 20:27:41,868 - Rank 5 - Validation Loss: 0.2520, Validation Accuracy: 0.8866
2025-08-10 20:29:42,718 - Rank 5 - Train Loss: 0.2613, Train Accuracy: 0.8839
2025-08-10 20:29:51,763 - Rank 5 - Validation Loss: 0.2527, Validation Accuracy: 0.8864
2025-08-10 20:31:50,867 - Rank 5 - Train Loss: 0.2614, Train Accuracy: 0.8842
2025-08-10 20:31:59,623 - Rank 5 - Validation Loss: 0.2526, Validation Accuracy: 0.8863
2025-08-10 20:33:58,212 - Rank 5 - Train Loss: 0.2610, Train Accuracy: 0.8842
2025-08-10 20:34:06,729 - Rank 5 - Validation Loss: 0.2514, Validation Accuracy: 0.8868
2025-08-10 20:36:06,225 - Rank 5 - Train Loss: 0.2606, Train Accuracy: 0.8842
2025-08-10 20:36:15,064 - Rank 5 - Validation Loss: 0.2516, Validation Accuracy: 0.8866
2025-08-10 20:38:15,051 - Rank 5 - Train Loss: 0.2614, Train Accuracy: 0.8842
2025-08-10 20:38:23,763 - Rank 5 - Validation Loss: 0.2511, Validation Accuracy: 0.8867
2025-08-10 20:40:17,374 - Rank 5 - Train Loss: 0.2620, Train Accuracy: 0.8835
2025-08-10 20:40:26,295 - Rank 5 - Validation Loss: 0.2506, Validation Accuracy: 0.8874
2025-08-10 20:42:24,828 - Rank 5 - Train Loss: 0.2616, Train Accuracy: 0.8840
2025-08-10 20:42:33,980 - Rank 5 - Validation Loss: 0.2520, Validation Accuracy: 0.8864
2025-08-10 20:44:32,937 - Rank 5 - Train Loss: 0.2608, Train Accuracy: 0.8841
2025-08-10 20:44:41,729 - Rank 5 - Validation Loss: 0.2533, Validation Accuracy: 0.8862
2025-08-10 20:46:41,421 - Rank 5 - Train Loss: 0.2612, Train Accuracy: 0.8838
2025-08-10 20:46:50,452 - Rank 5 - Validation Loss: 0.2518, Validation Accuracy: 0.8866
2025-08-10 20:48:50,232 - Rank 5 - Train Loss: 0.2596, Train Accuracy: 0.8844
2025-08-10 20:48:58,419 - Rank 5 - Validation Loss: 0.2520, Validation Accuracy: 0.8863
2025-08-10 20:50:58,420 - Rank 5 - Train Loss: 0.2603, Train Accuracy: 0.8844
2025-08-10 20:51:06,723 - Rank 5 - Validation Loss: 0.2495, Validation Accuracy: 0.8875
2025-08-10 20:53:07,486 - Rank 5 - Train Loss: 0.2590, Train Accuracy: 0.8847
2025-08-10 20:53:16,222 - Rank 5 - Validation Loss: 0.2505, Validation Accuracy: 0.8874
2025-08-10 20:55:09,500 - Rank 5 - Train Loss: 0.2601, Train Accuracy: 0.8843
2025-08-10 20:55:18,031 - Rank 5 - Validation Loss: 0.2511, Validation Accuracy: 0.8868
2025-08-10 20:57:17,218 - Rank 5 - Train Loss: 0.2586, Train Accuracy: 0.8848
2025-08-10 20:57:26,165 - Rank 5 - Validation Loss: 0.2516, Validation Accuracy: 0.8869
2025-08-10 20:59:26,214 - Rank 5 - Train Loss: 0.2588, Train Accuracy: 0.8852
2025-08-10 20:59:35,187 - Rank 5 - Validation Loss: 0.2510, Validation Accuracy: 0.8864
2025-08-10 21:01:33,501 - Rank 5 - Train Loss: 0.2590, Train Accuracy: 0.8850
2025-08-10 21:01:41,926 - Rank 5 - Validation Loss: 0.2500, Validation Accuracy: 0.8872
2025-08-10 21:03:42,764 - Rank 5 - Train Loss: 0.2574, Train Accuracy: 0.8856
2025-08-10 21:03:51,617 - Rank 5 - Validation Loss: 0.2481, Validation Accuracy: 0.8878
2025-08-10 21:05:50,601 - Rank 5 - Train Loss: 0.2585, Train Accuracy: 0.8848
2025-08-10 21:05:59,090 - Rank 5 - Validation Loss: 0.2507, Validation Accuracy: 0.8869
2025-08-10 21:07:58,836 - Rank 5 - Train Loss: 0.2583, Train Accuracy: 0.8850
2025-08-10 21:08:07,836 - Rank 5 - Validation Loss: 0.2494, Validation Accuracy: 0.8878
2025-08-10 21:09:59,897 - Rank 5 - Train Loss: 0.2581, Train Accuracy: 0.8849
2025-08-10 21:10:08,683 - Rank 5 - Validation Loss: 0.2485, Validation Accuracy: 0.8880
2025-08-10 21:12:07,850 - Rank 5 - Train Loss: 0.2572, Train Accuracy: 0.8856
2025-08-10 21:12:16,608 - Rank 5 - Validation Loss: 0.2490, Validation Accuracy: 0.8875
2025-08-10 21:14:15,783 - Rank 5 - Train Loss: 0.2579, Train Accuracy: 0.8853
2025-08-10 21:14:24,103 - Rank 5 - Validation Loss: 0.2476, Validation Accuracy: 0.8884
2025-08-10 21:16:23,092 - Rank 5 - Train Loss: 0.2552, Train Accuracy: 0.8862
2025-08-10 21:16:32,020 - Rank 5 - Validation Loss: 0.2498, Validation Accuracy: 0.8873
2025-08-10 21:18:31,625 - Rank 5 - Train Loss: 0.2570, Train Accuracy: 0.8857
2025-08-10 21:18:40,481 - Rank 5 - Validation Loss: 0.2481, Validation Accuracy: 0.8880
2025-08-10 21:20:39,501 - Rank 5 - Train Loss: 0.2557, Train Accuracy: 0.8861
2025-08-10 21:20:48,595 - Rank 5 - Validation Loss: 0.2488, Validation Accuracy: 0.8878
2025-08-10 21:22:44,906 - Rank 5 - Train Loss: 0.2569, Train Accuracy: 0.8859
2025-08-10 21:22:53,571 - Rank 5 - Validation Loss: 0.2489, Validation Accuracy: 0.8875
2025-08-10 21:24:50,166 - Rank 5 - Train Loss: 0.2557, Train Accuracy: 0.8859
2025-08-10 21:24:58,629 - Rank 5 - Validation Loss: 0.2488, Validation Accuracy: 0.8875
2025-08-10 21:26:58,770 - Rank 5 - Train Loss: 0.2554, Train Accuracy: 0.8865
2025-08-10 21:27:07,789 - Rank 5 - Validation Loss: 0.2485, Validation Accuracy: 0.8876
2025-08-10 21:29:06,989 - Rank 5 - Train Loss: 0.2566, Train Accuracy: 0.8857
2025-08-10 21:29:15,876 - Rank 5 - Validation Loss: 0.2503, Validation Accuracy: 0.8871
2025-08-10 21:31:15,414 - Rank 5 - Train Loss: 0.2557, Train Accuracy: 0.8862
2025-08-10 21:31:24,101 - Rank 5 - Validation Loss: 0.2486, Validation Accuracy: 0.8879
2025-08-10 21:33:24,581 - Rank 5 - Train Loss: 0.2536, Train Accuracy: 0.8869
2025-08-10 21:33:32,784 - Rank 5 - Validation Loss: 0.2478, Validation Accuracy: 0.8881
2025-08-10 21:35:30,805 - Rank 5 - Train Loss: 0.2548, Train Accuracy: 0.8863
2025-08-10 21:35:39,384 - Rank 5 - Validation Loss: 0.2487, Validation Accuracy: 0.8882
2025-08-10 21:37:33,637 - Rank 5 - Train Loss: 0.2534, Train Accuracy: 0.8870
2025-08-10 21:37:42,769 - Rank 5 - Validation Loss: 0.2475, Validation Accuracy: 0.8883
2025-08-10 21:39:39,890 - Rank 5 - Train Loss: 0.2540, Train Accuracy: 0.8868
2025-08-10 21:39:48,543 - Rank 5 - Validation Loss: 0.2483, Validation Accuracy: 0.8882
2025-08-10 21:41:48,226 - Rank 5 - Train Loss: 0.2550, Train Accuracy: 0.8865
2025-08-10 21:41:57,348 - Rank 5 - Validation Loss: 0.2473, Validation Accuracy: 0.8884
2025-08-10 21:43:56,260 - Rank 5 - Train Loss: 0.2533, Train Accuracy: 0.8871
2025-08-10 21:44:05,289 - Rank 5 - Validation Loss: 0.2475, Validation Accuracy: 0.8882
2025-08-10 21:46:05,431 - Rank 5 - Train Loss: 0.2527, Train Accuracy: 0.8871
2025-08-10 21:46:13,757 - Rank 5 - Validation Loss: 0.2466, Validation Accuracy: 0.8887
2025-08-10 21:48:13,826 - Rank 5 - Train Loss: 0.2541, Train Accuracy: 0.8865
2025-08-10 21:48:21,920 - Rank 5 - Validation Loss: 0.2468, Validation Accuracy: 0.8883
2025-08-10 21:50:21,664 - Rank 5 - Train Loss: 0.2531, Train Accuracy: 0.8869
2025-08-10 21:50:30,741 - Rank 5 - Validation Loss: 0.2463, Validation Accuracy: 0.8885
2025-08-10 21:52:22,908 - Rank 5 - Train Loss: 0.2527, Train Accuracy: 0.8871
2025-08-10 21:52:31,898 - Rank 5 - Validation Loss: 0.2477, Validation Accuracy: 0.8884
2025-08-10 21:54:31,644 - Rank 5 - Train Loss: 0.2520, Train Accuracy: 0.8873
2025-08-10 21:54:40,575 - Rank 5 - Validation Loss: 0.2475, Validation Accuracy: 0.8881
2025-08-10 21:56:40,193 - Rank 5 - Train Loss: 0.2519, Train Accuracy: 0.8874
2025-08-10 21:56:49,413 - Rank 5 - Validation Loss: 0.2476, Validation Accuracy: 0.8887
2025-08-10 21:58:47,957 - Rank 5 - Train Loss: 0.2514, Train Accuracy: 0.8874
2025-08-10 21:58:56,742 - Rank 5 - Validation Loss: 0.2464, Validation Accuracy: 0.8886
2025-08-10 22:00:54,951 - Rank 5 - Train Loss: 0.2531, Train Accuracy: 0.8868
2025-08-10 22:01:03,803 - Rank 5 - Validation Loss: 0.2471, Validation Accuracy: 0.8883
2025-08-10 22:03:03,942 - Rank 5 - Train Loss: 0.2520, Train Accuracy: 0.8871
2025-08-10 22:03:12,567 - Rank 5 - Validation Loss: 0.2457, Validation Accuracy: 0.8889
2025-08-10 22:05:11,180 - Rank 5 - Train Loss: 0.2515, Train Accuracy: 0.8874
2025-08-10 22:05:20,213 - Rank 5 - Validation Loss: 0.2455, Validation Accuracy: 0.8891
2025-08-10 22:07:12,462 - Rank 5 - Train Loss: 0.2509, Train Accuracy: 0.8879
2025-08-10 22:07:20,827 - Rank 5 - Validation Loss: 0.2467, Validation Accuracy: 0.8884
2025-08-10 22:09:20,206 - Rank 5 - Train Loss: 0.2498, Train Accuracy: 0.8882
2025-08-10 22:09:28,450 - Rank 5 - Validation Loss: 0.2463, Validation Accuracy: 0.8888
2025-08-10 22:11:26,804 - Rank 5 - Train Loss: 0.2516, Train Accuracy: 0.8875
2025-08-10 22:11:35,577 - Rank 5 - Validation Loss: 0.2459, Validation Accuracy: 0.8893
2025-08-10 22:13:34,729 - Rank 5 - Train Loss: 0.2506, Train Accuracy: 0.8876
2025-08-10 22:13:43,738 - Rank 5 - Validation Loss: 0.2449, Validation Accuracy: 0.8894
2025-08-10 22:15:42,509 - Rank 5 - Train Loss: 0.2502, Train Accuracy: 0.8878
2025-08-10 22:15:51,268 - Rank 5 - Validation Loss: 0.2446, Validation Accuracy: 0.8892
2025-08-10 22:17:51,296 - Rank 5 - Train Loss: 0.2493, Train Accuracy: 0.8882
2025-08-10 22:18:00,386 - Rank 5 - Validation Loss: 0.2450, Validation Accuracy: 0.8894
2025-08-10 22:19:58,704 - Rank 5 - Train Loss: 0.2491, Train Accuracy: 0.8885
2025-08-10 22:20:07,622 - Rank 5 - Validation Loss: 0.2446, Validation Accuracy: 0.8892
2025-08-10 22:22:00,125 - Rank 5 - Train Loss: 0.2497, Train Accuracy: 0.8883
2025-08-10 22:22:08,898 - Rank 5 - Validation Loss: 0.2456, Validation Accuracy: 0.8889
2025-08-10 22:24:08,063 - Rank 5 - Train Loss: 0.2492, Train Accuracy: 0.8884
2025-08-10 22:24:17,121 - Rank 5 - Validation Loss: 0.2466, Validation Accuracy: 0.8888
2025-08-10 22:26:16,284 - Rank 5 - Train Loss: 0.2483, Train Accuracy: 0.8887
2025-08-10 22:26:24,435 - Rank 5 - Validation Loss: 0.2450, Validation Accuracy: 0.8894
2025-08-10 22:28:23,924 - Rank 5 - Train Loss: 0.2482, Train Accuracy: 0.8886
2025-08-10 22:28:32,616 - Rank 5 - Validation Loss: 0.2460, Validation Accuracy: 0.8891
2025-08-10 22:30:31,434 - Rank 5 - Train Loss: 0.2481, Train Accuracy: 0.8887
2025-08-10 22:30:39,918 - Rank 5 - Validation Loss: 0.2442, Validation Accuracy: 0.8895
2025-08-10 22:32:39,544 - Rank 5 - Train Loss: 0.2482, Train Accuracy: 0.8887
2025-08-10 22:32:48,292 - Rank 5 - Validation Loss: 0.2433, Validation Accuracy: 0.8900
2025-08-10 22:34:47,464 - Rank 5 - Train Loss: 0.2478, Train Accuracy: 0.8888
2025-08-10 22:34:55,934 - Rank 5 - Validation Loss: 0.2438, Validation Accuracy: 0.8898
2025-08-10 22:36:49,842 - Rank 5 - Train Loss: 0.2466, Train Accuracy: 0.8893
2025-08-10 22:36:59,076 - Rank 5 - Validation Loss: 0.2446, Validation Accuracy: 0.8894
2025-08-10 22:38:56,505 - Rank 5 - Train Loss: 0.2473, Train Accuracy: 0.8891
2025-08-10 22:39:05,927 - Rank 5 - Validation Loss: 0.2435, Validation Accuracy: 0.8897
2025-08-10 22:41:03,676 - Rank 5 - Train Loss: 0.2468, Train Accuracy: 0.8891
2025-08-10 22:41:12,296 - Rank 5 - Validation Loss: 0.2437, Validation Accuracy: 0.8896
2025-08-10 22:43:13,264 - Rank 5 - Train Loss: 0.2473, Train Accuracy: 0.8892
2025-08-10 22:43:21,898 - Rank 5 - Validation Loss: 0.2431, Validation Accuracy: 0.8900
2025-08-10 22:45:21,298 - Rank 5 - Train Loss: 0.2478, Train Accuracy: 0.8889
2025-08-10 22:45:30,639 - Rank 5 - Validation Loss: 0.2432, Validation Accuracy: 0.8899
2025-08-10 22:47:28,291 - Rank 5 - Train Loss: 0.2461, Train Accuracy: 0.8895
2025-08-10 22:47:36,727 - Rank 5 - Validation Loss: 0.2440, Validation Accuracy: 0.8896
2025-08-10 22:49:33,424 - Rank 5 - Train Loss: 0.2467, Train Accuracy: 0.8892
2025-08-10 22:49:42,110 - Rank 5 - Validation Loss: 0.2430, Validation Accuracy: 0.8899
2025-08-10 22:51:38,556 - Rank 5 - Train Loss: 0.2462, Train Accuracy: 0.8896
2025-08-10 22:51:47,680 - Rank 5 - Validation Loss: 0.2423, Validation Accuracy: 0.8898
2025-08-10 22:53:47,876 - Rank 5 - Train Loss: 0.2460, Train Accuracy: 0.8893
2025-08-10 22:53:56,248 - Rank 5 - Validation Loss: 0.2427, Validation Accuracy: 0.8900
2025-08-10 22:55:55,262 - Rank 5 - Train Loss: 0.2453, Train Accuracy: 0.8896
2025-08-10 22:56:04,297 - Rank 5 - Validation Loss: 0.2428, Validation Accuracy: 0.8905
2025-08-10 22:58:03,225 - Rank 5 - Train Loss: 0.2455, Train Accuracy: 0.8898
2025-08-10 22:58:12,338 - Rank 5 - Validation Loss: 0.2422, Validation Accuracy: 0.8902
2025-08-10 23:00:12,956 - Rank 5 - Train Loss: 0.2449, Train Accuracy: 0.8900
2025-08-10 23:00:21,220 - Rank 5 - Validation Loss: 0.2423, Validation Accuracy: 0.8902
2025-08-10 23:02:22,317 - Rank 5 - Train Loss: 0.2458, Train Accuracy: 0.8897
2025-08-10 23:02:30,433 - Rank 5 - Validation Loss: 0.2435, Validation Accuracy: 0.8897
2025-08-10 23:04:25,050 - Rank 5 - Train Loss: 0.2461, Train Accuracy: 0.8895
2025-08-10 23:04:33,863 - Rank 5 - Validation Loss: 0.2421, Validation Accuracy: 0.8902
2025-08-10 23:06:33,314 - Rank 5 - Train Loss: 0.2444, Train Accuracy: 0.8901
2025-08-10 23:06:41,908 - Rank 5 - Validation Loss: 0.2422, Validation Accuracy: 0.8903
2025-08-10 23:08:41,484 - Rank 5 - Train Loss: 0.2449, Train Accuracy: 0.8898
2025-08-10 23:08:50,417 - Rank 5 - Validation Loss: 0.2416, Validation Accuracy: 0.8905
2025-08-10 23:10:50,173 - Rank 5 - Train Loss: 0.2443, Train Accuracy: 0.8899
2025-08-10 23:10:59,256 - Rank 5 - Validation Loss: 0.2422, Validation Accuracy: 0.8904
2025-08-10 23:12:59,153 - Rank 5 - Train Loss: 0.2436, Train Accuracy: 0.8902
2025-08-10 23:13:07,761 - Rank 5 - Validation Loss: 0.2426, Validation Accuracy: 0.8901
2025-08-10 23:15:08,595 - Rank 5 - Train Loss: 0.2441, Train Accuracy: 0.8903
2025-08-10 23:15:16,792 - Rank 5 - Validation Loss: 0.2421, Validation Accuracy: 0.8905
2025-08-10 23:17:16,062 - Rank 5 - Train Loss: 0.2436, Train Accuracy: 0.8904
2025-08-10 23:17:25,185 - Rank 5 - Validation Loss: 0.2409, Validation Accuracy: 0.8905
2025-08-10 23:19:19,236 - Rank 5 - Train Loss: 0.2431, Train Accuracy: 0.8907
2025-08-10 23:19:27,475 - Rank 5 - Validation Loss: 0.2423, Validation Accuracy: 0.8906
2025-08-10 23:21:28,468 - Rank 5 - Train Loss: 0.2442, Train Accuracy: 0.8901
2025-08-10 23:21:36,742 - Rank 5 - Validation Loss: 0.2405, Validation Accuracy: 0.8908
2025-08-10 23:23:38,303 - Rank 5 - Train Loss: 0.2434, Train Accuracy: 0.8905
2025-08-10 23:23:46,533 - Rank 5 - Validation Loss: 0.2419, Validation Accuracy: 0.8906
2025-08-10 23:25:46,462 - Rank 5 - Train Loss: 0.2418, Train Accuracy: 0.8911
2025-08-10 23:25:55,603 - Rank 5 - Validation Loss: 0.2408, Validation Accuracy: 0.8909
2025-08-10 23:27:56,571 - Rank 5 - Train Loss: 0.2431, Train Accuracy: 0.8907
2025-08-10 23:28:05,172 - Rank 5 - Validation Loss: 0.2412, Validation Accuracy: 0.8906
2025-08-10 23:30:04,747 - Rank 5 - Train Loss: 0.2422, Train Accuracy: 0.8909
2025-08-10 23:30:13,458 - Rank 5 - Validation Loss: 0.2404, Validation Accuracy: 0.8910
2025-08-10 23:32:14,396 - Rank 5 - Train Loss: 0.2420, Train Accuracy: 0.8909
2025-08-10 23:32:23,120 - Rank 5 - Validation Loss: 0.2426, Validation Accuracy: 0.8904
2025-08-10 23:34:17,344 - Rank 5 - Train Loss: 0.2422, Train Accuracy: 0.8907
2025-08-10 23:34:25,888 - Rank 5 - Validation Loss: 0.2400, Validation Accuracy: 0.8912
2025-08-10 23:36:27,654 - Rank 5 - Train Loss: 0.2425, Train Accuracy: 0.8906
2025-08-10 23:36:36,663 - Rank 5 - Validation Loss: 0.2410, Validation Accuracy: 0.8910
2025-08-10 23:38:36,934 - Rank 5 - Train Loss: 0.2418, Train Accuracy: 0.8908
2025-08-10 23:38:46,129 - Rank 5 - Validation Loss: 0.2407, Validation Accuracy: 0.8910
2025-08-10 23:40:45,972 - Rank 5 - Train Loss: 0.2409, Train Accuracy: 0.8914
2025-08-10 23:40:54,830 - Rank 5 - Validation Loss: 0.2417, Validation Accuracy: 0.8904
2025-08-10 23:42:54,139 - Rank 5 - Train Loss: 0.2418, Train Accuracy: 0.8909
2025-08-10 23:43:02,843 - Rank 5 - Validation Loss: 0.2410, Validation Accuracy: 0.8907
2025-08-10 23:45:01,832 - Rank 5 - Train Loss: 0.2416, Train Accuracy: 0.8911
2025-08-10 23:45:10,762 - Rank 5 - Validation Loss: 0.2400, Validation Accuracy: 0.8910
2025-08-10 23:47:05,034 - Rank 5 - Train Loss: 0.2406, Train Accuracy: 0.8915
2025-08-10 23:47:13,936 - Rank 5 - Validation Loss: 0.2403, Validation Accuracy: 0.8912
2025-08-10 23:49:07,382 - Rank 5 - Train Loss: 0.2417, Train Accuracy: 0.8912
2025-08-10 23:49:16,152 - Rank 5 - Validation Loss: 0.2400, Validation Accuracy: 0.8911
2025-08-10 23:51:13,803 - Rank 5 - Train Loss: 0.2403, Train Accuracy: 0.8915
2025-08-10 23:51:22,177 - Rank 5 - Validation Loss: 0.2397, Validation Accuracy: 0.8913
2025-08-10 23:53:20,390 - Rank 5 - Train Loss: 0.2409, Train Accuracy: 0.8915
2025-08-10 23:53:29,022 - Rank 5 - Validation Loss: 0.2406, Validation Accuracy: 0.8910
2025-08-10 23:55:28,464 - Rank 5 - Train Loss: 0.2406, Train Accuracy: 0.8911
2025-08-10 23:55:36,866 - Rank 5 - Validation Loss: 0.2393, Validation Accuracy: 0.8916
2025-08-10 23:57:35,654 - Rank 5 - Train Loss: 0.2386, Train Accuracy: 0.8920
2025-08-10 23:57:44,330 - Rank 5 - Validation Loss: 0.2412, Validation Accuracy: 0.8905
2025-08-10 23:59:44,449 - Rank 5 - Train Loss: 0.2396, Train Accuracy: 0.8916
2025-08-10 23:59:53,145 - Rank 5 - Validation Loss: 0.2396, Validation Accuracy: 0.8919
2025-08-11 00:01:45,830 - Rank 5 - Train Loss: 0.2397, Train Accuracy: 0.8915
2025-08-11 00:01:54,810 - Rank 5 - Validation Loss: 0.2382, Validation Accuracy: 0.8921
2025-08-11 00:03:51,803 - Rank 5 - Train Loss: 0.2387, Train Accuracy: 0.8922
2025-08-11 00:04:00,604 - Rank 5 - Validation Loss: 0.2391, Validation Accuracy: 0.8917
2025-08-11 00:05:58,489 - Rank 5 - Train Loss: 0.2381, Train Accuracy: 0.8922
2025-08-11 00:06:07,200 - Rank 5 - Validation Loss: 0.2394, Validation Accuracy: 0.8913
2025-08-11 00:08:07,165 - Rank 5 - Train Loss: 0.2407, Train Accuracy: 0.8915
2025-08-11 00:08:15,634 - Rank 5 - Validation Loss: 0.2396, Validation Accuracy: 0.8910
2025-08-11 00:10:14,306 - Rank 5 - Train Loss: 0.2385, Train Accuracy: 0.8923
2025-08-11 00:10:22,716 - Rank 5 - Validation Loss: 0.2393, Validation Accuracy: 0.8914
2025-08-11 00:12:20,959 - Rank 5 - Train Loss: 0.2390, Train Accuracy: 0.8919
2025-08-11 00:12:29,437 - Rank 5 - Validation Loss: 0.2397, Validation Accuracy: 0.8914
2025-08-11 00:14:27,757 - Rank 5 - Train Loss: 0.2396, Train Accuracy: 0.8919
2025-08-11 00:14:36,499 - Rank 5 - Validation Loss: 0.2408, Validation Accuracy: 0.8910
2025-08-11 00:16:28,281 - Rank 5 - Train Loss: 0.2377, Train Accuracy: 0.8925
2025-08-11 00:16:37,243 - Rank 5 - Validation Loss: 0.2395, Validation Accuracy: 0.8915
2025-08-11 00:18:34,937 - Rank 5 - Train Loss: 0.2379, Train Accuracy: 0.8925
2025-08-11 00:18:43,843 - Rank 5 - Validation Loss: 0.2387, Validation Accuracy: 0.8916
2025-08-11 00:20:42,593 - Rank 5 - Train Loss: 0.2368, Train Accuracy: 0.8928
2025-08-11 00:20:51,374 - Rank 5 - Validation Loss: 0.2383, Validation Accuracy: 0.8918
2025-08-11 00:22:49,873 - Rank 5 - Train Loss: 0.2379, Train Accuracy: 0.8926
2025-08-11 00:22:58,528 - Rank 5 - Validation Loss: 0.2375, Validation Accuracy: 0.8922
2025-08-11 00:24:59,736 - Rank 5 - Train Loss: 0.2381, Train Accuracy: 0.8924
2025-08-11 00:25:08,335 - Rank 5 - Validation Loss: 0.2379, Validation Accuracy: 0.8923
2025-08-11 00:27:08,786 - Rank 5 - Train Loss: 0.2392, Train Accuracy: 0.8921
2025-08-11 00:27:17,451 - Rank 5 - Validation Loss: 0.2398, Validation Accuracy: 0.8912
2025-08-11 00:29:18,974 - Rank 5 - Train Loss: 0.2374, Train Accuracy: 0.8928
2025-08-11 00:29:27,184 - Rank 5 - Validation Loss: 0.2393, Validation Accuracy: 0.8917
2025-08-11 00:31:21,329 - Rank 5 - Train Loss: 0.2373, Train Accuracy: 0.8927
2025-08-11 00:31:29,820 - Rank 5 - Validation Loss: 0.2394, Validation Accuracy: 0.8914
2025-08-11 00:33:30,456 - Rank 5 - Train Loss: 0.2367, Train Accuracy: 0.8928
2025-08-11 00:33:39,153 - Rank 5 - Validation Loss: 0.2393, Validation Accuracy: 0.8916
2025-08-11 00:35:39,596 - Rank 5 - Train Loss: 0.2361, Train Accuracy: 0.8932
2025-08-11 00:35:48,467 - Rank 5 - Validation Loss: 0.2398, Validation Accuracy: 0.8914
2025-08-11 00:37:49,323 - Rank 5 - Train Loss: 0.2369, Train Accuracy: 0.8931
2025-08-11 00:37:58,323 - Rank 5 - Validation Loss: 0.2382, Validation Accuracy: 0.8920
2025-08-11 00:39:57,699 - Rank 5 - Train Loss: 0.2356, Train Accuracy: 0.8935
2025-08-11 00:40:06,220 - Rank 5 - Validation Loss: 0.2378, Validation Accuracy: 0.8921
2025-08-11 00:42:06,468 - Rank 5 - Train Loss: 0.2367, Train Accuracy: 0.8930
2025-08-11 00:42:14,786 - Rank 5 - Validation Loss: 0.2397, Validation Accuracy: 0.8916
2025-08-11 00:44:14,657 - Rank 5 - Train Loss: 0.2362, Train Accuracy: 0.8928
2025-08-11 00:44:23,002 - Rank 5 - Validation Loss: 0.2370, Validation Accuracy: 0.8926
2025-08-11 00:46:19,740 - Rank 5 - Train Loss: 0.2347, Train Accuracy: 0.8937
2025-08-11 00:46:28,470 - Rank 5 - Validation Loss: 0.2387, Validation Accuracy: 0.8920
2025-08-11 00:48:28,389 - Rank 5 - Train Loss: 0.2358, Train Accuracy: 0.8934
2025-08-11 00:48:37,347 - Rank 5 - Validation Loss: 0.2375, Validation Accuracy: 0.8921
2025-08-11 00:50:37,248 - Rank 5 - Train Loss: 0.2354, Train Accuracy: 0.8935
2025-08-11 00:50:45,502 - Rank 5 - Validation Loss: 0.2380, Validation Accuracy: 0.8921
2025-08-11 00:52:45,872 - Rank 5 - Train Loss: 0.2347, Train Accuracy: 0.8937
2025-08-11 00:52:54,572 - Rank 5 - Validation Loss: 0.2361, Validation Accuracy: 0.8927
2025-08-11 00:54:55,953 - Rank 5 - Train Loss: 0.2358, Train Accuracy: 0.8932
2025-08-11 00:55:04,761 - Rank 5 - Validation Loss: 0.2374, Validation Accuracy: 0.8922
2025-08-11 00:57:05,136 - Rank 5 - Train Loss: 0.2345, Train Accuracy: 0.8936
2025-08-11 00:57:13,723 - Rank 5 - Validation Loss: 0.2376, Validation Accuracy: 0.8920
2025-08-11 00:59:07,308 - Rank 5 - Train Loss: 0.2337, Train Accuracy: 0.8939
2025-08-11 00:59:15,794 - Rank 5 - Validation Loss: 0.2372, Validation Accuracy: 0.8925
2025-08-11 01:01:15,551 - Rank 5 - Train Loss: 0.2346, Train Accuracy: 0.8936
2025-08-11 01:01:24,150 - Rank 5 - Validation Loss: 0.2375, Validation Accuracy: 0.8924
2025-08-11 01:03:25,438 - Rank 5 - Train Loss: 0.2350, Train Accuracy: 0.8936
2025-08-11 01:03:34,262 - Rank 5 - Validation Loss: 0.2378, Validation Accuracy: 0.8924
2025-08-11 01:05:34,565 - Rank 5 - Train Loss: 0.2347, Train Accuracy: 0.8936
2025-08-11 01:05:42,887 - Rank 5 - Validation Loss: 0.2381, Validation Accuracy: 0.8922
2025-08-11 01:07:43,206 - Rank 5 - Train Loss: 0.2335, Train Accuracy: 0.8942
2025-08-11 01:07:51,744 - Rank 5 - Validation Loss: 0.2389, Validation Accuracy: 0.8920
2025-08-11 01:09:52,237 - Rank 5 - Train Loss: 0.2343, Train Accuracy: 0.8937
2025-08-11 01:10:00,937 - Rank 5 - Validation Loss: 0.2373, Validation Accuracy: 0.8923
2025-08-11 01:12:00,490 - Rank 5 - Train Loss: 0.2342, Train Accuracy: 0.8938
2025-08-11 01:12:09,134 - Rank 5 - Validation Loss: 0.2382, Validation Accuracy: 0.8918
2025-08-11 01:14:01,600 - Rank 5 - Train Loss: 0.2336, Train Accuracy: 0.8940
2025-08-11 01:14:10,190 - Rank 5 - Validation Loss: 0.2370, Validation Accuracy: 0.8925
2025-08-11 01:16:09,230 - Rank 5 - Train Loss: 0.2336, Train Accuracy: 0.8937
2025-08-11 01:16:17,362 - Rank 5 - Validation Loss: 0.2362, Validation Accuracy: 0.8930
2025-08-11 01:18:17,701 - Rank 5 - Train Loss: 0.2342, Train Accuracy: 0.8939
2025-08-11 01:18:26,082 - Rank 5 - Validation Loss: 0.2364, Validation Accuracy: 0.8927
2025-08-11 01:20:26,233 - Rank 5 - Train Loss: 0.2330, Train Accuracy: 0.8944
2025-08-11 01:20:35,229 - Rank 5 - Validation Loss: 0.2365, Validation Accuracy: 0.8924
2025-08-11 01:22:34,355 - Rank 5 - Train Loss: 0.2332, Train Accuracy: 0.8944
2025-08-11 01:22:43,044 - Rank 5 - Validation Loss: 0.2373, Validation Accuracy: 0.8923
2025-08-11 01:24:43,695 - Rank 5 - Train Loss: 0.2326, Train Accuracy: 0.8945
2025-08-11 01:24:51,972 - Rank 5 - Validation Loss: 0.2372, Validation Accuracy: 0.8927
2025-08-11 01:26:50,979 - Rank 5 - Train Loss: 0.2332, Train Accuracy: 0.8943
2025-08-11 01:26:59,204 - Rank 5 - Validation Loss: 0.2364, Validation Accuracy: 0.8926
2025-08-11 01:28:52,494 - Rank 5 - Train Loss: 0.2323, Train Accuracy: 0.8946
2025-08-11 01:29:01,326 - Rank 5 - Validation Loss: 0.2355, Validation Accuracy: 0.8927
2025-08-11 01:31:00,328 - Rank 5 - Train Loss: 0.2312, Train Accuracy: 0.8950
2025-08-11 01:31:08,852 - Rank 5 - Validation Loss: 0.2352, Validation Accuracy: 0.8929
2025-08-11 01:33:07,811 - Rank 5 - Train Loss: 0.2319, Train Accuracy: 0.8946
2025-08-11 01:33:16,495 - Rank 5 - Validation Loss: 0.2369, Validation Accuracy: 0.8926
2025-08-11 01:35:16,153 - Rank 5 - Train Loss: 0.2322, Train Accuracy: 0.8947
2025-08-11 01:35:24,757 - Rank 5 - Validation Loss: 0.2373, Validation Accuracy: 0.8927
2025-08-11 01:37:23,805 - Rank 5 - Train Loss: 0.2322, Train Accuracy: 0.8943
2025-08-11 01:37:32,355 - Rank 5 - Validation Loss: 0.2361, Validation Accuracy: 0.8929
2025-08-11 01:39:32,724 - Rank 5 - Train Loss: 0.2318, Train Accuracy: 0.8948
2025-08-11 01:39:41,475 - Rank 5 - Validation Loss: 0.2368, Validation Accuracy: 0.8926
2025-08-11 01:41:37,872 - Rank 5 - Train Loss: 0.2309, Train Accuracy: 0.8951
2025-08-11 01:41:46,274 - Rank 5 - Validation Loss: 0.2365, Validation Accuracy: 0.8924
2025-08-11 01:43:42,520 - Rank 5 - Train Loss: 0.2317, Train Accuracy: 0.8947
2025-08-11 01:43:51,298 - Rank 5 - Validation Loss: 0.2352, Validation Accuracy: 0.8930
2025-08-11 01:45:50,582 - Rank 5 - Train Loss: 0.2299, Train Accuracy: 0.8954
2025-08-11 01:45:58,909 - Rank 5 - Validation Loss: 0.2376, Validation Accuracy: 0.8925
2025-08-11 01:47:58,000 - Rank 5 - Train Loss: 0.2312, Train Accuracy: 0.8950
2025-08-11 01:48:06,570 - Rank 5 - Validation Loss: 0.2361, Validation Accuracy: 0.8930
2025-08-11 01:50:04,637 - Rank 5 - Train Loss: 0.2302, Train Accuracy: 0.8955
2025-08-11 01:50:13,109 - Rank 5 - Validation Loss: 0.2357, Validation Accuracy: 0.8929
2025-08-11 01:52:11,247 - Rank 5 - Train Loss: 0.2303, Train Accuracy: 0.8952
2025-08-11 01:52:20,155 - Rank 5 - Validation Loss: 0.2354, Validation Accuracy: 0.8927
2025-08-11 01:54:20,010 - Rank 5 - Train Loss: 0.2298, Train Accuracy: 0.8954
2025-08-11 01:54:28,651 - Rank 5 - Validation Loss: 0.2361, Validation Accuracy: 0.8928
2025-08-11 01:56:22,671 - Rank 5 - Train Loss: 0.2306, Train Accuracy: 0.8948
2025-08-11 01:56:31,410 - Rank 5 - Validation Loss: 0.2359, Validation Accuracy: 0.8932
2025-08-11 01:58:29,972 - Rank 5 - Train Loss: 0.2300, Train Accuracy: 0.8954
2025-08-11 01:58:38,659 - Rank 5 - Validation Loss: 0.2345, Validation Accuracy: 0.8932
2025-08-11 02:00:38,952 - Rank 5 - Train Loss: 0.2293, Train Accuracy: 0.8955
2025-08-11 02:00:47,563 - Rank 5 - Validation Loss: 0.2366, Validation Accuracy: 0.8924
2025-08-11 02:02:46,342 - Rank 5 - Train Loss: 0.2297, Train Accuracy: 0.8954
2025-08-11 02:02:54,896 - Rank 5 - Validation Loss: 0.2355, Validation Accuracy: 0.8933
2025-08-11 02:04:55,302 - Rank 5 - Train Loss: 0.2298, Train Accuracy: 0.8956
2025-08-11 02:05:04,098 - Rank 5 - Validation Loss: 0.2349, Validation Accuracy: 0.8934
2025-08-11 02:07:03,593 - Rank 5 - Train Loss: 0.2280, Train Accuracy: 0.8960
2025-08-11 02:07:12,364 - Rank 5 - Validation Loss: 0.2353, Validation Accuracy: 0.8931
2025-08-11 02:09:11,744 - Rank 5 - Train Loss: 0.2296, Train Accuracy: 0.8958
2025-08-11 02:09:20,205 - Rank 5 - Validation Loss: 0.2351, Validation Accuracy: 0.8933
2025-08-11 02:11:12,847 - Rank 5 - Train Loss: 0.2294, Train Accuracy: 0.8956
2025-08-11 02:11:21,409 - Rank 5 - Validation Loss: 0.2345, Validation Accuracy: 0.8936
2025-08-11 02:13:20,765 - Rank 5 - Train Loss: 0.2289, Train Accuracy: 0.8957
2025-08-11 02:13:29,577 - Rank 5 - Validation Loss: 0.2355, Validation Accuracy: 0.8931
2025-08-11 02:15:28,079 - Rank 5 - Train Loss: 0.2292, Train Accuracy: 0.8956
2025-08-11 02:15:36,571 - Rank 5 - Validation Loss: 0.2341, Validation Accuracy: 0.8935
2025-08-11 02:17:36,109 - Rank 5 - Train Loss: 0.2286, Train Accuracy: 0.8959
2025-08-11 02:17:44,466 - Rank 5 - Validation Loss: 0.2350, Validation Accuracy: 0.8934
2025-08-11 02:19:44,782 - Rank 5 - Train Loss: 0.2293, Train Accuracy: 0.8957
2025-08-11 02:19:53,388 - Rank 5 - Validation Loss: 0.2332, Validation Accuracy: 0.8939
2025-08-11 02:21:53,667 - Rank 5 - Train Loss: 0.2287, Train Accuracy: 0.8957
2025-08-11 02:22:02,102 - Rank 5 - Validation Loss: 0.2347, Validation Accuracy: 0.8933
2025-08-11 02:24:02,534 - Rank 5 - Train Loss: 0.2277, Train Accuracy: 0.8963
2025-08-11 02:24:11,044 - Rank 5 - Validation Loss: 0.2345, Validation Accuracy: 0.8933
2025-08-11 02:26:03,500 - Rank 5 - Train Loss: 0.2284, Train Accuracy: 0.8960
2025-08-11 02:26:11,929 - Rank 5 - Validation Loss: 0.2337, Validation Accuracy: 0.8934
2025-08-11 02:28:11,996 - Rank 5 - Train Loss: 0.2279, Train Accuracy: 0.8961
2025-08-11 02:28:20,458 - Rank 5 - Validation Loss: 0.2330, Validation Accuracy: 0.8942
2025-08-11 02:30:19,443 - Rank 5 - Train Loss: 0.2273, Train Accuracy: 0.8965
2025-08-11 02:30:28,006 - Rank 5 - Validation Loss: 0.2341, Validation Accuracy: 0.8938
2025-08-11 02:32:27,434 - Rank 5 - Train Loss: 0.2285, Train Accuracy: 0.8961
2025-08-11 02:32:36,368 - Rank 5 - Validation Loss: 0.2340, Validation Accuracy: 0.8939
2025-08-11 02:34:35,935 - Rank 5 - Train Loss: 0.2269, Train Accuracy: 0.8967
2025-08-11 02:34:44,243 - Rank 5 - Validation Loss: 0.2345, Validation Accuracy: 0.8933
2025-08-11 02:36:44,978 - Rank 5 - Train Loss: 0.2285, Train Accuracy: 0.8959
2025-08-11 02:36:53,799 - Rank 5 - Validation Loss: 0.2347, Validation Accuracy: 0.8936
2025-08-11 02:38:53,477 - Rank 5 - Train Loss: 0.2262, Train Accuracy: 0.8969
2025-08-11 02:39:02,408 - Rank 5 - Validation Loss: 0.2342, Validation Accuracy: 0.8937
2025-08-11 02:40:55,208 - Rank 5 - Train Loss: 0.2279, Train Accuracy: 0.8963
2025-08-11 02:41:04,131 - Rank 5 - Validation Loss: 0.2347, Validation Accuracy: 0.8933
2025-08-11 02:43:03,403 - Rank 5 - Train Loss: 0.2263, Train Accuracy: 0.8968
2025-08-11 02:43:11,600 - Rank 5 - Validation Loss: 0.2347, Validation Accuracy: 0.8938
2025-08-11 02:45:10,956 - Rank 5 - Train Loss: 0.2263, Train Accuracy: 0.8967
2025-08-11 02:45:19,458 - Rank 5 - Validation Loss: 0.2344, Validation Accuracy: 0.8936
2025-08-11 02:47:18,882 - Rank 5 - Train Loss: 0.2269, Train Accuracy: 0.8965
2025-08-11 02:47:27,620 - Rank 5 - Validation Loss: 0.2339, Validation Accuracy: 0.8937
2025-08-11 02:49:27,130 - Rank 5 - Train Loss: 0.2263, Train Accuracy: 0.8965
2025-08-11 02:49:35,797 - Rank 5 - Validation Loss: 0.2349, Validation Accuracy: 0.8935
2025-08-11 02:51:35,136 - Rank 5 - Train Loss: 0.2255, Train Accuracy: 0.8971
2025-08-11 02:51:43,414 - Rank 5 - Validation Loss: 0.2326, Validation Accuracy: 0.8942
2025-08-11 02:53:43,317 - Rank 5 - Train Loss: 0.2251, Train Accuracy: 0.8974
2025-08-11 02:53:52,559 - Rank 5 - Validation Loss: 0.2348, Validation Accuracy: 0.8933
2025-08-11 02:55:46,177 - Rank 5 - Train Loss: 0.2263, Train Accuracy: 0.8965
2025-08-11 02:55:54,826 - Rank 5 - Validation Loss: 0.2336, Validation Accuracy: 0.8937
2025-08-11 02:57:55,077 - Rank 5 - Train Loss: 0.2251, Train Accuracy: 0.8973
2025-08-11 02:58:03,720 - Rank 5 - Validation Loss: 0.2335, Validation Accuracy: 0.8941
2025-08-11 03:00:03,265 - Rank 5 - Train Loss: 0.2251, Train Accuracy: 0.8972
2025-08-11 03:00:11,450 - Rank 5 - Validation Loss: 0.2330, Validation Accuracy: 0.8938
2025-08-11 03:02:13,645 - Rank 5 - Train Loss: 0.2247, Train Accuracy: 0.8971
2025-08-11 03:02:21,975 - Rank 5 - Validation Loss: 0.2343, Validation Accuracy: 0.8937
2025-08-11 03:04:23,122 - Rank 5 - Train Loss: 0.2258, Train Accuracy: 0.8970
2025-08-11 03:04:31,644 - Rank 5 - Validation Loss: 0.2328, Validation Accuracy: 0.8938
2025-08-11 03:06:32,675 - Rank 5 - Train Loss: 0.2251, Train Accuracy: 0.8971
2025-08-11 03:06:41,865 - Rank 5 - Validation Loss: 0.2358, Validation Accuracy: 0.8930
2025-08-11 03:08:35,972 - Rank 5 - Train Loss: 0.2264, Train Accuracy: 0.8968
2025-08-11 03:08:44,478 - Rank 5 - Validation Loss: 0.2334, Validation Accuracy: 0.8938
2025-08-11 03:10:43,562 - Rank 5 - Train Loss: 0.2247, Train Accuracy: 0.8974
2025-08-11 03:10:52,238 - Rank 5 - Validation Loss: 0.2326, Validation Accuracy: 0.8943
2025-08-11 03:12:51,884 - Rank 5 - Train Loss: 0.2248, Train Accuracy: 0.8969
2025-08-11 03:13:00,755 - Rank 5 - Validation Loss: 0.2331, Validation Accuracy: 0.8941
2025-08-11 03:15:00,353 - Rank 5 - Train Loss: 0.2239, Train Accuracy: 0.8974
2025-08-11 03:15:09,195 - Rank 5 - Validation Loss: 0.2317, Validation Accuracy: 0.8943
2025-08-11 03:17:08,279 - Rank 5 - Train Loss: 0.2254, Train Accuracy: 0.8973
2025-08-11 03:17:17,013 - Rank 5 - Validation Loss: 0.2326, Validation Accuracy: 0.8944
2025-08-11 03:19:17,295 - Rank 5 - Train Loss: 0.2245, Train Accuracy: 0.8972
2025-08-11 03:19:25,972 - Rank 5 - Validation Loss: 0.2326, Validation Accuracy: 0.8943
2025-08-11 03:21:26,976 - Rank 5 - Train Loss: 0.2240, Train Accuracy: 0.8977
2025-08-11 03:21:35,907 - Rank 5 - Validation Loss: 0.2328, Validation Accuracy: 0.8940
2025-08-11 03:23:28,451 - Rank 5 - Train Loss: 0.2254, Train Accuracy: 0.8973
2025-08-11 03:23:36,830 - Rank 5 - Validation Loss: 0.2324, Validation Accuracy: 0.8943
2025-08-11 03:25:37,338 - Rank 5 - Train Loss: 0.2235, Train Accuracy: 0.8977
2025-08-11 03:25:45,925 - Rank 5 - Validation Loss: 0.2340, Validation Accuracy: 0.8939
2025-08-11 03:27:45,297 - Rank 5 - Train Loss: 0.2232, Train Accuracy: 0.8978
2025-08-11 03:27:53,418 - Rank 5 - Validation Loss: 0.2339, Validation Accuracy: 0.8936
2025-08-11 03:29:54,186 - Rank 5 - Train Loss: 0.2241, Train Accuracy: 0.8972
2025-08-11 03:30:02,771 - Rank 5 - Validation Loss: 0.2335, Validation Accuracy: 0.8940
2025-08-11 03:32:02,297 - Rank 5 - Train Loss: 0.2244, Train Accuracy: 0.8973
2025-08-11 03:32:11,121 - Rank 5 - Validation Loss: 0.2318, Validation Accuracy: 0.8944
2025-08-11 03:34:11,169 - Rank 5 - Train Loss: 0.2227, Train Accuracy: 0.8981
2025-08-11 03:34:20,292 - Rank 5 - Validation Loss: 0.2323, Validation Accuracy: 0.8945
2025-08-11 03:36:19,761 - Rank 5 - Train Loss: 0.2233, Train Accuracy: 0.8980
2025-08-11 03:36:28,506 - Rank 5 - Validation Loss: 0.2331, Validation Accuracy: 0.8943
2025-08-11 03:38:14,470 - Rank 5 - Train Loss: 0.2238, Train Accuracy: 0.8975
2025-08-11 03:38:22,956 - Rank 5 - Validation Loss: 0.2334, Validation Accuracy: 0.8941
2025-08-11 03:40:00,048 - Rank 5 - Train Loss: 0.2235, Train Accuracy: 0.8977
2025-08-11 03:40:08,267 - Rank 5 - Validation Loss: 0.2328, Validation Accuracy: 0.8943
2025-08-11 03:41:40,594 - Rank 5 - Train Loss: 0.2233, Train Accuracy: 0.8979
2025-08-11 03:41:49,277 - Rank 5 - Validation Loss: 0.2327, Validation Accuracy: 0.8941
2025-08-11 03:43:21,960 - Rank 5 - Train Loss: 0.2226, Train Accuracy: 0.8981
2025-08-11 03:43:30,156 - Rank 5 - Validation Loss: 0.2327, Validation Accuracy: 0.8944
2025-08-11 03:45:02,372 - Rank 5 - Train Loss: 0.2222, Train Accuracy: 0.8982
2025-08-11 03:45:11,083 - Rank 5 - Validation Loss: 0.2346, Validation Accuracy: 0.8938
2025-08-11 03:46:42,850 - Rank 5 - Train Loss: 0.2233, Train Accuracy: 0.8978
2025-08-11 03:46:51,654 - Rank 5 - Validation Loss: 0.2326, Validation Accuracy: 0.8942
2025-08-11 03:48:24,009 - Rank 5 - Train Loss: 0.2215, Train Accuracy: 0.8985
2025-08-11 03:48:32,951 - Rank 5 - Validation Loss: 0.2322, Validation Accuracy: 0.8948
2025-08-11 03:50:18,778 - Rank 5 - Train Loss: 0.2235, Train Accuracy: 0.8979
2025-08-11 03:50:27,551 - Rank 5 - Validation Loss: 0.2316, Validation Accuracy: 0.8945
2025-08-11 03:52:17,901 - Rank 5 - Train Loss: 0.2205, Train Accuracy: 0.8989
2025-08-11 03:52:26,385 - Rank 5 - Validation Loss: 0.2321, Validation Accuracy: 0.8941
2025-08-11 03:54:25,383 - Rank 5 - Train Loss: 0.2220, Train Accuracy: 0.8984
2025-08-11 03:54:33,784 - Rank 5 - Validation Loss: 0.2327, Validation Accuracy: 0.8945
2025-08-11 05:11:50,498 - Rank 5 - Starting training
2025-08-11 05:12:12,888 - Rank 5 - No checkpoint found at checkpoints_dummy/macformer_checkpoint.pth, starting from scratch
2025-08-11 05:13:47,406 - Rank 5 - Train Loss: 1.6545, Train Accuracy: 0.4875
2025-08-11 05:14:18,377 - Rank 5 - Starting training
2025-08-11 05:14:40,062 - Rank 5 - No checkpoint found at checkpoints_dummy/macformer_checkpoint.pth, starting from scratch
2025-08-11 05:26:56,383 - Rank 5 - Starting training
2025-08-11 05:27:10,731 - Rank 5 - No checkpoint found at checkpoints_dummy/macformer_checkpoint.pth, starting from scratch
