2025-08-10 06:44:21,781 - Rank 4 - Starting training on rank 4
2025-08-10 06:58:59,511 - Rank 4 - Starting training
2025-08-10 06:59:20,065 - Rank 4 - No checkpoint found at checkpoints/macformer_checkpoint.pth, starting from scratch
2025-08-10 07:01:53,033 - Rank 4 - Train Loss: 1.6560, Train Accuracy: 0.4866
2025-08-10 07:02:05,247 - Rank 4 - Validation Loss: 1.3358, Validation Accuracy: 0.5517
2025-08-10 07:04:16,254 - Rank 4 - Starting training
2025-08-10 07:04:37,725 - Rank 4 - No checkpoint found at checkpoints/macformer_checkpoint.pth, starting from scratch
2025-08-10 07:06:58,016 - Rank 4 - Train Loss: 1.6560, Train Accuracy: 0.4866
2025-08-10 07:07:07,259 - Rank 4 - Validation Loss: 1.3360, Validation Accuracy: 0.5517
2025-08-10 07:09:22,889 - Rank 4 - Train Loss: 1.2912, Train Accuracy: 0.5600
2025-08-10 07:09:34,354 - Rank 4 - Validation Loss: 1.2122, Validation Accuracy: 0.5784
2025-08-10 07:12:04,854 - Rank 4 - Train Loss: 1.1877, Train Accuracy: 0.5858
2025-08-10 07:12:16,009 - Rank 4 - Validation Loss: 1.1443, Validation Accuracy: 0.5976
2025-08-10 07:14:45,592 - Rank 4 - Train Loss: 1.1248, Train Accuracy: 0.6024
2025-08-10 07:14:56,150 - Rank 4 - Validation Loss: 1.0883, Validation Accuracy: 0.6124
2025-08-10 07:17:26,312 - Rank 4 - Train Loss: 1.0731, Train Accuracy: 0.6165
2025-08-10 07:17:38,079 - Rank 4 - Validation Loss: 1.0279, Validation Accuracy: 0.6298
2025-08-10 07:20:10,866 - Rank 4 - Train Loss: 1.0343, Train Accuracy: 0.6269
2025-08-10 07:20:22,974 - Rank 4 - Validation Loss: 0.9939, Validation Accuracy: 0.6396
2025-08-10 07:23:00,469 - Rank 4 - Train Loss: 0.9965, Train Accuracy: 0.6381
2025-08-10 07:23:14,865 - Rank 4 - Validation Loss: 0.9503, Validation Accuracy: 0.6525
2025-08-10 07:26:16,575 - Rank 4 - Train Loss: 0.9644, Train Accuracy: 0.6469
2025-08-10 07:26:30,688 - Rank 4 - Validation Loss: 0.9205, Validation Accuracy: 0.6627
2025-08-10 07:29:30,749 - Rank 4 - Train Loss: 0.9393, Train Accuracy: 0.6550
2025-08-10 07:29:45,130 - Rank 4 - Validation Loss: 0.8876, Validation Accuracy: 0.6731
2025-08-10 07:32:29,073 - Rank 4 - Train Loss: 0.9165, Train Accuracy: 0.6622
2025-08-10 07:32:38,977 - Rank 4 - Validation Loss: 0.8918, Validation Accuracy: 0.6716
2025-08-10 07:34:47,494 - Rank 4 - Train Loss: 0.8967, Train Accuracy: 0.6684
2025-08-10 07:34:57,719 - Rank 4 - Validation Loss: 0.8576, Validation Accuracy: 0.6832
2025-08-10 07:37:04,035 - Rank 4 - Train Loss: 0.8759, Train Accuracy: 0.6746
2025-08-10 07:37:14,444 - Rank 4 - Validation Loss: 0.8237, Validation Accuracy: 0.6931
2025-08-10 07:39:20,767 - Rank 4 - Train Loss: 0.8570, Train Accuracy: 0.6809
2025-08-10 07:39:31,269 - Rank 4 - Validation Loss: 0.8406, Validation Accuracy: 0.6910
2025-08-10 07:41:37,015 - Rank 4 - Train Loss: 0.8397, Train Accuracy: 0.6863
2025-08-10 07:41:46,665 - Rank 4 - Validation Loss: 0.7904, Validation Accuracy: 0.7052
2025-08-10 07:43:52,431 - Rank 4 - Train Loss: 0.8248, Train Accuracy: 0.6916
2025-08-10 07:44:03,043 - Rank 4 - Validation Loss: 0.7665, Validation Accuracy: 0.7126
2025-08-10 07:46:15,987 - Rank 4 - Train Loss: 0.8097, Train Accuracy: 0.6966
2025-08-10 07:46:30,485 - Rank 4 - Validation Loss: 0.7656, Validation Accuracy: 0.7142
2025-08-10 07:49:41,676 - Rank 4 - Train Loss: 0.7976, Train Accuracy: 0.7007
2025-08-10 07:49:59,124 - Rank 4 - Validation Loss: 0.7464, Validation Accuracy: 0.7202
2025-08-10 07:53:30,818 - Rank 4 - Train Loss: 0.7866, Train Accuracy: 0.7038
2025-08-10 07:53:47,670 - Rank 4 - Validation Loss: 0.7251, Validation Accuracy: 0.7268
2025-08-10 07:56:56,606 - Rank 4 - Train Loss: 0.7718, Train Accuracy: 0.7090
2025-08-10 07:57:09,923 - Rank 4 - Validation Loss: 0.7154, Validation Accuracy: 0.7299
2025-08-10 07:59:17,735 - Rank 4 - Train Loss: 0.7585, Train Accuracy: 0.7133
2025-08-10 07:59:26,076 - Rank 4 - Validation Loss: 0.6967, Validation Accuracy: 0.7364
2025-08-10 08:01:23,775 - Rank 4 - Train Loss: 0.7475, Train Accuracy: 0.7173
2025-08-10 08:01:31,845 - Rank 4 - Validation Loss: 0.6999, Validation Accuracy: 0.7350
2025-08-10 08:03:31,364 - Rank 4 - Train Loss: 0.7398, Train Accuracy: 0.7194
2025-08-10 08:03:39,492 - Rank 4 - Validation Loss: 0.6850, Validation Accuracy: 0.7394
2025-08-10 08:05:38,112 - Rank 4 - Train Loss: 0.7277, Train Accuracy: 0.7239
2025-08-10 08:05:45,997 - Rank 4 - Validation Loss: 0.6750, Validation Accuracy: 0.7432
2025-08-10 08:07:45,489 - Rank 4 - Train Loss: 0.7190, Train Accuracy: 0.7265
2025-08-10 08:07:53,604 - Rank 4 - Validation Loss: 0.6719, Validation Accuracy: 0.7452
2025-08-10 08:09:53,369 - Rank 4 - Train Loss: 0.7113, Train Accuracy: 0.7295
2025-08-10 08:10:01,439 - Rank 4 - Validation Loss: 0.6720, Validation Accuracy: 0.7458
2025-08-10 08:12:00,381 - Rank 4 - Train Loss: 0.7016, Train Accuracy: 0.7325
2025-08-10 08:12:08,441 - Rank 4 - Validation Loss: 0.6396, Validation Accuracy: 0.7555
2025-08-10 08:14:02,769 - Rank 4 - Train Loss: 0.6923, Train Accuracy: 0.7356
2025-08-10 08:14:10,745 - Rank 4 - Validation Loss: 0.6356, Validation Accuracy: 0.7562
2025-08-10 08:16:09,798 - Rank 4 - Train Loss: 0.6854, Train Accuracy: 0.7380
2025-08-10 08:16:18,398 - Rank 4 - Validation Loss: 0.6314, Validation Accuracy: 0.7580
2025-08-10 08:18:15,464 - Rank 4 - Train Loss: 0.6760, Train Accuracy: 0.7411
2025-08-10 08:18:23,663 - Rank 4 - Validation Loss: 0.6238, Validation Accuracy: 0.7605
2025-08-10 08:20:23,300 - Rank 4 - Train Loss: 0.6713, Train Accuracy: 0.7427
2025-08-10 08:20:31,308 - Rank 4 - Validation Loss: 0.6125, Validation Accuracy: 0.7645
2025-08-10 08:22:30,471 - Rank 4 - Train Loss: 0.6620, Train Accuracy: 0.7457
2025-08-10 08:22:38,241 - Rank 4 - Validation Loss: 0.6089, Validation Accuracy: 0.7651
2025-08-10 08:24:42,077 - Rank 4 - Train Loss: 0.6559, Train Accuracy: 0.7481
2025-08-10 08:24:52,100 - Rank 4 - Validation Loss: 0.5988, Validation Accuracy: 0.7685
2025-08-10 08:26:58,279 - Rank 4 - Train Loss: 0.6511, Train Accuracy: 0.7497
2025-08-10 08:27:07,870 - Rank 4 - Validation Loss: 0.5970, Validation Accuracy: 0.7691
2025-08-10 08:29:10,470 - Rank 4 - Train Loss: 0.6407, Train Accuracy: 0.7530
2025-08-10 08:29:20,129 - Rank 4 - Validation Loss: 0.5869, Validation Accuracy: 0.7726
2025-08-10 08:31:23,819 - Rank 4 - Train Loss: 0.6374, Train Accuracy: 0.7541
2025-08-10 08:31:33,186 - Rank 4 - Validation Loss: 0.5897, Validation Accuracy: 0.7706
2025-08-10 08:33:40,667 - Rank 4 - Train Loss: 0.6299, Train Accuracy: 0.7565
2025-08-10 08:33:50,284 - Rank 4 - Validation Loss: 0.5629, Validation Accuracy: 0.7810
2025-08-10 08:35:56,422 - Rank 4 - Train Loss: 0.6231, Train Accuracy: 0.7587
2025-08-10 08:36:06,012 - Rank 4 - Validation Loss: 0.5638, Validation Accuracy: 0.7802
2025-08-10 08:38:12,973 - Rank 4 - Train Loss: 0.6163, Train Accuracy: 0.7611
2025-08-10 08:38:22,382 - Rank 4 - Validation Loss: 0.5696, Validation Accuracy: 0.7772
2025-08-10 08:40:28,430 - Rank 4 - Train Loss: 0.6127, Train Accuracy: 0.7618
2025-08-10 08:40:37,926 - Rank 4 - Validation Loss: 0.5544, Validation Accuracy: 0.7838
2025-08-10 08:42:46,380 - Rank 4 - Train Loss: 0.6063, Train Accuracy: 0.7644
2025-08-10 08:42:54,130 - Rank 4 - Validation Loss: 0.5483, Validation Accuracy: 0.7851
2025-08-10 08:44:49,459 - Rank 4 - Train Loss: 0.6044, Train Accuracy: 0.7648
2025-08-10 08:44:57,993 - Rank 4 - Validation Loss: 0.5502, Validation Accuracy: 0.7852
2025-08-10 08:46:56,887 - Rank 4 - Train Loss: 0.5952, Train Accuracy: 0.7680
2025-08-10 08:47:04,832 - Rank 4 - Validation Loss: 0.5424, Validation Accuracy: 0.7871
2025-08-10 08:49:05,229 - Rank 4 - Train Loss: 0.5937, Train Accuracy: 0.7684
2025-08-10 08:49:15,176 - Rank 4 - Validation Loss: 0.5371, Validation Accuracy: 0.7892
2025-08-10 08:51:20,025 - Rank 4 - Train Loss: 0.5893, Train Accuracy: 0.7701
2025-08-10 08:51:29,340 - Rank 4 - Validation Loss: 0.5328, Validation Accuracy: 0.7905
2025-08-10 08:53:43,375 - Rank 4 - Train Loss: 0.5865, Train Accuracy: 0.7710
2025-08-10 08:53:53,020 - Rank 4 - Validation Loss: 0.5329, Validation Accuracy: 0.7903
2025-08-10 08:55:59,316 - Rank 4 - Train Loss: 0.5814, Train Accuracy: 0.7728
2025-08-10 08:56:08,985 - Rank 4 - Validation Loss: 0.5319, Validation Accuracy: 0.7904
2025-08-10 08:58:40,950 - Rank 4 - Train Loss: 0.5752, Train Accuracy: 0.7743
2025-08-10 08:58:53,594 - Rank 4 - Validation Loss: 0.5162, Validation Accuracy: 0.7966
2025-08-10 09:00:58,793 - Rank 4 - Train Loss: 0.5733, Train Accuracy: 0.7751
2025-08-10 09:01:08,070 - Rank 4 - Validation Loss: 0.5123, Validation Accuracy: 0.7973
2025-08-10 09:03:15,078 - Rank 4 - Train Loss: 0.5662, Train Accuracy: 0.7782
2025-08-10 09:03:24,269 - Rank 4 - Validation Loss: 0.5065, Validation Accuracy: 0.7998
2025-08-10 09:05:28,242 - Rank 4 - Train Loss: 0.5612, Train Accuracy: 0.7796
2025-08-10 09:05:37,060 - Rank 4 - Validation Loss: 0.5040, Validation Accuracy: 0.8001
2025-08-10 09:07:43,346 - Rank 4 - Train Loss: 0.5568, Train Accuracy: 0.7812
2025-08-10 09:07:53,143 - Rank 4 - Validation Loss: 0.5029, Validation Accuracy: 0.8004
2025-08-10 09:09:56,971 - Rank 4 - Train Loss: 0.5572, Train Accuracy: 0.7814
2025-08-10 09:10:06,713 - Rank 4 - Validation Loss: 0.4978, Validation Accuracy: 0.8022
2025-08-10 09:12:11,771 - Rank 4 - Train Loss: 0.5530, Train Accuracy: 0.7821
2025-08-10 09:12:21,736 - Rank 4 - Validation Loss: 0.5001, Validation Accuracy: 0.8015
2025-08-10 09:14:23,058 - Rank 4 - Train Loss: 0.5497, Train Accuracy: 0.7836
2025-08-10 09:14:32,505 - Rank 4 - Validation Loss: 0.4969, Validation Accuracy: 0.8023
2025-08-10 09:16:36,989 - Rank 4 - Train Loss: 0.5444, Train Accuracy: 0.7852
2025-08-10 09:16:47,201 - Rank 4 - Validation Loss: 0.4967, Validation Accuracy: 0.8023
2025-08-10 09:18:52,880 - Rank 4 - Train Loss: 0.5418, Train Accuracy: 0.7860
2025-08-10 09:19:02,978 - Rank 4 - Validation Loss: 0.4815, Validation Accuracy: 0.8084
2025-08-10 09:21:09,093 - Rank 4 - Train Loss: 0.5381, Train Accuracy: 0.7872
2025-08-10 09:21:18,744 - Rank 4 - Validation Loss: 0.4872, Validation Accuracy: 0.8060
2025-08-10 09:23:53,621 - Rank 4 - Train Loss: 0.5342, Train Accuracy: 0.7885
2025-08-10 09:24:07,160 - Rank 4 - Validation Loss: 0.4823, Validation Accuracy: 0.8076
2025-08-10 09:26:40,645 - Rank 4 - Train Loss: 0.5300, Train Accuracy: 0.7902
2025-08-10 09:26:53,405 - Rank 4 - Validation Loss: 0.4784, Validation Accuracy: 0.8084
2025-08-10 09:29:28,182 - Rank 4 - Train Loss: 0.5295, Train Accuracy: 0.7903
2025-08-10 09:29:41,253 - Rank 4 - Validation Loss: 0.4976, Validation Accuracy: 0.8013
2025-08-10 09:32:01,676 - Rank 4 - Train Loss: 0.5248, Train Accuracy: 0.7921
2025-08-10 09:32:09,476 - Rank 4 - Validation Loss: 0.4705, Validation Accuracy: 0.8115
2025-08-10 09:34:08,768 - Rank 4 - Train Loss: 0.5208, Train Accuracy: 0.7934
2025-08-10 09:34:16,737 - Rank 4 - Validation Loss: 0.4810, Validation Accuracy: 0.8075
2025-08-10 09:36:15,392 - Rank 4 - Train Loss: 0.5191, Train Accuracy: 0.7938
2025-08-10 09:36:23,788 - Rank 4 - Validation Loss: 0.4608, Validation Accuracy: 0.8153
2025-08-10 09:38:23,811 - Rank 4 - Train Loss: 0.5150, Train Accuracy: 0.7955
2025-08-10 09:38:31,855 - Rank 4 - Validation Loss: 0.4675, Validation Accuracy: 0.8126
2025-08-10 09:40:32,453 - Rank 4 - Train Loss: 0.5128, Train Accuracy: 0.7958
2025-08-10 09:40:40,268 - Rank 4 - Validation Loss: 0.4583, Validation Accuracy: 0.8160
2025-08-10 09:42:32,243 - Rank 4 - Train Loss: 0.5118, Train Accuracy: 0.7966
2025-08-10 09:42:40,312 - Rank 4 - Validation Loss: 0.4527, Validation Accuracy: 0.8177
2025-08-10 09:44:38,827 - Rank 4 - Train Loss: 0.5095, Train Accuracy: 0.7974
2025-08-10 09:44:46,892 - Rank 4 - Validation Loss: 0.4518, Validation Accuracy: 0.8182
2025-08-10 09:46:46,366 - Rank 4 - Train Loss: 0.5038, Train Accuracy: 0.7994
2025-08-10 09:46:55,138 - Rank 4 - Validation Loss: 0.4524, Validation Accuracy: 0.8181
2025-08-10 09:48:54,748 - Rank 4 - Train Loss: 0.5027, Train Accuracy: 0.7999
2025-08-10 09:49:02,612 - Rank 4 - Validation Loss: 0.4489, Validation Accuracy: 0.8192
2025-08-10 09:51:01,610 - Rank 4 - Train Loss: 0.5009, Train Accuracy: 0.8002
2025-08-10 09:51:08,033 - Rank 4 - Validation Loss: 0.4493, Validation Accuracy: 0.8185
2025-08-10 09:53:07,558 - Rank 4 - Train Loss: 0.4954, Train Accuracy: 0.8020
2025-08-10 09:53:15,796 - Rank 4 - Validation Loss: 0.4448, Validation Accuracy: 0.8205
2025-08-10 09:55:15,954 - Rank 4 - Train Loss: 0.4955, Train Accuracy: 0.8022
2025-08-10 09:55:23,901 - Rank 4 - Validation Loss: 0.4407, Validation Accuracy: 0.8224
2025-08-10 09:57:18,199 - Rank 4 - Train Loss: 0.4904, Train Accuracy: 0.8035
2025-08-10 09:57:26,084 - Rank 4 - Validation Loss: 0.4389, Validation Accuracy: 0.8226
2025-08-10 09:59:26,427 - Rank 4 - Train Loss: 0.4909, Train Accuracy: 0.8036
2025-08-10 09:59:34,639 - Rank 4 - Validation Loss: 0.4379, Validation Accuracy: 0.8229
2025-08-10 10:01:32,960 - Rank 4 - Train Loss: 0.4860, Train Accuracy: 0.8052
2025-08-10 10:01:42,031 - Rank 4 - Validation Loss: 0.4330, Validation Accuracy: 0.8248
2025-08-10 10:03:40,770 - Rank 4 - Train Loss: 0.4834, Train Accuracy: 0.8064
2025-08-10 10:03:48,060 - Rank 4 - Validation Loss: 0.4393, Validation Accuracy: 0.8220
2025-08-10 10:05:48,890 - Rank 4 - Train Loss: 0.4828, Train Accuracy: 0.8063
2025-08-10 10:05:57,704 - Rank 4 - Validation Loss: 0.4277, Validation Accuracy: 0.8266
2025-08-10 10:07:57,170 - Rank 4 - Train Loss: 0.4794, Train Accuracy: 0.8075
2025-08-10 10:08:05,400 - Rank 4 - Validation Loss: 0.4288, Validation Accuracy: 0.8258
2025-08-10 10:10:02,975 - Rank 4 - Train Loss: 0.4784, Train Accuracy: 0.8081
2025-08-10 10:10:11,851 - Rank 4 - Validation Loss: 0.4259, Validation Accuracy: 0.8271
2025-08-10 10:12:05,164 - Rank 4 - Train Loss: 0.4764, Train Accuracy: 0.8083
2025-08-10 10:12:13,616 - Rank 4 - Validation Loss: 0.4312, Validation Accuracy: 0.8252
2025-08-10 10:14:16,085 - Rank 4 - Train Loss: 0.4743, Train Accuracy: 0.8094
2025-08-10 10:14:24,671 - Rank 4 - Validation Loss: 0.4222, Validation Accuracy: 0.8282
2025-08-10 10:16:23,204 - Rank 4 - Train Loss: 0.4738, Train Accuracy: 0.8095
2025-08-10 10:16:31,173 - Rank 4 - Validation Loss: 0.4205, Validation Accuracy: 0.8287
2025-08-10 10:18:30,595 - Rank 4 - Train Loss: 0.4695, Train Accuracy: 0.8110
2025-08-10 10:18:38,681 - Rank 4 - Validation Loss: 0.4151, Validation Accuracy: 0.8313
2025-08-10 10:20:38,139 - Rank 4 - Train Loss: 0.4668, Train Accuracy: 0.8118
2025-08-10 10:20:46,856 - Rank 4 - Validation Loss: 0.4150, Validation Accuracy: 0.8310
2025-08-10 10:22:46,551 - Rank 4 - Train Loss: 0.4655, Train Accuracy: 0.8124
2025-08-10 10:22:54,650 - Rank 4 - Validation Loss: 0.4138, Validation Accuracy: 0.8315
2025-08-10 10:24:49,751 - Rank 4 - Train Loss: 0.4631, Train Accuracy: 0.8133
2025-08-10 10:24:59,454 - Rank 4 - Validation Loss: 0.4110, Validation Accuracy: 0.8329
2025-08-10 10:26:57,103 - Rank 4 - Train Loss: 0.4615, Train Accuracy: 0.8139
2025-08-10 10:27:05,781 - Rank 4 - Validation Loss: 0.4118, Validation Accuracy: 0.8322
2025-08-10 10:29:05,354 - Rank 4 - Train Loss: 0.4609, Train Accuracy: 0.8141
2025-08-10 10:29:13,194 - Rank 4 - Validation Loss: 0.4085, Validation Accuracy: 0.8339
2025-08-10 10:31:13,903 - Rank 4 - Train Loss: 0.4577, Train Accuracy: 0.8147
2025-08-10 10:31:21,858 - Rank 4 - Validation Loss: 0.4070, Validation Accuracy: 0.8342
2025-08-10 10:33:21,537 - Rank 4 - Train Loss: 0.4548, Train Accuracy: 0.8161
2025-08-10 10:33:29,938 - Rank 4 - Validation Loss: 0.4065, Validation Accuracy: 0.8342
2025-08-10 10:35:28,568 - Rank 4 - Train Loss: 0.4553, Train Accuracy: 0.8163
2025-08-10 10:35:37,288 - Rank 4 - Validation Loss: 0.4034, Validation Accuracy: 0.8354
2025-08-10 10:37:36,508 - Rank 4 - Train Loss: 0.4512, Train Accuracy: 0.8173
2025-08-10 10:37:44,127 - Rank 4 - Validation Loss: 0.4001, Validation Accuracy: 0.8366
2025-08-10 10:39:44,286 - Rank 4 - Train Loss: 0.4494, Train Accuracy: 0.8180
2025-08-10 10:39:55,041 - Rank 4 - Validation Loss: 0.3979, Validation Accuracy: 0.8369
2025-08-10 10:42:26,093 - Rank 4 - Train Loss: 0.4477, Train Accuracy: 0.8188
2025-08-10 10:42:38,512 - Rank 4 - Validation Loss: 0.4007, Validation Accuracy: 0.8360
2025-08-10 10:45:14,425 - Rank 4 - Train Loss: 0.4470, Train Accuracy: 0.8190
2025-08-10 10:45:28,009 - Rank 4 - Validation Loss: 0.3974, Validation Accuracy: 0.8369
2025-08-10 10:48:05,807 - Rank 4 - Train Loss: 0.4447, Train Accuracy: 0.8197
2025-08-10 10:48:18,825 - Rank 4 - Validation Loss: 0.3940, Validation Accuracy: 0.8384
2025-08-10 10:50:25,572 - Rank 4 - Train Loss: 0.4424, Train Accuracy: 0.8205
2025-08-10 10:50:34,031 - Rank 4 - Validation Loss: 0.3920, Validation Accuracy: 0.8392
2025-08-10 10:52:32,238 - Rank 4 - Train Loss: 0.4403, Train Accuracy: 0.8210
2025-08-10 10:52:40,734 - Rank 4 - Validation Loss: 0.3944, Validation Accuracy: 0.8379
2025-08-10 10:54:33,224 - Rank 4 - Train Loss: 0.4412, Train Accuracy: 0.8209
2025-08-10 10:54:42,011 - Rank 4 - Validation Loss: 0.3932, Validation Accuracy: 0.8385
2025-08-10 10:56:39,710 - Rank 4 - Train Loss: 0.4375, Train Accuracy: 0.8220
2025-08-10 10:56:48,264 - Rank 4 - Validation Loss: 0.3909, Validation Accuracy: 0.8395
2025-08-10 10:58:47,809 - Rank 4 - Train Loss: 0.4344, Train Accuracy: 0.8234
2025-08-10 10:58:56,168 - Rank 4 - Validation Loss: 0.3896, Validation Accuracy: 0.8400
2025-08-10 11:00:55,947 - Rank 4 - Train Loss: 0.4351, Train Accuracy: 0.8230
2025-08-10 11:01:03,887 - Rank 4 - Validation Loss: 0.3871, Validation Accuracy: 0.8407
2025-08-10 11:03:03,705 - Rank 4 - Train Loss: 0.4329, Train Accuracy: 0.8237
2025-08-10 11:03:11,718 - Rank 4 - Validation Loss: 0.3946, Validation Accuracy: 0.8377
2025-08-10 11:05:10,814 - Rank 4 - Train Loss: 0.4296, Train Accuracy: 0.8252
2025-08-10 11:05:19,220 - Rank 4 - Validation Loss: 0.3843, Validation Accuracy: 0.8417
2025-08-10 11:07:17,188 - Rank 4 - Train Loss: 0.4291, Train Accuracy: 0.8250
2025-08-10 11:07:25,263 - Rank 4 - Validation Loss: 0.3815, Validation Accuracy: 0.8428
2025-08-10 11:09:16,412 - Rank 4 - Train Loss: 0.4285, Train Accuracy: 0.8254
2025-08-10 11:09:24,620 - Rank 4 - Validation Loss: 0.3857, Validation Accuracy: 0.8409
2025-08-10 11:11:23,656 - Rank 4 - Train Loss: 0.4272, Train Accuracy: 0.8258
2025-08-10 11:11:32,259 - Rank 4 - Validation Loss: 0.3779, Validation Accuracy: 0.8437
2025-08-10 11:13:30,970 - Rank 4 - Train Loss: 0.4236, Train Accuracy: 0.8270
2025-08-10 11:13:39,685 - Rank 4 - Validation Loss: 0.3771, Validation Accuracy: 0.8442
2025-08-10 11:15:38,296 - Rank 4 - Train Loss: 0.4262, Train Accuracy: 0.8262
2025-08-10 11:15:46,520 - Rank 4 - Validation Loss: 0.3773, Validation Accuracy: 0.8443
2025-08-10 11:17:46,059 - Rank 4 - Train Loss: 0.4239, Train Accuracy: 0.8269
2025-08-10 11:17:54,529 - Rank 4 - Validation Loss: 0.3777, Validation Accuracy: 0.8440
2025-08-10 11:19:52,934 - Rank 4 - Train Loss: 0.4200, Train Accuracy: 0.8281
2025-08-10 11:20:01,149 - Rank 4 - Validation Loss: 0.3741, Validation Accuracy: 0.8453
2025-08-10 11:22:01,426 - Rank 4 - Train Loss: 0.4192, Train Accuracy: 0.8289
2025-08-10 11:22:10,276 - Rank 4 - Validation Loss: 0.3721, Validation Accuracy: 0.8455
2025-08-10 11:23:59,946 - Rank 4 - Train Loss: 0.4175, Train Accuracy: 0.8291
2025-08-10 11:24:08,523 - Rank 4 - Validation Loss: 0.3754, Validation Accuracy: 0.8444
2025-08-10 11:26:07,494 - Rank 4 - Train Loss: 0.4178, Train Accuracy: 0.8292
2025-08-10 11:26:14,412 - Rank 4 - Validation Loss: 0.3686, Validation Accuracy: 0.8469
2025-08-10 11:28:20,816 - Rank 4 - Train Loss: 0.4138, Train Accuracy: 0.8303
2025-08-10 11:28:33,572 - Rank 4 - Validation Loss: 0.3686, Validation Accuracy: 0.8474
2025-08-10 11:31:19,144 - Rank 4 - Train Loss: 0.4110, Train Accuracy: 0.8316
2025-08-10 11:31:31,147 - Rank 4 - Validation Loss: 0.3693, Validation Accuracy: 0.8470
2025-08-10 11:34:09,316 - Rank 4 - Train Loss: 0.4138, Train Accuracy: 0.8307
2025-08-10 11:34:22,319 - Rank 4 - Validation Loss: 0.3700, Validation Accuracy: 0.8465
2025-08-10 11:37:02,022 - Rank 4 - Train Loss: 0.4106, Train Accuracy: 0.8317
2025-08-10 11:37:15,178 - Rank 4 - Validation Loss: 0.3664, Validation Accuracy: 0.8479
2025-08-10 11:39:22,952 - Rank 4 - Train Loss: 0.4080, Train Accuracy: 0.8326
2025-08-10 11:39:31,356 - Rank 4 - Validation Loss: 0.3644, Validation Accuracy: 0.8487
2025-08-10 11:41:30,267 - Rank 4 - Train Loss: 0.4078, Train Accuracy: 0.8325
2025-08-10 11:41:38,171 - Rank 4 - Validation Loss: 0.3664, Validation Accuracy: 0.8479
2025-08-10 11:43:38,517 - Rank 4 - Train Loss: 0.4061, Train Accuracy: 0.8333
2025-08-10 11:43:46,100 - Rank 4 - Validation Loss: 0.3643, Validation Accuracy: 0.8483
2025-08-10 11:45:45,408 - Rank 4 - Train Loss: 0.4046, Train Accuracy: 0.8336
2025-08-10 11:45:53,931 - Rank 4 - Validation Loss: 0.3655, Validation Accuracy: 0.8478
2025-08-10 11:47:51,839 - Rank 4 - Train Loss: 0.4056, Train Accuracy: 0.8332
2025-08-10 11:48:00,013 - Rank 4 - Validation Loss: 0.3620, Validation Accuracy: 0.8494
2025-08-10 11:50:02,573 - Rank 4 - Train Loss: 0.4030, Train Accuracy: 0.8342
2025-08-10 11:50:11,750 - Rank 4 - Validation Loss: 0.3599, Validation Accuracy: 0.8501
2025-08-10 11:52:15,858 - Rank 4 - Train Loss: 0.4041, Train Accuracy: 0.8339
2025-08-10 11:52:24,736 - Rank 4 - Validation Loss: 0.3622, Validation Accuracy: 0.8493
2025-08-10 11:54:17,722 - Rank 4 - Train Loss: 0.3997, Train Accuracy: 0.8354
2025-08-10 11:54:25,459 - Rank 4 - Validation Loss: 0.3587, Validation Accuracy: 0.8503
2025-08-10 11:56:25,716 - Rank 4 - Train Loss: 0.3983, Train Accuracy: 0.8362
2025-08-10 11:56:33,981 - Rank 4 - Validation Loss: 0.3592, Validation Accuracy: 0.8502
2025-08-10 11:58:33,451 - Rank 4 - Train Loss: 0.3990, Train Accuracy: 0.8359
2025-08-10 11:58:41,883 - Rank 4 - Validation Loss: 0.3567, Validation Accuracy: 0.8510
2025-08-10 12:00:40,642 - Rank 4 - Train Loss: 0.3986, Train Accuracy: 0.8359
2025-08-10 12:00:48,533 - Rank 4 - Validation Loss: 0.3541, Validation Accuracy: 0.8521
2025-08-10 12:02:47,794 - Rank 4 - Train Loss: 0.3958, Train Accuracy: 0.8367
2025-08-10 12:02:55,938 - Rank 4 - Validation Loss: 0.3542, Validation Accuracy: 0.8520
2025-08-10 12:04:54,847 - Rank 4 - Train Loss: 0.3947, Train Accuracy: 0.8371
2025-08-10 12:05:03,058 - Rank 4 - Validation Loss: 0.3534, Validation Accuracy: 0.8521
2025-08-10 12:07:00,156 - Rank 4 - Train Loss: 0.3917, Train Accuracy: 0.8384
2025-08-10 12:07:08,189 - Rank 4 - Validation Loss: 0.3507, Validation Accuracy: 0.8533
2025-08-10 12:09:01,059 - Rank 4 - Train Loss: 0.3921, Train Accuracy: 0.8380
2025-08-10 12:09:09,129 - Rank 4 - Validation Loss: 0.3504, Validation Accuracy: 0.8535
2025-08-10 12:11:06,102 - Rank 4 - Train Loss: 0.3918, Train Accuracy: 0.8381
2025-08-10 12:11:14,768 - Rank 4 - Validation Loss: 0.3498, Validation Accuracy: 0.8532
2025-08-10 12:13:13,325 - Rank 4 - Train Loss: 0.3913, Train Accuracy: 0.8385
2025-08-10 12:13:21,566 - Rank 4 - Validation Loss: 0.3489, Validation Accuracy: 0.8536
2025-08-10 12:15:19,957 - Rank 4 - Train Loss: 0.3882, Train Accuracy: 0.8394
2025-08-10 12:15:28,280 - Rank 4 - Validation Loss: 0.3509, Validation Accuracy: 0.8532
2025-08-10 12:17:26,281 - Rank 4 - Train Loss: 0.3880, Train Accuracy: 0.8394
2025-08-10 12:17:34,665 - Rank 4 - Validation Loss: 0.3463, Validation Accuracy: 0.8544
2025-08-10 12:19:32,285 - Rank 4 - Train Loss: 0.3873, Train Accuracy: 0.8397
2025-08-10 12:19:40,062 - Rank 4 - Validation Loss: 0.3480, Validation Accuracy: 0.8541
2025-08-10 12:21:36,149 - Rank 4 - Train Loss: 0.3858, Train Accuracy: 0.8402
2025-08-10 12:21:44,618 - Rank 4 - Validation Loss: 0.3472, Validation Accuracy: 0.8542
2025-08-10 12:23:41,793 - Rank 4 - Train Loss: 0.3840, Train Accuracy: 0.8409
2025-08-10 12:23:49,912 - Rank 4 - Validation Loss: 0.3459, Validation Accuracy: 0.8547
2025-08-10 12:25:48,169 - Rank 4 - Train Loss: 0.3835, Train Accuracy: 0.8410
2025-08-10 12:25:56,391 - Rank 4 - Validation Loss: 0.3447, Validation Accuracy: 0.8549
2025-08-10 12:27:55,177 - Rank 4 - Train Loss: 0.3842, Train Accuracy: 0.8407
2025-08-10 12:28:03,685 - Rank 4 - Validation Loss: 0.3462, Validation Accuracy: 0.8542
2025-08-10 12:30:01,871 - Rank 4 - Train Loss: 0.3827, Train Accuracy: 0.8415
2025-08-10 12:30:09,210 - Rank 4 - Validation Loss: 0.3435, Validation Accuracy: 0.8554
2025-08-10 12:32:08,554 - Rank 4 - Train Loss: 0.3808, Train Accuracy: 0.8419
2025-08-10 12:32:16,841 - Rank 4 - Validation Loss: 0.3433, Validation Accuracy: 0.8554
2025-08-10 12:34:15,823 - Rank 4 - Train Loss: 0.3798, Train Accuracy: 0.8423
2025-08-10 12:34:23,661 - Rank 4 - Validation Loss: 0.3387, Validation Accuracy: 0.8573
2025-08-10 12:36:16,468 - Rank 4 - Train Loss: 0.3791, Train Accuracy: 0.8423
2025-08-10 12:36:24,605 - Rank 4 - Validation Loss: 0.3396, Validation Accuracy: 0.8571
2025-08-10 12:38:23,005 - Rank 4 - Train Loss: 0.3768, Train Accuracy: 0.8432
2025-08-10 12:38:31,171 - Rank 4 - Validation Loss: 0.3383, Validation Accuracy: 0.8572
2025-08-10 12:40:29,593 - Rank 4 - Train Loss: 0.3783, Train Accuracy: 0.8431
2025-08-10 12:40:37,799 - Rank 4 - Validation Loss: 0.3442, Validation Accuracy: 0.8553
2025-08-10 12:42:37,089 - Rank 4 - Train Loss: 0.3757, Train Accuracy: 0.8436
2025-08-10 12:42:45,553 - Rank 4 - Validation Loss: 0.3364, Validation Accuracy: 0.8579
2025-08-10 12:44:44,517 - Rank 4 - Train Loss: 0.3736, Train Accuracy: 0.8447
2025-08-10 12:44:52,790 - Rank 4 - Validation Loss: 0.3359, Validation Accuracy: 0.8582
2025-08-10 12:46:51,320 - Rank 4 - Train Loss: 0.3724, Train Accuracy: 0.8449
2025-08-10 12:46:59,360 - Rank 4 - Validation Loss: 0.3354, Validation Accuracy: 0.8581
2025-08-10 12:48:58,518 - Rank 4 - Train Loss: 0.3724, Train Accuracy: 0.8447
2025-08-10 12:49:06,373 - Rank 4 - Validation Loss: 0.3355, Validation Accuracy: 0.8582
2025-08-10 12:51:00,494 - Rank 4 - Train Loss: 0.3717, Train Accuracy: 0.8448
2025-08-10 12:51:08,841 - Rank 4 - Validation Loss: 0.3355, Validation Accuracy: 0.8583
2025-08-10 12:53:13,010 - Rank 4 - Train Loss: 0.3702, Train Accuracy: 0.8460
2025-08-10 12:53:23,903 - Rank 4 - Validation Loss: 0.3335, Validation Accuracy: 0.8591
2025-08-10 12:55:37,290 - Rank 4 - Train Loss: 0.3708, Train Accuracy: 0.8455
2025-08-10 12:55:48,367 - Rank 4 - Validation Loss: 0.3321, Validation Accuracy: 0.8596
2025-08-10 12:58:02,153 - Rank 4 - Train Loss: 0.3687, Train Accuracy: 0.8463
2025-08-10 12:58:12,801 - Rank 4 - Validation Loss: 0.3314, Validation Accuracy: 0.8597
2025-08-10 13:00:26,733 - Rank 4 - Train Loss: 0.3677, Train Accuracy: 0.8468
2025-08-10 13:00:37,909 - Rank 4 - Validation Loss: 0.3312, Validation Accuracy: 0.8596
2025-08-10 13:02:49,792 - Rank 4 - Train Loss: 0.3665, Train Accuracy: 0.8468
2025-08-10 13:02:56,731 - Rank 4 - Validation Loss: 0.3297, Validation Accuracy: 0.8603
2025-08-10 13:04:47,704 - Rank 4 - Train Loss: 0.3660, Train Accuracy: 0.8467
2025-08-10 13:04:54,301 - Rank 4 - Validation Loss: 0.3292, Validation Accuracy: 0.8603
2025-08-10 13:06:52,626 - Rank 4 - Train Loss: 0.3666, Train Accuracy: 0.8470
2025-08-10 13:06:59,322 - Rank 4 - Validation Loss: 0.3288, Validation Accuracy: 0.8606
2025-08-10 13:08:58,433 - Rank 4 - Train Loss: 0.3639, Train Accuracy: 0.8480
2025-08-10 13:09:05,312 - Rank 4 - Validation Loss: 0.3273, Validation Accuracy: 0.8609
2025-08-10 13:11:03,017 - Rank 4 - Train Loss: 0.3638, Train Accuracy: 0.8478
2025-08-10 13:11:10,056 - Rank 4 - Validation Loss: 0.3271, Validation Accuracy: 0.8614
2025-08-10 13:13:08,007 - Rank 4 - Train Loss: 0.3626, Train Accuracy: 0.8482
2025-08-10 13:13:15,285 - Rank 4 - Validation Loss: 0.3255, Validation Accuracy: 0.8618
2025-08-10 13:15:12,975 - Rank 4 - Train Loss: 0.3607, Train Accuracy: 0.8491
2025-08-10 13:15:20,240 - Rank 4 - Validation Loss: 0.3276, Validation Accuracy: 0.8608
2025-08-10 13:17:17,873 - Rank 4 - Train Loss: 0.3595, Train Accuracy: 0.8493
2025-08-10 13:17:25,004 - Rank 4 - Validation Loss: 0.3265, Validation Accuracy: 0.8609
2025-08-10 13:19:16,499 - Rank 4 - Train Loss: 0.3606, Train Accuracy: 0.8490
2025-08-10 13:19:23,216 - Rank 4 - Validation Loss: 0.3286, Validation Accuracy: 0.8605
2025-08-10 13:21:22,150 - Rank 4 - Train Loss: 0.3584, Train Accuracy: 0.8499
2025-08-10 13:21:29,431 - Rank 4 - Validation Loss: 0.3236, Validation Accuracy: 0.8623
2025-08-10 13:23:26,594 - Rank 4 - Train Loss: 0.3583, Train Accuracy: 0.8501
2025-08-10 13:23:33,827 - Rank 4 - Validation Loss: 0.3239, Validation Accuracy: 0.8620
2025-08-10 13:25:33,410 - Rank 4 - Train Loss: 0.3576, Train Accuracy: 0.8500
2025-08-10 13:25:40,655 - Rank 4 - Validation Loss: 0.3214, Validation Accuracy: 0.8630
2025-08-10 13:27:39,863 - Rank 4 - Train Loss: 0.3575, Train Accuracy: 0.8502
2025-08-10 13:27:46,700 - Rank 4 - Validation Loss: 0.3204, Validation Accuracy: 0.8634
2025-08-10 13:29:44,435 - Rank 4 - Train Loss: 0.3554, Train Accuracy: 0.8511
2025-08-10 13:29:51,475 - Rank 4 - Validation Loss: 0.3210, Validation Accuracy: 0.8630
2025-08-10 13:31:43,464 - Rank 4 - Train Loss: 0.3555, Train Accuracy: 0.8506
2025-08-10 13:31:50,224 - Rank 4 - Validation Loss: 0.3198, Validation Accuracy: 0.8639
2025-08-10 13:33:50,986 - Rank 4 - Train Loss: 0.3534, Train Accuracy: 0.8518
2025-08-10 13:34:02,253 - Rank 4 - Validation Loss: 0.3197, Validation Accuracy: 0.8636
2025-08-10 13:36:15,600 - Rank 4 - Train Loss: 0.3529, Train Accuracy: 0.8516
2025-08-10 13:36:23,161 - Rank 4 - Validation Loss: 0.3175, Validation Accuracy: 0.8643
2025-08-10 13:38:32,597 - Rank 4 - Train Loss: 0.3512, Train Accuracy: 0.8525
2025-08-10 13:38:43,409 - Rank 4 - Validation Loss: 0.3182, Validation Accuracy: 0.8642
2025-08-10 13:40:55,991 - Rank 4 - Train Loss: 0.3513, Train Accuracy: 0.8523
2025-08-10 13:41:06,741 - Rank 4 - Validation Loss: 0.3184, Validation Accuracy: 0.8642
2025-08-10 13:43:19,917 - Rank 4 - Train Loss: 0.3511, Train Accuracy: 0.8524
2025-08-10 13:43:30,941 - Rank 4 - Validation Loss: 0.3165, Validation Accuracy: 0.8650
2025-08-10 13:45:43,952 - Rank 4 - Train Loss: 0.3499, Train Accuracy: 0.8526
2025-08-10 13:45:54,835 - Rank 4 - Validation Loss: 0.3164, Validation Accuracy: 0.8649
2025-08-10 13:47:59,690 - Rank 4 - Train Loss: 0.3494, Train Accuracy: 0.8528
2025-08-10 13:48:06,433 - Rank 4 - Validation Loss: 0.3152, Validation Accuracy: 0.8653
2025-08-10 13:50:04,436 - Rank 4 - Train Loss: 0.3478, Train Accuracy: 0.8538
2025-08-10 13:50:11,275 - Rank 4 - Validation Loss: 0.3159, Validation Accuracy: 0.8647
2025-08-10 13:52:08,526 - Rank 4 - Train Loss: 0.3488, Train Accuracy: 0.8533
2025-08-10 13:52:15,429 - Rank 4 - Validation Loss: 0.3133, Validation Accuracy: 0.8661
2025-08-10 13:54:13,573 - Rank 4 - Train Loss: 0.3480, Train Accuracy: 0.8533
2025-08-10 13:54:20,172 - Rank 4 - Validation Loss: 0.3164, Validation Accuracy: 0.8648
2025-08-10 13:56:18,771 - Rank 4 - Train Loss: 0.3459, Train Accuracy: 0.8542
2025-08-10 13:56:27,162 - Rank 4 - Validation Loss: 0.3140, Validation Accuracy: 0.8656
2025-08-10 13:58:39,447 - Rank 4 - Train Loss: 0.3449, Train Accuracy: 0.8544
2025-08-10 13:58:50,194 - Rank 4 - Validation Loss: 0.3138, Validation Accuracy: 0.8657
2025-08-10 14:01:03,780 - Rank 4 - Train Loss: 0.3439, Train Accuracy: 0.8549
2025-08-10 14:01:14,405 - Rank 4 - Validation Loss: 0.3135, Validation Accuracy: 0.8657
2025-08-10 14:03:28,002 - Rank 4 - Train Loss: 0.3440, Train Accuracy: 0.8547
2025-08-10 14:03:39,310 - Rank 4 - Validation Loss: 0.3122, Validation Accuracy: 0.8662
2025-08-10 14:05:53,090 - Rank 4 - Train Loss: 0.3418, Train Accuracy: 0.8559
2025-08-10 14:06:03,755 - Rank 4 - Validation Loss: 0.3092, Validation Accuracy: 0.8674
2025-08-10 14:08:05,745 - Rank 4 - Train Loss: 0.3440, Train Accuracy: 0.8550
2025-08-10 14:08:13,002 - Rank 4 - Validation Loss: 0.3107, Validation Accuracy: 0.8668
2025-08-10 14:10:11,053 - Rank 4 - Train Loss: 0.3413, Train Accuracy: 0.8556
2025-08-10 14:10:18,196 - Rank 4 - Validation Loss: 0.3118, Validation Accuracy: 0.8662
2025-08-10 14:12:16,429 - Rank 4 - Train Loss: 0.3425, Train Accuracy: 0.8551
2025-08-10 14:12:23,211 - Rank 4 - Validation Loss: 0.3103, Validation Accuracy: 0.8665
2025-08-10 14:14:14,289 - Rank 4 - Train Loss: 0.3404, Train Accuracy: 0.8561
2025-08-10 14:14:21,555 - Rank 4 - Validation Loss: 0.3101, Validation Accuracy: 0.8667
2025-08-10 14:16:32,238 - Rank 4 - Train Loss: 0.3400, Train Accuracy: 0.8562
2025-08-10 14:16:43,299 - Rank 4 - Validation Loss: 0.3077, Validation Accuracy: 0.8678
2025-08-10 14:18:56,499 - Rank 4 - Train Loss: 0.3379, Train Accuracy: 0.8569
2025-08-10 14:19:07,743 - Rank 4 - Validation Loss: 0.3082, Validation Accuracy: 0.8676
2025-08-10 14:21:20,914 - Rank 4 - Train Loss: 0.3381, Train Accuracy: 0.8572
2025-08-10 14:21:31,767 - Rank 4 - Validation Loss: 0.3091, Validation Accuracy: 0.8673
2025-08-10 14:23:44,323 - Rank 4 - Train Loss: 0.3367, Train Accuracy: 0.8575
2025-08-10 14:23:55,442 - Rank 4 - Validation Loss: 0.3066, Validation Accuracy: 0.8683
2025-08-10 14:25:52,684 - Rank 4 - Train Loss: 0.3382, Train Accuracy: 0.8569
2025-08-10 14:26:00,353 - Rank 4 - Validation Loss: 0.3070, Validation Accuracy: 0.8680
2025-08-10 14:27:56,640 - Rank 4 - Train Loss: 0.3373, Train Accuracy: 0.8574
2025-08-10 14:28:05,122 - Rank 4 - Validation Loss: 0.3053, Validation Accuracy: 0.8684
2025-08-10 14:30:00,582 - Rank 4 - Train Loss: 0.3343, Train Accuracy: 0.8585
2025-08-10 14:30:08,464 - Rank 4 - Validation Loss: 0.3055, Validation Accuracy: 0.8687
2025-08-10 14:32:08,468 - Rank 4 - Train Loss: 0.3345, Train Accuracy: 0.8583
2025-08-10 14:32:16,269 - Rank 4 - Validation Loss: 0.3038, Validation Accuracy: 0.8691
2025-08-10 14:34:15,004 - Rank 4 - Train Loss: 0.3342, Train Accuracy: 0.8584
2025-08-10 14:34:23,400 - Rank 4 - Validation Loss: 0.3041, Validation Accuracy: 0.8688
2025-08-10 14:36:22,700 - Rank 4 - Train Loss: 0.3324, Train Accuracy: 0.8590
2025-08-10 14:36:30,887 - Rank 4 - Validation Loss: 0.3057, Validation Accuracy: 0.8683
2025-08-10 14:38:30,152 - Rank 4 - Train Loss: 0.3319, Train Accuracy: 0.8592
2025-08-10 14:38:38,489 - Rank 4 - Validation Loss: 0.3041, Validation Accuracy: 0.8686
2025-08-10 14:40:37,760 - Rank 4 - Train Loss: 0.3304, Train Accuracy: 0.8597
2025-08-10 14:40:45,848 - Rank 4 - Validation Loss: 0.3055, Validation Accuracy: 0.8681
2025-08-10 14:42:38,394 - Rank 4 - Train Loss: 0.3320, Train Accuracy: 0.8589
2025-08-10 14:42:46,039 - Rank 4 - Validation Loss: 0.3026, Validation Accuracy: 0.8696
2025-08-10 14:44:45,219 - Rank 4 - Train Loss: 0.3315, Train Accuracy: 0.8591
2025-08-10 14:44:52,908 - Rank 4 - Validation Loss: 0.3058, Validation Accuracy: 0.8682
2025-08-10 14:46:51,989 - Rank 4 - Train Loss: 0.3298, Train Accuracy: 0.8600
2025-08-10 14:46:59,634 - Rank 4 - Validation Loss: 0.3013, Validation Accuracy: 0.8696
2025-08-10 14:48:58,428 - Rank 4 - Train Loss: 0.3284, Train Accuracy: 0.8606
2025-08-10 14:49:06,426 - Rank 4 - Validation Loss: 0.3014, Validation Accuracy: 0.8701
2025-08-10 14:51:06,295 - Rank 4 - Train Loss: 0.3282, Train Accuracy: 0.8604
2025-08-10 14:51:14,585 - Rank 4 - Validation Loss: 0.3009, Validation Accuracy: 0.8698
2025-08-10 14:53:13,684 - Rank 4 - Train Loss: 0.3272, Train Accuracy: 0.8605
2025-08-10 14:53:21,803 - Rank 4 - Validation Loss: 0.2996, Validation Accuracy: 0.8708
2025-08-10 14:55:21,233 - Rank 4 - Train Loss: 0.3262, Train Accuracy: 0.8611
2025-08-10 14:55:29,649 - Rank 4 - Validation Loss: 0.2997, Validation Accuracy: 0.8705
2025-08-10 14:57:22,562 - Rank 4 - Train Loss: 0.3273, Train Accuracy: 0.8608
2025-08-10 14:57:30,637 - Rank 4 - Validation Loss: 0.2993, Validation Accuracy: 0.8708
2025-08-10 14:59:27,831 - Rank 4 - Train Loss: 0.3255, Train Accuracy: 0.8611
2025-08-10 14:59:36,035 - Rank 4 - Validation Loss: 0.2991, Validation Accuracy: 0.8706
2025-08-10 15:01:35,518 - Rank 4 - Train Loss: 0.3271, Train Accuracy: 0.8607
2025-08-10 15:01:43,359 - Rank 4 - Validation Loss: 0.3002, Validation Accuracy: 0.8704
2025-08-10 15:03:42,467 - Rank 4 - Train Loss: 0.3259, Train Accuracy: 0.8613
2025-08-10 15:03:50,158 - Rank 4 - Validation Loss: 0.2984, Validation Accuracy: 0.8707
2025-08-10 15:05:51,232 - Rank 4 - Train Loss: 0.3245, Train Accuracy: 0.8619
2025-08-10 15:05:59,684 - Rank 4 - Validation Loss: 0.2961, Validation Accuracy: 0.8716
2025-08-10 15:07:59,655 - Rank 4 - Train Loss: 0.3238, Train Accuracy: 0.8621
2025-08-10 15:08:07,479 - Rank 4 - Validation Loss: 0.2971, Validation Accuracy: 0.8711
2025-08-10 15:10:05,746 - Rank 4 - Train Loss: 0.3237, Train Accuracy: 0.8619
2025-08-10 15:10:14,166 - Rank 4 - Validation Loss: 0.2975, Validation Accuracy: 0.8712
2025-08-10 15:12:10,598 - Rank 4 - Train Loss: 0.3240, Train Accuracy: 0.8618
2025-08-10 15:12:19,071 - Rank 4 - Validation Loss: 0.2969, Validation Accuracy: 0.8708
2025-08-10 15:14:18,211 - Rank 4 - Train Loss: 0.3228, Train Accuracy: 0.8625
2025-08-10 15:14:26,032 - Rank 4 - Validation Loss: 0.2951, Validation Accuracy: 0.8719
2025-08-10 15:16:23,910 - Rank 4 - Train Loss: 0.3222, Train Accuracy: 0.8624
2025-08-10 15:16:31,149 - Rank 4 - Validation Loss: 0.2972, Validation Accuracy: 0.8710
2025-08-10 15:18:30,667 - Rank 4 - Train Loss: 0.3200, Train Accuracy: 0.8634
2025-08-10 15:18:38,749 - Rank 4 - Validation Loss: 0.2954, Validation Accuracy: 0.8717
2025-08-10 15:20:42,974 - Rank 4 - Train Loss: 0.3200, Train Accuracy: 0.8633
2025-08-10 15:20:53,001 - Rank 4 - Validation Loss: 0.2948, Validation Accuracy: 0.8719
2025-08-10 15:22:58,847 - Rank 4 - Train Loss: 0.3187, Train Accuracy: 0.8636
2025-08-10 15:23:08,861 - Rank 4 - Validation Loss: 0.2943, Validation Accuracy: 0.8724
2025-08-10 15:25:10,684 - Rank 4 - Train Loss: 0.3179, Train Accuracy: 0.8640
2025-08-10 15:25:20,303 - Rank 4 - Validation Loss: 0.2934, Validation Accuracy: 0.8726
2025-08-10 15:27:25,714 - Rank 4 - Train Loss: 0.3190, Train Accuracy: 0.8634
2025-08-10 15:27:35,517 - Rank 4 - Validation Loss: 0.2941, Validation Accuracy: 0.8727
2025-08-10 15:29:41,580 - Rank 4 - Train Loss: 0.3193, Train Accuracy: 0.8635
2025-08-10 15:29:51,289 - Rank 4 - Validation Loss: 0.2926, Validation Accuracy: 0.8730
2025-08-10 15:31:58,069 - Rank 4 - Train Loss: 0.3168, Train Accuracy: 0.8645
2025-08-10 15:32:07,663 - Rank 4 - Validation Loss: 0.2952, Validation Accuracy: 0.8717
2025-08-10 15:34:13,167 - Rank 4 - Train Loss: 0.3179, Train Accuracy: 0.8641
2025-08-10 15:34:23,221 - Rank 4 - Validation Loss: 0.2922, Validation Accuracy: 0.8730
2025-08-10 15:36:25,978 - Rank 4 - Train Loss: 0.3172, Train Accuracy: 0.8642
2025-08-10 15:36:35,747 - Rank 4 - Validation Loss: 0.2927, Validation Accuracy: 0.8729
2025-08-10 15:38:36,300 - Rank 4 - Train Loss: 0.3170, Train Accuracy: 0.8643
2025-08-10 15:38:46,231 - Rank 4 - Validation Loss: 0.2930, Validation Accuracy: 0.8727
2025-08-10 15:40:46,296 - Rank 4 - Train Loss: 0.3141, Train Accuracy: 0.8656
2025-08-10 15:40:58,249 - Rank 4 - Validation Loss: 0.2920, Validation Accuracy: 0.8727
2025-08-10 15:43:32,132 - Rank 4 - Train Loss: 0.3151, Train Accuracy: 0.8650
2025-08-10 15:43:44,650 - Rank 4 - Validation Loss: 0.2910, Validation Accuracy: 0.8734
2025-08-10 15:46:18,174 - Rank 4 - Train Loss: 0.3137, Train Accuracy: 0.8654
2025-08-10 15:46:31,028 - Rank 4 - Validation Loss: 0.2899, Validation Accuracy: 0.8736
2025-08-10 15:49:04,464 - Rank 4 - Train Loss: 0.3147, Train Accuracy: 0.8651
2025-08-10 15:49:16,697 - Rank 4 - Validation Loss: 0.2902, Validation Accuracy: 0.8735
2025-08-10 15:51:32,638 - Rank 4 - Train Loss: 0.3123, Train Accuracy: 0.8660
2025-08-10 15:51:41,135 - Rank 4 - Validation Loss: 0.2877, Validation Accuracy: 0.8746
2025-08-10 15:53:31,519 - Rank 4 - Train Loss: 0.3114, Train Accuracy: 0.8663
2025-08-10 15:53:40,333 - Rank 4 - Validation Loss: 0.2892, Validation Accuracy: 0.8738
2025-08-10 15:55:30,901 - Rank 4 - Train Loss: 0.3120, Train Accuracy: 0.8662
2025-08-10 15:55:40,243 - Rank 4 - Validation Loss: 0.2883, Validation Accuracy: 0.8740
2025-08-10 15:57:35,076 - Rank 4 - Train Loss: 0.3127, Train Accuracy: 0.8658
2025-08-10 15:57:43,644 - Rank 4 - Validation Loss: 0.2889, Validation Accuracy: 0.8738
2025-08-10 15:59:37,917 - Rank 4 - Train Loss: 0.3108, Train Accuracy: 0.8667
2025-08-10 15:59:46,124 - Rank 4 - Validation Loss: 0.2871, Validation Accuracy: 0.8748
2025-08-10 16:01:41,145 - Rank 4 - Train Loss: 0.3096, Train Accuracy: 0.8668
2025-08-10 16:01:50,232 - Rank 4 - Validation Loss: 0.2894, Validation Accuracy: 0.8741
2025-08-10 16:03:42,335 - Rank 4 - Train Loss: 0.3102, Train Accuracy: 0.8668
2025-08-10 16:03:51,571 - Rank 4 - Validation Loss: 0.2857, Validation Accuracy: 0.8754
2025-08-10 16:05:45,332 - Rank 4 - Train Loss: 0.3100, Train Accuracy: 0.8670
2025-08-10 16:05:54,353 - Rank 4 - Validation Loss: 0.2855, Validation Accuracy: 0.8752
2025-08-10 16:07:46,846 - Rank 4 - Train Loss: 0.3096, Train Accuracy: 0.8670
2025-08-10 16:07:55,544 - Rank 4 - Validation Loss: 0.2873, Validation Accuracy: 0.8745
2025-08-10 16:09:42,640 - Rank 4 - Train Loss: 0.3096, Train Accuracy: 0.8670
2025-08-10 16:09:51,240 - Rank 4 - Validation Loss: 0.2850, Validation Accuracy: 0.8753
2025-08-10 16:11:44,843 - Rank 4 - Train Loss: 0.3090, Train Accuracy: 0.8670
2025-08-10 16:11:53,635 - Rank 4 - Validation Loss: 0.2871, Validation Accuracy: 0.8749
2025-08-10 16:13:47,850 - Rank 4 - Train Loss: 0.3090, Train Accuracy: 0.8672
2025-08-10 16:13:57,025 - Rank 4 - Validation Loss: 0.2851, Validation Accuracy: 0.8755
2025-08-10 16:15:49,690 - Rank 4 - Train Loss: 0.3077, Train Accuracy: 0.8675
2025-08-10 16:15:58,752 - Rank 4 - Validation Loss: 0.2848, Validation Accuracy: 0.8754
2025-08-10 16:17:52,908 - Rank 4 - Train Loss: 0.3067, Train Accuracy: 0.8683
2025-08-10 16:18:01,523 - Rank 4 - Validation Loss: 0.2843, Validation Accuracy: 0.8757
2025-08-10 16:19:57,213 - Rank 4 - Train Loss: 0.3047, Train Accuracy: 0.8686
2025-08-10 16:20:05,953 - Rank 4 - Validation Loss: 0.2838, Validation Accuracy: 0.8758
2025-08-10 16:21:58,436 - Rank 4 - Train Loss: 0.3053, Train Accuracy: 0.8685
2025-08-10 16:22:06,806 - Rank 4 - Validation Loss: 0.2840, Validation Accuracy: 0.8756
2025-08-10 16:23:53,410 - Rank 4 - Train Loss: 0.3045, Train Accuracy: 0.8688
2025-08-10 16:24:02,333 - Rank 4 - Validation Loss: 0.2837, Validation Accuracy: 0.8758
2025-08-10 16:25:56,259 - Rank 4 - Train Loss: 0.3057, Train Accuracy: 0.8685
2025-08-10 16:26:05,107 - Rank 4 - Validation Loss: 0.2835, Validation Accuracy: 0.8759
2025-08-10 16:27:59,739 - Rank 4 - Train Loss: 0.3038, Train Accuracy: 0.8688
2025-08-10 16:28:08,603 - Rank 4 - Validation Loss: 0.2820, Validation Accuracy: 0.8765
2025-08-10 16:30:03,167 - Rank 4 - Train Loss: 0.3035, Train Accuracy: 0.8691
2025-08-10 16:30:11,830 - Rank 4 - Validation Loss: 0.2836, Validation Accuracy: 0.8758
2025-08-10 16:32:06,683 - Rank 4 - Train Loss: 0.3030, Train Accuracy: 0.8691
2025-08-10 16:32:15,355 - Rank 4 - Validation Loss: 0.2819, Validation Accuracy: 0.8765
2025-08-10 16:34:09,647 - Rank 4 - Train Loss: 0.3019, Train Accuracy: 0.8697
2025-08-10 16:34:18,235 - Rank 4 - Validation Loss: 0.2806, Validation Accuracy: 0.8769
2025-08-10 16:36:11,906 - Rank 4 - Train Loss: 0.3025, Train Accuracy: 0.8694
2025-08-10 16:36:20,715 - Rank 4 - Validation Loss: 0.2817, Validation Accuracy: 0.8764
2025-08-10 16:38:09,011 - Rank 4 - Train Loss: 0.3020, Train Accuracy: 0.8698
2025-08-10 16:38:17,111 - Rank 4 - Validation Loss: 0.2823, Validation Accuracy: 0.8762
2025-08-10 16:40:12,492 - Rank 4 - Train Loss: 0.3011, Train Accuracy: 0.8700
2025-08-10 16:40:21,891 - Rank 4 - Validation Loss: 0.2803, Validation Accuracy: 0.8771
2025-08-10 16:42:16,600 - Rank 4 - Train Loss: 0.3002, Train Accuracy: 0.8704
2025-08-10 16:42:24,671 - Rank 4 - Validation Loss: 0.2814, Validation Accuracy: 0.8766
2025-08-10 16:44:20,581 - Rank 4 - Train Loss: 0.2999, Train Accuracy: 0.8706
2025-08-10 16:44:29,450 - Rank 4 - Validation Loss: 0.2806, Validation Accuracy: 0.8769
2025-08-10 16:46:24,291 - Rank 4 - Train Loss: 0.3000, Train Accuracy: 0.8703
2025-08-10 16:46:32,808 - Rank 4 - Validation Loss: 0.2809, Validation Accuracy: 0.8771
2025-08-10 16:48:27,892 - Rank 4 - Train Loss: 0.2988, Train Accuracy: 0.8708
2025-08-10 16:48:36,442 - Rank 4 - Validation Loss: 0.2810, Validation Accuracy: 0.8767
2025-08-10 16:50:32,182 - Rank 4 - Train Loss: 0.2978, Train Accuracy: 0.8712
2025-08-10 16:50:40,114 - Rank 4 - Validation Loss: 0.2797, Validation Accuracy: 0.8771
2025-08-10 16:52:29,023 - Rank 4 - Train Loss: 0.2986, Train Accuracy: 0.8706
2025-08-10 16:52:37,637 - Rank 4 - Validation Loss: 0.2794, Validation Accuracy: 0.8776
2025-08-10 16:54:32,364 - Rank 4 - Train Loss: 0.2981, Train Accuracy: 0.8708
2025-08-10 16:54:40,971 - Rank 4 - Validation Loss: 0.2790, Validation Accuracy: 0.8773
2025-08-10 16:56:36,147 - Rank 4 - Train Loss: 0.2976, Train Accuracy: 0.8715
2025-08-10 16:56:45,165 - Rank 4 - Validation Loss: 0.2786, Validation Accuracy: 0.8771
2025-08-10 16:58:39,594 - Rank 4 - Train Loss: 0.2987, Train Accuracy: 0.8707
2025-08-10 16:58:48,253 - Rank 4 - Validation Loss: 0.2773, Validation Accuracy: 0.8782
2025-08-10 17:00:42,701 - Rank 4 - Train Loss: 0.2971, Train Accuracy: 0.8712
2025-08-10 17:00:51,588 - Rank 4 - Validation Loss: 0.2772, Validation Accuracy: 0.8780
2025-08-10 17:02:47,103 - Rank 4 - Train Loss: 0.2957, Train Accuracy: 0.8719
2025-08-10 17:02:56,066 - Rank 4 - Validation Loss: 0.2774, Validation Accuracy: 0.8783
2025-08-10 17:04:49,164 - Rank 4 - Train Loss: 0.2970, Train Accuracy: 0.8714
2025-08-10 17:04:58,083 - Rank 4 - Validation Loss: 0.2765, Validation Accuracy: 0.8783
2025-08-10 17:06:45,959 - Rank 4 - Train Loss: 0.2961, Train Accuracy: 0.8719
2025-08-10 17:06:54,634 - Rank 4 - Validation Loss: 0.2766, Validation Accuracy: 0.8783
2025-08-10 17:08:49,473 - Rank 4 - Train Loss: 0.2947, Train Accuracy: 0.8722
2025-08-10 17:08:58,099 - Rank 4 - Validation Loss: 0.2760, Validation Accuracy: 0.8785
2025-08-10 17:10:51,809 - Rank 4 - Train Loss: 0.2940, Train Accuracy: 0.8724
2025-08-10 17:11:00,462 - Rank 4 - Validation Loss: 0.2754, Validation Accuracy: 0.8786
2025-08-10 17:12:56,070 - Rank 4 - Train Loss: 0.2951, Train Accuracy: 0.8720
2025-08-10 17:13:05,229 - Rank 4 - Validation Loss: 0.2761, Validation Accuracy: 0.8787
2025-08-10 17:14:59,860 - Rank 4 - Train Loss: 0.2951, Train Accuracy: 0.8719
2025-08-10 17:15:08,519 - Rank 4 - Validation Loss: 0.2769, Validation Accuracy: 0.8787
2025-08-10 17:17:02,853 - Rank 4 - Train Loss: 0.2936, Train Accuracy: 0.8727
2025-08-10 17:17:11,342 - Rank 4 - Validation Loss: 0.2754, Validation Accuracy: 0.8793
2025-08-10 17:19:05,599 - Rank 4 - Train Loss: 0.2930, Train Accuracy: 0.8727
2025-08-10 17:19:13,973 - Rank 4 - Validation Loss: 0.2746, Validation Accuracy: 0.8790
2025-08-10 17:21:02,964 - Rank 4 - Train Loss: 0.2931, Train Accuracy: 0.8732
2025-08-10 17:21:11,328 - Rank 4 - Validation Loss: 0.2739, Validation Accuracy: 0.8793
2025-08-10 17:23:04,945 - Rank 4 - Train Loss: 0.2934, Train Accuracy: 0.8725
2025-08-10 17:23:14,021 - Rank 4 - Validation Loss: 0.2757, Validation Accuracy: 0.8788
2025-08-10 17:25:10,210 - Rank 4 - Train Loss: 0.2926, Train Accuracy: 0.8729
2025-08-10 17:25:18,452 - Rank 4 - Validation Loss: 0.2729, Validation Accuracy: 0.8795
2025-08-10 17:27:16,390 - Rank 4 - Train Loss: 0.2905, Train Accuracy: 0.8737
2025-08-10 17:27:24,430 - Rank 4 - Validation Loss: 0.2730, Validation Accuracy: 0.8797
2025-08-10 17:29:23,381 - Rank 4 - Train Loss: 0.2908, Train Accuracy: 0.8735
2025-08-10 17:29:31,978 - Rank 4 - Validation Loss: 0.2742, Validation Accuracy: 0.8791
2025-08-10 17:31:30,201 - Rank 4 - Train Loss: 0.2903, Train Accuracy: 0.8737
2025-08-10 17:31:38,628 - Rank 4 - Validation Loss: 0.2748, Validation Accuracy: 0.8788
2025-08-10 17:33:37,938 - Rank 4 - Train Loss: 0.2907, Train Accuracy: 0.8736
2025-08-10 17:33:46,645 - Rank 4 - Validation Loss: 0.2738, Validation Accuracy: 0.8794
2025-08-10 17:35:40,247 - Rank 4 - Train Loss: 0.2897, Train Accuracy: 0.8739
2025-08-10 17:35:48,368 - Rank 4 - Validation Loss: 0.2748, Validation Accuracy: 0.8787
2025-08-10 17:37:46,368 - Rank 4 - Train Loss: 0.2884, Train Accuracy: 0.8744
2025-08-10 17:37:55,393 - Rank 4 - Validation Loss: 0.2724, Validation Accuracy: 0.8797
2025-08-10 17:39:53,894 - Rank 4 - Train Loss: 0.2900, Train Accuracy: 0.8736
2025-08-10 17:40:02,483 - Rank 4 - Validation Loss: 0.2717, Validation Accuracy: 0.8798
2025-08-10 17:42:03,251 - Rank 4 - Train Loss: 0.2894, Train Accuracy: 0.8738
2025-08-10 17:42:11,612 - Rank 4 - Validation Loss: 0.2717, Validation Accuracy: 0.8803
2025-08-10 17:44:11,114 - Rank 4 - Train Loss: 0.2877, Train Accuracy: 0.8749
2025-08-10 17:44:19,937 - Rank 4 - Validation Loss: 0.2726, Validation Accuracy: 0.8797
2025-08-10 17:46:19,977 - Rank 4 - Train Loss: 0.2868, Train Accuracy: 0.8750
2025-08-10 17:46:28,574 - Rank 4 - Validation Loss: 0.2730, Validation Accuracy: 0.8796
2025-08-10 17:48:28,758 - Rank 4 - Train Loss: 0.2876, Train Accuracy: 0.8746
2025-08-10 17:48:37,200 - Rank 4 - Validation Loss: 0.2713, Validation Accuracy: 0.8804
2025-08-10 17:50:30,076 - Rank 4 - Train Loss: 0.2873, Train Accuracy: 0.8748
2025-08-10 17:50:38,127 - Rank 4 - Validation Loss: 0.2714, Validation Accuracy: 0.8798
2025-08-10 17:52:39,340 - Rank 4 - Train Loss: 0.2870, Train Accuracy: 0.8747
2025-08-10 17:52:47,965 - Rank 4 - Validation Loss: 0.2715, Validation Accuracy: 0.8798
2025-08-10 17:54:47,533 - Rank 4 - Train Loss: 0.2865, Train Accuracy: 0.8751
2025-08-10 17:54:56,000 - Rank 4 - Validation Loss: 0.2709, Validation Accuracy: 0.8803
2025-08-10 17:56:54,193 - Rank 4 - Train Loss: 0.2856, Train Accuracy: 0.8755
2025-08-10 17:57:02,129 - Rank 4 - Validation Loss: 0.2712, Validation Accuracy: 0.8803
2025-08-10 17:59:00,719 - Rank 4 - Train Loss: 0.2849, Train Accuracy: 0.8758
2025-08-10 17:59:09,132 - Rank 4 - Validation Loss: 0.2724, Validation Accuracy: 0.8798
2025-08-10 18:01:08,892 - Rank 4 - Train Loss: 0.2857, Train Accuracy: 0.8753
2025-08-10 18:01:17,050 - Rank 4 - Validation Loss: 0.2713, Validation Accuracy: 0.8802
2025-08-10 18:03:15,705 - Rank 4 - Train Loss: 0.2846, Train Accuracy: 0.8756
2025-08-10 18:03:23,864 - Rank 4 - Validation Loss: 0.2704, Validation Accuracy: 0.8802
2025-08-10 18:05:16,927 - Rank 4 - Train Loss: 0.2844, Train Accuracy: 0.8760
2025-08-10 18:05:25,184 - Rank 4 - Validation Loss: 0.2690, Validation Accuracy: 0.8813
2025-08-10 18:07:24,953 - Rank 4 - Train Loss: 0.2837, Train Accuracy: 0.8762
2025-08-10 18:07:33,665 - Rank 4 - Validation Loss: 0.2700, Validation Accuracy: 0.8804
2025-08-10 18:09:32,930 - Rank 4 - Train Loss: 0.2839, Train Accuracy: 0.8760
2025-08-10 18:09:41,222 - Rank 4 - Validation Loss: 0.2694, Validation Accuracy: 0.8811
2025-08-10 18:11:41,327 - Rank 4 - Train Loss: 0.2839, Train Accuracy: 0.8759
2025-08-10 18:11:49,921 - Rank 4 - Validation Loss: 0.2689, Validation Accuracy: 0.8811
2025-08-10 18:13:49,085 - Rank 4 - Train Loss: 0.2815, Train Accuracy: 0.8769
2025-08-10 18:13:57,752 - Rank 4 - Validation Loss: 0.2679, Validation Accuracy: 0.8815
2025-08-10 18:15:56,599 - Rank 4 - Train Loss: 0.2824, Train Accuracy: 0.8766
2025-08-10 18:16:05,147 - Rank 4 - Validation Loss: 0.2681, Validation Accuracy: 0.8813
2025-08-10 18:18:03,817 - Rank 4 - Train Loss: 0.2833, Train Accuracy: 0.8763
2025-08-10 18:18:12,914 - Rank 4 - Validation Loss: 0.2677, Validation Accuracy: 0.8814
2025-08-10 18:20:11,017 - Rank 4 - Train Loss: 0.2797, Train Accuracy: 0.8777
2025-08-10 18:20:20,048 - Rank 4 - Validation Loss: 0.2703, Validation Accuracy: 0.8804
2025-08-10 18:22:24,275 - Rank 4 - Train Loss: 0.2815, Train Accuracy: 0.8769
2025-08-10 18:22:33,413 - Rank 4 - Validation Loss: 0.2683, Validation Accuracy: 0.8814
2025-08-10 18:24:39,032 - Rank 4 - Train Loss: 0.2807, Train Accuracy: 0.8772
2025-08-10 18:24:47,981 - Rank 4 - Validation Loss: 0.2677, Validation Accuracy: 0.8816
2025-08-10 18:26:51,429 - Rank 4 - Train Loss: 0.2811, Train Accuracy: 0.8771
2025-08-10 18:27:00,700 - Rank 4 - Validation Loss: 0.2679, Validation Accuracy: 0.8817
2025-08-10 18:29:00,776 - Rank 4 - Train Loss: 0.2799, Train Accuracy: 0.8775
2025-08-10 18:29:09,539 - Rank 4 - Validation Loss: 0.2664, Validation Accuracy: 0.8819
2025-08-10 18:31:09,828 - Rank 4 - Train Loss: 0.2810, Train Accuracy: 0.8771
2025-08-10 18:31:18,540 - Rank 4 - Validation Loss: 0.2672, Validation Accuracy: 0.8819
2025-08-10 18:33:14,891 - Rank 4 - Train Loss: 0.2806, Train Accuracy: 0.8773
2025-08-10 18:33:23,935 - Rank 4 - Validation Loss: 0.2673, Validation Accuracy: 0.8816
2025-08-10 18:35:24,615 - Rank 4 - Train Loss: 0.2793, Train Accuracy: 0.8777
2025-08-10 18:35:32,989 - Rank 4 - Validation Loss: 0.2657, Validation Accuracy: 0.8823
2025-08-10 18:37:34,361 - Rank 4 - Train Loss: 0.2794, Train Accuracy: 0.8777
2025-08-10 18:37:43,153 - Rank 4 - Validation Loss: 0.2675, Validation Accuracy: 0.8815
2025-08-10 18:39:45,882 - Rank 4 - Train Loss: 0.2777, Train Accuracy: 0.8780
2025-08-10 18:39:55,157 - Rank 4 - Validation Loss: 0.2656, Validation Accuracy: 0.8822
2025-08-10 18:41:58,793 - Rank 4 - Train Loss: 0.2781, Train Accuracy: 0.8779
2025-08-10 18:42:07,872 - Rank 4 - Validation Loss: 0.2666, Validation Accuracy: 0.8818
2025-08-10 18:44:11,423 - Rank 4 - Train Loss: 0.2775, Train Accuracy: 0.8782
2025-08-10 18:44:20,610 - Rank 4 - Validation Loss: 0.2641, Validation Accuracy: 0.8830
2025-08-10 18:46:21,923 - Rank 4 - Train Loss: 0.2773, Train Accuracy: 0.8783
2025-08-10 18:46:31,424 - Rank 4 - Validation Loss: 0.2654, Validation Accuracy: 0.8825
2025-08-10 18:48:32,550 - Rank 4 - Train Loss: 0.2772, Train Accuracy: 0.8782
2025-08-10 18:48:42,024 - Rank 4 - Validation Loss: 0.2631, Validation Accuracy: 0.8834
2025-08-10 18:50:44,546 - Rank 4 - Train Loss: 0.2768, Train Accuracy: 0.8785
2025-08-10 18:50:53,206 - Rank 4 - Validation Loss: 0.2648, Validation Accuracy: 0.8824
2025-08-10 18:52:56,281 - Rank 4 - Train Loss: 0.2758, Train Accuracy: 0.8790
2025-08-10 18:53:05,636 - Rank 4 - Validation Loss: 0.2652, Validation Accuracy: 0.8829
2025-08-10 18:55:08,484 - Rank 4 - Train Loss: 0.2751, Train Accuracy: 0.8790
2025-08-10 18:55:17,055 - Rank 4 - Validation Loss: 0.2631, Validation Accuracy: 0.8832
2025-08-10 18:57:20,542 - Rank 4 - Train Loss: 0.2766, Train Accuracy: 0.8787
2025-08-10 18:57:28,524 - Rank 4 - Validation Loss: 0.2640, Validation Accuracy: 0.8831
2025-08-10 18:59:32,359 - Rank 4 - Train Loss: 0.2759, Train Accuracy: 0.8787
2025-08-10 18:59:41,481 - Rank 4 - Validation Loss: 0.2640, Validation Accuracy: 0.8829
2025-08-10 19:01:40,246 - Rank 4 - Train Loss: 0.2754, Train Accuracy: 0.8792
2025-08-10 19:01:48,387 - Rank 4 - Validation Loss: 0.2632, Validation Accuracy: 0.8831
2025-08-10 19:03:52,479 - Rank 4 - Train Loss: 0.2758, Train Accuracy: 0.8786
2025-08-10 19:04:01,339 - Rank 4 - Validation Loss: 0.2669, Validation Accuracy: 0.8820
2025-08-10 19:06:04,846 - Rank 4 - Train Loss: 0.2744, Train Accuracy: 0.8794
2025-08-10 19:06:13,748 - Rank 4 - Validation Loss: 0.2627, Validation Accuracy: 0.8832
2025-08-10 19:08:16,964 - Rank 4 - Train Loss: 0.2748, Train Accuracy: 0.8791
2025-08-10 19:08:26,196 - Rank 4 - Validation Loss: 0.2621, Validation Accuracy: 0.8836
2025-08-10 19:10:28,347 - Rank 4 - Train Loss: 0.2728, Train Accuracy: 0.8797
2025-08-10 19:10:37,236 - Rank 4 - Validation Loss: 0.2624, Validation Accuracy: 0.8837
2025-08-10 19:12:37,945 - Rank 4 - Train Loss: 0.2731, Train Accuracy: 0.8799
2025-08-10 19:12:46,898 - Rank 4 - Validation Loss: 0.2630, Validation Accuracy: 0.8836
2025-08-10 19:14:42,163 - Rank 4 - Train Loss: 0.2737, Train Accuracy: 0.8796
2025-08-10 19:14:50,854 - Rank 4 - Validation Loss: 0.2657, Validation Accuracy: 0.8822
2025-08-10 19:16:52,869 - Rank 4 - Train Loss: 0.2728, Train Accuracy: 0.8797
2025-08-10 19:17:02,179 - Rank 4 - Validation Loss: 0.2627, Validation Accuracy: 0.8834
2025-08-10 19:19:00,210 - Rank 4 - Train Loss: 0.2727, Train Accuracy: 0.8801
2025-08-10 19:19:08,921 - Rank 4 - Validation Loss: 0.2628, Validation Accuracy: 0.8831
2025-08-10 19:21:07,158 - Rank 4 - Train Loss: 0.2731, Train Accuracy: 0.8798
2025-08-10 19:21:16,060 - Rank 4 - Validation Loss: 0.2615, Validation Accuracy: 0.8837
2025-08-10 19:23:14,283 - Rank 4 - Train Loss: 0.2724, Train Accuracy: 0.8801
2025-08-10 19:23:22,948 - Rank 4 - Validation Loss: 0.2621, Validation Accuracy: 0.8836
2025-08-10 19:25:20,451 - Rank 4 - Train Loss: 0.2724, Train Accuracy: 0.8802
2025-08-10 19:25:29,457 - Rank 4 - Validation Loss: 0.2611, Validation Accuracy: 0.8837
2025-08-10 19:27:22,466 - Rank 4 - Train Loss: 0.2709, Train Accuracy: 0.8807
2025-08-10 19:27:31,150 - Rank 4 - Validation Loss: 0.2614, Validation Accuracy: 0.8835
2025-08-10 19:29:27,886 - Rank 4 - Train Loss: 0.2710, Train Accuracy: 0.8803
2025-08-10 19:29:36,755 - Rank 4 - Validation Loss: 0.2621, Validation Accuracy: 0.8836
2025-08-10 19:31:36,516 - Rank 4 - Train Loss: 0.2702, Train Accuracy: 0.8808
2025-08-10 19:31:44,952 - Rank 4 - Validation Loss: 0.2592, Validation Accuracy: 0.8846
2025-08-10 19:33:43,648 - Rank 4 - Train Loss: 0.2708, Train Accuracy: 0.8809
2025-08-10 19:33:51,897 - Rank 4 - Validation Loss: 0.2605, Validation Accuracy: 0.8840
2025-08-10 19:35:51,725 - Rank 4 - Train Loss: 0.2699, Train Accuracy: 0.8810
2025-08-10 19:36:00,376 - Rank 4 - Validation Loss: 0.2593, Validation Accuracy: 0.8847
2025-08-10 19:37:58,773 - Rank 4 - Train Loss: 0.2702, Train Accuracy: 0.8808
2025-08-10 19:38:07,253 - Rank 4 - Validation Loss: 0.2593, Validation Accuracy: 0.8844
2025-08-10 19:40:05,898 - Rank 4 - Train Loss: 0.2693, Train Accuracy: 0.8812
2025-08-10 19:40:14,667 - Rank 4 - Validation Loss: 0.2603, Validation Accuracy: 0.8841
2025-08-10 19:42:02,303 - Rank 4 - Train Loss: 0.2700, Train Accuracy: 0.8809
2025-08-10 19:42:09,717 - Rank 4 - Validation Loss: 0.2592, Validation Accuracy: 0.8845
2025-08-10 19:44:05,111 - Rank 4 - Train Loss: 0.2693, Train Accuracy: 0.8810
2025-08-10 19:44:13,240 - Rank 4 - Validation Loss: 0.2597, Validation Accuracy: 0.8844
2025-08-10 19:46:07,519 - Rank 4 - Train Loss: 0.2695, Train Accuracy: 0.8813
2025-08-10 19:46:15,235 - Rank 4 - Validation Loss: 0.2585, Validation Accuracy: 0.8850
2025-08-10 19:48:11,566 - Rank 4 - Train Loss: 0.2687, Train Accuracy: 0.8815
2025-08-10 19:48:19,723 - Rank 4 - Validation Loss: 0.2590, Validation Accuracy: 0.8844
2025-08-10 19:50:15,310 - Rank 4 - Train Loss: 0.2673, Train Accuracy: 0.8816
2025-08-10 19:50:23,263 - Rank 4 - Validation Loss: 0.2595, Validation Accuracy: 0.8844
2025-08-10 19:52:17,473 - Rank 4 - Train Loss: 0.2679, Train Accuracy: 0.8816
2025-08-10 19:52:25,327 - Rank 4 - Validation Loss: 0.2584, Validation Accuracy: 0.8846
2025-08-10 19:54:20,585 - Rank 4 - Train Loss: 0.2689, Train Accuracy: 0.8814
2025-08-10 19:54:28,314 - Rank 4 - Validation Loss: 0.2593, Validation Accuracy: 0.8846
2025-08-10 19:56:18,714 - Rank 4 - Train Loss: 0.2669, Train Accuracy: 0.8821
2025-08-10 19:56:26,612 - Rank 4 - Validation Loss: 0.2571, Validation Accuracy: 0.8850
2025-08-10 19:58:21,269 - Rank 4 - Train Loss: 0.2669, Train Accuracy: 0.8822
2025-08-10 19:58:29,705 - Rank 4 - Validation Loss: 0.2591, Validation Accuracy: 0.8848
2025-08-10 20:00:25,275 - Rank 4 - Train Loss: 0.2660, Train Accuracy: 0.8824
2025-08-10 20:00:33,426 - Rank 4 - Validation Loss: 0.2568, Validation Accuracy: 0.8854
2025-08-10 20:02:29,561 - Rank 4 - Train Loss: 0.2667, Train Accuracy: 0.8820
2025-08-10 20:02:37,632 - Rank 4 - Validation Loss: 0.2583, Validation Accuracy: 0.8848
2025-08-10 20:04:33,227 - Rank 4 - Train Loss: 0.2668, Train Accuracy: 0.8820
2025-08-10 20:04:41,393 - Rank 4 - Validation Loss: 0.2600, Validation Accuracy: 0.8843
2025-08-10 20:06:35,834 - Rank 4 - Train Loss: 0.2654, Train Accuracy: 0.8825
2025-08-10 20:06:43,326 - Rank 4 - Validation Loss: 0.2567, Validation Accuracy: 0.8855
2025-08-10 20:08:39,204 - Rank 4 - Train Loss: 0.2651, Train Accuracy: 0.8826
2025-08-10 20:08:47,518 - Rank 4 - Validation Loss: 0.2571, Validation Accuracy: 0.8853
2025-08-10 20:10:39,303 - Rank 4 - Train Loss: 0.2648, Train Accuracy: 0.8829
2025-08-10 20:10:47,495 - Rank 4 - Validation Loss: 0.2567, Validation Accuracy: 0.8854
2025-08-10 20:12:41,259 - Rank 4 - Train Loss: 0.2650, Train Accuracy: 0.8829
2025-08-10 20:12:49,697 - Rank 4 - Validation Loss: 0.2562, Validation Accuracy: 0.8855
2025-08-10 20:14:44,952 - Rank 4 - Train Loss: 0.2648, Train Accuracy: 0.8826
2025-08-10 20:14:53,282 - Rank 4 - Validation Loss: 0.2572, Validation Accuracy: 0.8849
2025-08-10 20:16:56,612 - Rank 4 - Train Loss: 0.2643, Train Accuracy: 0.8829
2025-08-10 20:17:05,372 - Rank 4 - Validation Loss: 0.2564, Validation Accuracy: 0.8857
2025-08-10 20:19:06,492 - Rank 4 - Train Loss: 0.2629, Train Accuracy: 0.8835
2025-08-10 20:19:14,710 - Rank 4 - Validation Loss: 0.2565, Validation Accuracy: 0.8853
2025-08-10 20:21:14,824 - Rank 4 - Train Loss: 0.2636, Train Accuracy: 0.8830
2025-08-10 20:21:23,635 - Rank 4 - Validation Loss: 0.2569, Validation Accuracy: 0.8854
2025-08-10 20:23:23,984 - Rank 4 - Train Loss: 0.2635, Train Accuracy: 0.8833
2025-08-10 20:23:32,358 - Rank 4 - Validation Loss: 0.2578, Validation Accuracy: 0.8854
2025-08-10 20:25:25,202 - Rank 4 - Train Loss: 0.2625, Train Accuracy: 0.8838
2025-08-10 20:25:33,709 - Rank 4 - Validation Loss: 0.2548, Validation Accuracy: 0.8861
2025-08-10 20:27:33,203 - Rank 4 - Train Loss: 0.2632, Train Accuracy: 0.8831
2025-08-10 20:27:41,546 - Rank 4 - Validation Loss: 0.2550, Validation Accuracy: 0.8860
2025-08-10 20:29:42,717 - Rank 4 - Train Loss: 0.2631, Train Accuracy: 0.8835
2025-08-10 20:29:51,045 - Rank 4 - Validation Loss: 0.2560, Validation Accuracy: 0.8858
2025-08-10 20:31:50,867 - Rank 4 - Train Loss: 0.2629, Train Accuracy: 0.8833
2025-08-10 20:31:59,413 - Rank 4 - Validation Loss: 0.2564, Validation Accuracy: 0.8855
2025-08-10 20:33:58,212 - Rank 4 - Train Loss: 0.2624, Train Accuracy: 0.8835
2025-08-10 20:34:06,311 - Rank 4 - Validation Loss: 0.2550, Validation Accuracy: 0.8863
2025-08-10 20:36:06,224 - Rank 4 - Train Loss: 0.2619, Train Accuracy: 0.8841
2025-08-10 20:36:14,884 - Rank 4 - Validation Loss: 0.2551, Validation Accuracy: 0.8860
2025-08-10 20:38:15,051 - Rank 4 - Train Loss: 0.2621, Train Accuracy: 0.8837
2025-08-10 20:38:23,352 - Rank 4 - Validation Loss: 0.2546, Validation Accuracy: 0.8860
2025-08-10 20:40:17,375 - Rank 4 - Train Loss: 0.2599, Train Accuracy: 0.8845
2025-08-10 20:40:25,915 - Rank 4 - Validation Loss: 0.2541, Validation Accuracy: 0.8865
2025-08-10 20:42:24,828 - Rank 4 - Train Loss: 0.2609, Train Accuracy: 0.8839
2025-08-10 20:42:33,647 - Rank 4 - Validation Loss: 0.2552, Validation Accuracy: 0.8858
2025-08-10 20:44:32,936 - Rank 4 - Train Loss: 0.2611, Train Accuracy: 0.8841
2025-08-10 20:44:41,559 - Rank 4 - Validation Loss: 0.2564, Validation Accuracy: 0.8857
2025-08-10 20:46:41,420 - Rank 4 - Train Loss: 0.2599, Train Accuracy: 0.8845
2025-08-10 20:46:50,264 - Rank 4 - Validation Loss: 0.2547, Validation Accuracy: 0.8860
2025-08-10 20:48:50,232 - Rank 4 - Train Loss: 0.2601, Train Accuracy: 0.8846
2025-08-10 20:48:58,297 - Rank 4 - Validation Loss: 0.2555, Validation Accuracy: 0.8858
2025-08-10 20:50:58,419 - Rank 4 - Train Loss: 0.2591, Train Accuracy: 0.8849
2025-08-10 20:51:06,597 - Rank 4 - Validation Loss: 0.2533, Validation Accuracy: 0.8869
2025-08-10 20:53:07,486 - Rank 4 - Train Loss: 0.2605, Train Accuracy: 0.8843
2025-08-10 20:53:16,040 - Rank 4 - Validation Loss: 0.2538, Validation Accuracy: 0.8867
2025-08-10 20:55:09,500 - Rank 4 - Train Loss: 0.2595, Train Accuracy: 0.8849
2025-08-10 20:55:18,091 - Rank 4 - Validation Loss: 0.2544, Validation Accuracy: 0.8865
2025-08-10 20:57:17,221 - Rank 4 - Train Loss: 0.2601, Train Accuracy: 0.8845
2025-08-10 20:57:25,874 - Rank 4 - Validation Loss: 0.2540, Validation Accuracy: 0.8865
2025-08-10 20:59:26,213 - Rank 4 - Train Loss: 0.2587, Train Accuracy: 0.8848
2025-08-10 20:59:34,696 - Rank 4 - Validation Loss: 0.2546, Validation Accuracy: 0.8861
2025-08-10 21:01:33,502 - Rank 4 - Train Loss: 0.2578, Train Accuracy: 0.8853
2025-08-10 21:01:41,903 - Rank 4 - Validation Loss: 0.2532, Validation Accuracy: 0.8864
2025-08-10 21:03:42,763 - Rank 4 - Train Loss: 0.2579, Train Accuracy: 0.8851
2025-08-10 21:03:51,219 - Rank 4 - Validation Loss: 0.2515, Validation Accuracy: 0.8874
2025-08-10 21:05:50,601 - Rank 4 - Train Loss: 0.2573, Train Accuracy: 0.8855
2025-08-10 21:05:58,893 - Rank 4 - Validation Loss: 0.2538, Validation Accuracy: 0.8867
2025-08-10 21:07:58,836 - Rank 4 - Train Loss: 0.2569, Train Accuracy: 0.8855
2025-08-10 21:08:07,426 - Rank 4 - Validation Loss: 0.2524, Validation Accuracy: 0.8874
2025-08-10 21:09:59,898 - Rank 4 - Train Loss: 0.2565, Train Accuracy: 0.8858
2025-08-10 21:10:08,209 - Rank 4 - Validation Loss: 0.2518, Validation Accuracy: 0.8873
2025-08-10 21:12:07,854 - Rank 4 - Train Loss: 0.2571, Train Accuracy: 0.8856
2025-08-10 21:12:16,190 - Rank 4 - Validation Loss: 0.2522, Validation Accuracy: 0.8870
2025-08-10 21:14:15,729 - Rank 4 - Train Loss: 0.2566, Train Accuracy: 0.8860
2025-08-10 21:14:23,903 - Rank 4 - Validation Loss: 0.2510, Validation Accuracy: 0.8876
2025-08-10 21:16:23,090 - Rank 4 - Train Loss: 0.2556, Train Accuracy: 0.8863
2025-08-10 21:16:31,857 - Rank 4 - Validation Loss: 0.2533, Validation Accuracy: 0.8868
2025-08-10 21:18:31,632 - Rank 4 - Train Loss: 0.2557, Train Accuracy: 0.8860
2025-08-10 21:18:40,239 - Rank 4 - Validation Loss: 0.2513, Validation Accuracy: 0.8873
2025-08-10 21:20:39,506 - Rank 4 - Train Loss: 0.2562, Train Accuracy: 0.8859
2025-08-10 21:20:48,197 - Rank 4 - Validation Loss: 0.2521, Validation Accuracy: 0.8869
2025-08-10 21:22:44,906 - Rank 4 - Train Loss: 0.2568, Train Accuracy: 0.8858
2025-08-10 21:22:53,390 - Rank 4 - Validation Loss: 0.2521, Validation Accuracy: 0.8873
2025-08-10 21:24:50,165 - Rank 4 - Train Loss: 0.2560, Train Accuracy: 0.8860
2025-08-10 21:24:58,411 - Rank 4 - Validation Loss: 0.2523, Validation Accuracy: 0.8868
2025-08-10 21:26:58,770 - Rank 4 - Train Loss: 0.2551, Train Accuracy: 0.8860
2025-08-10 21:27:07,760 - Rank 4 - Validation Loss: 0.2517, Validation Accuracy: 0.8870
2025-08-10 21:29:06,989 - Rank 4 - Train Loss: 0.2543, Train Accuracy: 0.8866
2025-08-10 21:29:15,894 - Rank 4 - Validation Loss: 0.2533, Validation Accuracy: 0.8868
2025-08-10 21:31:15,418 - Rank 4 - Train Loss: 0.2542, Train Accuracy: 0.8866
2025-08-10 21:31:23,943 - Rank 4 - Validation Loss: 0.2522, Validation Accuracy: 0.8867
2025-08-10 21:33:24,581 - Rank 4 - Train Loss: 0.2550, Train Accuracy: 0.8862
2025-08-10 21:33:32,974 - Rank 4 - Validation Loss: 0.2504, Validation Accuracy: 0.8875
2025-08-10 21:35:30,805 - Rank 4 - Train Loss: 0.2534, Train Accuracy: 0.8870
2025-08-10 21:35:39,194 - Rank 4 - Validation Loss: 0.2519, Validation Accuracy: 0.8877
2025-08-10 21:37:33,638 - Rank 4 - Train Loss: 0.2535, Train Accuracy: 0.8870
2025-08-10 21:37:42,775 - Rank 4 - Validation Loss: 0.2505, Validation Accuracy: 0.8876
2025-08-10 21:39:39,890 - Rank 4 - Train Loss: 0.2536, Train Accuracy: 0.8869
2025-08-10 21:39:48,227 - Rank 4 - Validation Loss: 0.2516, Validation Accuracy: 0.8872
2025-08-10 21:41:48,227 - Rank 4 - Train Loss: 0.2537, Train Accuracy: 0.8866
2025-08-10 21:41:57,134 - Rank 4 - Validation Loss: 0.2506, Validation Accuracy: 0.8879
2025-08-10 21:43:56,260 - Rank 4 - Train Loss: 0.2536, Train Accuracy: 0.8869
2025-08-10 21:44:05,029 - Rank 4 - Validation Loss: 0.2509, Validation Accuracy: 0.8879
2025-08-10 21:46:05,429 - Rank 4 - Train Loss: 0.2532, Train Accuracy: 0.8870
2025-08-10 21:46:13,810 - Rank 4 - Validation Loss: 0.2495, Validation Accuracy: 0.8877
2025-08-10 21:48:13,825 - Rank 4 - Train Loss: 0.2527, Train Accuracy: 0.8869
2025-08-10 21:48:21,970 - Rank 4 - Validation Loss: 0.2501, Validation Accuracy: 0.8877
2025-08-10 21:50:21,664 - Rank 4 - Train Loss: 0.2529, Train Accuracy: 0.8873
2025-08-10 21:50:30,559 - Rank 4 - Validation Loss: 0.2496, Validation Accuracy: 0.8874
2025-08-10 21:52:22,907 - Rank 4 - Train Loss: 0.2526, Train Accuracy: 0.8871
2025-08-10 21:52:31,905 - Rank 4 - Validation Loss: 0.2504, Validation Accuracy: 0.8876
2025-08-10 21:54:31,644 - Rank 4 - Train Loss: 0.2527, Train Accuracy: 0.8871
2025-08-10 21:54:39,970 - Rank 4 - Validation Loss: 0.2508, Validation Accuracy: 0.8875
2025-08-10 21:56:40,193 - Rank 4 - Train Loss: 0.2525, Train Accuracy: 0.8871
2025-08-10 21:56:48,721 - Rank 4 - Validation Loss: 0.2507, Validation Accuracy: 0.8876
2025-08-10 21:58:47,957 - Rank 4 - Train Loss: 0.2520, Train Accuracy: 0.8875
2025-08-10 21:58:56,538 - Rank 4 - Validation Loss: 0.2500, Validation Accuracy: 0.8877
2025-08-10 22:00:54,951 - Rank 4 - Train Loss: 0.2512, Train Accuracy: 0.8875
2025-08-10 22:01:03,314 - Rank 4 - Validation Loss: 0.2501, Validation Accuracy: 0.8876
2025-08-10 22:03:03,942 - Rank 4 - Train Loss: 0.2510, Train Accuracy: 0.8877
2025-08-10 22:03:12,560 - Rank 4 - Validation Loss: 0.2491, Validation Accuracy: 0.8879
2025-08-10 22:05:11,179 - Rank 4 - Train Loss: 0.2515, Train Accuracy: 0.8877
2025-08-10 22:05:19,803 - Rank 4 - Validation Loss: 0.2487, Validation Accuracy: 0.8882
2025-08-10 22:07:12,462 - Rank 4 - Train Loss: 0.2497, Train Accuracy: 0.8883
2025-08-10 22:07:21,025 - Rank 4 - Validation Loss: 0.2498, Validation Accuracy: 0.8881
2025-08-10 22:09:20,206 - Rank 4 - Train Loss: 0.2509, Train Accuracy: 0.8875
2025-08-10 22:09:28,529 - Rank 4 - Validation Loss: 0.2494, Validation Accuracy: 0.8878
2025-08-10 22:11:26,804 - Rank 4 - Train Loss: 0.2508, Train Accuracy: 0.8877
2025-08-10 22:11:35,238 - Rank 4 - Validation Loss: 0.2494, Validation Accuracy: 0.8880
2025-08-10 22:13:34,729 - Rank 4 - Train Loss: 0.2498, Train Accuracy: 0.8882
2025-08-10 22:13:43,594 - Rank 4 - Validation Loss: 0.2477, Validation Accuracy: 0.8886
2025-08-10 22:15:42,510 - Rank 4 - Train Loss: 0.2503, Train Accuracy: 0.8878
2025-08-10 22:15:50,853 - Rank 4 - Validation Loss: 0.2480, Validation Accuracy: 0.8887
2025-08-10 22:17:51,294 - Rank 4 - Train Loss: 0.2506, Train Accuracy: 0.8879
2025-08-10 22:18:00,391 - Rank 4 - Validation Loss: 0.2484, Validation Accuracy: 0.8886
2025-08-10 22:19:58,704 - Rank 4 - Train Loss: 0.2488, Train Accuracy: 0.8886
2025-08-10 22:20:07,600 - Rank 4 - Validation Loss: 0.2482, Validation Accuracy: 0.8886
2025-08-10 22:22:00,125 - Rank 4 - Train Loss: 0.2490, Train Accuracy: 0.8884
2025-08-10 22:22:09,006 - Rank 4 - Validation Loss: 0.2490, Validation Accuracy: 0.8879
2025-08-10 22:24:08,062 - Rank 4 - Train Loss: 0.2481, Train Accuracy: 0.8886
2025-08-10 22:24:16,550 - Rank 4 - Validation Loss: 0.2492, Validation Accuracy: 0.8885
2025-08-10 22:26:16,285 - Rank 4 - Train Loss: 0.2492, Train Accuracy: 0.8885
2025-08-10 22:26:25,034 - Rank 4 - Validation Loss: 0.2484, Validation Accuracy: 0.8886
2025-08-10 22:28:23,924 - Rank 4 - Train Loss: 0.2478, Train Accuracy: 0.8889
2025-08-10 22:28:32,614 - Rank 4 - Validation Loss: 0.2491, Validation Accuracy: 0.8879
2025-08-10 22:30:31,434 - Rank 4 - Train Loss: 0.2485, Train Accuracy: 0.8886
2025-08-10 22:30:39,560 - Rank 4 - Validation Loss: 0.2473, Validation Accuracy: 0.8886
2025-08-10 22:32:39,542 - Rank 4 - Train Loss: 0.2481, Train Accuracy: 0.8889
2025-08-10 22:32:48,267 - Rank 4 - Validation Loss: 0.2461, Validation Accuracy: 0.8891
2025-08-10 22:34:47,463 - Rank 4 - Train Loss: 0.2472, Train Accuracy: 0.8889
2025-08-10 22:34:55,991 - Rank 4 - Validation Loss: 0.2469, Validation Accuracy: 0.8891
2025-08-10 22:36:49,842 - Rank 4 - Train Loss: 0.2488, Train Accuracy: 0.8885
2025-08-10 22:36:58,699 - Rank 4 - Validation Loss: 0.2480, Validation Accuracy: 0.8883
2025-08-10 22:38:56,505 - Rank 4 - Train Loss: 0.2471, Train Accuracy: 0.8891
2025-08-10 22:39:05,475 - Rank 4 - Validation Loss: 0.2467, Validation Accuracy: 0.8886
2025-08-10 22:41:03,676 - Rank 4 - Train Loss: 0.2481, Train Accuracy: 0.8888
2025-08-10 22:41:12,419 - Rank 4 - Validation Loss: 0.2472, Validation Accuracy: 0.8885
2025-08-10 22:43:13,265 - Rank 4 - Train Loss: 0.2474, Train Accuracy: 0.8889
2025-08-10 22:43:21,561 - Rank 4 - Validation Loss: 0.2467, Validation Accuracy: 0.8890
2025-08-10 22:45:21,298 - Rank 4 - Train Loss: 0.2470, Train Accuracy: 0.8892
2025-08-10 22:45:29,941 - Rank 4 - Validation Loss: 0.2462, Validation Accuracy: 0.8891
2025-08-10 22:47:28,291 - Rank 4 - Train Loss: 0.2467, Train Accuracy: 0.8895
2025-08-10 22:47:36,637 - Rank 4 - Validation Loss: 0.2471, Validation Accuracy: 0.8885
2025-08-10 22:49:33,423 - Rank 4 - Train Loss: 0.2460, Train Accuracy: 0.8897
2025-08-10 22:49:41,679 - Rank 4 - Validation Loss: 0.2464, Validation Accuracy: 0.8890
2025-08-10 22:51:38,557 - Rank 4 - Train Loss: 0.2463, Train Accuracy: 0.8893
2025-08-10 22:51:47,385 - Rank 4 - Validation Loss: 0.2455, Validation Accuracy: 0.8891
2025-08-10 22:53:47,877 - Rank 4 - Train Loss: 0.2451, Train Accuracy: 0.8898
2025-08-10 22:53:56,439 - Rank 4 - Validation Loss: 0.2457, Validation Accuracy: 0.8896
2025-08-10 22:55:55,262 - Rank 4 - Train Loss: 0.2445, Train Accuracy: 0.8903
2025-08-10 22:56:03,725 - Rank 4 - Validation Loss: 0.2460, Validation Accuracy: 0.8891
2025-08-10 22:58:03,225 - Rank 4 - Train Loss: 0.2450, Train Accuracy: 0.8898
2025-08-10 22:58:11,706 - Rank 4 - Validation Loss: 0.2453, Validation Accuracy: 0.8895
2025-08-10 23:00:12,956 - Rank 4 - Train Loss: 0.2451, Train Accuracy: 0.8900
2025-08-10 23:00:21,122 - Rank 4 - Validation Loss: 0.2460, Validation Accuracy: 0.8890
2025-08-10 23:02:22,317 - Rank 4 - Train Loss: 0.2451, Train Accuracy: 0.8899
2025-08-10 23:02:30,304 - Rank 4 - Validation Loss: 0.2472, Validation Accuracy: 0.8886
2025-08-10 23:04:25,051 - Rank 4 - Train Loss: 0.2444, Train Accuracy: 0.8903
2025-08-10 23:04:33,751 - Rank 4 - Validation Loss: 0.2452, Validation Accuracy: 0.8893
2025-08-10 23:06:33,317 - Rank 4 - Train Loss: 0.2445, Train Accuracy: 0.8898
2025-08-10 23:06:41,937 - Rank 4 - Validation Loss: 0.2453, Validation Accuracy: 0.8893
2025-08-10 23:08:41,481 - Rank 4 - Train Loss: 0.2442, Train Accuracy: 0.8900
2025-08-10 23:08:50,414 - Rank 4 - Validation Loss: 0.2450, Validation Accuracy: 0.8896
2025-08-10 23:10:50,172 - Rank 4 - Train Loss: 0.2438, Train Accuracy: 0.8903
2025-08-10 23:10:58,829 - Rank 4 - Validation Loss: 0.2455, Validation Accuracy: 0.8894
2025-08-10 23:12:59,153 - Rank 4 - Train Loss: 0.2437, Train Accuracy: 0.8900
2025-08-10 23:13:07,373 - Rank 4 - Validation Loss: 0.2461, Validation Accuracy: 0.8891
2025-08-10 23:15:08,595 - Rank 4 - Train Loss: 0.2440, Train Accuracy: 0.8903
2025-08-10 23:15:16,792 - Rank 4 - Validation Loss: 0.2453, Validation Accuracy: 0.8893
2025-08-10 23:17:16,062 - Rank 4 - Train Loss: 0.2429, Train Accuracy: 0.8909
2025-08-10 23:17:24,656 - Rank 4 - Validation Loss: 0.2440, Validation Accuracy: 0.8896
2025-08-10 23:19:19,235 - Rank 4 - Train Loss: 0.2446, Train Accuracy: 0.8900
2025-08-10 23:19:27,622 - Rank 4 - Validation Loss: 0.2463, Validation Accuracy: 0.8893
2025-08-10 23:21:28,471 - Rank 4 - Train Loss: 0.2434, Train Accuracy: 0.8907
2025-08-10 23:21:36,889 - Rank 4 - Validation Loss: 0.2441, Validation Accuracy: 0.8897
2025-08-10 23:23:38,303 - Rank 4 - Train Loss: 0.2436, Train Accuracy: 0.8902
2025-08-10 23:23:46,618 - Rank 4 - Validation Loss: 0.2449, Validation Accuracy: 0.8899
2025-08-10 23:25:46,461 - Rank 4 - Train Loss: 0.2428, Train Accuracy: 0.8903
2025-08-10 23:25:55,137 - Rank 4 - Validation Loss: 0.2442, Validation Accuracy: 0.8900
2025-08-10 23:27:56,568 - Rank 4 - Train Loss: 0.2433, Train Accuracy: 0.8901
2025-08-10 23:28:05,236 - Rank 4 - Validation Loss: 0.2443, Validation Accuracy: 0.8896
2025-08-10 23:30:04,746 - Rank 4 - Train Loss: 0.2427, Train Accuracy: 0.8906
2025-08-10 23:30:13,067 - Rank 4 - Validation Loss: 0.2441, Validation Accuracy: 0.8898
2025-08-10 23:32:14,395 - Rank 4 - Train Loss: 0.2430, Train Accuracy: 0.8906
2025-08-10 23:32:22,570 - Rank 4 - Validation Loss: 0.2455, Validation Accuracy: 0.8894
2025-08-10 23:34:17,344 - Rank 4 - Train Loss: 0.2425, Train Accuracy: 0.8908
2025-08-10 23:34:25,932 - Rank 4 - Validation Loss: 0.2432, Validation Accuracy: 0.8901
2025-08-10 23:36:27,650 - Rank 4 - Train Loss: 0.2412, Train Accuracy: 0.8912
2025-08-10 23:36:36,507 - Rank 4 - Validation Loss: 0.2445, Validation Accuracy: 0.8901
2025-08-10 23:38:36,923 - Rank 4 - Train Loss: 0.2429, Train Accuracy: 0.8906
2025-08-10 23:38:45,754 - Rank 4 - Validation Loss: 0.2439, Validation Accuracy: 0.8898
2025-08-10 23:40:45,970 - Rank 4 - Train Loss: 0.2411, Train Accuracy: 0.8914
2025-08-10 23:40:54,607 - Rank 4 - Validation Loss: 0.2452, Validation Accuracy: 0.8890
2025-08-10 23:42:54,134 - Rank 4 - Train Loss: 0.2408, Train Accuracy: 0.8915
2025-08-10 23:43:03,290 - Rank 4 - Validation Loss: 0.2447, Validation Accuracy: 0.8896
2025-08-10 23:45:01,830 - Rank 4 - Train Loss: 0.2408, Train Accuracy: 0.8916
2025-08-10 23:45:10,280 - Rank 4 - Validation Loss: 0.2435, Validation Accuracy: 0.8899
2025-08-10 23:47:05,034 - Rank 4 - Train Loss: 0.2400, Train Accuracy: 0.8916
2025-08-10 23:47:13,756 - Rank 4 - Validation Loss: 0.2436, Validation Accuracy: 0.8902
2025-08-10 23:49:07,383 - Rank 4 - Train Loss: 0.2407, Train Accuracy: 0.8915
2025-08-10 23:49:16,330 - Rank 4 - Validation Loss: 0.2434, Validation Accuracy: 0.8901
2025-08-10 23:51:13,803 - Rank 4 - Train Loss: 0.2418, Train Accuracy: 0.8911
2025-08-10 23:51:22,129 - Rank 4 - Validation Loss: 0.2436, Validation Accuracy: 0.8902
2025-08-10 23:53:20,391 - Rank 4 - Train Loss: 0.2410, Train Accuracy: 0.8913
2025-08-10 23:53:29,010 - Rank 4 - Validation Loss: 0.2440, Validation Accuracy: 0.8899
2025-08-10 23:55:28,464 - Rank 4 - Train Loss: 0.2401, Train Accuracy: 0.8917
2025-08-10 23:55:37,295 - Rank 4 - Validation Loss: 0.2429, Validation Accuracy: 0.8902
2025-08-10 23:57:35,653 - Rank 4 - Train Loss: 0.2406, Train Accuracy: 0.8915
2025-08-10 23:57:44,371 - Rank 4 - Validation Loss: 0.2450, Validation Accuracy: 0.8895
2025-08-10 23:59:44,449 - Rank 4 - Train Loss: 0.2400, Train Accuracy: 0.8917
2025-08-10 23:59:53,270 - Rank 4 - Validation Loss: 0.2430, Validation Accuracy: 0.8904
2025-08-11 00:01:45,834 - Rank 4 - Train Loss: 0.2390, Train Accuracy: 0.8920
2025-08-11 00:01:54,811 - Rank 4 - Validation Loss: 0.2417, Validation Accuracy: 0.8909
2025-08-11 00:03:51,801 - Rank 4 - Train Loss: 0.2397, Train Accuracy: 0.8917
2025-08-11 00:04:00,114 - Rank 4 - Validation Loss: 0.2426, Validation Accuracy: 0.8904
2025-08-11 00:05:58,485 - Rank 4 - Train Loss: 0.2392, Train Accuracy: 0.8919
2025-08-11 00:06:07,102 - Rank 4 - Validation Loss: 0.2431, Validation Accuracy: 0.8900
2025-08-11 00:08:07,165 - Rank 4 - Train Loss: 0.2392, Train Accuracy: 0.8918
2025-08-11 00:08:15,627 - Rank 4 - Validation Loss: 0.2430, Validation Accuracy: 0.8902
2025-08-11 00:10:14,306 - Rank 4 - Train Loss: 0.2390, Train Accuracy: 0.8922
2025-08-11 00:10:22,814 - Rank 4 - Validation Loss: 0.2424, Validation Accuracy: 0.8902
2025-08-11 00:12:20,963 - Rank 4 - Train Loss: 0.2386, Train Accuracy: 0.8922
2025-08-11 00:12:29,711 - Rank 4 - Validation Loss: 0.2433, Validation Accuracy: 0.8903
2025-08-11 00:14:27,754 - Rank 4 - Train Loss: 0.2393, Train Accuracy: 0.8920
2025-08-11 00:14:36,361 - Rank 4 - Validation Loss: 0.2443, Validation Accuracy: 0.8898
2025-08-11 00:16:28,280 - Rank 4 - Train Loss: 0.2384, Train Accuracy: 0.8922
2025-08-11 00:16:37,169 - Rank 4 - Validation Loss: 0.2426, Validation Accuracy: 0.8905
2025-08-11 00:18:34,938 - Rank 4 - Train Loss: 0.2379, Train Accuracy: 0.8923
2025-08-11 00:18:43,279 - Rank 4 - Validation Loss: 0.2422, Validation Accuracy: 0.8906
2025-08-11 00:20:42,588 - Rank 4 - Train Loss: 0.2385, Train Accuracy: 0.8923
2025-08-11 00:20:51,464 - Rank 4 - Validation Loss: 0.2416, Validation Accuracy: 0.8906
2025-08-11 00:22:49,873 - Rank 4 - Train Loss: 0.2379, Train Accuracy: 0.8923
2025-08-11 00:22:58,122 - Rank 4 - Validation Loss: 0.2410, Validation Accuracy: 0.8909
2025-08-11 00:24:59,736 - Rank 4 - Train Loss: 0.2383, Train Accuracy: 0.8924
2025-08-11 00:25:08,538 - Rank 4 - Validation Loss: 0.2412, Validation Accuracy: 0.8908
2025-08-11 00:27:08,782 - Rank 4 - Train Loss: 0.2377, Train Accuracy: 0.8926
2025-08-11 00:27:17,186 - Rank 4 - Validation Loss: 0.2431, Validation Accuracy: 0.8901
2025-08-11 00:29:18,981 - Rank 4 - Train Loss: 0.2367, Train Accuracy: 0.8930
2025-08-11 00:29:27,514 - Rank 4 - Validation Loss: 0.2425, Validation Accuracy: 0.8905
2025-08-11 00:31:21,323 - Rank 4 - Train Loss: 0.2372, Train Accuracy: 0.8925
2025-08-11 00:31:29,625 - Rank 4 - Validation Loss: 0.2429, Validation Accuracy: 0.8901
2025-08-11 00:33:30,451 - Rank 4 - Train Loss: 0.2365, Train Accuracy: 0.8928
2025-08-11 00:33:38,831 - Rank 4 - Validation Loss: 0.2426, Validation Accuracy: 0.8904
2025-08-11 00:35:39,596 - Rank 4 - Train Loss: 0.2359, Train Accuracy: 0.8933
2025-08-11 00:35:48,679 - Rank 4 - Validation Loss: 0.2434, Validation Accuracy: 0.8898
2025-08-11 00:37:49,325 - Rank 4 - Train Loss: 0.2357, Train Accuracy: 0.8934
2025-08-11 00:37:58,068 - Rank 4 - Validation Loss: 0.2412, Validation Accuracy: 0.8910
2025-08-11 00:39:57,699 - Rank 4 - Train Loss: 0.2358, Train Accuracy: 0.8931
2025-08-11 00:40:06,077 - Rank 4 - Validation Loss: 0.2411, Validation Accuracy: 0.8909
2025-08-11 00:42:06,466 - Rank 4 - Train Loss: 0.2367, Train Accuracy: 0.8930
2025-08-11 00:42:14,603 - Rank 4 - Validation Loss: 0.2430, Validation Accuracy: 0.8903
2025-08-11 00:44:14,654 - Rank 4 - Train Loss: 0.2361, Train Accuracy: 0.8930
2025-08-11 00:44:23,351 - Rank 4 - Validation Loss: 0.2402, Validation Accuracy: 0.8914
2025-08-11 00:46:19,741 - Rank 4 - Train Loss: 0.2359, Train Accuracy: 0.8933
2025-08-11 00:46:28,092 - Rank 4 - Validation Loss: 0.2424, Validation Accuracy: 0.8907
2025-08-11 00:48:28,388 - Rank 4 - Train Loss: 0.2357, Train Accuracy: 0.8935
2025-08-11 00:48:37,167 - Rank 4 - Validation Loss: 0.2407, Validation Accuracy: 0.8910
2025-08-11 00:50:37,249 - Rank 4 - Train Loss: 0.2350, Train Accuracy: 0.8936
2025-08-11 00:50:45,479 - Rank 4 - Validation Loss: 0.2414, Validation Accuracy: 0.8905
2025-08-11 00:52:45,873 - Rank 4 - Train Loss: 0.2355, Train Accuracy: 0.8933
2025-08-11 00:52:54,428 - Rank 4 - Validation Loss: 0.2395, Validation Accuracy: 0.8911
2025-08-11 00:54:55,952 - Rank 4 - Train Loss: 0.2350, Train Accuracy: 0.8934
2025-08-11 00:55:04,515 - Rank 4 - Validation Loss: 0.2408, Validation Accuracy: 0.8907
2025-08-11 00:57:05,141 - Rank 4 - Train Loss: 0.2351, Train Accuracy: 0.8936
2025-08-11 00:57:14,107 - Rank 4 - Validation Loss: 0.2409, Validation Accuracy: 0.8908
2025-08-11 00:59:07,308 - Rank 4 - Train Loss: 0.2343, Train Accuracy: 0.8936
2025-08-11 00:59:15,727 - Rank 4 - Validation Loss: 0.2405, Validation Accuracy: 0.8913
2025-08-11 01:01:15,551 - Rank 4 - Train Loss: 0.2351, Train Accuracy: 0.8935
2025-08-11 01:01:24,142 - Rank 4 - Validation Loss: 0.2409, Validation Accuracy: 0.8910
2025-08-11 01:03:25,436 - Rank 4 - Train Loss: 0.2343, Train Accuracy: 0.8937
2025-08-11 01:03:34,229 - Rank 4 - Validation Loss: 0.2410, Validation Accuracy: 0.8909
2025-08-11 01:05:34,563 - Rank 4 - Train Loss: 0.2334, Train Accuracy: 0.8941
2025-08-11 01:05:42,887 - Rank 4 - Validation Loss: 0.2412, Validation Accuracy: 0.8910
2025-08-11 01:07:43,206 - Rank 4 - Train Loss: 0.2341, Train Accuracy: 0.8938
2025-08-11 01:07:51,889 - Rank 4 - Validation Loss: 0.2428, Validation Accuracy: 0.8905
2025-08-11 01:09:52,233 - Rank 4 - Train Loss: 0.2326, Train Accuracy: 0.8942
2025-08-11 01:10:00,895 - Rank 4 - Validation Loss: 0.2401, Validation Accuracy: 0.8911
2025-08-11 01:12:00,493 - Rank 4 - Train Loss: 0.2340, Train Accuracy: 0.8936
2025-08-11 01:12:09,444 - Rank 4 - Validation Loss: 0.2413, Validation Accuracy: 0.8907
2025-08-11 01:14:01,598 - Rank 4 - Train Loss: 0.2335, Train Accuracy: 0.8940
2025-08-11 01:14:09,677 - Rank 4 - Validation Loss: 0.2406, Validation Accuracy: 0.8909
2025-08-11 01:16:09,231 - Rank 4 - Train Loss: 0.2342, Train Accuracy: 0.8941
2025-08-11 01:16:17,570 - Rank 4 - Validation Loss: 0.2391, Validation Accuracy: 0.8914
2025-08-11 01:18:17,698 - Rank 4 - Train Loss: 0.2320, Train Accuracy: 0.8945
2025-08-11 01:18:25,792 - Rank 4 - Validation Loss: 0.2394, Validation Accuracy: 0.8917
2025-08-11 01:20:26,228 - Rank 4 - Train Loss: 0.2335, Train Accuracy: 0.8942
2025-08-11 01:20:35,016 - Rank 4 - Validation Loss: 0.2397, Validation Accuracy: 0.8910
2025-08-11 01:22:34,354 - Rank 4 - Train Loss: 0.2340, Train Accuracy: 0.8938
2025-08-11 01:22:43,068 - Rank 4 - Validation Loss: 0.2406, Validation Accuracy: 0.8913
2025-08-11 01:24:43,692 - Rank 4 - Train Loss: 0.2335, Train Accuracy: 0.8940
2025-08-11 01:24:52,131 - Rank 4 - Validation Loss: 0.2402, Validation Accuracy: 0.8914
2025-08-11 01:26:50,978 - Rank 4 - Train Loss: 0.2313, Train Accuracy: 0.8947
2025-08-11 01:26:58,818 - Rank 4 - Validation Loss: 0.2397, Validation Accuracy: 0.8911
2025-08-11 01:28:52,494 - Rank 4 - Train Loss: 0.2325, Train Accuracy: 0.8943
2025-08-11 01:29:01,376 - Rank 4 - Validation Loss: 0.2389, Validation Accuracy: 0.8914
2025-08-11 01:31:00,324 - Rank 4 - Train Loss: 0.2318, Train Accuracy: 0.8946
2025-08-11 01:31:08,642 - Rank 4 - Validation Loss: 0.2386, Validation Accuracy: 0.8918
2025-08-11 01:33:07,810 - Rank 4 - Train Loss: 0.2322, Train Accuracy: 0.8945
2025-08-11 01:33:16,663 - Rank 4 - Validation Loss: 0.2398, Validation Accuracy: 0.8915
2025-08-11 01:35:16,154 - Rank 4 - Train Loss: 0.2323, Train Accuracy: 0.8946
2025-08-11 01:35:24,660 - Rank 4 - Validation Loss: 0.2406, Validation Accuracy: 0.8909
2025-08-11 01:37:23,804 - Rank 4 - Train Loss: 0.2324, Train Accuracy: 0.8946
2025-08-11 01:37:32,358 - Rank 4 - Validation Loss: 0.2391, Validation Accuracy: 0.8915
2025-08-11 01:39:32,724 - Rank 4 - Train Loss: 0.2317, Train Accuracy: 0.8948
2025-08-11 01:39:41,465 - Rank 4 - Validation Loss: 0.2403, Validation Accuracy: 0.8913
2025-08-11 01:41:37,870 - Rank 4 - Train Loss: 0.2309, Train Accuracy: 0.8951
2025-08-11 01:41:46,288 - Rank 4 - Validation Loss: 0.2398, Validation Accuracy: 0.8914
2025-08-11 01:43:42,519 - Rank 4 - Train Loss: 0.2312, Train Accuracy: 0.8949
2025-08-11 01:43:51,490 - Rank 4 - Validation Loss: 0.2385, Validation Accuracy: 0.8918
2025-08-11 01:45:50,585 - Rank 4 - Train Loss: 0.2306, Train Accuracy: 0.8955
2025-08-11 01:45:59,274 - Rank 4 - Validation Loss: 0.2406, Validation Accuracy: 0.8913
2025-08-11 01:47:58,002 - Rank 4 - Train Loss: 0.2316, Train Accuracy: 0.8946
2025-08-11 01:48:06,442 - Rank 4 - Validation Loss: 0.2396, Validation Accuracy: 0.8915
2025-08-11 01:50:04,639 - Rank 4 - Train Loss: 0.2302, Train Accuracy: 0.8954
2025-08-11 01:50:13,024 - Rank 4 - Validation Loss: 0.2390, Validation Accuracy: 0.8919
2025-08-11 01:52:11,247 - Rank 4 - Train Loss: 0.2312, Train Accuracy: 0.8949
2025-08-11 01:52:20,185 - Rank 4 - Validation Loss: 0.2384, Validation Accuracy: 0.8917
2025-08-11 01:54:20,009 - Rank 4 - Train Loss: 0.2305, Train Accuracy: 0.8951
2025-08-11 01:54:28,722 - Rank 4 - Validation Loss: 0.2394, Validation Accuracy: 0.8918
2025-08-11 01:56:22,671 - Rank 4 - Train Loss: 0.2302, Train Accuracy: 0.8954
2025-08-11 01:56:31,048 - Rank 4 - Validation Loss: 0.2390, Validation Accuracy: 0.8919
2025-08-11 01:58:29,972 - Rank 4 - Train Loss: 0.2294, Train Accuracy: 0.8954
2025-08-11 01:58:38,587 - Rank 4 - Validation Loss: 0.2373, Validation Accuracy: 0.8921
2025-08-11 02:00:38,953 - Rank 4 - Train Loss: 0.2305, Train Accuracy: 0.8954
2025-08-11 02:00:47,574 - Rank 4 - Validation Loss: 0.2401, Validation Accuracy: 0.8913
2025-08-11 02:02:46,343 - Rank 4 - Train Loss: 0.2295, Train Accuracy: 0.8954
2025-08-11 02:02:54,684 - Rank 4 - Validation Loss: 0.2386, Validation Accuracy: 0.8919
2025-08-11 02:04:55,302 - Rank 4 - Train Loss: 0.2305, Train Accuracy: 0.8951
2025-08-11 02:05:04,397 - Rank 4 - Validation Loss: 0.2383, Validation Accuracy: 0.8921
2025-08-11 02:07:03,593 - Rank 4 - Train Loss: 0.2293, Train Accuracy: 0.8956
2025-08-11 02:07:12,358 - Rank 4 - Validation Loss: 0.2389, Validation Accuracy: 0.8917
2025-08-11 02:09:11,744 - Rank 4 - Train Loss: 0.2285, Train Accuracy: 0.8959
2025-08-11 02:09:20,355 - Rank 4 - Validation Loss: 0.2387, Validation Accuracy: 0.8916
2025-08-11 02:11:12,848 - Rank 4 - Train Loss: 0.2287, Train Accuracy: 0.8957
2025-08-11 02:11:21,410 - Rank 4 - Validation Loss: 0.2382, Validation Accuracy: 0.8922
2025-08-11 02:13:20,764 - Rank 4 - Train Loss: 0.2299, Train Accuracy: 0.8956
2025-08-11 02:13:29,589 - Rank 4 - Validation Loss: 0.2389, Validation Accuracy: 0.8918
2025-08-11 02:15:28,079 - Rank 4 - Train Loss: 0.2277, Train Accuracy: 0.8960
2025-08-11 02:15:36,486 - Rank 4 - Validation Loss: 0.2382, Validation Accuracy: 0.8918
2025-08-11 02:17:36,108 - Rank 4 - Train Loss: 0.2296, Train Accuracy: 0.8957
2025-08-11 02:17:44,646 - Rank 4 - Validation Loss: 0.2387, Validation Accuracy: 0.8917
2025-08-11 02:19:44,782 - Rank 4 - Train Loss: 0.2279, Train Accuracy: 0.8959
2025-08-11 02:19:53,273 - Rank 4 - Validation Loss: 0.2364, Validation Accuracy: 0.8927
2025-08-11 02:21:53,667 - Rank 4 - Train Loss: 0.2296, Train Accuracy: 0.8953
2025-08-11 02:22:02,032 - Rank 4 - Validation Loss: 0.2379, Validation Accuracy: 0.8919
2025-08-11 02:24:02,534 - Rank 4 - Train Loss: 0.2274, Train Accuracy: 0.8963
2025-08-11 02:24:11,616 - Rank 4 - Validation Loss: 0.2378, Validation Accuracy: 0.8922
2025-08-11 02:26:03,500 - Rank 4 - Train Loss: 0.2285, Train Accuracy: 0.8961
2025-08-11 02:26:12,369 - Rank 4 - Validation Loss: 0.2375, Validation Accuracy: 0.8925
2025-08-11 02:28:11,995 - Rank 4 - Train Loss: 0.2281, Train Accuracy: 0.8960
2025-08-11 02:28:20,595 - Rank 4 - Validation Loss: 0.2363, Validation Accuracy: 0.8927
2025-08-11 02:30:19,443 - Rank 4 - Train Loss: 0.2280, Train Accuracy: 0.8957
2025-08-11 02:30:28,016 - Rank 4 - Validation Loss: 0.2375, Validation Accuracy: 0.8923
2025-08-11 02:32:27,434 - Rank 4 - Train Loss: 0.2269, Train Accuracy: 0.8964
2025-08-11 02:32:36,280 - Rank 4 - Validation Loss: 0.2370, Validation Accuracy: 0.8923
2025-08-11 02:34:35,933 - Rank 4 - Train Loss: 0.2269, Train Accuracy: 0.8966
2025-08-11 02:34:44,237 - Rank 4 - Validation Loss: 0.2378, Validation Accuracy: 0.8923
2025-08-11 02:36:44,977 - Rank 4 - Train Loss: 0.2275, Train Accuracy: 0.8962
2025-08-11 02:36:53,700 - Rank 4 - Validation Loss: 0.2378, Validation Accuracy: 0.8923
2025-08-11 02:38:53,478 - Rank 4 - Train Loss: 0.2284, Train Accuracy: 0.8958
2025-08-11 02:39:02,284 - Rank 4 - Validation Loss: 0.2375, Validation Accuracy: 0.8922
2025-08-11 02:40:55,209 - Rank 4 - Train Loss: 0.2263, Train Accuracy: 0.8966
2025-08-11 02:41:04,142 - Rank 4 - Validation Loss: 0.2379, Validation Accuracy: 0.8920
2025-08-11 02:43:03,399 - Rank 4 - Train Loss: 0.2274, Train Accuracy: 0.8963
2025-08-11 02:43:11,571 - Rank 4 - Validation Loss: 0.2382, Validation Accuracy: 0.8924
2025-08-11 02:45:10,961 - Rank 4 - Train Loss: 0.2272, Train Accuracy: 0.8965
2025-08-11 02:45:19,276 - Rank 4 - Validation Loss: 0.2378, Validation Accuracy: 0.8925
2025-08-11 02:47:18,880 - Rank 4 - Train Loss: 0.2265, Train Accuracy: 0.8965
2025-08-11 02:47:27,405 - Rank 4 - Validation Loss: 0.2376, Validation Accuracy: 0.8925
2025-08-11 02:49:27,129 - Rank 4 - Train Loss: 0.2265, Train Accuracy: 0.8968
2025-08-11 02:49:35,857 - Rank 4 - Validation Loss: 0.2377, Validation Accuracy: 0.8920
2025-08-11 02:51:35,136 - Rank 4 - Train Loss: 0.2266, Train Accuracy: 0.8964
2025-08-11 02:51:43,724 - Rank 4 - Validation Loss: 0.2356, Validation Accuracy: 0.8931
2025-08-11 02:53:43,317 - Rank 4 - Train Loss: 0.2271, Train Accuracy: 0.8962
2025-08-11 02:53:52,791 - Rank 4 - Validation Loss: 0.2381, Validation Accuracy: 0.8922
2025-08-11 02:55:46,177 - Rank 4 - Train Loss: 0.2264, Train Accuracy: 0.8968
2025-08-11 02:55:54,651 - Rank 4 - Validation Loss: 0.2371, Validation Accuracy: 0.8924
2025-08-11 02:57:55,077 - Rank 4 - Train Loss: 0.2266, Train Accuracy: 0.8966
2025-08-11 02:58:03,905 - Rank 4 - Validation Loss: 0.2367, Validation Accuracy: 0.8925
2025-08-11 03:00:03,265 - Rank 4 - Train Loss: 0.2256, Train Accuracy: 0.8973
2025-08-11 03:00:11,955 - Rank 4 - Validation Loss: 0.2362, Validation Accuracy: 0.8928
2025-08-11 03:02:13,645 - Rank 4 - Train Loss: 0.2258, Train Accuracy: 0.8969
2025-08-11 03:02:21,993 - Rank 4 - Validation Loss: 0.2372, Validation Accuracy: 0.8925
2025-08-11 03:04:23,126 - Rank 4 - Train Loss: 0.2255, Train Accuracy: 0.8970
2025-08-11 03:04:32,029 - Rank 4 - Validation Loss: 0.2365, Validation Accuracy: 0.8930
2025-08-11 03:06:32,675 - Rank 4 - Train Loss: 0.2255, Train Accuracy: 0.8968
2025-08-11 03:06:41,971 - Rank 4 - Validation Loss: 0.2387, Validation Accuracy: 0.8919
2025-08-11 03:08:35,976 - Rank 4 - Train Loss: 0.2243, Train Accuracy: 0.8975
2025-08-11 03:08:44,511 - Rank 4 - Validation Loss: 0.2369, Validation Accuracy: 0.8923
2025-08-11 03:10:43,562 - Rank 4 - Train Loss: 0.2252, Train Accuracy: 0.8973
2025-08-11 03:10:52,291 - Rank 4 - Validation Loss: 0.2363, Validation Accuracy: 0.8927
2025-08-11 03:12:51,884 - Rank 4 - Train Loss: 0.2259, Train Accuracy: 0.8969
2025-08-11 03:13:00,942 - Rank 4 - Validation Loss: 0.2364, Validation Accuracy: 0.8927
2025-08-11 03:15:00,353 - Rank 4 - Train Loss: 0.2255, Train Accuracy: 0.8970
2025-08-11 03:15:08,767 - Rank 4 - Validation Loss: 0.2349, Validation Accuracy: 0.8932
2025-08-11 03:17:08,275 - Rank 4 - Train Loss: 0.2237, Train Accuracy: 0.8978
2025-08-11 03:17:17,233 - Rank 4 - Validation Loss: 0.2359, Validation Accuracy: 0.8928
2025-08-11 03:19:17,296 - Rank 4 - Train Loss: 0.2228, Train Accuracy: 0.8978
2025-08-11 03:19:25,974 - Rank 4 - Validation Loss: 0.2359, Validation Accuracy: 0.8928
2025-08-11 03:21:26,977 - Rank 4 - Train Loss: 0.2248, Train Accuracy: 0.8972
2025-08-11 03:21:35,662 - Rank 4 - Validation Loss: 0.2364, Validation Accuracy: 0.8925
2025-08-11 03:23:28,451 - Rank 4 - Train Loss: 0.2231, Train Accuracy: 0.8979
2025-08-11 03:23:36,865 - Rank 4 - Validation Loss: 0.2354, Validation Accuracy: 0.8934
2025-08-11 03:25:37,338 - Rank 4 - Train Loss: 0.2238, Train Accuracy: 0.8977
2025-08-11 03:25:46,242 - Rank 4 - Validation Loss: 0.2370, Validation Accuracy: 0.8925
2025-08-11 03:27:45,298 - Rank 4 - Train Loss: 0.2243, Train Accuracy: 0.8973
2025-08-11 03:27:53,952 - Rank 4 - Validation Loss: 0.2367, Validation Accuracy: 0.8925
2025-08-11 03:29:54,186 - Rank 4 - Train Loss: 0.2249, Train Accuracy: 0.8971
2025-08-11 03:30:02,781 - Rank 4 - Validation Loss: 0.2372, Validation Accuracy: 0.8925
2025-08-11 03:32:02,291 - Rank 4 - Train Loss: 0.2229, Train Accuracy: 0.8980
2025-08-11 03:32:10,758 - Rank 4 - Validation Loss: 0.2351, Validation Accuracy: 0.8931
2025-08-11 03:34:11,169 - Rank 4 - Train Loss: 0.2238, Train Accuracy: 0.8976
2025-08-11 03:34:20,019 - Rank 4 - Validation Loss: 0.2359, Validation Accuracy: 0.8929
2025-08-11 03:36:19,759 - Rank 4 - Train Loss: 0.2230, Train Accuracy: 0.8980
2025-08-11 03:36:28,075 - Rank 4 - Validation Loss: 0.2364, Validation Accuracy: 0.8929
2025-08-11 03:38:14,469 - Rank 4 - Train Loss: 0.2233, Train Accuracy: 0.8980
2025-08-11 03:38:22,850 - Rank 4 - Validation Loss: 0.2364, Validation Accuracy: 0.8930
2025-08-11 03:40:00,048 - Rank 4 - Train Loss: 0.2220, Train Accuracy: 0.8984
2025-08-11 03:40:08,593 - Rank 4 - Validation Loss: 0.2363, Validation Accuracy: 0.8927
2025-08-11 03:41:40,592 - Rank 4 - Train Loss: 0.2219, Train Accuracy: 0.8983
2025-08-11 03:41:49,705 - Rank 4 - Validation Loss: 0.2362, Validation Accuracy: 0.8930
2025-08-11 03:43:21,960 - Rank 4 - Train Loss: 0.2230, Train Accuracy: 0.8980
2025-08-11 03:43:30,725 - Rank 4 - Validation Loss: 0.2360, Validation Accuracy: 0.8933
2025-08-11 03:45:02,372 - Rank 4 - Train Loss: 0.2236, Train Accuracy: 0.8977
2025-08-11 03:45:11,231 - Rank 4 - Validation Loss: 0.2373, Validation Accuracy: 0.8924
2025-08-11 03:46:42,850 - Rank 4 - Train Loss: 0.2223, Train Accuracy: 0.8982
2025-08-11 03:46:51,467 - Rank 4 - Validation Loss: 0.2357, Validation Accuracy: 0.8930
2025-08-11 03:48:24,009 - Rank 4 - Train Loss: 0.2223, Train Accuracy: 0.8984
2025-08-11 03:48:33,145 - Rank 4 - Validation Loss: 0.2355, Validation Accuracy: 0.8933
2025-08-11 03:50:18,778 - Rank 4 - Train Loss: 0.2225, Train Accuracy: 0.8981
2025-08-11 03:50:27,702 - Rank 4 - Validation Loss: 0.2345, Validation Accuracy: 0.8935
2025-08-11 03:52:17,901 - Rank 4 - Train Loss: 0.2227, Train Accuracy: 0.8982
2025-08-11 03:52:26,307 - Rank 4 - Validation Loss: 0.2354, Validation Accuracy: 0.8931
2025-08-11 03:54:25,384 - Rank 4 - Train Loss: 0.2207, Train Accuracy: 0.8988
2025-08-11 03:54:34,274 - Rank 4 - Validation Loss: 0.2358, Validation Accuracy: 0.8929
2025-08-11 05:11:50,393 - Rank 4 - Starting training
2025-08-11 05:12:12,891 - Rank 4 - No checkpoint found at checkpoints_dummy/macformer_checkpoint.pth, starting from scratch
2025-08-11 05:13:47,406 - Rank 4 - Train Loss: 1.6560, Train Accuracy: 0.4866
2025-08-11 05:14:18,387 - Rank 4 - Starting training
2025-08-11 05:14:40,106 - Rank 4 - No checkpoint found at checkpoints_dummy/macformer_checkpoint.pth, starting from scratch
2025-08-11 05:26:56,341 - Rank 4 - Starting training
2025-08-11 05:27:10,714 - Rank 4 - No checkpoint found at checkpoints_dummy/macformer_checkpoint.pth, starting from scratch
